# VM test hardened-kernel FAIL — commit 6a55b30 @ 20260530T180711Z

vm-test-run-solem-hardened-kernel> machine # [    8.811192] systemd[1]: Started Userspace Out-Of-Memory (OOM) Killer.
vm-test-run-solem-hardened-kernel> machine # [    8.835147] systemd[1]: Finished Update is Completed.
vm-test-run-solem-hardened-kernel> machine # [    8.905691] systemd[1]: Found device /dev/hvc0.
vm-test-run-solem-hardened-kernel> machine # [    8.929759] systemd[1]: Found device /dev/ttyS0.
vm-test-run-solem-hardened-kernel> machine # [    9.033894] (udev-worker)[471]: Network interface NamePolicy= disabled on kernel command line.
vm-test-run-solem-hardened-kernel> machine # [    9.040282] (udev-worker)[488]: eth1: Config file /etc/systemd/network/40-eth1.link is applied to device based on potentially unpredictable interface name.
vm-test-run-solem-hardened-kernel> machine # [    9.050590] (udev-worker)[488]: Network interface NamePolicy= disabled on kernel command line.
vm-test-run-solem-hardened-kernel> machine # [    9.241727] bda4zqmbxbw6s2p726xf1vivklisa6ca-mount-pstore.sh[387]: Persistent Storage backend was not registered in time.
vm-test-run-solem-hardened-kernel> machine # [    9.252686] systemd[1]: Finished mount-pstore.service.
vm-test-run-solem-hardened-kernel> machine # [    9.258740] systemd[1]: Platform Persistent Storage Archival was skipped because of an unmet condition check (ConditionDirectoryNotEmpty=/sys/fs/pstore).
vm-test-run-solem-hardened-kernel> machine # [    9.267861] systemd[1]: suid-sgid-wrappers.service: Deactivated successfully.
vm-test-run-solem-hardened-kernel> machine # [    9.277239] systemd[1]: Finished Create SUID/SGID Wrappers.
vm-test-run-solem-hardened-kernel> machine # [    9.279507] systemd[1]: Reached target System Initialization.
vm-test-run-solem-hardened-kernel> machine # [    9.288195] systemd[1]: Started Discard unused filesystem blocks once a week.
vm-test-run-solem-hardened-kernel> machine # [    9.295123] systemd[1]: Started nix-gc.timer.
vm-test-run-solem-hardened-kernel> machine # [    9.300738] systemd[1]: Started Daily Cleanup of Temporary Directories.
vm-test-run-solem-hardened-kernel> machine # [    9.308390] systemd[1]: Reached target Timer Units.
vm-test-run-solem-hardened-kernel> machine # [    9.312405] systemd[1]: Listening on D-Bus System Message Bus Socket.
vm-test-run-solem-hardened-kernel> machine # [    9.321310] systemd[1]: Listening on Nix Daemon Socket.
vm-test-run-solem-hardened-kernel> machine # [    9.326900] systemd[1]: Listening on Hostname Service Socket.
vm-test-run-solem-hardened-kernel> machine # [    9.338766] systemd[1]: Reached target Socket Units.
vm-test-run-solem-hardened-kernel> machine # [    9.348934] systemd[1]: Reached target Basic System.
vm-test-run-solem-hardened-kernel> machine # [    9.361792] systemd[1]: System is tainted: support-ended
vm-test-run-solem-hardened-kernel> machine # [    9.374496] systemd[1]: Starting Kernel Auditing...
vm-test-run-solem-hardened-kernel> machine # [    9.386892] systemd[1]: Started backdoor.service.
vm-test-run-solem-hardened-kernel> machine # [    9.406658] systemd[1]: Starting Name Service Cache Daemon (nsncd)...
vm-test-run-solem-hardened-kernel> machine # [    9.416993] systemd[1]: Started Reset console on configuration changes.
vm-test-run-solem-hardened-kernel> machine # [    9.427420] systemd[1]: Starting resolvconf update...
vm-test-run-solem-hardened-kernel> machine # [    9.435904] systemd[1]: Starting D-Bus System Message Bus...
vm-test-run-solem-hardened-kernel> machine # connecting to host...
vm-test-run-solem-hardened-kernel> machine # [    9.540883] 42m8vzags3w669djhcs5bbm7jf10phdb-audit-disable[617]: No rules
vm-test-run-solem-hardened-kernel> machine # [    9.579358] systemd[1]: Finished Kernel Auditing.
vm-test-run-solem-hardened-kernel> machine: Guest shell says: b'Spawning backdoor root shell...\n'
vm-test-run-solem-hardened-kernel> machine: connected to guest root shell
vm-test-run-solem-hardened-kernel> machine: (connecting took 10.73 seconds)
vm-test-run-solem-hardened-kernel> (finished: waiting for the VM to finish booting, in 10.85 seconds)
vm-test-run-solem-hardened-kernel> machine # [    9.636900] systemd[1]: Started Name Service Cache Daemon (nsncd).
vm-test-run-solem-hardened-kernel> machine # [    9.646100] systemd[1]: Reached target Host and Network Name Lookups.
vm-test-run-solem-hardened-kernel> machine # [    9.658663] nsncd[609]: May 30 18:06:59.769 INFO started, config: Config { ignored_request_types: {}, worker_count: 8, handoff_timeout: 3s }, path: "/var/run/nscd/socket"
vm-test-run-solem-hardened-kernel> machine # [    9.673998] systemd[1]: Reached target User and Group Name Lookups.
vm-test-run-solem-hardened-kernel> machine # [    9.682317] systemd[1]: Starting User Login Management...
vm-test-run-solem-hardened-kernel> machine # [    9.693452] systemd[1]: Found device Virtio network device.
vm-test-run-solem-hardened-kernel> machine # [    9.745775] dbus-daemon[612]: dbus[612]: Unknown username "systemd-timesync" in message bus configuration file
vm-test-run-solem-hardened-kernel> machine # [    9.842891] systemd[1]: Started D-Bus System Message Bus.
vm-test-run-solem-hardened-kernel> machine # [    9.986783] systemd[1]: Stopped target Host and Network Name Lookups.
vm-test-run-solem-hardened-kernel> machine # [    9.990984] systemd[1]: Stopping Host and Network Name Lookups...
vm-test-run-solem-hardened-kernel> machine # [   10.001988] systemd[1]: Stopped target User and Group Name Lookups.
vm-test-run-solem-hardened-kernel> machine # [   10.010591] systemd[1]: Stopping User and Group Name Lookups...
vm-test-run-solem-hardened-kernel> machine # [   10.018886] systemd[1]: Stopping Name Service Cache Daemon (nsncd)...
vm-test-run-solem-hardened-kernel> machine # [   10.029454] systemd[1]: nscd.service: Deactivated successfully.
vm-test-run-solem-hardened-kernel> machine # [   10.034698] systemd[1]: Stopped Name Service Cache Daemon (nsncd).
vm-test-run-solem-hardened-kernel> machine # [   10.045394] systemd[1]: Starting Name Service Cache Daemon (nsncd)...
vm-test-run-solem-hardened-kernel> machine # [   10.067850] systemd-logind[640]: New seat seat0.
vm-test-run-solem-hardened-kernel> machine # [   10.137467] systemd[1]: Started User Login Management.
vm-test-run-solem-hardened-kernel> machine # [   10.519525] mousedev: PS/2 mouse device common for all mice
vm-test-run-solem-hardened-kernel> machine # [   10.237723] systemd[1]: Started Name Service Cache Daemon (nsncd).
vm-test-run-solem-hardened-kernel> machine # [   10.244588] nsncd[687]: May 30 18:07:00.370 INFO started, config: Config { ignored_request_types: {}, worker_count: 8, handoff_timeout: 3s }, path: "/var/run/nscd/socket"
vm-test-run-solem-hardened-kernel> machine # [   10.253717] systemd[1]: Reached target Host and Network Name Lookups.
vm-test-run-solem-hardened-kernel> machine # [   10.259503] systemd[1]: Reached target User and Group Name Lookups.
vm-test-run-solem-hardened-kernel> machine # [   10.298412] systemd[1]: Finished resolvconf update.
vm-test-run-solem-hardened-kernel> machine # [   10.311160] systemd[1]: Starting DHCP Client...
vm-test-run-solem-hardened-kernel> machine # [   10.785569] input: Power Button as /devices/LNXSYSTM:00/LNXPWRBN:00/input/input3
vm-test-run-solem-hardened-kernel> machine # [   10.449525] systemd[1]: Finished Firewall.
vm-test-run-solem-hardened-kernel> machine # [   10.454891] systemd[1]: Reached target Preparation for Network.
vm-test-run-solem-hardened-kernel> machine # [   10.463769] systemd[1]: Starting Address configuration of eth1...
vm-test-run-solem-hardened-kernel> machine # [   10.845932] ACPI: button: Power Button [PWRF]
vm-test-run-solem-hardened-kernel> machine # [   10.627236] network-addresses-eth1-start[728]: adding address 192.168.1.1/24... done
vm-test-run-solem-hardened-kernel> machine # [   10.999243] Floppy drive(s): fd0 is 2.88M AMI BIOS
vm-test-run-solem-hardened-kernel> machine # [   11.008800] parport_pc 00:03: reported by Plug and Play ACPI
vm-test-run-solem-hardened-kernel> machine # [   11.019748] parport0: PC-style at 0x378, irq 7 [PCSPP(,...)]
vm-test-run-solem-hardened-kernel> machine # [   11.033138] FDC 0 is a S82078B
vm-test-run-solem-hardened-kernel> machine # [   10.677994] network-addresses-eth1-start[728]: adding address 2001:db8:1::1/64... done
vm-test-run-solem-hardened-kernel> machine # [   10.687969] dhcpcd[729]: dhcpcd-10.1.0 starting
vm-test-run-solem-hardened-kernel> machine # [   10.712479] systemd[1]: Finished Address configuration of eth1.
vm-test-run-solem-hardened-kernel> machine # [   10.720841] systemd[1]: Starting Networking Setup...
vm-test-run-solem-hardened-kernel> machine # [   10.726875] dhcpcd[740]: dev: loaded udev
vm-test-run-solem-hardened-kernel> machine # [   11.116326] 8021q: 802.1Q VLAN Support v1.8
vm-test-run-solem-hardened-kernel> machine # [   11.121052] 8021q: adding VLAN 0 to HW filter on device eth1
vm-test-run-solem-hardened-kernel> machine # [   11.272893] piix4_smbus 0000:00:01.3: SMBus Host Controller at 0x700, revision 0
vm-test-run-solem-hardened-kernel> machine # [   11.375824] cfg80211: Loading compiled-in X.509 certificates for regulatory database
vm-test-run-solem-hardened-kernel> machine # [   11.431503] Loaded X.509 cert 'sforshee: 00b28ddf47aef9cea7'
vm-test-run-solem-hardened-kernel> machine # [   11.439210] Loaded X.509 cert 'wens: 61c038651aabdcf94bd0ac7ff06c7248db18c600'
vm-test-run-solem-hardened-kernel> machine # [   11.447930] platform regulatory.0: Direct firmware load for regulatory.db failed with error -2
vm-test-run-solem-hardened-kernel> machine # [   11.455051] cfg80211: failed to load regulatory.db
vm-test-run-solem-hardened-kernel> machine # [   11.485497] input: QEMU Virtio Keyboard as /devices/pci0000:00/0000:00:0a.0/virtio7/input/input4
vm-test-run-solem-hardened-kernel> machine # [   11.141206] systemd[1]: Finished Networking Setup.
vm-test-run-solem-hardened-kernel> machine # [   11.151634] systemd[1]: Starting Extra networking commands....
vm-test-run-solem-hardened-kernel> machine # [   11.529601] bochs-drm 0000:00:02.0: vgaarb: deactivate vga console
vm-test-run-solem-hardened-kernel> machine # [   11.575782] input: VirtualPS/2 VMware VMMouse as /devices/platform/i8042/serio1/input/input6
vm-test-run-solem-hardened-kernel> machine # [   11.583187] cryptd: max_cpu_qlen set to 1000
vm-test-run-solem-hardened-kernel> machine # [   11.589695] input: VirtualPS/2 VMware VMMouse as /devices/platform/i8042/serio1/input/input5
vm-test-run-solem-hardened-kernel> machine # [   11.638861] 8021q: adding VLAN 0 to HW filter on device eth0
vm-test-run-solem-hardened-kernel> machine # [   11.698784] AVX2 version of gcm_enc/dec engaged.
vm-test-run-solem-hardened-kernel> machine # [   11.705319] Console: switching to colour dummy device 80x25
vm-test-run-solem-hardened-kernel> machine # [   11.708131] AES CTR mode by8 optimization enabled
vm-test-run-solem-hardened-kernel> machine # [   11.744208] [drm] Found bochs VGA, ID 0xb0c5.
vm-test-run-solem-hardened-kernel> machine # [   11.744210] [drm] Framebuffer size 16384 kB @ 0xfd000000, mmio @ 0xfebd0000.
vm-test-run-solem-hardened-kernel> machine # [   11.812455] [drm] Found EDID data blob.
vm-test-run-solem-hardened-kernel> machine # [   11.887196] [drm] Initialized bochs-drm 1.0.0 20130925 for 0000:00:02.0 on minor 0
vm-test-run-solem-hardened-kernel> machine # [   11.931370] fbcon: bochs-drmdrmfb (fb0) is primary device
vm-test-run-solem-hardened-kernel> machine # [   12.530920] ppdev: user-space parallel port driver
vm-test-run-solem-hardened-kernel> machine # [   12.749251] Console: switching to colour frame buffer device 160x50
vm-test-run-solem-hardened-kernel> machine # [   12.903814] bochs-drm 0000:00:02.0: [drm] fb0: bochs-drmdrmfb frame buffer device
vm-test-run-solem-hardened-kernel> machine # [   12.553731] dhcpcd[740]: eth0: waiting for carrier
vm-test-run-solem-hardened-kernel> machine # [   12.556832] systemd[1]: Finished Extra networking commands..
vm-test-run-solem-hardened-kernel> machine # [   12.561745] dhcpcd[740]: eth0: carrier acquired
vm-test-run-solem-hardened-kernel> machine # [   12.564673] systemd[1]: Reached target Network.
vm-test-run-solem-hardened-kernel> machine # [   12.570334] dhcpcd[740]: DUID 00:01:00:01:31:ad:e3:c5:52:54:00:12:34:56
vm-test-run-solem-hardened-kernel> machine # [   12.572714] systemd[1]: Starting Permit User Sessions...
vm-test-run-solem-hardened-kernel> machine # [   12.577223] dhcpcd[740]: eth0: IAID 00:12:34:56
vm-test-run-solem-hardened-kernel> machine # [   12.583804] systemd[1]: Starting Virtual Console Setup...
vm-test-run-solem-hardened-kernel> machine # [   12.597243] dhcpcd[740]: eth0: adding address fe80::5054:ff:fe12:3456
vm-test-run-solem-hardened-kernel> machine # [   12.601858] systemd[1]: Finished Permit User Sessions.
vm-test-run-solem-hardened-kernel> machine # [   12.605745] systemd[1]: Started Getty on tty1.
vm-test-run-solem-hardened-kernel> machine # [   12.609704] systemd[1]: Reached target Login Prompts.
vm-test-run-solem-hardened-kernel> machine # [   12.613899] systemd-logind[640]: Watching system buttons on /dev/input/event0 (AT Translated Set 2 keyboard)
vm-test-run-solem-hardened-kernel> machine # [   12.620630] systemd-logind[640]: Watching system buttons on /dev/input/event2 (Power Button)
vm-test-run-solem-hardened-kernel> machine # [   12.625760] systemd[1]: Listening on Load/Save RF Kill Switch Status /dev/rfkill Watch.
vm-test-run-solem-hardened-kernel> machine # [   12.629627] systemd-logind[640]: Watching system buttons on /dev/input/event3 (QEMU Virtio Keyboard)
vm-test-run-solem-hardened-kernel> machine # [   12.634229] systemd[1]: systemd-vconsole-setup.service: Deactivated successfully.
vm-test-run-solem-hardened-kernel> machine # [   12.638330] systemd[1]: Stopped Virtual Console Setup.
vm-test-run-solem-hardened-kernel> machine # [   12.641828] systemd[1]: run-credentials-systemd\x2dvconsole\x2dsetup.service.mount: Deactivated successfully.
vm-test-run-solem-hardened-kernel> machine # [   12.647270] systemd[1]: Starting Virtual Console Setup...
vm-test-run-solem-hardened-kernel> machine # [   13.197601] kvm_amd: TSC scaling supported
vm-test-run-solem-hardened-kernel> machine # [   13.199354] kvm_amd: Nested Virtualization enabled
vm-test-run-solem-hardened-kernel> machine # [   13.200702] kvm_amd: Nested Paging enabled
vm-test-run-solem-hardened-kernel> machine # [   13.205697] kvm_amd: Virtual VMLOAD VMSAVE supported
vm-test-run-solem-hardened-kernel> machine # [   13.207076] kvm_amd: PMU virtualization is disabled
vm-test-run-solem-hardened-kernel> machine # [   13.287201] EDAC MC: Ver: 3.0.0
vm-test-run-solem-hardened-kernel> machine # [   13.002787] dhcpcd[740]: eth0: soliciting a DHCP lease
vm-test-run-solem-hardened-kernel> machine # [   13.392141] NET: Registered PF_PACKET protocol family
vm-test-run-solem-hardened-kernel> machine # [   13.041485] dhcpcd[740]: eth0: offered 10.0.2.15 from 10.0.2.2
vm-test-run-solem-hardened-kernel> machine # [   13.045950] dhcpcd[740]: eth0: probing address 10.0.2.15/24
vm-test-run-solem-hardened-kernel> machine # [   13.328281] systemd[1]: Finished Virtual Console Setup.
vm-test-run-solem-hardened-kernel> machine # [   13.788453] dhcpcd[740]: eth0: soliciting an IPv6 router
vm-test-run-solem-hardened-kernel> machine # [   13.790890] dhcpcd[740]: eth0: Router Advertisement from fe80::2
vm-test-run-solem-hardened-kernel> machine # [   13.793672] dhcpcd[740]: eth0: adding address fec0::5054:ff:fe12:3456/64
vm-test-run-solem-hardened-kernel> machine # [   13.796597] dhcpcd[740]: eth0: adding route to fec0::/64
vm-test-run-solem-hardened-kernel> machine # [   13.799217] dhcpcd[740]: eth0: adding default route via fe80::2
vm-test-run-solem-hardened-kernel> machine # [   17.885464] dhcpcd[740]: eth0: leased 10.0.2.15 for 86400 seconds
vm-test-run-solem-hardened-kernel> machine # [   17.889213] dhcpcd[740]: eth0: adding route to 10.0.2.0/24
vm-test-run-solem-hardened-kernel> machine # [   17.891927] dhcpcd[740]: eth0: adding default route via 10.0.2.2
vm-test-run-solem-hardened-kernel> machine # [   18.033558] systemd[1]: Started DHCP Client.
vm-test-run-solem-hardened-kernel> machine # [   18.040980] systemd[1]: Reached target Network is Online.
vm-test-run-solem-hardened-kernel> machine # [   18.043601] systemd[1]: Reached target Multi-User System.
vm-test-run-solem-hardened-kernel> machine # [   18.046376] systemd[1]: Startup finished in 4.522s (kernel) + 13.520s (userspace) = 18.042s.
vm-test-run-solem-hardened-kernel> (finished: waiting for unit multi-user.target, in 20.06 seconds)
vm-test-run-solem-hardened-kernel> machine: must succeed: sleep 2
vm-test-run-solem-hardened-kernel> (finished: must succeed: sleep 2, in 2.04 seconds)
vm-test-run-solem-hardened-kernel> machine: must succeed: uname -r
vm-test-run-solem-hardened-kernel> (finished: must succeed: uname -r, in 0.04 seconds)
vm-test-run-solem-hardened-kernel> Kernel running: 6.6.83-hardened1
vm-test-run-solem-hardened-kernel>   ✓ kernel hardened attivo
vm-test-run-solem-hardened-kernel> cleanup
vm-test-run-solem-hardened-kernel> kill machine (pid 9)
vm-test-run-solem-hardened-kernel> qemu-kvm: terminating on signal 15 from pid 6 (/nix/store/dksjvr69ckglyw1k2ss1qgshhcix73p8-python3-3.12.8/bin/python3.12)
vm-test-run-solem-hardened-kernel> kill vlan (pid 7)
vm-test-run-solem-hardened-kernel> (finished: cleanup, in 0.01 seconds)
vm-test-run-solem-hardened-kernel> Traceback (most recent call last):
vm-test-run-solem-hardened-kernel>   File "/nix/store/v87ngzjjfhfw8kpcg4ii401mscx8pg9g-nixos-test-driver-1.1/bin/.nixos-test-driver-wrapped", line 9, in <module>
vm-test-run-solem-hardened-kernel>     sys.exit(main())
vm-test-run-solem-hardened-kernel>              ^^^^^^
vm-test-run-solem-hardened-kernel>   File "/nix/store/v87ngzjjfhfw8kpcg4ii401mscx8pg9g-nixos-test-driver-1.1/lib/python3.12/site-packages/test_driver/__init__.py", line 146, in main
vm-test-run-solem-hardened-kernel>     driver.run_tests()
vm-test-run-solem-hardened-kernel>   File "/nix/store/v87ngzjjfhfw8kpcg4ii401mscx8pg9g-nixos-test-driver-1.1/lib/python3.12/site-packages/test_driver/driver.py", line 173, in run_tests
vm-test-run-solem-hardened-kernel>     self.test_script()
vm-test-run-solem-hardened-kernel>   File "/nix/store/v87ngzjjfhfw8kpcg4ii401mscx8pg9g-nixos-test-driver-1.1/lib/python3.12/site-packages/test_driver/driver.py", line 165, in test_script
vm-test-run-solem-hardened-kernel>     exec(self.tests, symbols, None)
vm-test-run-solem-hardened-kernel>   File "<string>", line 14, in <module>
vm-test-run-solem-hardened-kernel> Exception: FAIL: kernel hardened ha panic/oops:
vm-test-run-solem-hardened-kernel> [    0.000000] Command line: console=ttyS0 console=tty0 panic=1 boot.panic_on_fail clocksource=acpi_pm loglevel=7 net.ifnames=0 init=/nix/store/kcb429h7zzn6nflzlzsav98l49y3p5y3-nixos-system-machine-test/init regInfo=/nix/store/10lybkrxzni6fzkh4dpk9lqmcv1d5xvl-closure-info/registration console=ttyS0
vm-test-run-solem-hardened-kernel> [    0.011316] Kernel command line: console=ttyS0 console=tty0 panic=1 boot.panic_on_fail clocksource=acpi_pm loglevel=7 net.ifnames=0 init=/nix/store/kcb429h7zzn6nflzlzsav98l49y3p5y3-nixos-system-machine-test/init regInfo=/nix/store/10lybkrxzni6fzkh4dpk9lqmcv1d5xvl-closure-info/registration console=ttyS0
error: builder for '/nix/store/8852myd7y79p5sbr028y9yqc2xvs78mp-vm-test-run-solem-hardened-kernel.drv' failed with exit code 1;
       last 25 log lines:
       > (finished: must succeed: sleep 2, in 2.04 seconds)
       > machine: must succeed: uname -r
       > (finished: must succeed: uname -r, in 0.04 seconds)
       > Kernel running: 6.6.83-hardened1
       >   ✓ kernel hardened attivo
       > cleanup
       > kill machine (pid 9)
       > qemu-kvm: terminating on signal 15 from pid 6 (/nix/store/dksjvr69ckglyw1k2ss1qgshhcix73p8-python3-3.12.8/bin/python3.12)
       > kill vlan (pid 7)
       > (finished: cleanup, in 0.01 seconds)
       > Traceback (most recent call last):
       >   File "/nix/store/v87ngzjjfhfw8kpcg4ii401mscx8pg9g-nixos-test-driver-1.1/bin/.nixos-test-driver-wrapped", line 9, in <module>
       >     sys.exit(main())
       >              ^^^^^^
       >   File "/nix/store/v87ngzjjfhfw8kpcg4ii401mscx8pg9g-nixos-test-driver-1.1/lib/python3.12/site-packages/test_driver/__init__.py", line 146, in main
       >     driver.run_tests()
       >   File "/nix/store/v87ngzjjfhfw8kpcg4ii401mscx8pg9g-nixos-test-driver-1.1/lib/python3.12/site-packages/test_driver/driver.py", line 173, in run_tests
       >     self.test_script()
       >   File "/nix/store/v87ngzjjfhfw8kpcg4ii401mscx8pg9g-nixos-test-driver-1.1/lib/python3.12/site-packages/test_driver/driver.py", line 165, in test_script
       >     exec(self.tests, symbols, None)
       >   File "<string>", line 14, in <module>
       > Exception: FAIL: kernel hardened ha panic/oops:
       > [    0.000000] Command line: console=ttyS0 console=tty0 panic=1 boot.panic_on_fail clocksource=acpi_pm loglevel=7 net.ifnames=0 init=/nix/store/kcb429h7zzn6nflzlzsav98l49y3p5y3-nixos-system-machine-test/init regInfo=/nix/store/10lybkrxzni6fzkh4dpk9lqmcv1d5xvl-closure-info/registration console=ttyS0
       > [    0.011316] Kernel command line: console=ttyS0 console=tty0 panic=1 boot.panic_on_fail clocksource=acpi_pm loglevel=7 net.ifnames=0 init=/nix/store/kcb429h7zzn6nflzlzsav98l49y3p5y3-nixos-system-machine-test/init regInfo=/nix/store/10lybkrxzni6fzkh4dpk9lqmcv1d5xvl-closure-info/registration console=ttyS0
       >
       For full logs, run 'nix log /nix/store/8852myd7y79p5sbr028y9yqc2xvs78mp-vm-test-run-solem-hardened-kernel.drv'.
