# VM test apparmor FAIL — commit 3d83dde @ 20260530T182659Z

vm-test-run-solem-apparmor> machine # [    8.963378] systemd[1]: Starting D-Bus System Message Bus...
vm-test-run-solem-apparmor> machine # connecting to host...
vm-test-run-solem-apparmor> machine # [    9.019096] 42m8vzags3w669djhcs5bbm7jf10phdb-audit-disable[641]: No rules
vm-test-run-solem-apparmor> machine # [    9.053775] systemd[1]: Finished Kernel Auditing.
vm-test-run-solem-apparmor> machine: Guest shell says: b'Spawning backdoor root shell...\n'
vm-test-run-solem-apparmor> machine: connected to guest root shell
vm-test-run-solem-apparmor> machine: (connecting took 10.28 seconds)
vm-test-run-solem-apparmor> (finished: waiting for the VM to finish booting, in 10.45 seconds)
vm-test-run-solem-apparmor> machine # [    9.111600] systemd[1]: Started Name Service Cache Daemon (nsncd).
vm-test-run-solem-apparmor> machine # [    9.120376] systemd[1]: Reached target Host and Network Name Lookups.
vm-test-run-solem-apparmor> machine # [    9.127674] nsncd[632]: May 30 18:26:47.427 INFO started, config: Config { ignored_request_types: {}, worker_count: 8, handoff_timeout: 3s }, path: "/var/run/nscd/socket"
vm-test-run-solem-apparmor> machine # [    9.138784] systemd[1]: Reached target User and Group Name Lookups.
vm-test-run-solem-apparmor> machine # [    9.147567] systemd[1]: Starting User Login Management...
vm-test-run-solem-apparmor> machine # [    9.187425] dbus-daemon[636]: dbus[636]: Unknown username "systemd-timesync" in message bus configuration file
vm-test-run-solem-apparmor> machine # [    9.267375] systemd[1]: Started D-Bus System Message Bus.
vm-test-run-solem-apparmor> machine # [    9.636619] mousedev: PS/2 mouse device common for all mice
vm-test-run-solem-apparmor> machine # [    9.382409] systemd[1]: Stopped target Host and Network Name Lookups.
vm-test-run-solem-apparmor> machine # [    9.385684] systemd[1]: Stopping Host and Network Name Lookups...
vm-test-run-solem-apparmor> machine # [    9.398267] systemd[1]: Stopped target User and Group Name Lookups.
vm-test-run-solem-apparmor> machine # [    9.411753] systemd[1]: Stopping User and Group Name Lookups...
vm-test-run-solem-apparmor> machine # [    9.419727] systemd[1]: Stopping Name Service Cache Daemon (nsncd)...
vm-test-run-solem-apparmor> machine # [    9.423939] systemd[1]: nscd.service: Deactivated successfully.
vm-test-run-solem-apparmor> machine # [    9.436192] systemd[1]: Stopped Name Service Cache Daemon (nsncd).
vm-test-run-solem-apparmor> machine # [    9.446383] systemd[1]: Starting Name Service Cache Daemon (nsncd)...
vm-test-run-solem-apparmor> machine # [    9.504167] systemd-logind[665]: New seat seat0.
vm-test-run-solem-apparmor> machine # [    9.522787] systemd[1]: Started User Login Management.
vm-test-run-solem-apparmor> machine # [    9.933881] input: Power Button as /devices/LNXSYSTM:00/LNXPWRBN:00/input/input3
vm-test-run-solem-apparmor> machine # [    9.589512] nsncd[709]: May 30 18:26:47.899 INFO started, config: Config { ignored_request_types: {}, worker_count: 8, handoff_timeout: 3s }, path: "/var/run/nscd/socket"
vm-test-run-solem-apparmor> machine # [    9.601536] systemd[1]: Started Name Service Cache Daemon (nsncd).
vm-test-run-solem-apparmor> machine # [    9.606258] systemd[1]: Reached target Host and Network Name Lookups.
vm-test-run-solem-apparmor> machine # [    9.612365] systemd[1]: Reached target User and Group Name Lookups.
vm-test-run-solem-apparmor> machine # [    9.635300] systemd[1]: Finished Firewall.
vm-test-run-solem-apparmor> machine # [    9.649283] systemd[1]: Finished resolvconf update.
vm-test-run-solem-apparmor> machine # [    9.654726] systemd[1]: Reached target Preparation for Network.
vm-test-run-solem-apparmor> machine # [    9.662495] systemd[1]: Starting DHCP Client...
vm-test-run-solem-apparmor> machine # [    9.671453] systemd[1]: Starting Address configuration of eth1...
vm-test-run-solem-apparmor> machine # [   10.105594] ACPI: button: Power Button [PWRF]
vm-test-run-solem-apparmor> machine # [   10.142697] parport_pc 00:03: reported by Plug and Play ACPI
vm-test-run-solem-apparmor> machine # [   10.172596] Floppy drive(s): fd0 is 2.88M AMI BIOS
vm-test-run-solem-apparmor> machine # [    9.830984] network-addresses-eth1-start[744]: adding address 192.168.1.1/24... done
vm-test-run-solem-apparmor> machine # [   10.195274] parport0: PC-style at 0x378, irq 7 [PCSPP(,...)]
vm-test-run-solem-apparmor> machine # [    9.857708] network-addresses-eth1-start[744]: adding address 2001:db8:1::1/64... done
vm-test-run-solem-apparmor> machine # [   10.246056] FDC 0 is a S82078B
vm-test-run-solem-apparmor> machine # [    9.899895] systemd[1]: Finished Address configuration of eth1.
vm-test-run-solem-apparmor> machine # [    9.910783] systemd[1]: Starting Networking Setup...
vm-test-run-solem-apparmor> machine # [    9.985657] dhcpcd[749]: dhcpcd-10.1.0 starting
vm-test-run-solem-apparmor> machine # [   10.365294] piix4_smbus 0000:00:01.3: SMBus Host Controller at 0x700, revision 0
vm-test-run-solem-apparmor> machine # [   10.011559] dhcpcd[761]: dev: loaded udev
vm-test-run-solem-apparmor> machine # [   10.400885] 8021q: 802.1Q VLAN Support v1.8
vm-test-run-solem-apparmor> machine # [   10.407177] 8021q: adding VLAN 0 to HW filter on device eth1
vm-test-run-solem-apparmor> machine # [   10.495897] input: QEMU Virtio Keyboard as /devices/pci0000:00/0000:00:0a.0/virtio7/input/input4
vm-test-run-solem-apparmor> machine # [   10.529180] bochs-drm 0000:00:02.0: vgaarb: deactivate vga console
vm-test-run-solem-apparmor> machine # [   10.579325] cfg80211: Loading compiled-in X.509 certificates for regulatory database
vm-test-run-solem-apparmor> machine # [   10.258820] systemd[1]: Finished Networking Setup.
vm-test-run-solem-apparmor> machine # [   10.270649] systemd[1]: Starting Extra networking commands....
vm-test-run-solem-apparmor> machine # [   10.615233] input: VirtualPS/2 VMware VMMouse as /devices/platform/i8042/serio1/input/input6
vm-test-run-solem-apparmor> machine # [   10.640343] input: VirtualPS/2 VMware VMMouse as /devices/platform/i8042/serio1/input/input5
vm-test-run-solem-apparmor> machine # [   10.642543] Loaded X.509 cert 'sforshee: 00b28ddf47aef9cea7'
vm-test-run-solem-apparmor> machine # [   10.642679] Loaded X.509 cert 'wens: 61c038651aabdcf94bd0ac7ff06c7248db18c600'
vm-test-run-solem-apparmor> machine # [   10.645620] platform regulatory.0: Direct firmware load for regulatory.db failed with error -2
vm-test-run-solem-apparmor> machine # [   10.645624] cfg80211: failed to load regulatory.db
vm-test-run-solem-apparmor> machine # [   10.675574] cryptd: max_cpu_qlen set to 1000
vm-test-run-solem-apparmor> machine # [   10.718625] Console: switching to colour dummy device 80x25
vm-test-run-solem-apparmor> machine # [   10.733816] AVX2 version of gcm_enc/dec engaged.
vm-test-run-solem-apparmor> machine # [   10.733838] AES CTR mode by8 optimization enabled
vm-test-run-solem-apparmor> machine # [   10.748472] 8021q: adding VLAN 0 to HW filter on device eth0
vm-test-run-solem-apparmor> machine # [   10.389273] dhcpcd[761]: eth0: waiting for carrier
vm-test-run-solem-apparmor> machine # [   10.537555] dhcpcd[761]: eth0: carrier acquired[   10.900072] [drm] Found bochs VGA, ID 0xb0c5.
vm-test-run-solem-apparmor> machine # [   10.901226] [drm] Framebuffer size 16384 kB @ 0xfd000000, mmio @ 0xfebd0000.
vm-test-run-solem-apparmor> machine # 
vm-test-run-solem-apparmor> machine # [   10.545245] systemd-logind[665]: Watching system buttons on /dev/input/event0 (AT Translated Set 2 keyboard)
vm-test-run-solem-apparmor> machine # [   10.550693] dhcpcd[761]: DUID 00:01:00:01:31:ad:e8:68:52:54:00:12:34:56
vm-test-run-solem-apparmor> machine # [   10.919452] ppdev: user-space parallel port driver
vm-test-run-solem-apparmor> machine # [   10.560092] systemd[1]: Starting Virtual Console Setup...
vm-test-run-solem-apparmor> machine # [   10.562607] dhcpcd[761]: eth0: IAID 00:12:34:56
vm-test-run-solem-apparmor> machine # [   10.570621] systemd-logind[665]: Watching system buttons on /dev/input/event2 (Power Button)
vm-test-run-solem-apparmor> machine # [   10.575549] dhcpcd[761]: eth0: adding address fe80::5054:ff:fe12:3456
vm-test-run-solem-apparmor> machine # [   10.597211] systemd[1]: Finished Extra networking commands..
vm-test-run-solem-apparmor> machine # [   10.599990] systemd[1]: Reached target Network.
vm-test-run-solem-apparmor> machine # [   10.607471] systemd[1]: Starting Permit User Sessions...
vm-test-run-solem-apparmor> machine # [   10.621694] systemd[1]: Listening on Load/Save RF Kill Switch Status /dev/rfkill Watch.
vm-test-run-solem-apparmor> machine # [   11.027728] [drm] Found EDID data blob.
vm-test-run-solem-apparmor> machine # [   10.690351] systemd[1]: Finished Permit User Sessions.
vm-test-run-solem-apparmor> machine # [   10.700271] systemd[1]: Started Getty on tty1.
vm-test-run-solem-apparmor> machine # [   10.706206] systemd[1]: Reached target Login Prompts.
vm-test-run-solem-apparmor> machine # [   11.096066] [drm] Initialized bochs-drm 1.0.0 20130925 for 0000:00:02.0 on minor 0
vm-test-run-solem-apparmor> machine # [   10.788244] systemd-logind[665]: Watching system buttons on /dev/input/event3 (QEMU Virtio Keyboard)
vm-test-run-solem-apparmor> machine # [   11.285452] dhcpcd[761]: eth0: soliciting a DHCP lease
vm-test-run-solem-apparmor> machine # [   11.315432] dhcpcd[761]: eth0: offered 10.0.2.15 from 10.0.2.2
vm-test-run-solem-apparmor> machine # [   11.324543] dhcpcd[761]: eth0: probing address 10.0.2.15/24
vm-test-run-solem-apparmor> machine # [   11.154907] fbcon: bochs-drmdrmfb (fb0) is primary device
vm-test-run-solem-apparmor> machine # [   11.669671] NET: Registered PF_PACKET protocol family
vm-test-run-solem-apparmor> machine # [   11.851684] Console: switching to colour frame buffer device 160x50
vm-test-run-solem-apparmor> machine # [   12.056305] bochs-drm 0000:00:02.0: [drm] fb0: bochs-drmdrmfb frame buffer device
vm-test-run-solem-apparmor> machine # [   11.709420] systemd[1]: systemd-vconsole-setup.service: Deactivated successfully.
vm-test-run-solem-apparmor> machine # [   11.716361] systemd[1]: Stopped Virtual Console Setup.
vm-test-run-solem-apparmor> machine # [   11.720863] systemd[1]: run-credentials-systemd\x2dvconsole\x2dsetup.service.mount: Deactivated successfully.
vm-test-run-solem-apparmor> machine # [   11.726180] systemd[1]: Starting Virtual Console Setup...
vm-test-run-solem-apparmor> machine # [   12.127856] kvm_amd: TSC scaling supported
vm-test-run-solem-apparmor> machine # [   12.128943] kvm_amd: Nested Virtualization enabled
vm-test-run-solem-apparmor> machine # [   12.130104] kvm_amd: Nested Paging enabled
vm-test-run-solem-apparmor> machine # [   12.134923] kvm_amd: Virtual VMLOAD VMSAVE supported
vm-test-run-solem-apparmor> machine # [   12.136252] kvm_amd: PMU virtualization is disabled
vm-test-run-solem-apparmor> machine # [   12.170016] EDAC MC: Ver: 3.0.0
vm-test-run-solem-apparmor> machine # [   12.271780] systemd[1]: Finished Virtual Console Setup.
vm-test-run-solem-apparmor> machine # [   12.693468] dhcpcd[761]: eth0: soliciting an IPv6 router
vm-test-run-solem-apparmor> machine # [   12.696976] dhcpcd[761]: eth0: Router Advertisement from fe80::2
vm-test-run-solem-apparmor> machine # [   12.700963] dhcpcd[761]: eth0: adding address fec0::5054:ff:fe12:3456/64
vm-test-run-solem-apparmor> machine # [   12.703578] dhcpcd[761]: eth0: adding route to fec0::/64
vm-test-run-solem-apparmor> machine # [   12.705959] dhcpcd[761]: eth0: adding default route via fe80::2
vm-test-run-solem-apparmor> machine # [   16.536949] dhcpcd[761]: eth0: leased 10.0.2.15 for 86400 seconds
vm-test-run-solem-apparmor> machine # [   16.539350] dhcpcd[761]: eth0: adding route to 10.0.2.0/24
vm-test-run-solem-apparmor> machine # [   16.542425] dhcpcd[761]: eth0: adding default route via 10.0.2.2
vm-test-run-solem-apparmor> machine # [   16.677415] systemd[1]: Started DHCP Client.
vm-test-run-solem-apparmor> machine # [   16.682690] systemd[1]: Reached target Network is Online.
vm-test-run-solem-apparmor> machine # [   16.797141] systemd[1]: Reached target Multi-User System.
vm-test-run-solem-apparmor> machine # [   16.799463] systemd[1]: Startup finished in 4.132s (kernel) + 12.552s (userspace) = 16.685s.
vm-test-run-solem-apparmor> (finished: waiting for unit multi-user.target, in 18.55 seconds)
vm-test-run-solem-apparmor> machine: must succeed: sleep 3
vm-test-run-solem-apparmor> (finished: must succeed: sleep 3, in 3.04 seconds)
vm-test-run-solem-apparmor> machine: must succeed: ls /sys/module/apparmor 2>&1
vm-test-run-solem-apparmor> (finished: must succeed: ls /sys/module/apparmor 2>&1, in 0.04 seconds)
vm-test-run-solem-apparmor> machine: must succeed: ls /sys/kernel/security/apparmor 2>&1 || true
vm-test-run-solem-apparmor> (finished: must succeed: ls /sys/kernel/security/apparmor 2>&1 || true, in 0.03 seconds)
vm-test-run-solem-apparmor> aa-status:
vm-test-run-solem-apparmor> apparmor module is loaded.
vm-test-run-solem-apparmor> 1 profiles are loaded.
vm-test-run-solem-apparmor> 1 profiles are in enforce mode.
vm-test-run-solem-apparmor>    solem-gavio-ai
vm-test-run-solem-apparmor> 0 profiles are in complain mode.
vm-test-run-solem-apparmor> 0 profiles are in prompt mode.
vm-test-run-solem-apparmor> 0 profiles are in kill mode.
vm-test-run-solem-apparmor> 0 profiles are in unconfined mode.
vm-test-run-solem-apparmor> 0 processes have profiles defined.
vm-test-run-solem-apparmor> 0 processes are in enforce mode.
vm-test-run-solem-apparmor> 0 processes are in complain mode.
vm-test-run-solem-apparmor> 0 processes are in prompt mode.
vm-test-run-solem-apparmor> 0 processes are in kill mode.
vm-test-run-solem-apparmor> 0 processes are unconfined but have a profile defined.
vm-test-run-solem-apparmor> 0 processes are in mixed mode.
vm-test-run-solem-apparmor>   ✓ profilo solem-gavio-ai loaded
vm-test-run-solem-apparmor>   ⚠ solem-gavio-ai NON in enforce, output: MISSING
vm-test-run-solem-apparmor> machine: must succeed: mkdir -p /var/lib/gavio-ai/venv/bin
vm-test-run-solem-apparmor> (finished: must succeed: mkdir -p /var/lib/gavio-ai/venv/bin, in 0.03 seconds)
vm-test-run-solem-apparmor> machine: must succeed: cp /run/current-system/sw/bin/bash /var/lib/gavio-ai/venv/bin/python3
vm-test-run-solem-apparmor> (finished: must succeed: cp /run/current-system/sw/bin/bash /var/lib/gavio-ai/venv/bin/python3, in 0.04 seconds)
vm-test-run-solem-apparmor> machine: must succeed: chmod +x /var/lib/gavio-ai/venv/bin/python3
vm-test-run-solem-apparmor> (finished: must succeed: chmod +x /var/lib/gavio-ai/venv/bin/python3, in 0.03 seconds)
vm-test-run-solem-apparmor> machine: must succeed: chown -R gavio-ai:gavio-ai /var/lib/gavio-ai/
vm-test-run-solem-apparmor> (finished: must succeed: chown -R gavio-ai:gavio-ai /var/lib/gavio-ai/, in 0.04 seconds)
vm-test-run-solem-apparmor> machine # [   20.616636] sudo[978]:     root : TTY=hvc0 ; PWD=/tmp ; USER=gavio-ai ; COMMAND=/var/lib/gavio-ai/venv/bin/python3 -c 'cat /proc/self/attr/current'
vm-test-run-solem-apparmor> machine # [   20.639292] sudo[978]: pam_unix(sudo:session): session opened for user gavio-ai(uid=970) by (uid=0)
vm-test-run-solem-apparmor> machine # [   21.006090] audit: type=1400 audit(1780165618.962:3): apparmor="DENIED" operation="file_mmap" class="file" profile="solem-gavio-ai" name="/nix/store/vb3dx18nky7cq63br7x2mi86isli529w-readline-8.2p13/lib/libreadline.so.8.2" pid=981 comm="python3" requested_mask="m" denied_mask="m" fsuid=970 ouid=0
vm-test-run-solem-apparmor> machine # [   20.660494] sudo[978]: pam_unix(sudo:session): session closed for user gavio-ai
vm-test-run-solem-apparmor> AppArmor self attr: rc=127 out='/var/lib/gavio-ai/venv/bin/python3: error while loading shared libraries: libreadline.so.8: failed to map segment from shared object\n'
vm-test-run-solem-apparmor> cleanup
vm-test-run-solem-apparmor> kill machine (pid 9)
vm-test-run-solem-apparmor> qemu-kvm: terminating on signal 15 from pid 6 (/nix/store/dksjvr69ckglyw1k2ss1qgshhcix73p8-python3-3.12.8/bin/python3.12)
vm-test-run-solem-apparmor> kill vlan (pid 7)
vm-test-run-solem-apparmor> (finished: cleanup, in 0.01 seconds)
vm-test-run-solem-apparmor> Traceback (most recent call last):
vm-test-run-solem-apparmor>   File "/nix/store/v87ngzjjfhfw8kpcg4ii401mscx8pg9g-nixos-test-driver-1.1/bin/.nixos-test-driver-wrapped", line 9, in <module>
vm-test-run-solem-apparmor>     sys.exit(main())
vm-test-run-solem-apparmor>              ^^^^^^
vm-test-run-solem-apparmor>   File "/nix/store/v87ngzjjfhfw8kpcg4ii401mscx8pg9g-nixos-test-driver-1.1/lib/python3.12/site-packages/test_driver/__init__.py", line 146, in main
vm-test-run-solem-apparmor>     driver.run_tests()
vm-test-run-solem-apparmor>   File "/nix/store/v87ngzjjfhfw8kpcg4ii401mscx8pg9g-nixos-test-driver-1.1/lib/python3.12/site-packages/test_driver/driver.py", line 173, in run_tests
vm-test-run-solem-apparmor>     self.test_script()
vm-test-run-solem-apparmor>   File "/nix/store/v87ngzjjfhfw8kpcg4ii401mscx8pg9g-nixos-test-driver-1.1/lib/python3.12/site-packages/test_driver/driver.py", line 165, in test_script
vm-test-run-solem-apparmor>     exec(self.tests, symbols, None)
vm-test-run-solem-apparmor>   File "<string>", line 48, in <module>
vm-test-run-solem-apparmor> Exception: FAIL: il binary /var/lib/gavio-ai/venv/bin/python3 NON e' confinato da AppArmor profile solem-gavio-ai (out='/var/lib/gavio-ai/venv/bin/python3: error while loading shared libraries: libreadline.so.8: failed to map segment from shared object\n'). I test DENY sotto darebbero falso positivo via DAC.
error: builder for '/nix/store/p0vyblmgahv73zd82k48ysdzpvbnyk98-vm-test-run-solem-apparmor.drv' failed with exit code 1;
       last 25 log lines:
       > (finished: must succeed: chmod +x /var/lib/gavio-ai/venv/bin/python3, in 0.03 seconds)
       > machine: must succeed: chown -R gavio-ai:gavio-ai /var/lib/gavio-ai/
       > (finished: must succeed: chown -R gavio-ai:gavio-ai /var/lib/gavio-ai/, in 0.04 seconds)
       > machine # [   20.616636] sudo[978]:     root : TTY=hvc0 ; PWD=/tmp ; USER=gavio-ai ; COMMAND=/var/lib/gavio-ai/venv/bin/python3 -c 'cat /proc/self/attr/current'
       > machine # [   20.639292] sudo[978]: pam_unix(sudo:session): session opened for user gavio-ai(uid=970) by (uid=0)
       > machine # [   21.006090] audit: type=1400 audit(1780165618.962:3): apparmor="DENIED" operation="file_mmap" class="file" profile="solem-gavio-ai" name="/nix/store/vb3dx18nky7cq63br7x2mi86isli529w-readline-8.2p13/lib/libreadline.so.8.2" pid=981 comm="python3" requested_mask="m" denied_mask="m" fsuid=970 ouid=0
       > machine # [   20.660494] sudo[978]: pam_unix(sudo:session): session closed for user gavio-ai
       > AppArmor self attr: rc=127 out='/var/lib/gavio-ai/venv/bin/python3: error while loading shared libraries: libreadline.so.8: failed to map segment from shared object\n'
       > cleanup
       > kill machine (pid 9)
       > qemu-kvm: terminating on signal 15 from pid 6 (/nix/store/dksjvr69ckglyw1k2ss1qgshhcix73p8-python3-3.12.8/bin/python3.12)
       > kill vlan (pid 7)
       > (finished: cleanup, in 0.01 seconds)
       > Traceback (most recent call last):
       >   File "/nix/store/v87ngzjjfhfw8kpcg4ii401mscx8pg9g-nixos-test-driver-1.1/bin/.nixos-test-driver-wrapped", line 9, in <module>
       >     sys.exit(main())
       >              ^^^^^^
       >   File "/nix/store/v87ngzjjfhfw8kpcg4ii401mscx8pg9g-nixos-test-driver-1.1/lib/python3.12/site-packages/test_driver/__init__.py", line 146, in main
       >     driver.run_tests()
       >   File "/nix/store/v87ngzjjfhfw8kpcg4ii401mscx8pg9g-nixos-test-driver-1.1/lib/python3.12/site-packages/test_driver/driver.py", line 173, in run_tests
       >     self.test_script()
       >   File "/nix/store/v87ngzjjfhfw8kpcg4ii401mscx8pg9g-nixos-test-driver-1.1/lib/python3.12/site-packages/test_driver/driver.py", line 165, in test_script
       >     exec(self.tests, symbols, None)
       >   File "<string>", line 48, in <module>
       > Exception: FAIL: il binary /var/lib/gavio-ai/venv/bin/python3 NON e' confinato da AppArmor profile solem-gavio-ai (out='/var/lib/gavio-ai/venv/bin/python3: error while loading shared libraries: libreadline.so.8: failed to map segment from shared object\n'). I test DENY sotto darebbero falso positivo via DAC.
       For full logs, run 'nix log /nix/store/p0vyblmgahv73zd82k48ysdzpvbnyk98-vm-test-run-solem-apparmor.drv'.
