# VM test ai-network-egress FAIL — commit 3d83dde @ 20260530T182600Z

copying path '/nix/store/lf17r26gypnpka38z8fgfanzj1p11qzv-xwininfo-1.1.6' from 'https://cache.nixos.org'...
copying path '/nix/store/izpczxh0wcm3ra6z0073zf9j0mv2wfl4-xz-5.6.3' from 'https://cache.nixos.org'...
copying path '/nix/store/0pzycb908459zq97rsqkl49k1qv41pyp-xz-5.6.3-doc' from 'https://cache.nixos.org'...
copying path '/nix/store/ms8glc1xazpahcx7liazqxc08b7n45jw-xz-5.6.3-man' from 'https://cache.nixos.org'...
copying path '/nix/store/h2qap7znf2iflyr7g567lnnzsnh0p4x8-zstd-1.5.6' from 'https://cache.nixos.org'...
copying path '/nix/store/vb98rrm9q9wq7j52k69317gmhi4bp6p4-aws-c-s3-0.6.0' from 'https://cache.nixos.org'...
copying path '/nix/store/lnwsbdd5v792s3g6r316dhh4sijjsz6p-zstd-1.5.6-man' from 'https://cache.nixos.org'...
copying path '/nix/store/b6mjyiadysqlh7nps52faznnqmp32604-zlib-1.3.1' from 'https://cache.nixos.org'...
copying path '/nix/store/z6nyhd2bp15fyjlaygj0hylfardhxk0x-bind-9.18.33-host' from 'https://cache.nixos.org'...
copying path '/nix/store/z8kad5m9n9ccqil2n31gsq32g5h0w4nc-security-wrapper-newgidmap-x86_64-unknown-linux-musl' from 'https://cache.nixos.org'...
copying path '/nix/store/qbx1inzqp4qpkx6qg23mjd21ami4jrkh-cryptsetup-2.7.5' from 'https://cache.nixos.org'...
copying path '/nix/store/znnyhykzm39732gw8i4c20kd9b9zcvai-e2fsprogs-1.47.1' from 'https://cache.nixos.org'...
copying path '/nix/store/vcinz2j3rwp05hyw3yzz3lgv041sj0p4-libSM-1.2.4' from 'https://cache.nixos.org'...
copying path '/nix/store/161fnicz5rnyvd0y7v60475bisd2mhxn-security-wrapper-newgrp-x86_64-unknown-linux-musl' from 'https://cache.nixos.org'...
copying path '/nix/store/j63dpk7bqb5w6argaiwhjlrslgcgl7zy-binutils-2.43.1-lib' from 'https://cache.nixos.org'...
copying path '/nix/store/7s1nwxpkck2rhz54z95n4apj2drdqwdp-cracklib-2.10.0' from 'https://cache.nixos.org'...
copying path '/nix/store/j7w0f2d84d8hhal3zdnbz1rnqw1kcwd5-file-5.45' from 'https://cache.nixos.org'...
copying path '/nix/store/plpc13r351l9bn13c03yvzd4q9kr5rcy-file-5.45' from 'https://cache.nixos.org'...
copying path '/nix/store/hx59pzhi1x2mfm1yjyg8rf3c9swa4nph-gcc-13.3.0' from 'https://cache.nixos.org'...
copying path '/nix/store/ybplrr075ilvzyr03d8r7a6q0kg69g7a-gnutls-3.8.6' from 'https://cache.nixos.org'...
copying path '/nix/store/s6mwa9zhvgjhyiyg014pdj1xln099v6w-glib-2.82.1' from 'https://cache.nixos.org'...
copying path '/nix/store/qnyc7sigwkbr7rpsccksj04m195q3i85-kexec-tools-2.0.29' from 'https://cache.nixos.org'...
copying path '/nix/store/2i6v394xmk4iaas5ygb7ybfc1b2dh2d5-libXt-1.3.0' from 'https://cache.nixos.org'...
copying path '/nix/store/wagl8xsg5fcj7x837sxad5c6jp779wgr-aws-crt-cpp-0.26.12' from 'https://cache.nixos.org'...
copying path '/nix/store/90b9d50cmlzm5i6qm5b5lbfg0zc6s7gd-libfido2-1.15.0' from 'https://cache.nixos.org'...
copying path '/nix/store/56m8s9l7xlqfav7l6501c0ig6ll8f470-kmod-31' from 'https://cache.nixos.org'...
copying path '/nix/store/grdqsk5i8893g6icnzprkqf74jndn9vj-boot.json' from 'https://cache.nixos.org'...
copying path '/nix/store/l4h7nq6jpwp6dxcmxip306k7dik1cj93-kmod-31-lib' from 'https://cache.nixos.org'...
copying path '/nix/store/36cxz4bnx0cdyy7q9abr34p26qw0rbn7-binutils-2.43.1' from 'https://cache.nixos.org'...
copying path '/nix/store/r1g2yl4lj3kjwcs9a9ps63ai2wlbj2kl-libarchive-3.7.8-lib' from 'https://cache.nixos.org'...
copying path '/nix/store/187jl497p1hr5rsybpr751rk1s40wl0d-libpng-apng-1.6.43' from 'https://cache.nixos.org'...
copying path '/nix/store/6pg1mwbfljnvswsskmq90ikmhmhbvsa6-btrfs-progs-6.11' from 'https://cache.nixos.org'...
copying path '/nix/store/db1aw4j6qz2axggf5di7vgk6c2s9z4fp-bcache-tools-1.0.8' from 'https://cache.nixos.org'...
copying path '/nix/store/9d1izykcn2c9wp3cbyfw0rlbinzvca0c-e2fsprogs-1.47.1-bin' from 'https://cache.nixos.org'...
copying path '/nix/store/9mfwp05gwj1gs2fb93m9xla91znw1p62-libssh2-1.11.1' from 'https://cache.nixos.org'...
copying path '/nix/store/ccq7xnyh7gb6vdzp0bw1zb2lbadj0p6v-linux-6.6.94-modules' from 'https://cache.nixos.org'...
copying path '/nix/store/zrcar9dxgd1b453k1b7lsms6mm84frs8-freetype-2.13.3' from 'https://cache.nixos.org'...
copying path '/nix/store/7izxc75xy1242a0nklml7fda4vfyqcq7-libXmu-1.2.1' from 'https://cache.nixos.org'...
copying path '/nix/store/wb9y8fjaxkz242n54zcgh60jfwk04ral-libwebp-1.4.0' from 'https://cache.nixos.org'...
copying path '/nix/store/dk90grylbxa4mhylrwc22y0bj1sb350i-nano-8.4' from 'https://cache.nixos.org'...
copying path '/nix/store/9kfgh5k0frl2vkdvcvdmsfg0cmsm02nz-openssh-9.9p2' from 'https://cache.nixos.org'...
copying path '/nix/store/hfzprd964nzxk9axsaaffm0ql4lrpvra-perl-5.40.0' from 'https://cache.nixos.org'...
copying path '/nix/store/d1gsjxvaw1pc2hb3g9vsarzpkvyfgdxp-libpwquality-1.4.5-lib' from 'https://cache.nixos.org'...
copying path '/nix/store/36hc7pcpyivivzrp7cqhdnpjswp42ss7-rsync-3.4.1' from 'https://cache.nixos.org'...
copying path '/nix/store/10p9a6bdan7370l60m0l9ajbscwypbkl-security-wrapper-newuidmap-x86_64-unknown-linux-musl' from 'https://cache.nixos.org'...
copying path '/nix/store/4rbh1rll2a1qjdvvlnbbbaqc013q6bfq-libmicrohttpd-1.0.1' from 'https://cache.nixos.org'...
copying path '/nix/store/qn1wf1fwv5l29ph9r5dq7lyzdsy4riqi-security-wrapper-sg-x86_64-unknown-linux-musl' from 'https://cache.nixos.org'...
copying path '/nix/store/jpz1bvjj1jkpmas5mhy69z9hcg4s7dy5-shadow-4.16.0-man' from 'https://cache.nixos.org'...
copying path '/nix/store/kjihhp4siahcp1j6bf94pg0vrwrxk395-shadow-4.16.0-su' from 'https://cache.nixos.org'...
copying path '/nix/store/pi4f6lx55378psqisnrm1g3mwx4jpm8z-libgit2-1.8.4-lib' from 'https://cache.nixos.org'...
copying path '/nix/store/8b0kz6ccrjy0x62rsqvwbwr3v7sm0sr7-curl-8.12.1' from 'https://cache.nixos.org'...
copying path '/nix/store/v9smapvfv1z340qs3p7xbw6zb6zplfcf-sqlite-3.46.1' from 'https://cache.nixos.org'...
copying path '/nix/store/45ijdlx5sxwzx10w2hgnip4rka7na383-e2fsprogs-1.47.1-info' from 'https://cache.nixos.org'...
copying path '/nix/store/nnx4si2gbp5if5vnjsjb1bq2fg2r9wnh-desktop-file-utils-0.27' from 'https://cache.nixos.org'...
copying path '/nix/store/7g600qxvf6mjmd5pyas7g57mz902bskz-e2fsprogs-1.47.1-man' from 'https://cache.nixos.org'...
copying path '/nix/store/9mwfi1naginyz9sch0l37f4pxmi6d9kw-fontconfig-2.15.0-lib' from 'https://cache.nixos.org'...
copying path '/nix/store/h0s6br5r2brz2kan1svahc6lbych72zh-etc-nanorc' from 'https://cache.nixos.org'...
copying path '/nix/store/j7i94nmfmylf6xvq5yzxihj7khzjb391-libslirp-4.8.0' from 'https://cache.nixos.org'...
copying path '/nix/store/ds04v6rdcnsvr48aa9dfmkdrb5k3k0vg-binutils-wrapper-2.43.1' from 'https://cache.nixos.org'...
copying path '/nix/store/va5jh5fv174fy5m69h7s70342g78awzy-libtiff-4.7.0' from 'https://cache.nixos.org'...
copying path '/nix/store/pvl5p99nsaj87xyqyh932ijw73zqraal-qemu-host-cpu-only-for-vm-tests-9.1.3-ga' from 'https://cache.nixos.org'...
copying path '/nix/store/b66xbnfp75yxii71x7a53abf0a7ha61a-shared-mime-info-2.4' from 'https://cache.nixos.org'...
copying path '/nix/store/syzz6yp6gmipj5s58wrys3yzjlslig97-security-wrapper-su-x86_64-unknown-linux-musl' from 'https://cache.nixos.org'...
copying path '/nix/store/rksqcafx0w2bdavfn6vvm9amrkiy6jr8-util-linux-2.39.4-login' from 'https://cache.nixos.org'...
copying path '/nix/store/im20pazfdyswmha4j263xkvgqp6ivg3r-util-linux-2.39.4-mount' from 'https://cache.nixos.org'...
copying path '/nix/store/4xj60ycz1q0vpa0ba9wbkyf12jymc5rc-util-linux-2.39.4-swap' from 'https://cache.nixos.org'...
copying path '/nix/store/sy88pr15j81p1wpcswyy0d4q2wllz0ka-util-linux-minimal-2.39.4-mount' from 'https://cache.nixos.org'...
copying path '/nix/store/amz0p54a8h08lmsdymdsqpf464kv70j3-util-linux-minimal-2.39.4-swap' from 'https://cache.nixos.org'...
copying path '/nix/store/x4zv98lry5slpqxpyqs7adh5vxv6aaln-fontconfig-2.15.0-bin' from 'https://cache.nixos.org'...
copying path '/nix/store/295z76cla95avwsnkknl7qwgdm37axzp-aws-sdk-cpp-1.11.336' from 'https://cache.nixos.org'...
copying path '/nix/store/xr777l6vdpkdi16h9dpv89l3s6hp17h9-curl-8.12.1-bin' from 'https://cache.nixos.org'...
copying path '/nix/store/sz4dchxmxnhk3ancyyh0d636gdrb651b-elfutils-0.191' from 'https://cache.nixos.org'...
copying path '/nix/store/dksjvr69ckglyw1k2ss1qgshhcix73p8-python3-3.12.8' from 'https://cache.nixos.org'...
copying path '/nix/store/1wjhq57wrmixf9j4m0ql0k4wl0xfb6k4-tpm2-tss-4.1.3' from 'https://cache.nixos.org'...
copying path '/nix/store/livin0fi0bzqnw9fqyx8acwbd4z4qrp9-xz-5.6.3-bin' from 'https://cache.nixos.org'...
copying path '/nix/store/1cy16b0636ibhralvc50v5zhrmxm3yii-xauth-1.1.3' from 'https://cache.nixos.org'...
copying path '/nix/store/nz21vcac9yfrgh7l1ip13gs0mrvjp282-vde2-2.3.3' from 'https://cache.nixos.org'...
copying path '/nix/store/phx45qixjq12vbjvbf7nlzadbbaxyc1f-util-linux-minimal-2.39.4-bin' from 'https://cache.nixos.org'...
copying path '/nix/store/cj5v7mmz54s8jpmb2i5vp6zwjxzwmkqz-zstd-1.5.6-bin' from 'https://cache.nixos.org'...
copying path '/nix/store/k6cbwxkx2gc3h3bfdz53xdf5qz0zxqmg-strace-6.14' from 'https://cache.nixos.org'...
copying path '/nix/store/m2ly3q8zi1kv91h4pf893ambfsvjcv37-libbpf-1.4.7' from 'https://cache.nixos.org'...
copying path '/nix/store/7nljvkikvv74cihrqkvaiahrcv32548n-netpbm-11.8.1-bin' from 'https://cache.nixos.org'...
copying path '/nix/store/26rm9njn7ik7g4rly33l937d5sja95f2-perl-5.40.0-env' from 'https://cache.nixos.org'...
copying path '/nix/store/nwx46m553418dpcgc8c0ljb8q3x6f4ms-perl-5.40.0-env' from 'https://cache.nixos.org'...
copying path '/nix/store/xc1wgp99q3b71dvjw2rwjyjk8gh6jiw7-perl-5.40.0-env' from 'https://cache.nixos.org'...
copying path '/nix/store/qcr99p6xljq7f06r7ii96nxa3k59fald-perl5.40.0-DBI-1.644' from 'https://cache.nixos.org'...
copying path '/nix/store/dlzcxfyhwpvbwi907qsamgsqvi09gvd2-nix-2.24.14' from 'https://cache.nixos.org'...
copying path '/nix/store/3ch5fdmr16yaljcj1ihhx0312xjavcc0-perl5.40.0-String-ShellQuote-1.04' from 'https://cache.nixos.org'...
copying path '/nix/store/jnm6m1qlndkjh5m0qdfqwdmzph7gs9rf-perl5.40.0-XML-SAX-Base-1.09' from 'https://cache.nixos.org'...
copying path '/nix/store/4mmdi8a6znw6qkf2gayg0iqig708pc3b-stdenv-linux' from 'https://cache.nixos.org'...
copying path '/nix/store/aixqaa4mqlggvwm4wswn7awk5a9881k8-append-initrd-secrets' from 'https://cache.nixos.org'...
copying path '/nix/store/j9cms4w89wg2mc09s7mvdcmjrwg3l4qs-kbd-2.6.4' from 'https://cache.nixos.org'...
copying path '/nix/store/8dbknbmd48315lx75savb21195l7y435-man-db-2.13.0' from 'https://cache.nixos.org'...
copying path '/nix/store/3cavdg8cnbnl85cjih43qjnvf1j5nmmr-qemu-host-cpu-only-for-vm-tests-9.1.3' from 'https://cache.nixos.org'...
copying path '/nix/store/5vpwawbhj9p1lxknfvdwvq52l0viixw3-su.pam' from 'https://cache.nixos.org'...
copying path '/nix/store/gxx16rq84bn0m8ra3kipzydr3fkk8n0z-texinfo-7.1.1' from 'https://cache.nixos.org'...
copying path '/nix/store/wgd0h1hzvic0gqia9injpwy01wbwwa7i-iproute2-6.11.0' from 'https://cache.nixos.org'...
copying path '/nix/store/3klimmdidp0qhpa94fb3kf0vwhirgcnz-perl5.40.0-DBD-SQLite-1.74' from 'https://cache.nixos.org'...
copying path '/nix/store/170gs8awznymkjc7b37j602zqyw2p5fv-texinfo-interactive-7.1.1' from 'https://cache.nixos.org'...
copying path '/nix/store/7afadfc85f89rmi46hny5j4aqx73gd7m-etc-systemd-system.conf' from 'https://cache.nixos.org'...
copying path '/nix/store/qdad15zr7s7n1ag22lmlcwv8h3l1hqls-fuse-2.9.9' from 'https://cache.nixos.org'...
copying path '/nix/store/nbi70ssy9w98kfb61mrhl5vp8x2bfm1g-fuse-2.9.9-bin' from 'https://cache.nixos.org'...
copying path '/nix/store/gc0b10nl2n9xra27da8sidwhdaxwnwsh-fuse-3.16.2' from 'https://cache.nixos.org'...
copying path '/nix/store/i1ajwx12c0dp649w6iv50sipvalz7f1w-lvm2-2.03.31-bin' from 'https://cache.nixos.org'...
copying path '/nix/store/cfyzc45vb46dsbfqk3pl65g19jw910pb-local-cmds' from 'https://cache.nixos.org'...
copying path '/nix/store/cvajbwrlxpfrk9jrc99k6yaxwd691q90-netpbm-11.8.1-dev' from 'https://cache.nixos.org'...
copying path '/nix/store/dmb2lzx5cwxjgj2rzvx48xx195wp0a4z-nixos-enter' from 'https://cache.nixos.org'...
building '/nix/store/2qrfcy7005r97nqxzq3nfz2xd9dcgjnx-etc-solem-ai-network.md.drv'...
building '/nix/store/qvf6z383dcs5n9bbdpn0c9f51ws430zr-etc-solem-ai-user.md.drv'...
building '/nix/store/cq4w0wms5qar7an0466i6x998q9wrfzx-etc-systemd-journald.conf.drv'...
building '/nix/store/q0mby7p69ygzq1lrsw1nawlg4gzh5f88-nftables-rules.drv'...
copying path '/nix/store/krzs0yw18f434hlci1shhgq9yjx9lf98-nixos-option' from 'https://cache.nixos.org'...
copying path '/nix/store/bpwa4pq1mii034plfnncmrbz7knqv0sp-perl5.40.0-XML-SAX-1.02' from 'https://cache.nixos.org'...
copying path '/nix/store/1s4fq9sni326vcyh4a4gs7hyh30z1inh-perl-5.40.0-env' from 'https://cache.nixos.org'...
building '/nix/store/qir89k0278721zifbda3xhjy4w38ngiv-nix.conf.drv'...
building '/nix/store/spskqdpb2plxrskh7l2i0almpb0rfjd9-nixos-tmpfiles.d.drv'...
nix.conf> Validating generated nix.conf
copying path '/nix/store/xjrkm790caprvx35w9gmb9hxjn9ysvvv-grub-2.12' from 'https://cache.nixos.org'...
copying path '/nix/store/nxc2wl6l9qryijyg81d7i5kh60b3hhva-security-wrapper-fusermount-x86_64-unknown-linux-musl' from 'https://cache.nixos.org'...
building '/nix/store/vigzakgkl6dc89hpp152fqblbbj2jm7c-solem-ai-net.drv'...
copying path '/nix/store/3x2iqccjb54aakvkqpjq81a9p0dk0zm6-console-env' from 'https://cache.nixos.org'...
copying path '/nix/store/3n52dlrwqb79mc5zcr4nni17dkvaxwa1-systemd-256.10' from 'https://cache.nixos.org'...
building '/nix/store/azj9zgskl6j6hyj0gr7hsrvag7rihb0i-X-Restart-Triggers-systemd-journald-.drv'...
building '/nix/store/csdnk50ml8vkifbn537sdd7anfmw9m5l-X-Restart-Triggers-systemd-journald.drv'...
copying path '/nix/store/1kfyx9lmvkxd9mvg8py9w1q9brv5q6hd-systemd-minimal-256.10' from 'https://cache.nixos.org'...
building '/nix/store/mqbz98dkpfijgxvvnhsd4jl82k46nyyp-X-Restart-Triggers-nix-daemon.drv'...
building '/nix/store/0jhycszk5xcwx2i157h9qrw6kzpbjsl2-unit-nix-gc.timer.drv'...
building '/nix/store/pvfrx4ps5z1j8m19h7hplhk8py57xcg2-unit-script-nix-gc-start.drv'...
copying path '/nix/store/rd2303qk3i8ik22n3ibv7ymwnj9fd32h-fuse-3.16.2-bin' from 'https://cache.nixos.org'...
building '/nix/store/p3x0l7jrqs8vj8ayfj4w0dgsf6s3w5ry-users-groups.json.drv'...
copying path '/nix/store/97akcl9f4iw35sjdalzkmy5m2nrck483-nixos-install' from 'https://cache.nixos.org'...
copying path '/nix/store/n4pggp75h1anavgmp0ixjc6153qgi1s8-perl5.40.0-XML-LibXML-2.0210' from 'https://cache.nixos.org'...
copying path '/nix/store/fa09zyhq703c0snanmc7fh1qky226ass-command-not-found' from 'https://cache.nixos.org'...
copying path '/nix/store/g7ahnc9j8hbz2ccxdavyhx8zy1j950pg-lvm2-2.03.31' from 'https://cache.nixos.org'...
copying path '/nix/store/7jyi8ng4ylzw3mzpzsnl8nvwbm6isjbr-X-Restart-Triggers-reload-systemd-vconsole-setup' from 'https://cache.nixos.org'...
copying path '/nix/store/686f11lq102dr09zlx5iw8kwmv60dry3-security-wrapper-fusermount3-x86_64-unknown-linux-musl' from 'https://cache.nixos.org'...
nftables-rules> ruleset.conf:18:7-7: Error: syntax error, unexpected newline, expecting comma or '}'
nftables-rules>       ^
nftables-rules> ruleset.conf:21:21-21: Error: syntax error, unexpected '{', expecting string or last
nftables-rules>   set ai_allowed_v6 {
nftables-rules>                     ^
nftables-rules> ruleset.conf:22:5-8: Error: syntax error, unexpected type
nftables-rules>     type ipv6_addr
nftables-rules>     ^^^^
nftables-rules> ruleset.conf:23:5-9: Error: syntax error, unexpected flags
nftables-rules>     flags interval
nftables-rules>     ^^^^^
nftables-rules> ruleset.conf:24:5-12: Error: syntax error, unexpected elements
nftables-rules>     elements = {
nftables-rules>     ^^^^^^^^
nftables-rules> ruleset.conf:25:10-10: Error: syntax error, unexpected /, expecting string or last
nftables-rules>       ::1/128,             # localhost v6
nftables-rules>          ^
nftables-rules> ruleset.conf:27:5-5: Error: syntax error, unexpected '}'
nftables-rules>     }
nftables-rules>     ^
nftables-rules> ruleset.conf:28:3-3: Error: syntax error, unexpected '}'
nftables-rules>   }
nftables-rules>   ^
nftables-rules> ruleset.conf:29:24-24: Error: syntax error, unexpected '{', expecting string or last
nftables-rules>   set ai_allowed_ports {
nftables-rules>                        ^
nftables-rules> ruleset.conf:30:5-8: Error: syntax error, unexpected type
nftables-rules>     type inet_service
nftables-rules>     ^^^^
error: builder for '/nix/store/q0mby7p69ygzq1lrsw1nawlg4gzh5f88-nftables-rules.drv' failed with exit code 1;
       last 25 log lines:
       >                     ^
       > ruleset.conf:22:5-8: Error: syntax error, unexpected type
       >     type ipv6_addr
       >     ^^^^
       > ruleset.conf:23:5-9: Error: syntax error, unexpected flags
       >     flags interval
       >     ^^^^^
       > ruleset.conf:24:5-12: Error: syntax error, unexpected elements
       >     elements = {
       >     ^^^^^^^^
       > ruleset.conf:25:10-10: Error: syntax error, unexpected /, expecting string or last
       >       ::1/128,             # localhost v6
       >          ^
       > ruleset.conf:27:5-5: Error: syntax error, unexpected '}'
       >     }
       >     ^
       > ruleset.conf:28:3-3: Error: syntax error, unexpected '}'
       >   }
       >   ^
       > ruleset.conf:29:24-24: Error: syntax error, unexpected '{', expecting string or last
       >   set ai_allowed_ports {
       >                        ^
       > ruleset.conf:30:5-8: Error: syntax error, unexpected type
       >     type inet_service
       >     ^^^^
       For full logs, run 'nix log /nix/store/q0mby7p69ygzq1lrsw1nawlg4gzh5f88-nftables-rules.drv'.
error: 1 dependencies of derivation '/nix/store/q1hd1l33yxxj0n78c22vgmjmrahxmjbs-unit-nftables.service.drv' failed to build
error: 1 dependencies of derivation '/nix/store/fkbkn7zg64sgbp58hql318dm5sxq2cry-system-units.drv' failed to build
error: 1 dependencies of derivation '/nix/store/y3hcy4war2m2xhxbfrnsknbam5sqq5g6-etc.drv' failed to build
error: 1 dependencies of derivation '/nix/store/93na59y6pzbanrn7hdl2rg0pm3djdll6-nixos-system-machine-test.drv' failed to build
error: 1 dependencies of derivation '/nix/store/qmg7ya4mhxn47jaf680f5nqlzhj20j31-nixos-vm.drv' failed to build
error: 1 dependencies of derivation '/nix/store/vd829wicym8333fnrxkna3z6bzy4ia6c-nixos-test-driver-solem-ai-network-egress.drv' failed to build
error: 1 dependencies of derivation '/nix/store/am9376jdwdh9016dflxanaf6jpyljgf8-vm-test-run-solem-ai-network-egress.drv' failed to build
