# VM test ai-audit-strict FAIL — commit 3d83dde @ 20260530T182635Z

vm-test-run-solem-ai-audit-strict> machine # [    8.940804] systemd[1]: Starting Kernel Auditing...
vm-test-run-solem-ai-audit-strict> machine # [    8.953664] systemd[1]: Started backdoor.service.
vm-test-run-solem-ai-audit-strict> machine # [    8.955885] systemd[1]: Starting Name Service Cache Daemon (nsncd)...
vm-test-run-solem-ai-audit-strict> machine # [    8.967510] systemd[1]: Started Reset console on configuration changes.
vm-test-run-solem-ai-audit-strict> machine # [    8.974924] systemd[1]: Starting resolvconf update...
vm-test-run-solem-ai-audit-strict> machine: Guest shell says: b'Spawning backdoor root shell...\n'
vm-test-run-solem-ai-audit-strict> machine: connected to guest root shell
vm-test-run-solem-ai-audit-strict> machine: (connecting took 10.21 seconds)
vm-test-run-solem-ai-audit-strict> (finished: waiting for the VM to finish booting, in 10.33 seconds)
vm-test-run-solem-ai-audit-strict> machine # [    9.219228] systemd[1]: Starting D-Bus System Message Bus...
vm-test-run-solem-ai-audit-strict> machine # [    9.226289] clyl7y794ywlafkpaxhhf5w7ai9a2xyq-audit-start[642]: Old style watch rules are slower
vm-test-run-solem-ai-audit-strict> machine # [    9.230577] clyl7y794ywlafkpaxhhf5w7ai9a2xyq-audit-start[642]: Old style watch rules are slower
vm-test-run-solem-ai-audit-strict> machine # [    9.239772] clyl7y794ywlafkpaxhhf5w7ai9a2xyq-audit-start[642]: Old style watch rules are slower
vm-test-run-solem-ai-audit-strict> machine # [    9.243706] clyl7y794ywlafkpaxhhf5w7ai9a2xyq-audit-start[642]: Old style watch rules are slower
vm-test-run-solem-ai-audit-strict> machine # [    9.250479] clyl7y794ywlafkpaxhhf5w7ai9a2xyq-audit-start[642]: Old style watch rules are slower
vm-test-run-solem-ai-audit-strict> machine # [    9.257396] clyl7y794ywlafkpaxhhf5w7ai9a2xyq-audit-start[642]: Old style watch rules are slower
vm-test-run-solem-ai-audit-strict> machine # [    9.262249] clyl7y794ywlafkpaxhhf5w7ai9a2xyq-audit-start[642]: Old style watch rules are slower
vm-test-run-solem-ai-audit-strict> machine # [    9.268138] clyl7y794ywlafkpaxhhf5w7ai9a2xyq-audit-start[642]: Old style watch rules are slower
vm-test-run-solem-ai-audit-strict> machine # [    9.273847] clyl7y794ywlafkpaxhhf5w7ai9a2xyq-audit-start[642]: Old style watch rules are slower
vm-test-run-solem-ai-audit-strict> machine # [    9.279279] clyl7y794ywlafkpaxhhf5w7ai9a2xyq-audit-start[642]: Old style watch rules are slower
vm-test-run-solem-ai-audit-strict> machine # [    9.284705] clyl7y794ywlafkpaxhhf5w7ai9a2xyq-audit-start[642]: Old style watch rules are slower
vm-test-run-solem-ai-audit-strict> machine # [    9.289500] clyl7y794ywlafkpaxhhf5w7ai9a2xyq-audit-start[642]: Old style watch rules are slower
vm-test-run-solem-ai-audit-strict> machine # [    9.297680] clyl7y794ywlafkpaxhhf5w7ai9a2xyq-audit-start[642]: Old style watch rules are slower
vm-test-run-solem-ai-audit-strict> machine # [    9.301544] clyl7y794ywlafkpaxhhf5w7ai9a2xyq-audit-start[642]: Error sending add rule data request (No such file or directory)
vm-test-run-solem-ai-audit-strict> machine # [    9.309164] clyl7y794ywlafkpaxhhf5w7ai9a2xyq-audit-start[642]: There was an error in line 23 of /tmp/tmp.wpWbzC5YlU
vm-test-run-solem-ai-audit-strict> machine # [    9.317640] nsncd[626]: May 30 18:26:22.382 INFO started, config: Config { ignored_request_types: {}, worker_count: 8, handoff_timeout: 3s }, path: "/var/run/nscd/socket"
vm-test-run-solem-ai-audit-strict> machine # [    9.330303] dbus-daemon[629]: dbus[629]: Unknown username "systemd-timesync" in message bus configuration file
vm-test-run-solem-ai-audit-strict> machine # [    9.338599] systemd[1]: audit.service: Main process exited, code=exited, status=1/FAILURE
vm-test-run-solem-ai-audit-strict> machine # [    9.350613] systemd[1]: audit.service: Failed with result 'exit-code'.
vm-test-run-solem-ai-audit-strict> machine # [    9.358564] systemd[1]: Failed to start Kernel Auditing.
vm-test-run-solem-ai-audit-strict> machine # [    9.364809] systemd[1]: Started Name Service Cache Daemon (nsncd).
vm-test-run-solem-ai-audit-strict> machine # [    9.371849] systemd[1]: Reached target Host and Network Name Lookups.
vm-test-run-solem-ai-audit-strict> machine # [    9.378330] systemd[1]: Reached target User and Group Name Lookups.
vm-test-run-solem-ai-audit-strict> machine # [    9.382686] systemd[1]: Starting User Login Management...
vm-test-run-solem-ai-audit-strict> machine # [    9.389184] systemd[1]: Started D-Bus System Message Bus.
vm-test-run-solem-ai-audit-strict> machine # [    9.748235] mousedev: PS/2 mouse device common for all mice
vm-test-run-solem-ai-audit-strict> machine # [    9.491635] systemd-logind[660]: New seat seat0.
vm-test-run-solem-ai-audit-strict> machine # [    9.518726] systemd[1]: Started User Login Management.
vm-test-run-solem-ai-audit-strict> machine # [    9.537914] systemd[1]: Stopped target Host and Network Name Lookups.
vm-test-run-solem-ai-audit-strict> machine # [    9.544859] systemd[1]: Stopping Host and Network Name Lookups...
vm-test-run-solem-ai-audit-strict> machine # [    9.581338] systemd[1]: Stopped target User and Group Name Lookups.
vm-test-run-solem-ai-audit-strict> machine # [    9.586497] systemd[1]: Stopping User and Group Name Lookups...
vm-test-run-solem-ai-audit-strict> machine # [    9.593266] systemd[1]: Stopping Name Service Cache Daemon (nsncd)...
vm-test-run-solem-ai-audit-strict> machine # [    9.601676] systemd[1]: nscd.service: Deactivated successfully.
vm-test-run-solem-ai-audit-strict> machine # [    9.612821] systemd[1]: Stopped Name Service Cache Daemon (nsncd).
vm-test-run-solem-ai-audit-strict> machine # [    9.625281] systemd[1]: Starting Name Service Cache Daemon (nsncd)...
vm-test-run-solem-ai-audit-strict> machine # [    9.629604] systemd[1]: Finished Firewall.
vm-test-run-solem-ai-audit-strict> machine # [   10.022251] input: Power Button as /devices/LNXSYSTM:00/LNXPWRBN:00/input/input3
vm-test-run-solem-ai-audit-strict> machine # [    9.706817] nsncd[711]: May 30 18:26:23.037 INFO started, config: Config { ignored_request_types: {}, worker_count: 8, handoff_timeout: 3s }, path: "/var/run/nscd/socket"
vm-test-run-solem-ai-audit-strict> machine # [    9.714769] systemd[1]: Started Name Service Cache Daemon (nsncd).
vm-test-run-solem-ai-audit-strict> machine # [    9.719774] systemd[1]: Reached target Host and Network Name Lookups.
vm-test-run-solem-ai-audit-strict> machine # [    9.723478] systemd[1]: Reached target User and Group Name Lookups.
vm-test-run-solem-ai-audit-strict> machine # [    9.751883] systemd[1]: Finished resolvconf update.
vm-test-run-solem-ai-audit-strict> machine # [    9.771562] systemd[1]: Reached target Preparation for Network.
vm-test-run-solem-ai-audit-strict> machine # [    9.776315] systemd[1]: Starting DHCP Client...
vm-test-run-solem-ai-audit-strict> machine # [    9.779112] systemd[1]: Starting Address configuration of eth1...
vm-test-run-solem-ai-audit-strict> machine # [   10.130745] ACPI: button: Power Button [PWRF]
vm-test-run-solem-ai-audit-strict> machine # [   10.216405] parport_pc 00:03: reported by Plug and Play ACPI
vm-test-run-solem-ai-audit-strict> machine # [   10.234614] Floppy drive(s): fd0 is 2.88M AMI BIOS
vm-test-run-solem-ai-audit-strict> machine # [   10.259037] parport0: PC-style at 0x378, irq 7 [PCSPP(,...)]
vm-test-run-solem-ai-audit-strict> machine # [    9.923310] network-addresses-eth1-start[738]: adding address 192.168.1.1/24... done
vm-test-run-solem-ai-audit-strict> machine # [   10.292979] FDC 0 is a S82078B
vm-test-run-solem-ai-audit-strict> machine # [    9.955522] network-addresses-eth1-start[738]: adding address 2001:db8:1::1/64... done
vm-test-run-solem-ai-audit-strict> machine # [   10.000872] systemd[1]: Finished Address configuration of eth1.
vm-test-run-solem-ai-audit-strict> machine # [   10.008670] systemd[1]: Starting Networking Setup...
vm-test-run-solem-ai-audit-strict> machine # [   10.441637] piix4_smbus 0000:00:01.3: SMBus Host Controller at 0x700, revision 0
vm-test-run-solem-ai-audit-strict> machine # [   10.108024] dhcpcd[743]: dhcpcd-10.1.0 starting
vm-test-run-solem-ai-audit-strict> machine # [   10.132333] dhcpcd[756]: dev: loaded udev
vm-test-run-solem-ai-audit-strict> machine # [   10.507506] 8021q: 802.1Q VLAN Support v1.8
vm-test-run-solem-ai-audit-strict> machine # [   10.511354] 8021q: adding VLAN 0 to HW filter on device eth1
vm-test-run-solem-ai-audit-strict> machine # [   10.636560] input: QEMU Virtio Keyboard as /devices/pci0000:00/0000:00:0a.0/virtio7/input/input4
vm-test-run-solem-ai-audit-strict> machine # [   10.666746] bochs-drm 0000:00:02.0: vgaarb: deactivate vga console
vm-test-run-solem-ai-audit-strict> machine # [   10.331425] systemd[1]: Finished Networking Setup.
vm-test-run-solem-ai-audit-strict> machine # [   10.345560] systemd[1]: Starting Extra networking commands....[   10.693976] cfg80211: Loading compiled-in X.509 certificates for regulatory database
vm-test-run-solem-ai-audit-strict> machine # 
vm-test-run-solem-ai-audit-strict> machine # [   10.708685] cryptd: max_cpu_qlen set to 1000
vm-test-run-solem-ai-audit-strict> machine # [   10.720367] input: VirtualPS/2 VMware VMMouse as /devices/platform/i8042/serio1/input/input6
vm-test-run-solem-ai-audit-strict> machine # [   10.727312] input: VirtualPS/2 VMware VMMouse as /devices/platform/i8042/serio1/input/input5
vm-test-run-solem-ai-audit-strict> machine # [   10.444503] systemd[1]: Finished Extra networking commands..
vm-test-run-solem-ai-audit-strict> machine # [   10.457720] systemd[1]: Reached target Network.
vm-test-run-solem-ai-audit-strict> machine # [   10.463018] systemd[1]: Starting Permit User Sessions...
vm-test-run-solem-ai-audit-strict> machine # [   10.765245] Loaded X.509 cert 'sforshee: 00b28ddf47aef9cea7'
vm-test-run-solem-ai-audit-strict> machine # [   10.765382] Loaded X.509 cert 'wens: 61c038651aabdcf94bd0ac7ff06c7248db18c600'
vm-test-run-solem-ai-audit-strict> machine # [   10.767715] platform regulatory.0: Direct firmware load for regulatory.db failed with error -2
vm-test-run-solem-ai-audit-strict> machine # [   10.767720] cfg80211: failed to load regulatory.db
vm-test-run-solem-ai-audit-strict> machine # [   10.866970] AVX2 version of gcm_enc/dec engaged.
vm-test-run-solem-ai-audit-strict> machine # [   10.867017] AES CTR mode by8 optimization enabled
vm-test-run-solem-ai-audit-strict> machine # [   10.892838] 8021q: adding VLAN 0 to HW filter on device eth0
vm-test-run-solem-ai-audit-strict> machine # [   10.904674] Console: switching to colour dummy device 80x25
vm-test-run-solem-ai-audit-strict> machine # [   11.018515] [drm] Found bochs VGA, ID 0xb0c5.
vm-test-run-solem-ai-audit-strict> machine # [   11.018518] [drm] Framebuffer size 16384 kB @ 0xfd000000, mmio @ 0xfebd0000.
vm-test-run-solem-ai-audit-strict> machine # [   10.548811] dhcpcd[756]: eth0: waiting for carrier
vm-test-run-solem-ai-audit-strict> machine # [   10.687475] dhcpcd[756]: eth0: carrier acquired
vm-test-run-solem-ai-audit-strict> machine # [   10.690899] systemd[1]: Starting Virtual Console Setup...
vm-test-run-solem-ai-audit-strict> machine # [   10.693852] dhcpcd[756]: DUID 00:01:00:01:31:ad:e8:4f:52:54:00:12:34:56
vm-test-run-solem-ai-audit-strict> machine # [   11.048873] [drm] Found EDID data blob.
vm-test-run-solem-ai-audit-strict> machine # [   10.705446] systemd-logind[660]: Watching system buttons on /dev/input/event0 (AT Translated Set 2 keyboard)
vm-test-run-solem-ai-audit-strict> machine # [   10.709629] dhcpcd[756]: eth0: IAID 00:12:34:56
vm-test-run-solem-ai-audit-strict> machine # [   10.717280] systemd-logind[660]: Watching system buttons on /dev/input/event2 (Power Button)
vm-test-run-solem-ai-audit-strict> machine # [   10.722814] dhcpcd[756]: eth0: adding address fe80::5054:ff:fe12:3456
vm-test-run-solem-ai-audit-strict> machine # [   11.085245] ppdev: user-space parallel port driver
vm-test-run-solem-ai-audit-strict> machine # [   10.767802] systemd[1]: Finished Permit User Sessions.
vm-test-run-solem-ai-audit-strict> machine # [   10.772334] systemd[1]: Started Getty on tty1.
vm-test-run-solem-ai-audit-strict> machine # [   10.777686] systemd[1]: Reached target Login Prompts.
vm-test-run-solem-ai-audit-strict> machine # [   11.142349] [drm] Initialized bochs-drm 1.0.0 20130925 for 0000:00:02.0 on minor 0
vm-test-run-solem-ai-audit-strict> machine # [   11.484493] systemd[1]: Listening on Load/Save RF Kill Switch Status /dev/rfkill Watch.
vm-test-run-solem-ai-audit-strict> machine # [   11.613441] systemd-logind[660]: Watching system buttons on /dev/input/event5 (QEMU Virtio Keyboard)
vm-test-run-solem-ai-audit-strict> machine # [   11.193031] fbcon: bochs-drmdrmfb (fb0) is primary device
vm-test-run-solem-ai-audit-strict> machine # [   12.159939] Console: switching to colour frame buffer device 160x50
vm-test-run-solem-ai-audit-strict> machine # [   12.347290] bochs-drm 0000:00:02.0: [drm] fb0: bochs-drmdrmfb frame buffer device
vm-test-run-solem-ai-audit-strict> machine # [   12.023686] systemd[1]: systemd-vconsole-setup.service: Deactivated successfully.
vm-test-run-solem-ai-audit-strict> machine # [   12.031611] systemd[1]: Stopped Virtual Console Setup.
vm-test-run-solem-ai-audit-strict> machine # [   12.038820] systemd[1]: run-credentials-systemd\x2dvconsole\x2dsetup.service.mount: Deactivated successfully.
vm-test-run-solem-ai-audit-strict> machine # [   12.058885] systemd[1]: Starting Virtual Console Setup...
vm-test-run-solem-ai-audit-strict> machine # [   12.424205] kvm_amd: TSC scaling supported
vm-test-run-solem-ai-audit-strict> machine # [   12.425783] kvm_amd: Nested Virtualization enabled
vm-test-run-solem-ai-audit-strict> machine # [   12.427639] kvm_amd: Nested Paging enabled
vm-test-run-solem-ai-audit-strict> machine # [   12.434168] kvm_amd: Virtual VMLOAD VMSAVE supported
vm-test-run-solem-ai-audit-strict> machine # [   12.436006] kvm_amd: PMU virtualization is disabled
vm-test-run-solem-ai-audit-strict> machine # [   12.475759] EDAC MC: Ver: 3.0.0
vm-test-run-solem-ai-audit-strict> machine # [   12.359704] dhcpcd[756]: eth0: soliciting a DHCP lease
vm-test-run-solem-ai-audit-strict> machine # [   12.731024] NET: Registered PF_PACKET protocol family
vm-test-run-solem-ai-audit-strict> machine # [   12.397573] dhcpcd[756]: eth0: offered 10.0.2.15 from 10.0.2.2
vm-test-run-solem-ai-audit-strict> machine # [   12.401721] dhcpcd[756]: eth0: probing address 10.0.2.15/24
vm-test-run-solem-ai-audit-strict> machine # [   12.606250] systemd[1]: Finished Virtual Console Setup.
vm-test-run-solem-ai-audit-strict> machine # [   13.220798] dhcpcd[756]: eth0: soliciting an IPv6 router
vm-test-run-solem-ai-audit-strict> machine # [   13.223805] dhcpcd[756]: eth0: Router Advertisement from fe80::2
vm-test-run-solem-ai-audit-strict> machine # [   13.226811] dhcpcd[756]: eth0: adding address fec0::5054:ff:fe12:3456/64
vm-test-run-solem-ai-audit-strict> machine # [   13.230037] dhcpcd[756]: eth0: adding route to fec0::/64
vm-test-run-solem-ai-audit-strict> machine # [   13.232826] dhcpcd[756]: eth0: adding default route via fe80::2
vm-test-run-solem-ai-audit-strict> machine # [   17.389696] dhcpcd[756]: eth0: leased 10.0.2.15 for 86400 seconds
vm-test-run-solem-ai-audit-strict> machine # [   17.392632] dhcpcd[756]: eth0: adding route to 10.0.2.0/24
vm-test-run-solem-ai-audit-strict> machine # [   17.396276] dhcpcd[756]: eth0: adding default route via 10.0.2.2
vm-test-run-solem-ai-audit-strict> machine # [   17.528681] systemd[1]: Started DHCP Client.
vm-test-run-solem-ai-audit-strict> machine # [   17.533941] systemd[1]: Reached target Network is Online.
vm-test-run-solem-ai-audit-strict> machine # [   17.536482] systemd[1]: Reached target Multi-User System.
vm-test-run-solem-ai-audit-strict> machine # [   17.538608] systemd[1]: Startup finished in 4.081s (kernel) + 13.451s (userspace) = 17.533s.
vm-test-run-solem-ai-audit-strict> (finished: waiting for unit multi-user.target, in 19.54 seconds)
vm-test-run-solem-ai-audit-strict> machine: waiting for unit auditd.service
vm-test-run-solem-ai-audit-strict> (finished: waiting for unit auditd.service, in 0.06 seconds)
vm-test-run-solem-ai-audit-strict> machine: must succeed: sleep 3
vm-test-run-solem-ai-audit-strict> (finished: must succeed: sleep 3, in 3.04 seconds)
vm-test-run-solem-ai-audit-strict> machine: must succeed: auditctl -s 2>&1 | head -5
vm-test-run-solem-ai-audit-strict> (finished: must succeed: auditctl -s 2>&1 | head -5, in 0.04 seconds)
vm-test-run-solem-ai-audit-strict> machine: must succeed: auditctl -l 2>&1
vm-test-run-solem-ai-audit-strict> (finished: must succeed: auditctl -l 2>&1, in 0.03 seconds)
vm-test-run-solem-ai-audit-strict> Rules count out:
vm-test-run-solem-ai-audit-strict> -a always,exit -F arch=b64 -S execve -F auid=970 -F key=ai_execve
vm-test-run-solem-ai-audit-strict> -a always,exit -F arch=b32 -S execve -F auid=970 -F key=ai_execve
vm-test-run-solem-ai-audit-strict> -a always,exit -F arch=b64 -S execve -F uid=970 -F key=ai_execve
vm-test-run-solem-ai-audit-strict> -a always,exit -F arch=b32 -S execve -F uid=970 -F key=ai_execve
vm-test-run-solem-ai-audit-strict> -a always,exit -F arch=b64 -S openat -F uid=970 -F a2&=0x40 -F key=ai_open_create
vm-test-run-solem-ai-audit-strict> -a always,exit -F arch=b64 -S connect -F uid=970 -F key=ai_connect
vm-test-run-solem-ai-audit-strict> -a always,exit -F arch=b32 -S connect -F uid=970 -F key=ai_connect
vm-test-run-solem-ai-audit-strict> -a always,exit -F arch
vm-test-run-solem-ai-audit-strict> cleanup
vm-test-run-solem-ai-audit-strict> kill machine (pid 9)
vm-test-run-solem-ai-audit-strict> qemu-kvm: terminating on signal 15 from pid 6 (/nix/store/dksjvr69ckglyw1k2ss1qgshhcix73p8-python3-3.12.8/bin/python3.12)
vm-test-run-solem-ai-audit-strict> kill vlan (pid 7)
vm-test-run-solem-ai-audit-strict> (finished: cleanup, in 0.00 seconds)
vm-test-run-solem-ai-audit-strict> Traceback (most recent call last):
vm-test-run-solem-ai-audit-strict>   File "/nix/store/v87ngzjjfhfw8kpcg4ii401mscx8pg9g-nixos-test-driver-1.1/bin/.nixos-test-driver-wrapped", line 9, in <module>
vm-test-run-solem-ai-audit-strict>     sys.exit(main())
vm-test-run-solem-ai-audit-strict>              ^^^^^^
vm-test-run-solem-ai-audit-strict>   File "/nix/store/v87ngzjjfhfw8kpcg4ii401mscx8pg9g-nixos-test-driver-1.1/lib/python3.12/site-packages/test_driver/__init__.py", line 146, in main
vm-test-run-solem-ai-audit-strict>     driver.run_tests()
vm-test-run-solem-ai-audit-strict>   File "/nix/store/v87ngzjjfhfw8kpcg4ii401mscx8pg9g-nixos-test-driver-1.1/lib/python3.12/site-packages/test_driver/driver.py", line 173, in run_tests
vm-test-run-solem-ai-audit-strict>     self.test_script()
vm-test-run-solem-ai-audit-strict>   File "/nix/store/v87ngzjjfhfw8kpcg4ii401mscx8pg9g-nixos-test-driver-1.1/lib/python3.12/site-packages/test_driver/driver.py", line 165, in test_script
vm-test-run-solem-ai-audit-strict>     exec(self.tests, symbols, None)
vm-test-run-solem-ai-audit-strict>   File "<string>", line 13, in <module>
vm-test-run-solem-ai-audit-strict> AssertionError: FAIL: rule key 'kernel_module' non caricata
error: builder for '/nix/store/65k37wnzgd27ylvxynwrg5ghvf107s84-vm-test-run-solem-ai-audit-strict.drv' failed with exit code 1;
       last 25 log lines:
       > -a always,exit -F arch=b64 -S execve -F auid=970 -F key=ai_execve
       > -a always,exit -F arch=b32 -S execve -F auid=970 -F key=ai_execve
       > -a always,exit -F arch=b64 -S execve -F uid=970 -F key=ai_execve
       > -a always,exit -F arch=b32 -S execve -F uid=970 -F key=ai_execve
       > -a always,exit -F arch=b64 -S openat -F uid=970 -F a2&=0x40 -F key=ai_open_create
       > -a always,exit -F arch=b64 -S connect -F uid=970 -F key=ai_connect
       > -a always,exit -F arch=b32 -S connect -F uid=970 -F key=ai_connect
       > -a always,exit -F arch
       > cleanup
       > kill machine (pid 9)
       > qemu-kvm: terminating on signal 15 from pid 6 (/nix/store/dksjvr69ckglyw1k2ss1qgshhcix73p8-python3-3.12.8/bin/python3.12)
       > kill vlan (pid 7)
       > (finished: cleanup, in 0.00 seconds)
       > Traceback (most recent call last):
       >   File "/nix/store/v87ngzjjfhfw8kpcg4ii401mscx8pg9g-nixos-test-driver-1.1/bin/.nixos-test-driver-wrapped", line 9, in <module>
       >     sys.exit(main())
       >              ^^^^^^
       >   File "/nix/store/v87ngzjjfhfw8kpcg4ii401mscx8pg9g-nixos-test-driver-1.1/lib/python3.12/site-packages/test_driver/__init__.py", line 146, in main
       >     driver.run_tests()
       >   File "/nix/store/v87ngzjjfhfw8kpcg4ii401mscx8pg9g-nixos-test-driver-1.1/lib/python3.12/site-packages/test_driver/driver.py", line 173, in run_tests
       >     self.test_script()
       >   File "/nix/store/v87ngzjjfhfw8kpcg4ii401mscx8pg9g-nixos-test-driver-1.1/lib/python3.12/site-packages/test_driver/driver.py", line 165, in test_script
       >     exec(self.tests, symbols, None)
       >   File "<string>", line 13, in <module>
       > AssertionError: FAIL: rule key 'kernel_module' non caricata
       For full logs, run 'nix log /nix/store/65k37wnzgd27ylvxynwrg5ghvf107s84-vm-test-run-solem-ai-audit-strict.drv'.
