# VM test apparmor FAIL — commit dba9132 @ 20260530T182406Z

vm-test-run-solem-apparmor> machine # [    8.856358] systemd[1]: Starting resolvconf update...
vm-test-run-solem-apparmor> machine # [    8.868485] systemd[1]: Starting D-Bus System Message Bus...
vm-test-run-solem-apparmor> machine # connecting to host...
vm-test-run-solem-apparmor> machine # [    8.909337] 42m8vzags3w669djhcs5bbm7jf10phdb-audit-disable[644]: No rules
vm-test-run-solem-apparmor> machine # [    8.943619] systemd[1]: Finished Kernel Auditing.
vm-test-run-solem-apparmor> machine: Guest shell says: b'Spawning backdoor root shell...\n'
vm-test-run-solem-apparmor> machine: connected to guest root shell
vm-test-run-solem-apparmor> machine: (connecting took 10.08 seconds)
vm-test-run-solem-apparmor> (finished: waiting for the VM to finish booting, in 10.21 seconds)
vm-test-run-solem-apparmor> machine # [    9.002743] systemd[1]: Started Name Service Cache Daemon (nsncd).
vm-test-run-solem-apparmor> machine # [    9.016207] nsncd[636]: May 30 18:23:54.327 INFO started, config: Config { ignored_request_types: {}, worker_count: 8, handoff_timeout: 3s }, path: "/var/run/nscd/socket"
vm-test-run-solem-apparmor> machine # [    9.025311] systemd[1]: Reached target Host and Network Name Lookups.
vm-test-run-solem-apparmor> machine # [    9.030687] systemd[1]: Reached target User and Group Name Lookups.
vm-test-run-solem-apparmor> machine # [    9.036361] systemd[1]: Starting User Login Management...
vm-test-run-solem-apparmor> machine # [    9.381811] input: Power Button as /devices/LNXSYSTM:00/LNXPWRBN:00/input/input3
vm-test-run-solem-apparmor> machine # [    9.083957] dbus-daemon[640]: dbus[640]: Unknown username "systemd-timesync" in message bus configuration file
vm-test-run-solem-apparmor> machine # [    9.164728] systemd[1]: Started D-Bus System Message Bus.
vm-test-run-solem-apparmor> machine # [    9.487576] ACPI: button: Power Button [PWRF]
vm-test-run-solem-apparmor> machine # [    9.276635] systemd[1]: Stopped target Host and Network Name Lookups.
vm-test-run-solem-apparmor> machine # [    9.282392] systemd[1]: Stopping Host and Network Name Lookups...
vm-test-run-solem-apparmor> machine # [    9.287835] systemd[1]: Stopped target User and Group Name Lookups.
vm-test-run-solem-apparmor> machine # [    9.301948] systemd[1]: Stopping User and Group Name Lookups...
vm-test-run-solem-apparmor> machine # [    9.306844] systemd[1]: Stopping Name Service Cache Daemon (nsncd)...
vm-test-run-solem-apparmor> machine # [    9.316420] systemd[1]: Finished Firewall.
vm-test-run-solem-apparmor> machine # [    9.326251] systemd[1]: nscd.service: Deactivated successfully.
vm-test-run-solem-apparmor> machine # [    9.330468] systemd[1]: Stopped Name Service Cache Daemon (nsncd).
vm-test-run-solem-apparmor> machine # [    9.338375] systemd[1]: Starting Name Service Cache Daemon (nsncd)...
vm-test-run-solem-apparmor> machine # [    9.366632] systemd-logind[663]: New seat seat0.
vm-test-run-solem-apparmor> machine # [    9.699505] parport_pc 00:03: reported by Plug and Play ACPI
vm-test-run-solem-apparmor> machine # [    9.718594] Floppy drive(s): fd0 is 2.88M AMI BIOS
vm-test-run-solem-apparmor> machine # [    9.439692] systemd[1]: Started User Login Management.
vm-test-run-solem-apparmor> machine # [    9.775864] parport0: PC-style at 0x378, irq 7 [PCSPP(,...)]
vm-test-run-solem-apparmor> machine # [    9.795904] FDC 0 is a S82078B
vm-test-run-solem-apparmor> machine # [    9.487435] systemd[1]: Started Name Service Cache Daemon (nsncd).
vm-test-run-solem-apparmor> machine # [    9.494865] nsncd[715]: May 30 18:23:54.816 INFO started, config: Config { ignored_request_types: {}, worker_count: 8, handoff_timeout: 3s }, path: "/var/run/nscd/socket"
vm-test-run-solem-apparmor> machine # [    9.508394] systemd[1]: Reached target Host and Network Name Lookups.
vm-test-run-solem-apparmor> machine # [    9.510702] systemd[1]: Reached target User and Group Name Lookups.
vm-test-run-solem-apparmor> machine # [    9.516738] systemd[1]: Finished resolvconf update.
vm-test-run-solem-apparmor> machine # [    9.519933] systemd[1]: Reached target Preparation for Network.
vm-test-run-solem-apparmor> machine # [    9.527460] systemd[1]: Starting DHCP Client...
vm-test-run-solem-apparmor> machine # [    9.532794] systemd[1]: Starting Address configuration of eth1...
vm-test-run-solem-apparmor> machine # [    9.976773] piix4_smbus 0000:00:01.3: SMBus Host Controller at 0x700, revision 0
vm-test-run-solem-apparmor> machine # [    9.692441] network-addresses-eth1-start[740]: adding address 192.168.1.1/24... done
vm-test-run-solem-apparmor> machine # [    9.721342] network-addresses-eth1-start[740]: adding address 2001:db8:1::1/64... done
vm-test-run-solem-apparmor> machine # [    9.762506] systemd[1]: Finished Address configuration of eth1.
vm-test-run-solem-apparmor> machine # [    9.769453] systemd[1]: Starting Networking Setup...
vm-test-run-solem-apparmor> machine # [   10.135759] bochs-drm 0000:00:02.0: vgaarb: deactivate vga console
vm-test-run-solem-apparmor> machine # [   10.151132] input: QEMU Virtio Keyboard as /devices/pci0000:00/0000:00:0a.0/virtio7/input/input4
vm-test-run-solem-apparmor> machine # [    9.878388] dhcpcd[748]: dhcpcd-10.1.0 starting
vm-test-run-solem-apparmor> machine # [    9.917440] dhcpcd[760]: dev: loaded udev
vm-test-run-solem-apparmor> machine # [   10.223867] cryptd: max_cpu_qlen set to 1000
vm-test-run-solem-apparmor> machine # [   10.246317] input: VirtualPS/2 VMware VMMouse as /devices/platform/i8042/serio1/input/input6
vm-test-run-solem-apparmor> machine # [   10.249595] input: VirtualPS/2 VMware VMMouse as /devices/platform/i8042/serio1/input/input5
vm-test-run-solem-apparmor> machine # [   10.264752] 8021q: 802.1Q VLAN Support v1.8
vm-test-run-solem-apparmor> machine # [   10.264761] 8021q: adding VLAN 0 to HW filter on device eth1
vm-test-run-solem-apparmor> machine # [   10.297554] Console: switching to colour dummy device 80x25
vm-test-run-solem-apparmor> machine # [   10.367024] [drm] Found bochs VGA, ID 0xb0c5.
vm-test-run-solem-apparmor> machine # [   10.368058] [drm] Framebuffer size 16384 kB @ 0xfd000000, mmio @ 0xfebd0000.
vm-test-run-solem-apparmor> machine # [   10.384251] AVX2 version of gcm_enc/dec engaged.
vm-test-run-solem-apparmor> machine # [   10.429448] AES CTR mode by8 optimization enabled
vm-test-run-solem-apparmor> machine # [   10.433115] cfg80211: Loading compiled-in X.509 certificates for regulatory database
vm-test-run-solem-apparmor> machine # [   10.135402] systemd[1]: Finished Networking Setup.
vm-test-run-solem-apparmor> machine # [   10.145706] systemd[1]: Starting Extra networking commands....
vm-test-run-solem-apparmor> machine # [   10.484254] Loaded X.509 cert 'sforshee: 00b28ddf47aef9cea7'
vm-test-run-solem-apparmor> machine # [   10.487566] Loaded X.509 cert 'wens: 61c038651aabdcf94bd0ac7ff06c7248db18c600'
vm-test-run-solem-apparmor> machine # [   10.493626] platform regulatory.0: Direct firmware load for regulatory.db failed with error -2
vm-test-run-solem-apparmor> machine # [   10.496099] cfg80211: failed to load regulatory.db
vm-test-run-solem-apparmor> machine # [   10.500219] [drm] Found EDID data blob.
vm-test-run-solem-apparmor> machine # [   10.219251] systemd[1]: Finished Extra networking commands..
vm-test-run-solem-apparmor> machine # [   10.222345] systemd[1]: Reached target Network.
vm-test-run-solem-apparmor> machine # [   10.232159] systemd[1]: Starting Permit User Sessions...
vm-test-run-solem-apparmor> machine # [   10.551905] [drm] Initialized bochs-drm 1.0.0 20130925 for 0000:00:02.0 on minor 0
vm-test-run-solem-apparmor> machine # [   10.326254] systemd[1]: Finished Permit User Sessions.
vm-test-run-solem-apparmor> machine # [   10.896868] dhcpcd[760]: eth0: waiting for carrier
vm-test-run-solem-apparmor> machine # [   10.899309] dhcpcd[760]: eth0: carrier acquired
vm-test-run-solem-apparmor> machine # [   10.626499] fbcon: bochs-drmdrmfb (fb0) is primary device
vm-test-run-solem-apparmor> machine # [   11.213002] 8021q: adding VLAN 0 to HW filter on device eth0
vm-test-run-solem-apparmor> machine # [   11.310650] ppdev: user-space parallel port driver
vm-test-run-solem-apparmor> machine # [   11.518131] Console: switching to colour frame buffer device 160x50
vm-test-run-solem-apparmor> machine # [   11.644255] bochs-drm 0000:00:02.0: [drm] fb0: bochs-drmdrmfb frame buffer device
vm-test-run-solem-apparmor> machine # [   10.927678] dhcpcd[760]: DUID 00:01:00:01:31:ad:e7:bc:52:54:00:12:34:56
vm-test-run-solem-apparmor> machine # [   11.336967] dhcpcd[760]: eth0: IAID 00:12:34:56
vm-test-run-solem-apparmor> machine # [   11.339993] systemd-logind[663]: Watching system buttons on /dev/input/event0 (AT Translated Set 2 keyboard)
vm-test-run-solem-apparmor> machine # [   11.344512] dhcpcd[760]: eth0: adding address fe80::5054:ff:fe12:3456
vm-test-run-solem-apparmor> machine # [   11.346809] systemd-logind[663]: Watching system buttons on /dev/input/event2 (Power Button)
vm-test-run-solem-apparmor> machine # [   11.350349] systemd-logind[663]: Watching system buttons on /dev/input/event3 (QEMU Virtio Keyboard)
vm-test-run-solem-apparmor> machine # [   11.353400] systemd[1]: Started Getty on tty1.
vm-test-run-solem-apparmor> machine # [   11.356356] systemd[1]: Reached target Login Prompts.
vm-test-run-solem-apparmor> machine # [   11.407447] systemd[1]: Listening on Load/Save RF Kill Switch Status /dev/rfkill Watch.
vm-test-run-solem-apparmor> machine # [   11.416800] systemd[1]: Starting Virtual Console Setup...
vm-test-run-solem-apparmor> machine # [   11.546486] systemd[1]: systemd-vconsole-setup.service: Deactivated successfully.
vm-test-run-solem-apparmor> machine # [   11.553361] systemd[1]: Stopped Virtual Console Setup.
vm-test-run-solem-apparmor> machine # [   11.556832] systemd[1]: run-credentials-systemd\x2dvconsole\x2dsetup.service.mount: Deactivated successfully.
vm-test-run-solem-apparmor> machine # [   11.573594] systemd[1]: Starting Virtual Console Setup...
vm-test-run-solem-apparmor> machine # [   11.913919] kvm_amd: TSC scaling supported
vm-test-run-solem-apparmor> machine # [   11.915083] kvm_amd: Nested Virtualization enabled
vm-test-run-solem-apparmor> machine # [   11.916459] kvm_amd: Nested Paging enabled
vm-test-run-solem-apparmor> machine # [   11.922510] kvm_amd: Virtual VMLOAD VMSAVE supported
vm-test-run-solem-apparmor> machine # [   11.923827] kvm_amd: PMU virtualization is disabled
vm-test-run-solem-apparmor> machine # [   11.961152] EDAC MC: Ver: 3.0.0
vm-test-run-solem-apparmor> machine # [   12.185771] systemd[1]: Finished Virtual Console Setup.
vm-test-run-solem-apparmor> machine # [   12.716098] dhcpcd[760]: eth0: soliciting a DHCP lease
vm-test-run-solem-apparmor> machine # [   13.055138] NET: Registered PF_PACKET protocol family
vm-test-run-solem-apparmor> machine # [   12.748318] dhcpcd[760]: eth0: offered 10.0.2.15 from 10.0.2.2
vm-test-run-solem-apparmor> machine # [   12.750693] dhcpcd[760]: eth0: probing address 10.0.2.15/24
vm-test-run-solem-apparmor> machine # [   12.961938] dhcpcd[760]: eth0: soliciting an IPv6 router
vm-test-run-solem-apparmor> machine # [   12.964551] dhcpcd[760]: eth0: Router Advertisement from fe80::2
vm-test-run-solem-apparmor> machine # [   12.967335] dhcpcd[760]: eth0: adding address fec0::5054:ff:fe12:3456/64
vm-test-run-solem-apparmor> machine # [   12.970346] dhcpcd[760]: eth0: adding route to fec0::/64
vm-test-run-solem-apparmor> machine # [   12.972816] dhcpcd[760]: eth0: adding default route via fe80::2
vm-test-run-solem-apparmor> machine # [   17.879670] dhcpcd[760]: eth0: leased 10.0.2.15 for 86400 seconds
vm-test-run-solem-apparmor> machine # [   17.882744] dhcpcd[760]: eth0: adding route to 10.0.2.0/24
vm-test-run-solem-apparmor> machine # [   17.885846] dhcpcd[760]: eth0: adding default route via 10.0.2.2
vm-test-run-solem-apparmor> machine # [   18.010983] systemd[1]: Started DHCP Client.
vm-test-run-solem-apparmor> machine # [   18.015933] systemd[1]: Reached target Network is Online.
vm-test-run-solem-apparmor> machine # [   18.018818] systemd[1]: Reached target Multi-User System.
vm-test-run-solem-apparmor> machine # [   18.020829] systemd[1]: Startup finished in 4.158s (kernel) + 13.856s (userspace) = 18.015s.
vm-test-run-solem-apparmor> (finished: waiting for unit multi-user.target, in 19.41 seconds)
vm-test-run-solem-apparmor> machine: must succeed: sleep 3
vm-test-run-solem-apparmor> (finished: must succeed: sleep 3, in 3.04 seconds)
vm-test-run-solem-apparmor> machine: must succeed: ls /sys/module/apparmor 2>&1
vm-test-run-solem-apparmor> (finished: must succeed: ls /sys/module/apparmor 2>&1, in 0.04 seconds)
vm-test-run-solem-apparmor> machine: must succeed: ls /sys/kernel/security/apparmor 2>&1 || true
vm-test-run-solem-apparmor> (finished: must succeed: ls /sys/kernel/security/apparmor 2>&1 || true, in 0.03 seconds)
vm-test-run-solem-apparmor> aa-status:
vm-test-run-solem-apparmor> apparmor module is loaded.
vm-test-run-solem-apparmor> 1 profiles are loaded.
vm-test-run-solem-apparmor> 1 profiles are in enforce mode.
vm-test-run-solem-apparmor>    solem-gavio-ai
vm-test-run-solem-apparmor> 0 profiles are in complain mode.
vm-test-run-solem-apparmor> 0 profiles are in prompt mode.
vm-test-run-solem-apparmor> 0 profiles are in kill mode.
vm-test-run-solem-apparmor> 0 profiles are in unconfined mode.
vm-test-run-solem-apparmor> 0 processes have profiles defined.
vm-test-run-solem-apparmor> 0 processes are in enforce mode.
vm-test-run-solem-apparmor> 0 processes are in complain mode.
vm-test-run-solem-apparmor> 0 processes are in prompt mode.
vm-test-run-solem-apparmor> 0 processes are in kill mode.
vm-test-run-solem-apparmor> 0 processes are unconfined but have a profile defined.
vm-test-run-solem-apparmor> 0 processes are in mixed mode.
vm-test-run-solem-apparmor>   ✓ profilo solem-gavio-ai loaded
vm-test-run-solem-apparmor>   ⚠ solem-gavio-ai NON in enforce, output: MISSING
vm-test-run-solem-apparmor> machine: must succeed: mkdir -p /var/lib/gavio-ai/venv/bin
vm-test-run-solem-apparmor> (finished: must succeed: mkdir -p /var/lib/gavio-ai/venv/bin, in 0.04 seconds)
vm-test-run-solem-apparmor> machine: must succeed: cp /run/current-system/sw/bin/bash /var/lib/gavio-ai/venv/bin/python3
vm-test-run-solem-apparmor> (finished: must succeed: cp /run/current-system/sw/bin/bash /var/lib/gavio-ai/venv/bin/python3, in 0.05 seconds)
vm-test-run-solem-apparmor> machine: must succeed: chmod +x /var/lib/gavio-ai/venv/bin/python3
vm-test-run-solem-apparmor> (finished: must succeed: chmod +x /var/lib/gavio-ai/venv/bin/python3, in 0.04 seconds)
vm-test-run-solem-apparmor> machine: must succeed: chown -R gavio-ai:gavio-ai /var/lib/gavio-ai/
vm-test-run-solem-apparmor> (finished: must succeed: chown -R gavio-ai:gavio-ai /var/lib/gavio-ai/, in 0.04 seconds)
vm-test-run-solem-apparmor> machine # [   21.662216] sudo[984]:     root : TTY=hvc0 ; PWD=/tmp ; USER=gavio-ai ; COMMAND=/var/lib/gavio-ai/venv/bin/python3 -c 'cat /proc/self/attr/current'
vm-test-run-solem-apparmor> machine # [   21.683231] sudo[984]: pam_unix(sudo:session): session opened for user gavio-ai(uid=970) by (uid=0)
vm-test-run-solem-apparmor> machine # [   22.005733] audit: type=1400 audit(1780165447.021:3): apparmor="DENIED" operation="file_mmap" class="file" profile="solem-gavio-ai" name="/nix/store/vb3dx18nky7cq63br7x2mi86isli529w-readline-8.2p13/lib/libreadline.so.8.2" pid=987 comm="python3" requested_mask="m" denied_mask="m" fsuid=970 ouid=0
vm-test-run-solem-apparmor> machine # [   21.705481] sudo[984]: pam_unix(sudo:session): session closed for user gavio-ai
vm-test-run-solem-apparmor> AppArmor self attr: rc=127 out='/var/lib/gavio-ai/venv/bin/python3: error while loading shared libraries: libreadline.so.8: failed to map segment from shared object\n'
vm-test-run-solem-apparmor> cleanup
vm-test-run-solem-apparmor> kill machine (pid 9)
vm-test-run-solem-apparmor> qemu-kvm: terminating on signal 15 from pid 6 (/nix/store/dksjvr69ckglyw1k2ss1qgshhcix73p8-python3-3.12.8/bin/python3.12)
vm-test-run-solem-apparmor> kill vlan (pid 7)
vm-test-run-solem-apparmor> (finished: cleanup, in 0.01 seconds)
vm-test-run-solem-apparmor> Traceback (most recent call last):
vm-test-run-solem-apparmor>   File "/nix/store/v87ngzjjfhfw8kpcg4ii401mscx8pg9g-nixos-test-driver-1.1/bin/.nixos-test-driver-wrapped", line 9, in <module>
vm-test-run-solem-apparmor>     sys.exit(main())
vm-test-run-solem-apparmor>              ^^^^^^
vm-test-run-solem-apparmor>   File "/nix/store/v87ngzjjfhfw8kpcg4ii401mscx8pg9g-nixos-test-driver-1.1/lib/python3.12/site-packages/test_driver/__init__.py", line 146, in main
vm-test-run-solem-apparmor>     driver.run_tests()
vm-test-run-solem-apparmor>   File "/nix/store/v87ngzjjfhfw8kpcg4ii401mscx8pg9g-nixos-test-driver-1.1/lib/python3.12/site-packages/test_driver/driver.py", line 173, in run_tests
vm-test-run-solem-apparmor>     self.test_script()
vm-test-run-solem-apparmor>   File "/nix/store/v87ngzjjfhfw8kpcg4ii401mscx8pg9g-nixos-test-driver-1.1/lib/python3.12/site-packages/test_driver/driver.py", line 165, in test_script
vm-test-run-solem-apparmor>     exec(self.tests, symbols, None)
vm-test-run-solem-apparmor>   File "<string>", line 48, in <module>
vm-test-run-solem-apparmor> Exception: FAIL: il binary /var/lib/gavio-ai/venv/bin/python3 NON e' confinato da AppArmor profile solem-gavio-ai (out='/var/lib/gavio-ai/venv/bin/python3: error while loading shared libraries: libreadline.so.8: failed to map segment from shared object\n'). I test DENY sotto darebbero falso positivo via DAC.
error: builder for '/nix/store/p0vyblmgahv73zd82k48ysdzpvbnyk98-vm-test-run-solem-apparmor.drv' failed with exit code 1;
       last 25 log lines:
       > (finished: must succeed: chmod +x /var/lib/gavio-ai/venv/bin/python3, in 0.04 seconds)
       > machine: must succeed: chown -R gavio-ai:gavio-ai /var/lib/gavio-ai/
       > (finished: must succeed: chown -R gavio-ai:gavio-ai /var/lib/gavio-ai/, in 0.04 seconds)
       > machine # [   21.662216] sudo[984]:     root : TTY=hvc0 ; PWD=/tmp ; USER=gavio-ai ; COMMAND=/var/lib/gavio-ai/venv/bin/python3 -c 'cat /proc/self/attr/current'
       > machine # [   21.683231] sudo[984]: pam_unix(sudo:session): session opened for user gavio-ai(uid=970) by (uid=0)
       > machine # [   22.005733] audit: type=1400 audit(1780165447.021:3): apparmor="DENIED" operation="file_mmap" class="file" profile="solem-gavio-ai" name="/nix/store/vb3dx18nky7cq63br7x2mi86isli529w-readline-8.2p13/lib/libreadline.so.8.2" pid=987 comm="python3" requested_mask="m" denied_mask="m" fsuid=970 ouid=0
       > machine # [   21.705481] sudo[984]: pam_unix(sudo:session): session closed for user gavio-ai
       > AppArmor self attr: rc=127 out='/var/lib/gavio-ai/venv/bin/python3: error while loading shared libraries: libreadline.so.8: failed to map segment from shared object\n'
       > cleanup
       > kill machine (pid 9)
       > qemu-kvm: terminating on signal 15 from pid 6 (/nix/store/dksjvr69ckglyw1k2ss1qgshhcix73p8-python3-3.12.8/bin/python3.12)
       > kill vlan (pid 7)
       > (finished: cleanup, in 0.01 seconds)
       > Traceback (most recent call last):
       >   File "/nix/store/v87ngzjjfhfw8kpcg4ii401mscx8pg9g-nixos-test-driver-1.1/bin/.nixos-test-driver-wrapped", line 9, in <module>
       >     sys.exit(main())
       >              ^^^^^^
       >   File "/nix/store/v87ngzjjfhfw8kpcg4ii401mscx8pg9g-nixos-test-driver-1.1/lib/python3.12/site-packages/test_driver/__init__.py", line 146, in main
       >     driver.run_tests()
       >   File "/nix/store/v87ngzjjfhfw8kpcg4ii401mscx8pg9g-nixos-test-driver-1.1/lib/python3.12/site-packages/test_driver/driver.py", line 173, in run_tests
       >     self.test_script()
       >   File "/nix/store/v87ngzjjfhfw8kpcg4ii401mscx8pg9g-nixos-test-driver-1.1/lib/python3.12/site-packages/test_driver/driver.py", line 165, in test_script
       >     exec(self.tests, symbols, None)
       >   File "<string>", line 48, in <module>
       > Exception: FAIL: il binary /var/lib/gavio-ai/venv/bin/python3 NON e' confinato da AppArmor profile solem-gavio-ai (out='/var/lib/gavio-ai/venv/bin/python3: error while loading shared libraries: libreadline.so.8: failed to map segment from shared object\n'). I test DENY sotto darebbero falso positivo via DAC.
       For full logs, run 'nix log /nix/store/p0vyblmgahv73zd82k48ysdzpvbnyk98-vm-test-run-solem-apparmor.drv'.
