# VM test hardened-kernel FAIL — commit dba9132 @ 20260530T182345Z

vm-test-run-solem-hardened-kernel> machine # [    8.945534] (udev-worker)[459]: Network interface NamePolicy= disabled on kernel command line.
vm-test-run-solem-hardened-kernel> machine # [    8.953509] (udev-worker)[491]: eth1: Config file /etc/systemd/network/40-eth1.link is applied to device based on potentially unpredictable interface name.
vm-test-run-solem-hardened-kernel> machine # [    8.961580] (udev-worker)[491]: Network interface NamePolicy= disabled on kernel command line.
vm-test-run-solem-hardened-kernel> machine # [    9.163212] systemd[1]: suid-sgid-wrappers.service: Deactivated successfully.
vm-test-run-solem-hardened-kernel> machine # [    9.173741] systemd[1]: Finished Create SUID/SGID Wrappers.
vm-test-run-solem-hardened-kernel> machine # [    9.216616] systemd[1]: Found device Virtio network device.
vm-test-run-solem-hardened-kernel> machine # [    9.326637] bda4zqmbxbw6s2p726xf1vivklisa6ca-mount-pstore.sh[387]: Persistent Storage backend was not registered in time.
vm-test-run-solem-hardened-kernel> machine # [    9.339528] systemd[1]: Finished mount-pstore.service.
vm-test-run-solem-hardened-kernel> machine # [    9.343390] systemd[1]: Platform Persistent Storage Archival was skipped because of an unmet condition check (ConditionDirectoryNotEmpty=/sys/fs/pstore).
vm-test-run-solem-hardened-kernel> machine # [    9.351423] systemd[1]: Reached target System Initialization.
vm-test-run-solem-hardened-kernel> machine # [    9.356751] systemd[1]: Started Discard unused filesystem blocks once a week.
vm-test-run-solem-hardened-kernel> machine # [    9.361380] systemd[1]: Started nix-gc.timer.
vm-test-run-solem-hardened-kernel> machine # [    9.366408] systemd[1]: Started Daily Cleanup of Temporary Directories.
vm-test-run-solem-hardened-kernel> machine # [    9.370446] systemd[1]: Reached target Timer Units.
vm-test-run-solem-hardened-kernel> machine # [    9.376429] systemd[1]: Listening on D-Bus System Message Bus Socket.
vm-test-run-solem-hardened-kernel> machine # [    9.385496] systemd[1]: Listening on Nix Daemon Socket.
vm-test-run-solem-hardened-kernel> machine # [    9.391380] systemd[1]: Listening on Hostname Service Socket.
vm-test-run-solem-hardened-kernel> machine # [    9.406511] systemd[1]: Reached target Socket Units.
vm-test-run-solem-hardened-kernel> machine # [    9.413969] systemd[1]: Reached target Basic System.
vm-test-run-solem-hardened-kernel> machine # [    9.422841] systemd[1]: System is tainted: support-ended
vm-test-run-solem-hardened-kernel> machine # [    9.430365] systemd[1]: Starting Kernel Auditing...
vm-test-run-solem-hardened-kernel> machine # [    9.437343] systemd[1]: Started backdoor.service.
vm-test-run-solem-hardened-kernel> machine # [    9.443614] systemd[1]: Starting Name Service Cache Daemon (nsncd)...
vm-test-run-solem-hardened-kernel> machine # [    9.458196] systemd[1]: Started Reset console on configuration changes.
vm-test-run-solem-hardened-kernel> machine # [    9.464574] systemd[1]: Starting resolvconf update...
vm-test-run-solem-hardened-kernel> machine # [    9.470495] systemd[1]: Starting D-Bus System Message Bus...
vm-test-run-solem-hardened-kernel> machine # connecting to host...
vm-test-run-solem-hardened-kernel> machine # [    9.576558] 42m8vzags3w669djhcs5bbm7jf10phdb-audit-disable[622]: No rules
vm-test-run-solem-hardened-kernel> machine # [    9.613520] systemd[1]: Finished Kernel Auditing.
vm-test-run-solem-hardened-kernel> machine: Guest shell says: b'Spawning backdoor root shell...\n'
vm-test-run-solem-hardened-kernel> machine: connected to guest root shell
vm-test-run-solem-hardened-kernel> machine: (connecting took 10.80 seconds)
vm-test-run-solem-hardened-kernel> (finished: waiting for the VM to finish booting, in 11.29 seconds)
vm-test-run-solem-hardened-kernel> machine # [    9.681411] nsncd[614]: May 30 18:23:34.803 INFO started, config: Config { ignored_request_types: {}, worker_count: 8, handoff_timeout: 3s }, path: "/var/run/nscd/socket"
vm-test-run-solem-hardened-kernel> machine # [    9.693829] systemd[1]: Started Name Service Cache Daemon (nsncd).
vm-test-run-solem-hardened-kernel> machine # [    9.703624] systemd[1]: Reached target Host and Network Name Lookups.[   10.067451] mousedev: PS/2 mouse device common for all mice
vm-test-run-solem-hardened-kernel> machine # 
vm-test-run-solem-hardened-kernel> machine # [    9.709854] systemd[1]: Reached target User and Group Name Lookups.
vm-test-run-solem-hardened-kernel> machine # [    9.719389] systemd[1]: Starting User Login Management...
vm-test-run-solem-hardened-kernel> machine # [    9.759449] dbus-daemon[617]: dbus[617]: Unknown username "systemd-timesync" in message bus configuration file
vm-test-run-solem-hardened-kernel> machine # [    9.851415] systemd[1]: Started D-Bus System Message Bus.
vm-test-run-solem-hardened-kernel> machine # [   10.315701] input: Power Button as /devices/LNXSYSTM:00/LNXPWRBN:00/input/input3
vm-test-run-solem-hardened-kernel> machine # [    9.991912] systemd[1]: Stopped target Host and Network Name Lookups.
vm-test-run-solem-hardened-kernel> machine # [   10.003389] systemd[1]: Stopping Host and Network Name Lookups...
vm-test-run-solem-hardened-kernel> machine # [   10.006935] systemd[1]: Stopped target User and Group Name Lookups.
vm-test-run-solem-hardened-kernel> machine # [   10.018798] systemd[1]: Stopping User and Group Name Lookups...
vm-test-run-solem-hardened-kernel> machine # [   10.030209] systemd[1]: Stopping Name Service Cache Daemon (nsncd)...
vm-test-run-solem-hardened-kernel> machine # [   10.036344] systemd[1]: nscd.service: Deactivated successfully.
vm-test-run-solem-hardened-kernel> machine # [   10.038667] systemd[1]: Stopped Name Service Cache Daemon (nsncd).
vm-test-run-solem-hardened-kernel> machine # [   10.047881] systemd[1]: Starting Name Service Cache Daemon (nsncd)...
vm-test-run-solem-hardened-kernel> machine # [   10.434601] ACPI: button: Power Button [PWRF]
vm-test-run-solem-hardened-kernel> machine # [   10.092969] systemd-logind[641]: New seat seat0.
vm-test-run-solem-hardened-kernel> machine # [   10.148440] systemd[1]: Started User Login Management.
vm-test-run-solem-hardened-kernel> machine # [   10.221280] systemd[1]: Started Name Service Cache Daemon (nsncd).
vm-test-run-solem-hardened-kernel> machine # [   10.230371] nsncd[691]: May 30 18:23:35.347 INFO started, config: Config { ignored_request_types: {}, worker_count: 8, handoff_timeout: 3s }, path: "/var/run/nscd/socket"
vm-test-run-solem-hardened-kernel> machine # [   10.238395] systemd[1]: Reached target Host and Network Name Lookups.
vm-test-run-solem-hardened-kernel> machine # [   10.242806] systemd[1]: Reached target User and Group Name Lookups.
vm-test-run-solem-hardened-kernel> machine # [   10.280128] systemd[1]: Finished resolvconf update.
vm-test-run-solem-hardened-kernel> machine # [   10.288826] systemd[1]: Starting DHCP Client...
vm-test-run-solem-hardened-kernel> machine # [   10.665220] parport_pc 00:03: reported by Plug and Play ACPI
vm-test-run-solem-hardened-kernel> machine # [   10.682853] Floppy drive(s): fd0 is 2.88M AMI BIOS
vm-test-run-solem-hardened-kernel> machine # [   10.727306] parport0: PC-style at 0x378, irq 7 [PCSPP(,...)]
vm-test-run-solem-hardened-kernel> machine # [   10.762586] FDC 0 is a S82078B
vm-test-run-solem-hardened-kernel> machine # [   10.412482] systemd[1]: Finished Firewall.
vm-test-run-solem-hardened-kernel> machine # [   10.418631] systemd[1]: Reached target Preparation for Network.
vm-test-run-solem-hardened-kernel> machine # [   10.426197] systemd[1]: Starting Address configuration of eth1...
vm-test-run-solem-hardened-kernel> machine # [   10.519925] network-addresses-eth1-start[728]: adding address 192.168.1.1/24... done
vm-test-run-solem-hardened-kernel> machine # [   10.548558] network-addresses-eth1-start[728]: adding address 2001:db8:1::1/64... done
vm-test-run-solem-hardened-kernel> machine # [   10.928886] piix4_smbus 0000:00:01.3: SMBus Host Controller at 0x700, revision 0
vm-test-run-solem-hardened-kernel> machine # [   10.647376] systemd[1]: Finished Address configuration of eth1.
vm-test-run-solem-hardened-kernel> machine # [   10.655541] systemd[1]: Starting Networking Setup...
vm-test-run-solem-hardened-kernel> machine # [   10.676540] dhcpcd[731]: dhcpcd-10.1.0 starting
vm-test-run-solem-hardened-kernel> machine # [   11.063706] input: QEMU Virtio Keyboard as /devices/pci0000:00/0000:00:0a.0/virtio7/input/input4
vm-test-run-solem-hardened-kernel> machine # [   10.706522] dhcpcd[745]: dev: loaded udev
vm-test-run-solem-hardened-kernel> machine # [   11.096692] 8021q: 802.1Q VLAN Support v1.8
vm-test-run-solem-hardened-kernel> machine # [   11.100608] 8021q: adding VLAN 0 to HW filter on device eth1
vm-test-run-solem-hardened-kernel> machine # [   11.106629] bochs-drm 0000:00:02.0: vgaarb: deactivate vga console
vm-test-run-solem-hardened-kernel> machine # [   11.174931] input: VirtualPS/2 VMware VMMouse as /devices/platform/i8042/serio1/input/input6
vm-test-run-solem-hardened-kernel> machine # [   11.175583] input: VirtualPS/2 VMware VMMouse as /devices/platform/i8042/serio1/input/input5
vm-test-run-solem-hardened-kernel> machine # [   11.371477] Console: switching to colour dummy device 80x25
vm-test-run-solem-hardened-kernel> machine # [   11.377316] cryptd: max_cpu_qlen set to 1000
vm-test-run-solem-hardened-kernel> machine # [   11.379625] cfg80211: Loading compiled-in X.509 certificates for regulatory database
vm-test-run-solem-hardened-kernel> machine # [   11.424129] Loaded X.509 cert 'sforshee: 00b28ddf47aef9cea7'
vm-test-run-solem-hardened-kernel> machine # [   11.424296] Loaded X.509 cert 'wens: 61c038651aabdcf94bd0ac7ff06c7248db18c600'
vm-test-run-solem-hardened-kernel> machine # [   11.426723] platform regulatory.0: Direct firmware load for regulatory.db failed with error -2
vm-test-run-solem-hardened-kernel> machine # [   11.426727] cfg80211: failed to load regulatory.db
vm-test-run-solem-hardened-kernel> machine # [   11.460887] AVX2 version of gcm_enc/dec engaged.
vm-test-run-solem-hardened-kernel> machine # [   11.472700] AES CTR mode by8 optimization enabled
vm-test-run-solem-hardened-kernel> machine # [   11.544212] 8021q: adding VLAN 0 to HW filter on device eth0
vm-test-run-solem-hardened-kernel> machine # [   11.611475] ppdev: user-space parallel port driver
vm-test-run-solem-hardened-kernel> machine # [   11.669656] [drm] Found bochs VGA, ID 0xb0c5.
vm-test-run-solem-hardened-kernel> machine # [   11.669659] [drm] Framebuffer size 16384 kB @ 0xfd000000, mmio @ 0xfebd0000.
vm-test-run-solem-hardened-kernel> machine # [   11.708710] [drm] Found EDID data blob.
vm-test-run-solem-hardened-kernel> machine # [   11.767097] [drm] Initialized bochs-drm 1.0.0 20130925 for 0000:00:02.0 on minor 0
vm-test-run-solem-hardened-kernel> machine # [   11.803470] fbcon: bochs-drmdrmfb (fb0) is primary device
vm-test-run-solem-hardened-kernel> machine # [   12.497548] Console: switching to colour frame buffer device 160x50
vm-test-run-solem-hardened-kernel> machine # [   12.627196] bochs-drm 0000:00:02.0: [drm] fb0: bochs-drmdrmfb frame buffer device
vm-test-run-solem-hardened-kernel> machine # [   12.287831] dhcpcd[745]: eth0: waiting for carrier
vm-test-run-solem-hardened-kernel> machine # [   12.290856] systemd[1]: Finished Networking Setup.
vm-test-run-solem-hardened-kernel> machine # [   12.292990] dhcpcd[745]: eth0: carrier acquired
vm-test-run-solem-hardened-kernel> machine # [   12.298600] systemd[1]: Starting Extra networking commands....
vm-test-run-solem-hardened-kernel> machine # [   12.303784] dhcpcd[745]: DUID 00:01:00:01:31:ad:e7:a8:52:54:00:12:34:56
vm-test-run-solem-hardened-kernel> machine # [   12.306312] systemd[1]: Starting Virtual Console Setup...
vm-test-run-solem-hardened-kernel> machine # [   12.313650] dhcpcd[745]: eth0: IAID 00:12:34:56
vm-test-run-solem-hardened-kernel> machine # [   12.320852] systemd-logind[641]: Watching system buttons on /dev/input/event0 (AT Translated Set 2 keyboard)
vm-test-run-solem-hardened-kernel> machine # [   12.329866] dhcpcd[745]: eth0: adding address fe80::5054:ff:fe12:3456
vm-test-run-solem-hardened-kernel> machine # [   12.353848] systemd-logind[641]: Watching system buttons on /dev/input/event2 (Power Button)
vm-test-run-solem-hardened-kernel> machine # [   12.730348] NET: Registered PF_PACKET protocol family
vm-test-run-solem-hardened-kernel> machine # [   12.372601] dhcpcd[745]: eth0: soliciting a DHCP lease
vm-test-run-solem-hardened-kernel> machine # [   12.374976] systemd[1]: Listening on Load/Save RF Kill Switch Status /dev/rfkill Watch.
vm-test-run-solem-hardened-kernel> machine # [   12.387762] systemd-logind[641]: Watching system buttons on /dev/input/event3 (QEMU Virtio Keyboard)
vm-test-run-solem-hardened-kernel> machine # [   12.392997] systemd[1]: Finished Extra networking commands..
vm-test-run-solem-hardened-kernel> machine # [   12.396698] dhcpcd[745]: eth0: offered 10.0.2.15 from 10.0.2.2
vm-test-run-solem-hardened-kernel> machine # [   12.401994] systemd[1]: Reached target Network.
vm-test-run-solem-hardened-kernel> machine # [   12.408819] dhcpcd[745]: eth0: probing address 10.0.2.15/24
vm-test-run-solem-hardened-kernel> machine # [   12.413400] systemd[1]: Starting Permit User Sessions...
vm-test-run-solem-hardened-kernel> machine # [   12.419478] systemd[1]: systemd-vconsole-setup.service: Deactivated successfully.
vm-test-run-solem-hardened-kernel> machine # [   12.424391] systemd[1]: Stopped Virtual Console Setup.
vm-test-run-solem-hardened-kernel> machine # [   12.428003] systemd[1]: run-credentials-systemd\x2dvconsole\x2dsetup.service.mount: Deactivated successfully.
vm-test-run-solem-hardened-kernel> machine # [   12.434918] systemd[1]: Starting Virtual Console Setup...
vm-test-run-solem-hardened-kernel> machine # [   12.438092] systemd[1]: Finished Permit User Sessions.
vm-test-run-solem-hardened-kernel> machine # [   12.444196] systemd[1]: Started Getty on tty1.
vm-test-run-solem-hardened-kernel> machine # [   12.451676] systemd[1]: Reached target Login Prompts.
vm-test-run-solem-hardened-kernel> machine # [   12.456692] systemd[1]: systemd-vconsole-setup.service: Deactivated successfully.
vm-test-run-solem-hardened-kernel> machine # [   12.460560] systemd[1]: Stopped Virtual Console Setup.
vm-test-run-solem-hardened-kernel> machine # [   12.464797] systemd[1]: run-credentials-systemd\x2dvconsole\x2dsetup.service.mount: Deactivated successfully.
vm-test-run-solem-hardened-kernel> machine # [   12.469564] systemd[1]: Starting Virtual Console Setup...
vm-test-run-solem-hardened-kernel> machine # [   13.021612] kvm_amd: TSC scaling supported
vm-test-run-solem-hardened-kernel> machine # [   13.022818] kvm_amd: Nested Virtualization enabled
vm-test-run-solem-hardened-kernel> machine # [   13.024101] kvm_amd: Nested Paging enabled
vm-test-run-solem-hardened-kernel> machine # [   13.029451] kvm_amd: Virtual VMLOAD VMSAVE supported
vm-test-run-solem-hardened-kernel> machine # [   13.031549] kvm_amd: PMU virtualization is disabled
vm-test-run-solem-hardened-kernel> machine # [   13.103427] EDAC MC: Ver: 3.0.0
vm-test-run-solem-hardened-kernel> machine # [   13.167397] systemd[1]: Finished Virtual Console Setup.
vm-test-run-solem-hardened-kernel> machine # [   13.500786] dhcpcd[745]: eth0: soliciting an IPv6 router
vm-test-run-solem-hardened-kernel> machine # [   13.503770] dhcpcd[745]: eth0: Router Advertisement from fe80::2
vm-test-run-solem-hardened-kernel> machine # [   13.507209] dhcpcd[745]: eth0: adding address fec0::5054:ff:fe12:3456/64
vm-test-run-solem-hardened-kernel> machine # [   13.510641] dhcpcd[745]: eth0: adding route to fec0::/64
vm-test-run-solem-hardened-kernel> machine # [   13.513649] dhcpcd[745]: eth0: adding default route via fe80::2
vm-test-run-solem-hardened-kernel> machine # [   17.644286] dhcpcd[745]: eth0: leased 10.0.2.15 for 86400 seconds
vm-test-run-solem-hardened-kernel> machine # [   17.647385] dhcpcd[745]: eth0: adding route to 10.0.2.0/24
vm-test-run-solem-hardened-kernel> machine # [   17.651134] dhcpcd[745]: eth0: adding default route via 10.0.2.2
vm-test-run-solem-hardened-kernel> machine # [   17.792350] systemd[1]: Started DHCP Client.
vm-test-run-solem-hardened-kernel> machine # [   17.797725] systemd[1]: Reached target Network is Online.
vm-test-run-solem-hardened-kernel> machine # [   17.914690] systemd[1]: Reached target Multi-User System.
vm-test-run-solem-hardened-kernel> machine # [   17.916761] systemd[1]: Startup finished in 4.628s (kernel) + 13.168s (userspace) = 17.796s.
vm-test-run-solem-hardened-kernel> (finished: waiting for unit multi-user.target, in 19.74 seconds)
vm-test-run-solem-hardened-kernel> machine: must succeed: sleep 2
vm-test-run-solem-hardened-kernel> (finished: must succeed: sleep 2, in 2.04 seconds)
vm-test-run-solem-hardened-kernel> machine: must succeed: uname -r
vm-test-run-solem-hardened-kernel> (finished: must succeed: uname -r, in 0.03 seconds)
vm-test-run-solem-hardened-kernel> Kernel running: 6.6.83-hardened1
vm-test-run-solem-hardened-kernel>   ✓ kernel hardened attivo
vm-test-run-solem-hardened-kernel> cleanup
vm-test-run-solem-hardened-kernel> kill machine (pid 9)
vm-test-run-solem-hardened-kernel> qemu-kvm: terminating on signal 15 from pid 6 (/nix/store/dksjvr69ckglyw1k2ss1qgshhcix73p8-python3-3.12.8/bin/python3.12)
vm-test-run-solem-hardened-kernel> kill vlan (pid 7)
vm-test-run-solem-hardened-kernel> (finished: cleanup, in 0.01 seconds)
vm-test-run-solem-hardened-kernel> Traceback (most recent call last):
vm-test-run-solem-hardened-kernel>   File "/nix/store/v87ngzjjfhfw8kpcg4ii401mscx8pg9g-nixos-test-driver-1.1/bin/.nixos-test-driver-wrapped", line 9, in <module>
vm-test-run-solem-hardened-kernel>     sys.exit(main())
vm-test-run-solem-hardened-kernel>              ^^^^^^
vm-test-run-solem-hardened-kernel>   File "/nix/store/v87ngzjjfhfw8kpcg4ii401mscx8pg9g-nixos-test-driver-1.1/lib/python3.12/site-packages/test_driver/__init__.py", line 146, in main
vm-test-run-solem-hardened-kernel>     driver.run_tests()
vm-test-run-solem-hardened-kernel>   File "/nix/store/v87ngzjjfhfw8kpcg4ii401mscx8pg9g-nixos-test-driver-1.1/lib/python3.12/site-packages/test_driver/driver.py", line 173, in run_tests
vm-test-run-solem-hardened-kernel>     self.test_script()
vm-test-run-solem-hardened-kernel>   File "/nix/store/v87ngzjjfhfw8kpcg4ii401mscx8pg9g-nixos-test-driver-1.1/lib/python3.12/site-packages/test_driver/driver.py", line 165, in test_script
vm-test-run-solem-hardened-kernel>     exec(self.tests, symbols, None)
vm-test-run-solem-hardened-kernel>   File "<string>", line 14, in <module>
vm-test-run-solem-hardened-kernel> Exception: FAIL: kernel hardened ha panic/oops:
vm-test-run-solem-hardened-kernel> [    0.000000] Command line: console=ttyS0 console=tty0 panic=1 boot.panic_on_fail clocksource=acpi_pm loglevel=7 net.ifnames=0 init=/nix/store/kcb429h7zzn6nflzlzsav98l49y3p5y3-nixos-system-machine-test/init regInfo=/nix/store/10lybkrxzni6fzkh4dpk9lqmcv1d5xvl-closure-info/registration console=ttyS0
vm-test-run-solem-hardened-kernel> [    0.010976] Kernel command line: console=ttyS0 console=tty0 panic=1 boot.panic_on_fail clocksource=acpi_pm loglevel=7 net.ifnames=0 init=/nix/store/kcb429h7zzn6nflzlzsav98l49y3p5y3-nixos-system-machine-test/init regInfo=/nix/store/10lybkrxzni6fzkh4dpk9lqmcv1d5xvl-closure-info/registration console=ttyS0
error: builder for '/nix/store/8852myd7y79p5sbr028y9yqc2xvs78mp-vm-test-run-solem-hardened-kernel.drv' failed with exit code 1;
       last 25 log lines:
       > (finished: must succeed: sleep 2, in 2.04 seconds)
       > machine: must succeed: uname -r
       > (finished: must succeed: uname -r, in 0.03 seconds)
       > Kernel running: 6.6.83-hardened1
       >   ✓ kernel hardened attivo
       > cleanup
       > kill machine (pid 9)
       > qemu-kvm: terminating on signal 15 from pid 6 (/nix/store/dksjvr69ckglyw1k2ss1qgshhcix73p8-python3-3.12.8/bin/python3.12)
       > kill vlan (pid 7)
       > (finished: cleanup, in 0.01 seconds)
       > Traceback (most recent call last):
       >   File "/nix/store/v87ngzjjfhfw8kpcg4ii401mscx8pg9g-nixos-test-driver-1.1/bin/.nixos-test-driver-wrapped", line 9, in <module>
       >     sys.exit(main())
       >              ^^^^^^
       >   File "/nix/store/v87ngzjjfhfw8kpcg4ii401mscx8pg9g-nixos-test-driver-1.1/lib/python3.12/site-packages/test_driver/__init__.py", line 146, in main
       >     driver.run_tests()
       >   File "/nix/store/v87ngzjjfhfw8kpcg4ii401mscx8pg9g-nixos-test-driver-1.1/lib/python3.12/site-packages/test_driver/driver.py", line 173, in run_tests
       >     self.test_script()
       >   File "/nix/store/v87ngzjjfhfw8kpcg4ii401mscx8pg9g-nixos-test-driver-1.1/lib/python3.12/site-packages/test_driver/driver.py", line 165, in test_script
       >     exec(self.tests, symbols, None)
       >   File "<string>", line 14, in <module>
       > Exception: FAIL: kernel hardened ha panic/oops:
       > [    0.000000] Command line: console=ttyS0 console=tty0 panic=1 boot.panic_on_fail clocksource=acpi_pm loglevel=7 net.ifnames=0 init=/nix/store/kcb429h7zzn6nflzlzsav98l49y3p5y3-nixos-system-machine-test/init regInfo=/nix/store/10lybkrxzni6fzkh4dpk9lqmcv1d5xvl-closure-info/registration console=ttyS0
       > [    0.010976] Kernel command line: console=ttyS0 console=tty0 panic=1 boot.panic_on_fail clocksource=acpi_pm loglevel=7 net.ifnames=0 init=/nix/store/kcb429h7zzn6nflzlzsav98l49y3p5y3-nixos-system-machine-test/init regInfo=/nix/store/10lybkrxzni6fzkh4dpk9lqmcv1d5xvl-closure-info/registration console=ttyS0
       >
       For full logs, run 'nix log /nix/store/8852myd7y79p5sbr028y9yqc2xvs78mp-vm-test-run-solem-hardened-kernel.drv'.
