# VM test ai-guardrails FAIL — commit e228e83 @ 20260530T203123Z

vm-test-run-solem-ai-guardrails> machine # [    7.833300] systemd[1]: Finished Rebuild Journal Catalog.
vm-test-run-solem-ai-guardrails> machine # [    7.841277] systemd[1]: Starting Update is Completed...
vm-test-run-solem-ai-guardrails> machine # [    7.954820] systemd-oomd[504]: No swap; memory pressure usage will be degraded
vm-test-run-solem-ai-guardrails> machine # [    7.967407] systemd[1]: Finished Update is Completed.
vm-test-run-solem-ai-guardrails> machine # [    7.973944] systemd[1]: Started Userspace Out-Of-Memory (OOM) Killer.
vm-test-run-solem-ai-guardrails> machine # [    8.044749] systemd[1]: Found device /dev/hvc0.
vm-test-run-solem-ai-guardrails> machine # [    8.068540] systemd[1]: Found device /dev/ttyS0.
vm-test-run-solem-ai-guardrails> machine # [    8.136597] (udev-worker)[449]: Network interface NamePolicy= disabled on kernel command line.
vm-test-run-solem-ai-guardrails> machine # [    8.145662] (udev-worker)[496]: eth1: Config file /etc/systemd/network/40-eth1.link is applied to device based on potentially unpredictable interface name.
vm-test-run-solem-ai-guardrails> machine # [    8.156531] (udev-worker)[496]: Network interface NamePolicy= disabled on kernel command line.
vm-test-run-solem-ai-guardrails> machine # [    8.416800] systemd[1]: Found device Virtio network device.
vm-test-run-solem-ai-guardrails> machine # [    8.436693] systemd[1]: suid-sgid-wrappers.service: Deactivated successfully.
vm-test-run-solem-ai-guardrails> machine # [    8.445790] systemd[1]: Finished Create SUID/SGID Wrappers.
vm-test-run-solem-ai-guardrails> machine # [    8.523097] bda4zqmbxbw6s2p726xf1vivklisa6ca-mount-pstore.sh[383]: Persistent Storage backend was not registered in time.
vm-test-run-solem-ai-guardrails> machine # [    8.535590] systemd[1]: Finished mount-pstore.service.
vm-test-run-solem-ai-guardrails> machine # [    8.540351] systemd[1]: Platform Persistent Storage Archival was skipped because of an unmet condition check (ConditionDirectoryNotEmpty=/sys/fs/pstore).
vm-test-run-solem-ai-guardrails> machine # [    8.549297] systemd[1]: Reached target System Initialization.
vm-test-run-solem-ai-guardrails> machine # [    8.555290] systemd[1]: Started Discard unused filesystem blocks once a week.
vm-test-run-solem-ai-guardrails> machine # [    8.562984] systemd[1]: Started nix-gc.timer.
vm-test-run-solem-ai-guardrails> machine # [    8.570786] systemd[1]: Started Daily Cleanup of Temporary Directories.
vm-test-run-solem-ai-guardrails> machine # [    8.576865] systemd[1]: Reached target Timer Units.
vm-test-run-solem-ai-guardrails> machine # [    8.590842] systemd[1]: Listening on D-Bus System Message Bus Socket.
vm-test-run-solem-ai-guardrails> machine # [    8.609327] systemd[1]: Listening on Nix Daemon Socket.
vm-test-run-solem-ai-guardrails> machine # [    8.614566] systemd[1]: Listening on Hostname Service Socket.
vm-test-run-solem-ai-guardrails> machine # [    8.628311] systemd[1]: Reached target Socket Units.
vm-test-run-solem-ai-guardrails> machine # [    8.633298] systemd[1]: Reached target Basic System.
vm-test-run-solem-ai-guardrails> machine # [    8.647582] systemd[1]: System is tainted: support-ended
vm-test-run-solem-ai-guardrails> machine # [    8.653752] systemd[1]: Starting Kernel Auditing...
vm-test-run-solem-ai-guardrails> machine # [    8.661735] systemd[1]: Started backdoor.service.
vm-test-run-solem-ai-guardrails> machine # [    8.677655] systemd[1]: Starting Name Service Cache Daemon (nsncd)...
vm-test-run-solem-ai-guardrails> machine # [    8.689239] systemd[1]: Started Reset console on configuration changes.
vm-test-run-solem-ai-guardrails> machine # [    8.698520] systemd[1]: Starting resolvconf update...
vm-test-run-solem-ai-guardrails> machine # [    8.712764] systemd[1]: Starting D-Bus System Message Bus...
vm-test-run-solem-ai-guardrails> machine # connecting to host...
vm-test-run-solem-ai-guardrails> machine # [    8.760102] 42m8vzags3w669djhcs5bbm7jf10phdb-audit-disable[626]: No rules
vm-test-run-solem-ai-guardrails> machine # [    9.161432] mousedev: PS/2 mouse device common for all mice
vm-test-run-solem-ai-guardrails> machine # [    8.796393] systemd[1]: Finished Kernel Auditing.
vm-test-run-solem-ai-guardrails> machine: Guest shell says: b'Spawning backdoor root shell...\n'
vm-test-run-solem-ai-guardrails> machine: connected to guest root shell
vm-test-run-solem-ai-guardrails> machine: (connecting took 9.97 seconds)
vm-test-run-solem-ai-guardrails> (finished: waiting for the VM to finish booting, in 10.07 seconds)
vm-test-run-solem-ai-guardrails> machine # [    8.853653] systemd[1]: Started Name Service Cache Daemon (nsncd).
vm-test-run-solem-ai-guardrails> machine # [    8.861932] systemd[1]: Reached target Host and Network Name Lookups.
vm-test-run-solem-ai-guardrails> machine # [    8.872831] systemd[1]: Reached target User and Group Name Lookups.
vm-test-run-solem-ai-guardrails> machine # [    8.882751] nsncd[619]: May 30 20:31:12.206 INFO started, config: Config { ignored_request_types: {}, worker_count: 8, handoff_timeout: 3s }, path: "/var/run/nscd/socket"
vm-test-run-solem-ai-guardrails> machine # [    8.892736] systemd[1]: Starting User Login Management...
vm-test-run-solem-ai-guardrails> machine # [    8.940754] dbus-daemon[622]: dbus[622]: Unknown username "systemd-timesync" in message bus configuration file
vm-test-run-solem-ai-guardrails> machine # [    9.019600] systemd[1]: Started D-Bus System Message Bus.
vm-test-run-solem-ai-guardrails> machine # [    9.474885] input: Power Button as /devices/LNXSYSTM:00/LNXPWRBN:00/input/input3
vm-test-run-solem-ai-guardrails> machine # [    9.131931] systemd[1]: Stopped target Host and Network Name Lookups.
vm-test-run-solem-ai-guardrails> machine # [    9.135691] systemd[1]: Stopping Host and Network Name Lookups...
vm-test-run-solem-ai-guardrails> machine # [    9.146340] systemd[1]: Stopped target User and Group Name Lookups.
vm-test-run-solem-ai-guardrails> machine # [    9.152713] systemd[1]: Stopping User and Group Name Lookups...
vm-test-run-solem-ai-guardrails> machine # [    9.161649] systemd[1]: Stopping Name Service Cache Daemon (nsncd)...
vm-test-run-solem-ai-guardrails> machine # [    9.175225] systemd[1]: nscd.service: Deactivated successfully.
vm-test-run-solem-ai-guardrails> machine # [    9.182923] systemd[1]: Stopped Name Service Cache Daemon (nsncd).
vm-test-run-solem-ai-guardrails> machine # [    9.195658] systemd[1]: Starting Name Service Cache Daemon (nsncd)...
vm-test-run-solem-ai-guardrails> machine # [    9.236677] systemd-logind[651]: New seat seat0.
vm-test-run-solem-ai-guardrails> machine # [    9.272245] systemd[1]: Started User Login Management.
vm-test-run-solem-ai-guardrails> machine # [    9.278768] systemd[1]: Finished Firewall.
vm-test-run-solem-ai-guardrails> machine # [    9.678311] ACPI: button: Power Button [PWRF]
vm-test-run-solem-ai-guardrails> machine # [    9.336656] systemd[1]: Started Name Service Cache Daemon (nsncd).
vm-test-run-solem-ai-guardrails> machine # [    9.340668] systemd[1]: Reached target Host and Network Name Lookups.
vm-test-run-solem-ai-guardrails> machine # [    9.347643] systemd[1]: Reached target User and Group Name Lookups.
vm-test-run-solem-ai-guardrails> machine # [    9.352954] nsncd[696]: May 30 20:31:12.703 INFO started, config: Config { ignored_request_types: {}, worker_count: 8, handoff_timeout: 3s }, path: "/var/run/nscd/socket"
vm-test-run-solem-ai-guardrails> machine # [    9.388248] systemd[1]: Finished resolvconf update.
vm-test-run-solem-ai-guardrails> machine # [    9.392319] systemd[1]: Reached target Preparation for Network.
vm-test-run-solem-ai-guardrails> machine # [    9.402439] systemd[1]: Starting DHCP Client...
vm-test-run-solem-ai-guardrails> machine # [    9.408750] systemd[1]: Starting Address configuration of eth1...
vm-test-run-solem-ai-guardrails> machine # [    9.824420] Floppy drive(s): fd0 is 2.88M AMI BIOS
vm-test-run-solem-ai-guardrails> machine # [    9.838816] parport_pc 00:03: reported by Plug and Play ACPI
vm-test-run-solem-ai-guardrails> machine # [    9.878643] parport0: PC-style at 0x378, irq 7 [PCSPP(,...)]
vm-test-run-solem-ai-guardrails> machine # [    9.891933] FDC 0 is a S82078B
vm-test-run-solem-ai-guardrails> machine # [    9.566548] network-addresses-eth1-start[727]: adding address 192.168.1.1/24... done
vm-test-run-solem-ai-guardrails> machine # [    9.594321] network-addresses-eth1-start[727]: adding address 2001:db8:1::1/64... done
vm-test-run-solem-ai-guardrails> machine # [    9.999061] piix4_smbus 0000:00:01.3: SMBus Host Controller at 0x700, revision 0
vm-test-run-solem-ai-guardrails> machine # [    9.637085] systemd[1]: Finished Address configuration of eth1.
vm-test-run-solem-ai-guardrails> machine # [    9.641307] systemd[1]: Starting Networking Setup...
vm-test-run-solem-ai-guardrails> machine # [    9.724645] dhcpcd[732]: dhcpcd-10.1.0 starting
vm-test-run-solem-ai-guardrails> machine # [    9.747221] dhcpcd[744]: dev: loaded udev
vm-test-run-solem-ai-guardrails> machine # [   10.150655] 8021q: 802.1Q VLAN Support v1.8
vm-test-run-solem-ai-guardrails> machine # [   10.154887] 8021q: adding VLAN 0 to HW filter on device eth1
vm-test-run-solem-ai-guardrails> machine # [   10.161506] bochs-drm 0000:00:02.0: vgaarb: deactivate vga console
vm-test-run-solem-ai-guardrails> machine # [   10.173960] input: QEMU Virtio Keyboard as /devices/pci0000:00/0000:00:0a.0/virtio7/input/input4
vm-test-run-solem-ai-guardrails> machine # [   10.248490] input: VirtualPS/2 VMware VMMouse as /devices/platform/i8042/serio1/input/input6
vm-test-run-solem-ai-guardrails> machine # [   10.256316] Console: switching to colour dummy device 80x25
vm-test-run-solem-ai-guardrails> machine # [   10.275538] input: VirtualPS/2 VMware VMMouse as /devices/platform/i8042/serio1/input/input5
vm-test-run-solem-ai-guardrails> machine # [   10.293546] [drm] Found bochs VGA, ID 0xb0c5.
vm-test-run-solem-ai-guardrails> machine # [   10.295493] [drm] Framebuffer size 16384 kB @ 0xfd000000, mmio @ 0xfebd0000.
vm-test-run-solem-ai-guardrails> machine # [   10.316858] cryptd: max_cpu_qlen set to 1000
vm-test-run-solem-ai-guardrails> machine # [   10.328527] [drm] Found EDID data blob.
vm-test-run-solem-ai-guardrails> machine # [   10.339512] cfg80211: Loading compiled-in X.509 certificates for regulatory database
vm-test-run-solem-ai-guardrails> machine # [   10.368536] [drm] Initialized bochs-drm 1.0.0 20130925 for 0000:00:02.0 on minor 0
vm-test-run-solem-ai-guardrails> machine # [   10.000464] systemd[1]: Finished Networking Setup.
vm-test-run-solem-ai-guardrails> machine # [   10.012403] systemd[1]: Starting Extra networking commands....
vm-test-run-solem-ai-guardrails> machine # [   10.393070] Loaded X.509 cert 'sforshee: 00b28ddf47aef9cea7'
vm-test-run-solem-ai-guardrails> machine # [   10.395557] Loaded X.509 cert 'wens: 61c038651aabdcf94bd0ac7ff06c7248db18c600'
vm-test-run-solem-ai-guardrails> machine # [   10.403752] platform regulatory.0: Direct firmware load for regulatory.db failed with error -2
vm-test-run-solem-ai-guardrails> machine # [   10.407039] AVX2 version of gcm_enc/dec engaged.
vm-test-run-solem-ai-guardrails> machine # [   10.409147] cfg80211: failed to load regulatory.db
vm-test-run-solem-ai-guardrails> machine # [   10.591251] systemd[1]: Finished Extra networking commands..
vm-test-run-solem-ai-guardrails> machine # [   10.593544] systemd[1]: Reached target Network.
vm-test-run-solem-ai-guardrails> machine # [   10.598451] systemd[1]: Starting Permit User Sessions...
vm-test-run-solem-ai-guardrails> machine # [   10.432517] fbcon: bochs-drmdrmfb (fb0) is primary device
vm-test-run-solem-ai-guardrails> machine # [   10.935560] AES CTR mode by8 optimization enabled
vm-test-run-solem-ai-guardrails> machine # [   11.058746] 8021q: adding VLAN 0 to HW filter on device eth0
vm-test-run-solem-ai-guardrails> machine # [   11.218395] NET: Registered PF_PACKET protocol family
vm-test-run-solem-ai-guardrails> machine # [   11.251578] ppdev: user-space parallel port driver
vm-test-run-solem-ai-guardrails> machine # [   11.423474] Console: switching to colour frame buffer device 160x50
vm-test-run-solem-ai-guardrails> machine # [   11.644400] bochs-drm 0000:00:02.0: [drm] fb0: bochs-drmdrmfb frame buffer device
vm-test-run-solem-ai-guardrails> machine # [   10.687961] dhcpcd[744]: eth0: waiting for carrier
vm-test-run-solem-ai-guardrails> machine # [   11.285890] dhcpcd[744]: eth0: carrier acquired
vm-test-run-solem-ai-guardrails> machine # [   11.291239] systemd-logind[651]: Watching system buttons on /dev/input/event2 (Power Button)
vm-test-run-solem-ai-guardrails> machine # [   11.298890] dhcpcd[744]: DUID 00:01:00:01:31:ae:05:92:52:54:00:12:34:56
vm-test-run-solem-ai-guardrails> machine # [   11.306214] systemd-logind[651]: Watching system buttons on /dev/input/event0 (AT Translated Set 2 keyboard)
vm-test-run-solem-ai-guardrails> machine # [   11.313001] dhcpcd[744]: eth0: IAID 00:12:34:56
vm-test-run-solem-ai-guardrails> machine # [   11.316000] systemd[1]: Starting Virtual Console Setup...
vm-test-run-solem-ai-guardrails> machine # [   11.320950] dhcpcd[744]: eth0: adding address fe80::5054:ff:fe12:3456
vm-test-run-solem-ai-guardrails> machine # [   11.326229] systemd[1]: Listening on Load/Save RF Kill Switch Status /dev/rfkill Watch.
vm-test-run-solem-ai-guardrails> machine # [   11.331252] dhcpcd[744]: eth0: soliciting a DHCP lease
vm-test-run-solem-ai-guardrails> machine # [   11.335287] systemd-logind[651]: Watching system buttons on /dev/input/event3 (QEMU Virtio Keyboard)
vm-test-run-solem-ai-guardrails> machine # [   11.340836] dhcpcd[744]: eth0: offered 10.0.2.15 from 10.0.2.2
vm-test-run-solem-ai-guardrails> machine # [   11.345210] systemd[1]: systemd-vconsole-setup.service: Deactivated successfully.
vm-test-run-solem-ai-guardrails> machine # [   11.348615] dhcpcd[744]: eth0: probing address 10.0.2.15/24
vm-test-run-solem-ai-guardrails> machine # [   11.354566] systemd[1]: Stopped Virtual Console Setup.
vm-test-run-solem-ai-guardrails> machine # [   11.356598] systemd[1]: Starting Virtual Console Setup...
vm-test-run-solem-ai-guardrails> machine # [   11.417873] systemd[1]: Finished Permit User Sessions.
vm-test-run-solem-ai-guardrails> machine # [   11.424499] systemd[1]: Started Getty on tty1.
vm-test-run-solem-ai-guardrails> machine # [   11.426630] systemd[1]: Reached target Login Prompts.
vm-test-run-solem-ai-guardrails> machine # [   11.847745] kvm_amd: TSC scaling supported
vm-test-run-solem-ai-guardrails> machine # [   11.848726] kvm_amd: Nested Virtualization enabled
vm-test-run-solem-ai-guardrails> machine # [   11.849956] kvm_amd: Nested Paging enabled
vm-test-run-solem-ai-guardrails> machine # [   11.854588] kvm_amd: Virtual VMLOAD VMSAVE supported
vm-test-run-solem-ai-guardrails> machine # [   11.855881] kvm_amd: PMU virtualization is disabled
vm-test-run-solem-ai-guardrails> machine # [   11.885090] EDAC MC: Ver: 3.0.0
vm-test-run-solem-ai-guardrails> machine # [   12.050849] systemd[1]: Finished Virtual Console Setup.
vm-test-run-solem-ai-guardrails> machine # [   12.637559] dhcpcd[744]: eth0: soliciting an IPv6 router
vm-test-run-solem-ai-guardrails> machine # [   12.640697] dhcpcd[744]: eth0: Router Advertisement from fe80::2
vm-test-run-solem-ai-guardrails> machine # [   12.643249] dhcpcd[744]: eth0: adding address fec0::5054:ff:fe12:3456/64
vm-test-run-solem-ai-guardrails> machine # [   12.645584] dhcpcd[744]: eth0: adding route to fec0::/64
vm-test-run-solem-ai-guardrails> machine # [   12.647715] dhcpcd[744]: eth0: adding default route via fe80::2
vm-test-run-solem-ai-guardrails> machine # [   16.372170] dhcpcd[744]: eth0: leased 10.0.2.15 for 86400 seconds
vm-test-run-solem-ai-guardrails> machine # [   16.376482] dhcpcd[744]: eth0: adding route to 10.0.2.0/24
vm-test-run-solem-ai-guardrails> machine # [   16.378963] dhcpcd[744]: eth0: adding default route via 10.0.2.2
vm-test-run-solem-ai-guardrails> machine # [   16.522336] systemd[1]: Started DHCP Client.
vm-test-run-solem-ai-guardrails> machine # [   16.642947] systemd[1]: Reached target Network is Online.
vm-test-run-solem-ai-guardrails> machine # [   16.646615] systemd[1]: Reached target Multi-User System.
vm-test-run-solem-ai-guardrails> machine # [   16.648661] systemd[1]: Startup finished in 4.027s (kernel) + 12.497s (userspace) = 16.525s.
vm-test-run-solem-ai-guardrails> (finished: waiting for unit multi-user.target, in 18.69 seconds)
vm-test-run-solem-ai-guardrails> machine: must succeed: sleep 2
vm-test-run-solem-ai-guardrails> (finished: must succeed: sleep 2, in 2.04 seconds)
vm-test-run-solem-ai-guardrails> machine: must succeed: /run/current-system/sw/bin/solem-guard help 2>&1 | head -3 || true
vm-test-run-solem-ai-guardrails> (finished: must succeed: /run/current-system/sw/bin/solem-guard help 2>&1 | head -3 || true, in 0.06 seconds)
vm-test-run-solem-ai-guardrails> machine: must succeed: test -d /var/log/solem
vm-test-run-solem-ai-guardrails> (finished: must succeed: test -d /var/log/solem, in 0.02 seconds)
vm-test-run-solem-ai-guardrails> cleanup
vm-test-run-solem-ai-guardrails> kill machine (pid 9)
vm-test-run-solem-ai-guardrails> qemu-kvm: terminating on signal 15 from pid 6 (/nix/store/dksjvr69ckglyw1k2ss1qgshhcix73p8-python3-3.12.8/bin/python3.12)
vm-test-run-solem-ai-guardrails> kill vlan (pid 7)
vm-test-run-solem-ai-guardrails> (finished: cleanup, in 0.01 seconds)
vm-test-run-solem-ai-guardrails> Traceback (most recent call last):
vm-test-run-solem-ai-guardrails>   File "/nix/store/v87ngzjjfhfw8kpcg4ii401mscx8pg9g-nixos-test-driver-1.1/bin/.nixos-test-driver-wrapped", line 9, in <module>
vm-test-run-solem-ai-guardrails>     sys.exit(main())
vm-test-run-solem-ai-guardrails>              ^^^^^^
vm-test-run-solem-ai-guardrails>   File "/nix/store/v87ngzjjfhfw8kpcg4ii401mscx8pg9g-nixos-test-driver-1.1/lib/python3.12/site-packages/test_driver/__init__.py", line 146, in main
vm-test-run-solem-ai-guardrails>     driver.run_tests()
vm-test-run-solem-ai-guardrails>   File "/nix/store/v87ngzjjfhfw8kpcg4ii401mscx8pg9g-nixos-test-driver-1.1/lib/python3.12/site-packages/test_driver/driver.py", line 173, in run_tests
vm-test-run-solem-ai-guardrails>     self.test_script()
vm-test-run-solem-ai-guardrails>   File "/nix/store/v87ngzjjfhfw8kpcg4ii401mscx8pg9g-nixos-test-driver-1.1/lib/python3.12/site-packages/test_driver/driver.py", line 165, in test_script
vm-test-run-solem-ai-guardrails>     exec(self.tests, symbols, None)
vm-test-run-solem-ai-guardrails>   File "<string>", line 12, in <module>
vm-test-run-solem-ai-guardrails> AssertionError: blacklist test fail: /run/current-system/sw/bin/solem-guard: line 20: USER: unbound variable
error: builder for '/nix/store/5vash5fbx14nk9qj5p4lh5vf9116py0n-vm-test-run-solem-ai-guardrails.drv' failed with exit code 1;
       last 25 log lines:
       > (finished: waiting for unit multi-user.target, in 18.69 seconds)
       > machine: must succeed: sleep 2
       > (finished: must succeed: sleep 2, in 2.04 seconds)
       > machine: must succeed: /run/current-system/sw/bin/solem-guard help 2>&1 | head -3 || true
       > (finished: must succeed: /run/current-system/sw/bin/solem-guard help 2>&1 | head -3 || true, in 0.06 seconds)
       > machine: must succeed: test -d /var/log/solem
       > (finished: must succeed: test -d /var/log/solem, in 0.02 seconds)
       > cleanup
       > kill machine (pid 9)
       > qemu-kvm: terminating on signal 15 from pid 6 (/nix/store/dksjvr69ckglyw1k2ss1qgshhcix73p8-python3-3.12.8/bin/python3.12)
       > kill vlan (pid 7)
       > (finished: cleanup, in 0.01 seconds)
       > Traceback (most recent call last):
       >   File "/nix/store/v87ngzjjfhfw8kpcg4ii401mscx8pg9g-nixos-test-driver-1.1/bin/.nixos-test-driver-wrapped", line 9, in <module>
       >     sys.exit(main())
       >              ^^^^^^
       >   File "/nix/store/v87ngzjjfhfw8kpcg4ii401mscx8pg9g-nixos-test-driver-1.1/lib/python3.12/site-packages/test_driver/__init__.py", line 146, in main
       >     driver.run_tests()
       >   File "/nix/store/v87ngzjjfhfw8kpcg4ii401mscx8pg9g-nixos-test-driver-1.1/lib/python3.12/site-packages/test_driver/driver.py", line 173, in run_tests
       >     self.test_script()
       >   File "/nix/store/v87ngzjjfhfw8kpcg4ii401mscx8pg9g-nixos-test-driver-1.1/lib/python3.12/site-packages/test_driver/driver.py", line 165, in test_script
       >     exec(self.tests, symbols, None)
       >   File "<string>", line 12, in <module>
       > AssertionError: blacklist test fail: /run/current-system/sw/bin/solem-guard: line 20: USER: unbound variable
       >
       For full logs, run 'nix log /nix/store/5vash5fbx14nk9qj5p4lh5vf9116py0n-vm-test-run-solem-ai-guardrails.drv'.
