# VM test gavio-zero-trust FAIL — commit e228e83 @ 20260530T203152Z

vm-test-run-solem-gavio-zero-trust> machine # [   10.867694] fbcon: bochs-drmdrmfb (fb0) is primary device
vm-test-run-solem-gavio-zero-trust> machine # [   11.407486] Loaded X.509 cert 'sforshee: 00b28ddf47aef9cea7'
vm-test-run-solem-gavio-zero-trust> machine # [   11.407625] Loaded X.509 cert 'wens: 61c038651aabdcf94bd0ac7ff06c7248db18c600'
vm-test-run-solem-gavio-zero-trust> machine # [   11.410255] platform regulatory.0: Direct firmware load for regulatory.db failed with error -2
vm-test-run-solem-gavio-zero-trust> machine # [   11.410260] cfg80211: failed to load regulatory.db
vm-test-run-solem-gavio-zero-trust> machine # [   11.545654] 8021q: adding VLAN 0 to HW filter on device eth0
vm-test-run-solem-gavio-zero-trust> machine # [   11.632036] ppdev: user-space parallel port driver
vm-test-run-solem-gavio-zero-trust> machine # [   11.834508] Console: switching to colour frame buffer device 160x50
vm-test-run-solem-gavio-zero-trust> machine # [   12.007974] bochs-drm 0000:00:02.0: [drm] fb0: bochs-drmdrmfb frame buffer device
vm-test-run-solem-gavio-zero-trust> machine # [   11.169506] dhcpcd[752]: eth0: waiting for carrier
vm-test-run-solem-gavio-zero-trust> machine # [   11.646218] dhcpcd[752]: eth0: carrier acquired
vm-test-run-solem-gavio-zero-trust> machine # [   11.651891] systemd-logind[650]: Watching system buttons on /dev/input/event2 (Power Button)
vm-test-run-solem-gavio-zero-trust> machine # [   11.661972] dhcpcd[752]: DUID 00:01:00:01:31:ae:05:a9:52:54:00:12:34:56
vm-test-run-solem-gavio-zero-trust> machine # [   11.669578] systemd-logind[650]: Watching system buttons on /dev/input/event0 (AT Translated Set 2 keyboard)
vm-test-run-solem-gavio-zero-trust> machine # [   11.679365] dhcpcd[752]: eth0: IAID 00:12:34:56
vm-test-run-solem-gavio-zero-trust> machine # [   11.685632] systemd[1]: Starting Virtual Console Setup...
vm-test-run-solem-gavio-zero-trust> machine # [   11.691172] dhcpcd[752]: eth0: adding address fe80::5054:ff:fe12:3456
vm-test-run-solem-gavio-zero-trust> machine # [   11.695411] systemd-logind[650]: Watching system buttons on /dev/input/event3 (QEMU Virtio Keyboard)
vm-test-run-solem-gavio-zero-trust> machine # [   11.700709] systemd[1]: Listening on Load/Save RF Kill Switch Status /dev/rfkill Watch.
vm-test-run-solem-gavio-zero-trust> machine # [   11.705582] systemd[1]: systemd-vconsole-setup.service: Deactivated successfully.
vm-test-run-solem-gavio-zero-trust> machine # [   11.708901] systemd[1]: Stopped Virtual Console Setup.
vm-test-run-solem-gavio-zero-trust> machine # [   11.714387] systemd[1]: Starting Virtual Console Setup...
vm-test-run-solem-gavio-zero-trust> machine # [   11.725201] systemd[1]: Finished Extra networking commands..
vm-test-run-solem-gavio-zero-trust> machine # [   11.727616] systemd[1]: Reached target Network.
vm-test-run-solem-gavio-zero-trust> machine # [   11.732822] systemd[1]: Starting Permit User Sessions...
vm-test-run-solem-gavio-zero-trust> machine # [   11.866308] systemd[1]: Finished Permit User Sessions.
vm-test-run-solem-gavio-zero-trust> machine # [   11.870971] systemd[1]: Started Getty on tty1.
vm-test-run-solem-gavio-zero-trust> machine # [   11.873709] systemd[1]: Reached target Login Prompts.
vm-test-run-solem-gavio-zero-trust> machine # [   12.283256] kvm_amd: TSC scaling supported
vm-test-run-solem-gavio-zero-trust> machine # [   12.284402] kvm_amd: Nested Virtualization enabled
vm-test-run-solem-gavio-zero-trust> machine # [   12.285741] kvm_amd: Nested Paging enabled
vm-test-run-solem-gavio-zero-trust> machine # [   12.292564] kvm_amd: Virtual VMLOAD VMSAVE supported
vm-test-run-solem-gavio-zero-trust> machine # [   12.294417] kvm_amd: PMU virtualization is disabled
vm-test-run-solem-gavio-zero-trust> machine # [   12.326643] EDAC MC: Ver: 3.0.0
vm-test-run-solem-gavio-zero-trust> machine # [   12.475394] systemd[1]: Finished Virtual Console Setup.
vm-test-run-solem-gavio-zero-trust> machine # [   12.741642] dhcpcd[752]: eth0: soliciting a DHCP lease
vm-test-run-solem-gavio-zero-trust> machine # [   13.144045] NET: Registered PF_PACKET protocol family
vm-test-run-solem-gavio-zero-trust> machine # [   12.773095] dhcpcd[752]: eth0: offered 10.0.2.15 from 10.0.2.2
vm-test-run-solem-gavio-zero-trust> machine # [   12.775568] dhcpcd[752]: eth0: probing address 10.0.2.15/24
vm-test-run-solem-gavio-zero-trust> machine # [   13.664829] dhcpcd[752]: eth0: soliciting an IPv6 router
vm-test-run-solem-gavio-zero-trust> machine # [   13.667655] dhcpcd[752]: eth0: Router Advertisement from fe80::2
vm-test-run-solem-gavio-zero-trust> machine # [   13.670509] dhcpcd[752]: eth0: adding address fec0::5054:ff:fe12:3456/64
vm-test-run-solem-gavio-zero-trust> machine # [   13.672964] dhcpcd[752]: eth0: adding route to fec0::/64
vm-test-run-solem-gavio-zero-trust> machine # [   13.675347] dhcpcd[752]: eth0: adding default route via fe80::2
vm-test-run-solem-gavio-zero-trust> machine # [   17.444887] dhcpcd[752]: eth0: leased 10.0.2.15 for 86400 seconds
vm-test-run-solem-gavio-zero-trust> machine # [   17.448685] dhcpcd[752]: eth0: adding route to 10.0.2.0/24
vm-test-run-solem-gavio-zero-trust> machine # [   17.452414] dhcpcd[752]: eth0: adding default route via 10.0.2.2
vm-test-run-solem-gavio-zero-trust> machine # [   17.585832] systemd[1]: Started DHCP Client.
vm-test-run-solem-gavio-zero-trust> machine # [   17.591575] systemd[1]: Reached target Network is Online.
vm-test-run-solem-gavio-zero-trust> machine # [   17.598617] systemd[1]: Starting Docker Application Container Engine...
vm-test-run-solem-gavio-zero-trust> machine # [   18.472976] dockerd[931]: time="2026-05-30T20:31:44.782201506Z" level=info msg="Starting up"
vm-test-run-solem-gavio-zero-trust> machine # [   18.479742] dockerd[931]: time="2026-05-30T20:31:44.790185761Z" level=info msg="containerd not running, starting managed containerd"
vm-test-run-solem-gavio-zero-trust> machine # [   18.497977] dockerd[931]: time="2026-05-30T20:31:44.808202018Z" level=info msg="started new containerd process" address=/var/run/docker/containerd/containerd.sock module=libcontainerd pid=947
vm-test-run-solem-gavio-zero-trust> machine # [   18.913830] dockerd[947]: time="2026-05-30T20:31:45.222967302Z" level=info msg="starting containerd" revision=v1.7.23 version=v1.7.23
vm-test-run-solem-gavio-zero-trust> machine # [   18.943960] dockerd[947]: time="2026-05-30T20:31:45.254240550Z" level=info msg="loading plugin \"io.containerd.snapshotter.v1.aufs\"..." type=io.containerd.snapshotter.v1
vm-test-run-solem-gavio-zero-trust> machine # [   18.973198] dockerd[947]: time="2026-05-30T20:31:45.282930510Z" level=info msg="skip loading plugin \"io.containerd.snapshotter.v1.aufs\"..." error="aufs is not supported (modprobe aufs failed: exit status 1 \"modprobe: FATAL: Module aufs not found in directory /run/booted-system/kernel-modules/lib/modules/6.6.94\\n\"): skip plugin" type=io.containerd.snapshotter.v1
vm-test-run-solem-gavio-zero-trust> machine # [   18.987719] dockerd[947]: time="2026-05-30T20:31:45.283000351Z" level=info msg="loading plugin \"io.containerd.event.v1.exchange\"..." type=io.containerd.event.v1
vm-test-run-solem-gavio-zero-trust> machine # [   18.992727] dockerd[947]: time="2026-05-30T20:31:45.283158472Z" level=info msg="loading plugin \"io.containerd.internal.v1.opt\"..." type=io.containerd.internal.v1
vm-test-run-solem-gavio-zero-trust> machine # [   19.000130] dockerd[947]: time="2026-05-30T20:31:45.283454878Z" level=info msg="loading plugin \"io.containerd.warning.v1.deprecations\"..." type=io.containerd.warning.v1
vm-test-run-solem-gavio-zero-trust> machine # [   19.007421] dockerd[947]: time="2026-05-30T20:31:45.283513265Z" level=info msg="loading plugin \"io.containerd.snapshotter.v1.blockfile\"..." type=io.containerd.snapshotter.v1
vm-test-run-solem-gavio-zero-trust> machine # [   19.015868] dockerd[947]: time="2026-05-30T20:31:45.302734982Z" level=info msg="skip loading plugin \"io.containerd.snapshotter.v1.blockfile\"..." error="no scratch file generator: skip plugin" type=io.containerd.snapshotter.v1
vm-test-run-solem-gavio-zero-trust> machine # [   19.026217] dockerd[947]: time="2026-05-30T20:31:45.308824024Z" level=info msg="loading plugin \"io.containerd.snapshotter.v1.btrfs\"..." type=io.containerd.snapshotter.v1
vm-test-run-solem-gavio-zero-trust> machine # [   19.033563] dockerd[947]: time="2026-05-30T20:31:45.310000710Z" level=info msg="skip loading plugin \"io.containerd.snapshotter.v1.btrfs\"..." error="path /var/lib/docker/containerd/daemon/io.containerd.snapshotter.v1.btrfs (ext4) must be a btrfs filesystem to be used with the btrfs snapshotter: skip plugin" type=io.containerd.snapshotter.v1
vm-test-run-solem-gavio-zero-trust> machine # [   19.048112] dockerd[947]: time="2026-05-30T20:31:45.310048481Z" level=info msg="loading plugin \"io.containerd.snapshotter.v1.devmapper\"..." type=io.containerd.snapshotter.v1
vm-test-run-solem-gavio-zero-trust> machine # [   19.056629] dockerd[947]: time="2026-05-30T20:31:45.310087592Z" level=info msg="skip loading plugin \"io.containerd.snapshotter.v1.devmapper\"..." error="devmapper not configured: skip plugin" type=io.containerd.snapshotter.v1
vm-test-run-solem-gavio-zero-trust> machine # [   19.066339] dockerd[947]: time="2026-05-30T20:31:45.310121675Z" level=info msg="loading plugin \"io.containerd.snapshotter.v1.native\"..." type=io.containerd.snapshotter.v1
vm-test-run-solem-gavio-zero-trust> machine # [   19.073709] dockerd[947]: time="2026-05-30T20:31:45.310251300Z" level=info msg="loading plugin \"io.containerd.snapshotter.v1.overlayfs\"..." type=io.containerd.snapshotter.v1
vm-test-run-solem-gavio-zero-trust> machine # [   19.081953] dockerd[947]: time="2026-05-30T20:31:45.336289247Z" level=info msg="loading plugin \"io.containerd.snapshotter.v1.zfs\"..." type=io.containerd.snapshotter.v1
vm-test-run-solem-gavio-zero-trust> machine # [   19.088765] dockerd[947]: time="2026-05-30T20:31:45.336530059Z" level=info msg="skip loading plugin \"io.containerd.snapshotter.v1.zfs\"..." error="path /var/lib/docker/containerd/daemon/io.containerd.snapshotter.v1.zfs must be a zfs filesystem to be used with the zfs snapshotter: skip plugin" type=io.containerd.snapshotter.v1
vm-test-run-solem-gavio-zero-trust> machine # [   19.102686] dockerd[947]: time="2026-05-30T20:31:45.343893565Z" level=info msg="loading plugin \"io.containerd.content.v1.content\"..." type=io.containerd.content.v1
vm-test-run-solem-gavio-zero-trust> machine # [   19.106986] dockerd[947]: time="2026-05-30T20:31:45.358080843Z" level=info msg="loading plugin \"io.containerd.metadata.v1.bolt\"..." type=io.containerd.metadata.v1
vm-test-run-solem-gavio-zero-trust> machine # [   19.112918] dockerd[947]: time="2026-05-30T20:31:45.358286176Z" level=info msg="metadata content store policy set" policy=shared
vm-test-run-solem-gavio-zero-trust> machine # [   19.128215] dockerd[947]: time="2026-05-30T20:31:45.437774771Z" level=info msg="loading plugin \"io.containerd.gc.v1.scheduler\"..." type=io.containerd.gc.v1
vm-test-run-solem-gavio-zero-trust> machine # [   19.133279] dockerd[947]: time="2026-05-30T20:31:45.438037932Z" level=info msg="loading plugin \"io.containerd.differ.v1.walking\"..." type=io.containerd.differ.v1
vm-test-run-solem-gavio-zero-trust> machine # [   19.138385] dockerd[947]: time="2026-05-30T20:31:45.438086821Z" level=info msg="loading plugin \"io.containerd.lease.v1.manager\"..." type=io.containerd.lease.v1
vm-test-run-solem-gavio-zero-trust> machine # [   19.144543] dockerd[947]: time="2026-05-30T20:31:45.438133196Z" level=info msg="loading plugin \"io.containerd.streaming.v1.manager\"..." type=io.containerd.streaming.v1
vm-test-run-solem-gavio-zero-trust> machine # [   19.150848] dockerd[947]: time="2026-05-30T20:31:45.460740538Z" level=info msg="loading plugin \"io.containerd.runtime.v1.linux\"..." type=io.containerd.runtime.v1
vm-test-run-solem-gavio-zero-trust> machine # [   19.157634] dockerd[947]: time="2026-05-30T20:31:45.466259396Z" level=info msg="loading plugin \"io.containerd.monitor.v1.cgroups\"..." type=io.containerd.monitor.v1
vm-test-run-solem-gavio-zero-trust> machine # [   19.165230] dockerd[947]: time="2026-05-30T20:31:45.474058153Z" level=info msg="loading plugin \"io.containerd.runtime.v2.task\"..." type=io.containerd.runtime.v2
vm-test-run-solem-gavio-zero-trust> machine # [   19.172002] dockerd[947]: time="2026-05-30T20:31:45.480889468Z" level=info msg="loading plugin \"io.containerd.runtime.v2.shim\"..." type=io.containerd.runtime.v2
vm-test-run-solem-gavio-zero-trust> machine # [   19.176732] dockerd[947]: time="2026-05-30T20:31:45.481742090Z" level=info msg="loading plugin \"io.containerd.sandbox.store.v1.local\"..." type=io.containerd.sandbox.store.v1
vm-test-run-solem-gavio-zero-trust> machine # [   19.183269] dockerd[947]: time="2026-05-30T20:31:45.481789303Z" level=info msg="loading plugin \"io.containerd.sandbox.controller.v1.local\"..." type=io.containerd.sandbox.controller.v1
vm-test-run-solem-gavio-zero-trust> machine # [   19.188525] dockerd[947]: time="2026-05-30T20:31:45.481959157Z" level=info msg="loading plugin \"io.containerd.service.v1.containers-service\"..." type=io.containerd.service.v1
vm-test-run-solem-gavio-zero-trust> machine # [   19.194673] dockerd[947]: time="2026-05-30T20:31:45.481998268Z" level=info msg="loading plugin \"io.containerd.service.v1.content-service\"..." type=io.containerd.service.v1
vm-test-run-solem-gavio-zero-trust> machine # [   19.203209] dockerd[947]: time="2026-05-30T20:31:45.482089062Z" level=info msg="loading plugin \"io.containerd.service.v1.diff-service\"..." type=io.containerd.service.v1
vm-test-run-solem-gavio-zero-trust> machine # [   19.210964] dockerd[947]: time="2026-05-30T20:31:45.482127614Z" level=info msg="loading plugin \"io.containerd.service.v1.images-service\"..." type=io.containerd.service.v1
vm-test-run-solem-gavio-zero-trust> machine # [   19.219698] dockerd[947]: time="2026-05-30T20:31:45.482166725Z" level=info msg="loading plugin \"io.containerd.service.v1.introspection-service\"..." type=io.containerd.service.v1
vm-test-run-solem-gavio-zero-trust> machine # [   19.227914] dockerd[947]: time="2026-05-30T20:31:45.491468746Z" level=info msg="loading plugin \"io.containerd.service.v1.namespaces-service\"..." type=io.containerd.service.v1
vm-test-run-solem-gavio-zero-trust> machine # [   19.236847] dockerd[947]: time="2026-05-30T20:31:45.491545012Z" level=info msg="loading plugin \"io.containerd.service.v1.snapshots-service\"..." type=io.containerd.service.v1
vm-test-run-solem-gavio-zero-trust> machine # [   19.244760] dockerd[947]: time="2026-05-30T20:31:45.492434790Z" level=info msg="loading plugin \"io.containerd.service.v1.tasks-service\"..." type=io.containerd.service.v1
vm-test-run-solem-gavio-zero-trust> machine # [   19.254191] dockerd[947]: time="2026-05-30T20:31:45.493562587Z" level=info msg="loading plugin \"io.containerd.grpc.v1.containers\"..." type=io.containerd.grpc.v1
vm-test-run-solem-gavio-zero-trust> machine # [   19.261726] dockerd[947]: time="2026-05-30T20:31:45.498181331Z" level=info msg="loading plugin \"io.containerd.grpc.v1.content\"..." type=io.containerd.grpc.v1
vm-test-run-solem-gavio-zero-trust> machine # [   19.269355] dockerd[947]: time="2026-05-30T20:31:45.498224073Z" level=info msg="loading plugin \"io.containerd.grpc.v1.diff\"..." type=io.containerd.grpc.v1
vm-test-run-solem-gavio-zero-trust> machine # [   19.277601] dockerd[947]: time="2026-05-30T20:31:45.498262626Z" level=info msg="loading plugin \"io.containerd.grpc.v1.events\"..." type=io.containerd.grpc.v1
vm-test-run-solem-gavio-zero-trust> machine # [   19.285217] dockerd[947]: time="2026-05-30T20:31:45.498299223Z" level=info msg="loading plugin \"io.containerd.grpc.v1.images\"..." type=io.containerd.grpc.v1
vm-test-run-solem-gavio-zero-trust> machine # [   19.291981] dockerd[947]: time="2026-05-30T20:31:45.498345318Z" level=info msg="loading plugin \"io.containerd.grpc.v1.introspection\"..." type=io.containerd.grpc.v1
vm-test-run-solem-gavio-zero-trust> machine # [   19.300860] dockerd[947]: time="2026-05-30T20:31:45.498385267Z" level=info msg="loading plugin \"io.containerd.grpc.v1.leases\"..." type=io.containerd.grpc.v1
vm-test-run-solem-gavio-zero-trust> machine # [   19.305554] dockerd[947]: time="2026-05-30T20:31:45.498433877Z" level=info msg="loading plugin \"io.containerd.grpc.v1.namespaces\"..." type=io.containerd.grpc.v1
vm-test-run-solem-gavio-zero-trust> machine # [   19.311723] dockerd[947]: time="2026-05-30T20:31:45.498471870Z" level=info msg="loading plugin \"io.containerd.grpc.v1.sandbox-controllers\"..." type=io.containerd.grpc.v1
vm-test-run-solem-gavio-zero-trust> machine # [   19.316698] dockerd[947]: time="2026-05-30T20:31:45.498516569Z" level=info msg="loading plugin \"io.containerd.grpc.v1.sandboxes\"..." type=io.containerd.grpc.v1
vm-test-run-solem-gavio-zero-trust> machine # [   19.322389] dockerd[947]: time="2026-05-30T20:31:45.504992811Z" level=info msg="loading plugin \"io.containerd.grpc.v1.snapshots\"..." type=io.containerd.grpc.v1
vm-test-run-solem-gavio-zero-trust> machine # [   19.329147] dockerd[947]: time="2026-05-30T20:31:45.512389002Z" level=info msg="loading plugin \"io.containerd.grpc.v1.streaming\"..." type=io.containerd.grpc.v1
vm-test-run-solem-gavio-zero-trust> machine # [   19.333273] dockerd[947]: time="2026-05-30T20:31:45.512442361Z" level=info msg="loading plugin \"io.containerd.grpc.v1.tasks\"..." type=io.containerd.grpc.v1
vm-test-run-solem-gavio-zero-trust> machine # [   19.338280] dockerd[947]: time="2026-05-30T20:31:45.513092723Z" level=info msg="loading plugin \"io.containerd.transfer.v1.local\"..." type=io.containerd.transfer.v1
vm-test-run-solem-gavio-zero-trust> machine # [   19.344293] dockerd[947]: time="2026-05-30T20:31:45.513243301Z" level=info msg="loading plugin \"io.containerd.grpc.v1.transfer\"..." type=io.containerd.grpc.v1
vm-test-run-solem-gavio-zero-trust> machine # [   19.351629] dockerd[947]: time="2026-05-30T20:31:45.513314539Z" level=info msg="loading plugin \"io.containerd.grpc.v1.version\"..." type=io.containerd.grpc.v1
vm-test-run-solem-gavio-zero-trust> machine # [   19.357971] dockerd[947]: time="2026-05-30T20:31:45.513371250Z" level=info msg="loading plugin \"io.containerd.internal.v1.restart\"..." type=io.containerd.internal.v1
vm-test-run-solem-gavio-zero-trust> machine # [   19.366764] dockerd[947]: time="2026-05-30T20:31:45.554202696Z" level=info msg="loading plugin \"io.containerd.tracing.processor.v1.otlp\"..." type=io.containerd.tracing.processor.v1
vm-test-run-solem-gavio-zero-trust> machine # [   19.375201] dockerd[947]: time="2026-05-30T20:31:45.554282595Z" level=info msg="skip loading plugin \"io.containerd.tracing.processor.v1.otlp\"..." error="skip plugin: tracing endpoint not configured" type=io.containerd.tracing.processor.v1
vm-test-run-solem-gavio-zero-trust> machine # [   19.381864] dockerd[947]: time="2026-05-30T20:31:45.554325338Z" level=info msg="loading plugin \"io.containerd.internal.v1.tracing\"..." type=io.containerd.internal.v1
vm-test-run-solem-gavio-zero-trust> machine # [   19.387838] dockerd[947]: time="2026-05-30T20:31:45.554367522Z" level=info msg="skip loading plugin \"io.containerd.internal.v1.tracing\"..." error="skip plugin: tracing endpoint not configured" type=io.containerd.internal.v1
vm-test-run-solem-gavio-zero-trust> machine # [   19.398272] dockerd[947]: time="2026-05-30T20:31:45.554403001Z" level=info msg="loading plugin \"io.containerd.grpc.v1.healthcheck\"..." type=io.containerd.grpc.v1
vm-test-run-solem-gavio-zero-trust> machine # [   19.402839] dockerd[947]: time="2026-05-30T20:31:45.554447420Z" level=info msg="loading plugin \"io.containerd.nri.v1.nri\"..." type=io.containerd.nri.v1
vm-test-run-solem-gavio-zero-trust> machine # [   19.407615] dockerd[947]: time="2026-05-30T20:31:45.666361923Z" level=info msg="NRI interface is disabled by configuration."
vm-test-run-solem-gavio-zero-trust> machine # [   19.412574] dockerd[947]: time="2026-05-30T20:31:45.708532087Z" level=info msg=serving... address=/var/run/docker/containerd/containerd-debug.sock
vm-test-run-solem-gavio-zero-trust> machine # [   19.417757] dockerd[947]: time="2026-05-30T20:31:45.717757841Z" level=info msg=serving... address=/var/run/docker/containerd/containerd.sock.ttrpc
vm-test-run-solem-gavio-zero-trust> machine # [   19.423488] dockerd[947]: time="2026-05-30T20:31:45.720766324Z" level=info msg=serving... address=/var/run/docker/containerd/containerd.sock
vm-test-run-solem-gavio-zero-trust> machine # [   19.428266] dockerd[947]: time="2026-05-30T20:31:45.721997486Z" level=info msg="containerd successfully booted in 0.502267s"
vm-test-run-solem-gavio-zero-trust> machine # [   19.552313] dockerd[931]: time="2026-05-30T20:31:45.861972818Z" level=info msg="OTEL tracing is not configured, using no-op tracer provider"
vm-test-run-solem-gavio-zero-trust> machine # [   19.788914] systemd[1]: var-lib-docker-metacopy\x2dcheck669267310-merged.mount: Deactivated successfully.
vm-test-run-solem-gavio-zero-trust> machine # [   19.801766] dockerd[931]: time="2026-05-30T20:31:46.112197078Z" level=info msg="Loading containers: start."
vm-test-run-solem-gavio-zero-trust> machine # [   21.206265] Initializing XFRM netlink socket
vm-test-run-solem-gavio-zero-trust> machine # [   20.839901] (udev-worker)[882]: Network interface NamePolicy= disabled on kernel command line.
vm-test-run-solem-gavio-zero-trust> machine # [   21.455371] dockerd[931]: time="2026-05-30T20:31:47.764952666Z" level=info msg="Loading containers: done."
vm-test-run-solem-gavio-zero-trust> machine # [   21.517807] systemd[1]: var-lib-docker-overlay2-opaque\x2dbug\x2dcheck2825921423-merged.mount: Deactivated successfully.
vm-test-run-solem-gavio-zero-trust> machine # [   21.523387] dockerd[931]: time="2026-05-30T20:31:47.833828179Z" level=info msg="Docker daemon" commit=v27.5.1 containerd-snapshotter=false storage-driver=overlay2 version=27.5.1
vm-test-run-solem-gavio-zero-trust> machine # [   21.529011] dockerd[931]: time="2026-05-30T20:31:47.839042808Z" level=info msg="Daemon has completed initialization"
vm-test-run-solem-gavio-zero-trust> machine # [   21.793181] dockerd[931]: time="2026-05-30T20:31:48.100691146Z" level=info msg="API listen on /run/docker.sock"
vm-test-run-solem-gavio-zero-trust> machine # [   21.798952] dockerd[931]: time="2026-05-30T20:31:48.102468188Z" level=info msg="API listen on /run/docker.sock"
vm-test-run-solem-gavio-zero-trust> machine # [   21.803355] systemd[1]: Started Docker Application Container Engine.
vm-test-run-solem-gavio-zero-trust> machine # [   21.805886] systemd[1]: Reached target Multi-User System.
vm-test-run-solem-gavio-zero-trust> machine # [   21.809275] systemd[1]: Startup finished in 4.201s (kernel) + 17.595s (userspace) = 21.796s.
vm-test-run-solem-gavio-zero-trust> (finished: waiting for unit multi-user.target, in 24.28 seconds)
vm-test-run-solem-gavio-zero-trust> machine: must succeed: sleep 2
vm-test-run-solem-gavio-zero-trust> (finished: must succeed: sleep 2, in 2.04 seconds)
vm-test-run-solem-gavio-zero-trust> machine: must succeed: systemctl cat gavio.service 2>&1 | head -50
vm-test-run-solem-gavio-zero-trust> (finished: must succeed: systemctl cat gavio.service 2>&1 | head -50, in 0.07 seconds)
vm-test-run-solem-gavio-zero-trust> machine: must succeed: systemctl show gavio.service -p User --value
vm-test-run-solem-gavio-zero-trust> (finished: must succeed: systemctl show gavio.service -p User --value, in 0.11 seconds)
vm-test-run-solem-gavio-zero-trust> gavio.service User = 'gavio-ai'
vm-test-run-solem-gavio-zero-trust> machine: must succeed: systemctl show gavio.service -p NoNewPrivileges --value
vm-test-run-solem-gavio-zero-trust> (finished: must succeed: systemctl show gavio.service -p NoNewPrivileges --value, in 0.11 seconds)
vm-test-run-solem-gavio-zero-trust> NoNewPrivileges = 'yes'
vm-test-run-solem-gavio-zero-trust> machine: must succeed: systemctl show gavio.service -p CapabilityBoundingSet --value
vm-test-run-solem-gavio-zero-trust> (finished: must succeed: systemctl show gavio.service -p CapabilityBoundingSet --value, in 0.11 seconds)
vm-test-run-solem-gavio-zero-trust> CapabilityBoundingSet = ''
vm-test-run-solem-gavio-zero-trust> machine: must succeed: systemctl show gavio.service -p PrivateDevices --value
vm-test-run-solem-gavio-zero-trust> (finished: must succeed: systemctl show gavio.service -p PrivateDevices --value, in 0.11 seconds)
vm-test-run-solem-gavio-zero-trust> PrivateDevices = 'yes'
vm-test-run-solem-gavio-zero-trust> machine: must succeed: systemctl show gavio.service -p ProtectSystem --value
vm-test-run-solem-gavio-zero-trust> (finished: must succeed: systemctl show gavio.service -p ProtectSystem --value, in 0.11 seconds)
vm-test-run-solem-gavio-zero-trust> ProtectSystem = 'strict'
vm-test-run-solem-gavio-zero-trust> machine: must succeed: systemctl show gavio.service -p SystemCallFilter --value
vm-test-run-solem-gavio-zero-trust> (finished: must succeed: systemctl show gavio.service -p SystemCallFilter --value, in 0.11 seconds)
vm-test-run-solem-gavio-zero-trust> SystemCallFilter = '_llseek _newselect accept accept4 access alarm arch_prctl arm_fadvise64_64 bind brk cacheflush capget chdir chmod clock_getres clock_getres_time64 clock_gettime clock_gettime64 clock_nanosleep clock_n...'
vm-test-run-solem-gavio-zero-trust> cleanup
vm-test-run-solem-gavio-zero-trust> kill machine (pid 9)
vm-test-run-solem-gavio-zero-trust> qemu-kvm: terminating on signal 15 from pid 6 (/nix/store/dksjvr69ckglyw1k2ss1qgshhcix73p8-python3-3.12.8/bin/python3.12)
vm-test-run-solem-gavio-zero-trust> kill vlan (pid 7)
vm-test-run-solem-gavio-zero-trust> (finished: cleanup, in 0.00 seconds)
vm-test-run-solem-gavio-zero-trust> Traceback (most recent call last):
vm-test-run-solem-gavio-zero-trust>   File "/nix/store/v87ngzjjfhfw8kpcg4ii401mscx8pg9g-nixos-test-driver-1.1/bin/.nixos-test-driver-wrapped", line 9, in <module>
vm-test-run-solem-gavio-zero-trust>     sys.exit(main())
vm-test-run-solem-gavio-zero-trust>              ^^^^^^
vm-test-run-solem-gavio-zero-trust>   File "/nix/store/v87ngzjjfhfw8kpcg4ii401mscx8pg9g-nixos-test-driver-1.1/lib/python3.12/site-packages/test_driver/__init__.py", line 146, in main
vm-test-run-solem-gavio-zero-trust>     driver.run_tests()
vm-test-run-solem-gavio-zero-trust>   File "/nix/store/v87ngzjjfhfw8kpcg4ii401mscx8pg9g-nixos-test-driver-1.1/lib/python3.12/site-packages/test_driver/driver.py", line 173, in run_tests
vm-test-run-solem-gavio-zero-trust>     self.test_script()
vm-test-run-solem-gavio-zero-trust>   File "/nix/store/v87ngzjjfhfw8kpcg4ii401mscx8pg9g-nixos-test-driver-1.1/lib/python3.12/site-packages/test_driver/driver.py", line 165, in test_script
vm-test-run-solem-gavio-zero-trust>     exec(self.tests, symbols, None)
vm-test-run-solem-gavio-zero-trust>   File "<string>", line 39, in <module>
vm-test-run-solem-gavio-zero-trust> AssertionError: FAIL: SystemCallFilter manca tag 'privileged': _llseek _newselect accept accept4 access alarm arch_prctl arm_fadvise64_64 bind brk cacheflush capget chdir chmod clock_getres clock_getres_time64 clock_gettime clock_gettime64 clock_nanosleep clock_nanosleep_time64 clone clone3 close close_range connect copy_file_range creat dup dup2 dup3 epoll_create epoll_create1 epoll_ctl epoll_ctl_old epoll_pwait epoll_pwait2 epoll_wait epoll_wait_old eventfd eventfd2 execve execveat exit exit_group faccessat faccessat2 fadvise64 fadvise64_64 fallocate fchdir fchmod fchmodat fchmodat2 fcntl fcntl64 fdatasync fgetxattr flistxattr flock fork fremovexattr fsetxattr fstat fstat64 fstatat64 fstatfs fstatfs64 fsync ftruncate ftruncate64 futex futex_time64 futex_waitv futimesat get_mempolicy get_robust_list get_thread_area getcpu getcwd getdents getdents64 getegid getegid32 geteuid geteuid32 getgid getgid32 getgroups getgroups32 getitimer getpeername getpgid getpgrp getpid getppid getpriority getrandom getresgid getresgid32 getresuid getresuid32 getrlimit getrusage getsid getsockname getsockopt gettid gettimeofday getuid getuid32 getxattr inotify_add_watch inotify_init inotify_init1 inotify_rm_watch io_cancel io_destroy io_getevents io_pgetevents io_pgetevents_time64 io_setup io_submit io_uring_enter io_uring_register io_uring_setup ioctl ioprio_get ipc kcmp kill landlock_add_rule landlock_create_ruleset landlock_restrict_self lgetxattr link linkat listen listxattr llistxattr lremovexattr lseek lsetxattr lstat lstat64 madvise membarrier memfd_create mkdir mkdirat mknod mknodat mlock mlock2 mlockall mmap mmap2 mprotect mq_getsetattr mq_notify mq_open mq_timedreceive mq_timedreceive_time64 mq_timedsend mq_timedsend_time64 mq_unlink mremap msgctl msgget msgrcv msgsnd msync munlock munlockall munmap name_to_handle_at nanosleep newfstatat oldfstat oldlstat oldolduname oldstat olduname open openat openat2 pause personality pidfd_open pidfd_send_signal pipe pipe2 poll ppoll ppoll_time64 prctl pread64 preadv preadv2 prlimit64 process_madvise process_vm_readv process_vm_writev pselect6 pselect6_time64 pwrite64 pwritev pwritev2 read readahead readdir readlink readlinkat readv recv recvfrom recvmmsg recvmmsg_time64 recvmsg remap_file_pages removexattr rename renameat renameat2 restart_syscall riscv_flush_icache rmdir rseq rt_sigaction rt_sigpending rt_sigprocmask rt_sigqueueinfo rt_sigreturn rt_sigsuspend rt_sigtimedwait rt_sigtimedwait_time64 rt_tgsigqueueinfo sched_get_priority_max sched_get_priority_min sched_getaffinity sched_getattr sched_getparam sched_getscheduler sched_rr_get_interval sched_rr_get_interval_time64 sched_yield seccomp select semctl semget semop semtimedop semtimedop_time64 send sendfile sendfile64 sendmmsg sendmsg sendto set_robust_list set_thread_area set_tid_address set_tls setfsgid setfsgid32 setgid setgid32 setitimer setns setpgid setregid setregid32 setresgid setresgid32 setsid setsockopt setxattr shmat shmctl shmdt shmget shutdown sigaction sigaltstack signal signalfd signalfd4 sigpending sigprocmask sigreturn sigsuspend socket socketcall socketpair splice stat stat64 statfs statfs64 statx swapcontext symlink symlinkat sync sync_file_range sync_file_range2 syncfs sysinfo tee tgkill time timer_create timer_delete timer_getoverrun timer_gettime timer_gettime64 timer_settime timer_settime64 timerfd_create timerfd_gettime timerfd_gettime64 timerfd_settime timerfd_settime64 times tkill truncate truncate64 ugetrlimit umask uname unlink unlinkat unshare userfaultfd utime utimensat utimensat_time64 utimes vfork vmsplice wait4 waitid waitpid write writev
error: builder for '/nix/store/zd77nfrb30w61ly0jg8slk470qx5w421-vm-test-run-solem-gavio-zero-trust.drv' failed with exit code 1;
       last 25 log lines:
       > PrivateDevices = 'yes'
       > machine: must succeed: systemctl show gavio.service -p ProtectSystem --value
       > (finished: must succeed: systemctl show gavio.service -p ProtectSystem --value, in 0.11 seconds)
       > ProtectSystem = 'strict'
       > machine: must succeed: systemctl show gavio.service -p SystemCallFilter --value
       > (finished: must succeed: systemctl show gavio.service -p SystemCallFilter --value, in 0.11 seconds)
       > SystemCallFilter = '_llseek _newselect accept accept4 access alarm arch_prctl arm_fadvise64_64 bind brk cacheflush capget chdir chmod clock_getres clock_getres_time64 clock_gettime clock_gettime64 clock_nanosleep clock_n...'
       > cleanup
       > kill machine (pid 9)
       > qemu-kvm: terminating on signal 15 from pid 6 (/nix/store/dksjvr69ckglyw1k2ss1qgshhcix73p8-python3-3.12.8/bin/python3.12)
       > kill vlan (pid 7)
       > (finished: cleanup, in 0.00 seconds)
       > Traceback (most recent call last):
       >   File "/nix/store/v87ngzjjfhfw8kpcg4ii401mscx8pg9g-nixos-test-driver-1.1/bin/.nixos-test-driver-wrapped", line 9, in <module>
       >     sys.exit(main())
       >              ^^^^^^
       >   File "/nix/store/v87ngzjjfhfw8kpcg4ii401mscx8pg9g-nixos-test-driver-1.1/lib/python3.12/site-packages/test_driver/__init__.py", line 146, in main
       >     driver.run_tests()
       >   File "/nix/store/v87ngzjjfhfw8kpcg4ii401mscx8pg9g-nixos-test-driver-1.1/lib/python3.12/site-packages/test_driver/driver.py", line 173, in run_tests
       >     self.test_script()
       >   File "/nix/store/v87ngzjjfhfw8kpcg4ii401mscx8pg9g-nixos-test-driver-1.1/lib/python3.12/site-packages/test_driver/driver.py", line 165, in test_script
       >     exec(self.tests, symbols, None)
       >   File "<string>", line 39, in <module>
       > AssertionError: FAIL: SystemCallFilter manca tag 'privileged': _llseek _newselect accept accept4 access alarm arch_prctl arm_fadvise64_64 bind brk cacheflush capget chdir chmod clock_getres clock_getres_time64 clock_gettime clock_gettime64 clock_nanosleep clock_nanosleep_time64 clone clone3 close close_range connect copy_file_range creat dup dup2 dup3 epoll_create epoll_create1 epoll_ctl epoll_ctl_old epoll_pwait epoll_pwait2 epoll_wait epoll_wait_old eventfd eventfd2 execve execveat exit exit_group faccessat faccessat2 fadvise64 fadvise64_64 fallocate fchdir fchmod fchmodat fchmodat2 fcntl fcntl64 fdatasync fgetxattr flistxattr flock fork fremovexattr fsetxattr fstat fstat64 fstatat64 fstatfs fstatfs64 fsync ftruncate ftruncate64 futex futex_time64 futex_waitv futimesat get_mempolicy get_robust_list get_thread_area getcpu getcwd getdents getdents64 getegid getegid32 geteuid geteuid32 getgid getgid32 getgroups getgroups32 getitimer getpeername getpgid getpgrp getpid getppid getpriority getrandom getresgid getresgid32 getresuid getresuid32 getrlimit getrusage getsid getsockname getsockopt gettid gettimeofday getuid getuid32 getxattr inotify_add_watch inotify_init inotify_init1 inotify_rm_watch io_cancel io_destroy io_getevents io_pgetevents io_pgetevents_time64 io_setup io_submit io_uring_enter io_uring_register io_uring_setup ioctl ioprio_get ipc kcmp kill landlock_add_rule landlock_create_ruleset landlock_restrict_self lgetxattr link linkat listen listxattr llistxattr lremovexattr lseek lsetxattr lstat lstat64 madvise membarrier memfd_create mkdir mkdirat mknod mknodat mlock mlock2 mlockall mmap mmap2 mprotect mq_getsetattr mq_notify mq_open mq_timedreceive mq_timedreceive_time64 mq_timedsend mq_timedsend_time64 mq_unlink mremap msgctl msgget msgrcv msgsnd msync munlock munlockall munmap name_to_handle_at nanosleep newfstatat oldfstat oldlstat oldolduname oldstat olduname open openat openat2 pause personality pidfd_open pidfd_send_signal pipe pipe2 poll ppoll ppoll_time64 prctl pread64 preadv preadv2 prlimit64 process_madvise process_vm_readv process_vm_writev pselect6 pselect6_time64 pwrite64 pwritev pwritev2 read readahead readdir readlink readlinkat readv recv recvfrom recvmmsg recvmmsg_time64 recvmsg remap_file_pages removexattr rename renameat renameat2 restart_syscall riscv_flush_icache rmdir rseq rt_sigaction rt_sigpending rt_sigprocmask rt_sigqueueinfo rt_sigreturn rt_sigsuspend rt_sigtimedwait rt_sigtimedwait_time64 rt_tgsigqueueinfo sched_get_priority_max sched_get_priority_min sched_getaffinity sched_getattr sched_getparam sched_getscheduler sched_rr_get_interval sched_rr_get_interval_time64 sched_yield seccomp select semctl semget semop semtimedop semtimedop_time64 send sendfile sendfile64 sendmmsg sendmsg sendto set_robust_list set_thread_area set_tid_address set_tls setfsgid setfsgid32 setgid setgid32 setitimer setns setpgid setregid setregid32 setresgid setresgid32 setsid setsockopt setxattr shmat shmctl shmdt shmget shutdown sigaction sigaltstack signal signalfd signalfd4 sigpending sigprocmask sigreturn sigsuspend socket socketcall socketpair splice stat stat64 statfs statfs64 statx swapcontext symlink symlinkat sync sync_file_range sync_file_range2 syncfs sysinfo tee tgkill time timer_create timer_delete timer_getoverrun timer_gettime timer_gettime64 timer_settime timer_settime64 timerfd_create timerfd_gettime timerfd_gettime64 timerfd_settime timerfd_settime64 times tkill truncate truncate64 ugetrlimit umask uname unlink unlinkat unshare userfaultfd utime utimensat utimensat_time64 utimes vfork vmsplice wait4 waitid waitpid write writev
       >
       For full logs, run 'nix log /nix/store/zd77nfrb30w61ly0jg8slk470qx5w421-vm-test-run-solem-gavio-zero-trust.drv'.
