# VM test ai-audit-strict FAIL — commit e228e83 @ 20260530T203143Z

vm-test-run-solem-ai-audit-strict> machine # [    9.141564] systemd[1]: Started backdoor.service.
vm-test-run-solem-ai-audit-strict> machine # [    9.147634] systemd[1]: Starting Name Service Cache Daemon (nsncd)...
vm-test-run-solem-ai-audit-strict> machine # [    9.155400] systemd[1]: Started Reset console on configuration changes.
vm-test-run-solem-ai-audit-strict> machine # [    9.162318] systemd[1]: Starting resolvconf update...
vm-test-run-solem-ai-audit-strict> machine # [    9.168721] systemd[1]: Starting D-Bus System Message Bus...
vm-test-run-solem-ai-audit-strict> machine: Guest shell says: b'Spawning backdoor root shell...\n'
vm-test-run-solem-ai-audit-strict> machine: connected to guest root shell
vm-test-run-solem-ai-audit-strict> machine: (connecting took 10.28 seconds)
vm-test-run-solem-ai-audit-strict> (finished: waiting for the VM to finish booting, in 10.39 seconds)
vm-test-run-solem-ai-audit-strict> machine # [    9.383390] 1zm9hza476ir8dh33fv6nha5m4lwjk4s-audit-start[638]: Old style watch rules are slower
vm-test-run-solem-ai-audit-strict> machine # [    9.390421] 1zm9hza476ir8dh33fv6nha5m4lwjk4s-audit-start[638]: Old style watch rules are slower
vm-test-run-solem-ai-audit-strict> machine # [    9.401108] 1zm9hza476ir8dh33fv6nha5m4lwjk4s-audit-start[638]: Old style watch rules are slower
vm-test-run-solem-ai-audit-strict> machine # [    9.406446] 1zm9hza476ir8dh33fv6nha5m4lwjk4s-audit-start[638]: Old style watch rules are slower
vm-test-run-solem-ai-audit-strict> machine # [    9.413672] 1zm9hza476ir8dh33fv6nha5m4lwjk4s-audit-start[638]: Old style watch rules are slower
vm-test-run-solem-ai-audit-strict> machine # [    9.423491] 1zm9hza476ir8dh33fv6nha5m4lwjk4s-audit-start[638]: Old style watch rules are slower
vm-test-run-solem-ai-audit-strict> machine # [    9.428496] 1zm9hza476ir8dh33fv6nha5m4lwjk4s-audit-start[638]: Old style watch rules are slower
vm-test-run-solem-ai-audit-strict> machine # [    9.437376] 1zm9hza476ir8dh33fv6nha5m4lwjk4s-audit-start[638]: Old style watch rules are slower
vm-test-run-solem-ai-audit-strict> machine # [    9.443727] 1zm9hza476ir8dh33fv6nha5m4lwjk4s-audit-start[638]: Old style watch rules are slower
vm-test-run-solem-ai-audit-strict> machine # [    9.450739] 1zm9hza476ir8dh33fv6nha5m4lwjk4s-audit-start[638]: Old style watch rules are slower
vm-test-run-solem-ai-audit-strict> machine # [    9.455174] 1zm9hza476ir8dh33fv6nha5m4lwjk4s-audit-start[638]: Old style watch rules are slower
vm-test-run-solem-ai-audit-strict> machine # [    9.461428] 1zm9hza476ir8dh33fv6nha5m4lwjk4s-audit-start[638]: Old style watch rules are slower
vm-test-run-solem-ai-audit-strict> machine # [    9.469164] 1zm9hza476ir8dh33fv6nha5m4lwjk4s-audit-start[638]: Old style watch rules are slower
vm-test-run-solem-ai-audit-strict> machine # [    9.471826] 1zm9hza476ir8dh33fv6nha5m4lwjk4s-audit-start[638]: Error sending add rule data request (No such file or directory)
vm-test-run-solem-ai-audit-strict> machine # [    9.477202] 1zm9hza476ir8dh33fv6nha5m4lwjk4s-audit-start[638]: There was an error in line 23 of /tmp/tmp.ndm4134CEY
vm-test-run-solem-ai-audit-strict> machine # [    9.482612] systemd[1]: audit.service: Main process exited, code=exited, status=1/FAILURE
vm-test-run-solem-ai-audit-strict> machine # [    9.494964] nsncd[621]: May 30 20:31:31.488 INFO started, config: Config { ignored_request_types: {}, worker_count: 8, handoff_timeout: 3s }, path: "/var/run/nscd/socket"
vm-test-run-solem-ai-audit-strict> machine # [    9.503518] dbus-daemon[624]: dbus[624]: Unknown username "systemd-timesync" in message bus configuration file
vm-test-run-solem-ai-audit-strict> machine # [    9.512817] systemd[1]: audit.service: Failed with result 'exit-code'.
vm-test-run-solem-ai-audit-strict> machine # [    9.520698] systemd[1]: Failed to start Kernel Auditing.
vm-test-run-solem-ai-audit-strict> machine # [    9.526365] systemd[1]: Started Name Service Cache Daemon (nsncd).
vm-test-run-solem-ai-audit-strict> machine # [    9.535556] systemd[1]: Reached target Host and Network Name Lookups.
vm-test-run-solem-ai-audit-strict> machine # [    9.537749] systemd[1]: Reached target User and Group Name Lookups.
vm-test-run-solem-ai-audit-strict> machine # [    9.544433] systemd[1]: Starting User Login Management...
vm-test-run-solem-ai-audit-strict> machine # [    9.548963] systemd[1]: Found device Virtio network device.
vm-test-run-solem-ai-audit-strict> machine # [    9.553091] systemd[1]: Started D-Bus System Message Bus.
vm-test-run-solem-ai-audit-strict> machine # [    9.618776] systemd[1]: Stopped target Host and Network Name Lookups.
vm-test-run-solem-ai-audit-strict> machine # [    9.623577] systemd[1]: Stopping Host and Network Name Lookups...
vm-test-run-solem-ai-audit-strict> machine # [    9.632448] systemd[1]: Stopped target User and Group Name Lookups.
vm-test-run-solem-ai-audit-strict> machine # [    9.639733] systemd[1]: Stopping User and Group Name Lookups...
vm-test-run-solem-ai-audit-strict> machine # [    9.646183] systemd[1]: Stopping Name Service Cache Daemon (nsncd)...
vm-test-run-solem-ai-audit-strict> machine # [    9.691545] systemd-logind[655]: New seat seat0.
vm-test-run-solem-ai-audit-strict> machine # [    9.715198] systemd[1]: Started User Login Management.
vm-test-run-solem-ai-audit-strict> machine # [    9.725614] systemd[1]: nscd.service: Deactivated successfully.
vm-test-run-solem-ai-audit-strict> machine # [    9.732424] systemd[1]: Stopped Name Service Cache Daemon (nsncd).
vm-test-run-solem-ai-audit-strict> machine # [   10.092437] mousedev: PS/2 mouse device common for all mice
vm-test-run-solem-ai-audit-strict> machine # [    9.781231] systemd[1]: Starting Name Service Cache Daemon (nsncd)...
vm-test-run-solem-ai-audit-strict> machine # [    9.917963] nsncd[704]: May 30 20:31:32.169 INFO started, config: Config { ignored_request_types: {}, worker_count: 8, handoff_timeout: 3s }, path: "/var/run/nscd/socket"
vm-test-run-solem-ai-audit-strict> machine # [    9.930706] systemd[1]: Started Name Service Cache Daemon (nsncd).
vm-test-run-solem-ai-audit-strict> machine # [    9.936614] systemd[1]: Reached target Host and Network Name Lookups.
vm-test-run-solem-ai-audit-strict> machine # [    9.941820] systemd[1]: Reached target User and Group Name Lookups.
vm-test-run-solem-ai-audit-strict> machine # [    9.946987] systemd[1]: Finished Firewall.
vm-test-run-solem-ai-audit-strict> machine # [   10.308139] input: Power Button as /devices/LNXSYSTM:00/LNXPWRBN:00/input/input3
vm-test-run-solem-ai-audit-strict> machine # [    9.989711] systemd[1]: Finished resolvconf update.
vm-test-run-solem-ai-audit-strict> machine # [    9.992948] systemd[1]: Reached target Preparation for Network.
vm-test-run-solem-ai-audit-strict> machine # [   10.006927] systemd[1]: Starting DHCP Client...
vm-test-run-solem-ai-audit-strict> machine # [   10.011853] systemd[1]: Starting Address configuration of eth1...
vm-test-run-solem-ai-audit-strict> machine # [   10.368973] ACPI: button: Power Button [PWRF]
vm-test-run-solem-ai-audit-strict> machine # [   10.161333] network-addresses-eth1-start[737]: adding address 192.168.1.1/24... done
vm-test-run-solem-ai-audit-strict> machine # [   10.190952] network-addresses-eth1-start[737]: adding address 2001:db8:1::1/64... done
vm-test-run-solem-ai-audit-strict> machine # [   10.547930] parport_pc 00:03: reported by Plug and Play ACPI
vm-test-run-solem-ai-audit-strict> machine # [   10.568947] Floppy drive(s): fd0 is 2.88M AMI BIOS
vm-test-run-solem-ai-audit-strict> machine # [   10.244722] systemd[1]: Finished Address configuration of eth1.
vm-test-run-solem-ai-audit-strict> machine # [   10.249654] systemd[1]: Starting Networking Setup...
vm-test-run-solem-ai-audit-strict> machine # [   10.619078] parport0: PC-style at 0x378, irq 7 [PCSPP(,...)]
vm-test-run-solem-ai-audit-strict> machine # [   10.644097] FDC 0 is a S82078B
vm-test-run-solem-ai-audit-strict> machine # [   10.332581] dhcpcd[742]: dhcpcd-10.1.0 starting
vm-test-run-solem-ai-audit-strict> machine # [   10.356889] dhcpcd[753]: dev: loaded udev
vm-test-run-solem-ai-audit-strict> machine # [   10.711184] 8021q: 802.1Q VLAN Support v1.8
vm-test-run-solem-ai-audit-strict> machine # [   10.714386] 8021q: adding VLAN 0 to HW filter on device eth1
vm-test-run-solem-ai-audit-strict> machine # [   10.754170] piix4_smbus 0000:00:01.3: SMBus Host Controller at 0x700, revision 0
vm-test-run-solem-ai-audit-strict> machine # [   10.908120] cfg80211: Loading compiled-in X.509 certificates for regulatory database
vm-test-run-solem-ai-audit-strict> machine # [   10.943000] input: QEMU Virtio Keyboard as /devices/pci0000:00/0000:00:0a.0/virtio7/input/input4
vm-test-run-solem-ai-audit-strict> machine # [   10.619732] systemd[1]: Finished Networking Setup.
vm-test-run-solem-ai-audit-strict> machine # [   10.624614] systemd[1]: Starting Extra networking commands....
vm-test-run-solem-ai-audit-strict> machine # [   10.960995] Loaded X.509 cert 'sforshee: 00b28ddf47aef9cea7'
vm-test-run-solem-ai-audit-strict> machine # [   10.963766] bochs-drm 0000:00:02.0: vgaarb: deactivate vga console
vm-test-run-solem-ai-audit-strict> machine # [   10.966481] Loaded X.509 cert 'wens: 61c038651aabdcf94bd0ac7ff06c7248db18c600'
vm-test-run-solem-ai-audit-strict> machine # [   10.972398] platform regulatory.0: Direct firmware load for regulatory.db failed with error -2
vm-test-run-solem-ai-audit-strict> machine # [   10.979856] cfg80211: failed to load regulatory.db
vm-test-run-solem-ai-audit-strict> machine # [   10.725638] systemd[1]: Finished Extra networking commands..
vm-test-run-solem-ai-audit-strict> machine # [   10.728525] systemd[1]: Reached target Network.
vm-test-run-solem-ai-audit-strict> machine # [   10.734398] systemd[1]: Starting Permit User Sessions...
vm-test-run-solem-ai-audit-strict> machine # [   11.052773] input: VirtualPS/2 VMware VMMouse as /devices/platform/i8042/serio1/input/input6
vm-test-run-solem-ai-audit-strict> machine # [   11.077068] input: VirtualPS/2 VMware VMMouse as /devices/platform/i8042/serio1/input/input5
vm-test-run-solem-ai-audit-strict> machine # [   11.114861] cryptd: max_cpu_qlen set to 1000
vm-test-run-solem-ai-audit-strict> machine # [   11.138009] 8021q: adding VLAN 0 to HW filter on device eth0
vm-test-run-solem-ai-audit-strict> machine # [   11.167214] AVX2 version of gcm_enc/dec engaged.
vm-test-run-solem-ai-audit-strict> machine # [   11.167236] AES CTR mode by8 optimization enabled
vm-test-run-solem-ai-audit-strict> machine # [   11.175406] Console: switching to colour dummy device 80x25
vm-test-run-solem-ai-audit-strict> machine # [   10.812397] dhcpcd[753]: eth0: waiting for carrier
vm-test-run-solem-ai-audit-strict> machine # [   11.311451] [drm] Found bochs VGA, ID 0xb0c5.
vm-test-run-solem-ai-audit-strict> machine # [   11.312794] [drm] Framebuffer size 16384 kB @ 0xfd000000, mmio @ 0xfebd0000.
vm-test-run-solem-ai-audit-strict> machine # [   10.993716] systemd-logind[655]: Watching system buttons on /dev/input/event0 (AT Translated Set 2 keyboard)
vm-test-run-solem-ai-audit-strict> machine # [   10.997957] dhcpcd[753]: eth0: carrier acquired
vm-test-run-solem-ai-audit-strict> machine # [   11.012146] systemd[1]: Starting Virtual Console Setup...
vm-test-run-solem-ai-audit-strict> machine # [   11.016727] dhcpcd[753]: DUID 00:01:00:01:31:ae:05:a5:52:54:00:12:34:56
vm-test-run-solem-ai-audit-strict> machine # [   11.022514] dhcpcd[753]: eth0: IAID 00:12:34:56
vm-test-run-solem-ai-audit-strict> machine # [   11.029682] dhcpcd[753]: eth0: adding address fe80::5054:ff:fe12:3456
vm-test-run-solem-ai-audit-strict> machine # [   11.081255] systemd[1]: Finished Permit User Sessions.
vm-test-run-solem-ai-audit-strict> machine # [   11.085816] systemd[1]: Started Getty on tty1.
vm-test-run-solem-ai-audit-strict> machine # [   11.090601] systemd[1]: Reached target Login Prompts.
vm-test-run-solem-ai-audit-strict> machine # [   11.146836] systemd-logind[655]: Watching system buttons on /dev/input/event2 (Power Button)
vm-test-run-solem-ai-audit-strict> machine # [   11.484431] [drm] Found EDID data blob.
vm-test-run-solem-ai-audit-strict> machine # [   11.530259] [drm] Initialized bochs-drm 1.0.0 20130925 for 0000:00:02.0 on minor 0
vm-test-run-solem-ai-audit-strict> machine # [   11.239297] systemd[1]: Listening on Load/Save RF Kill Switch Status /dev/rfkill Watch.
vm-test-run-solem-ai-audit-strict> machine # [   11.573909] ppdev: user-space parallel port driver
vm-test-run-solem-ai-audit-strict> machine # [   11.767969] dhcpcd[753]: eth0: soliciting a DHCP lease
vm-test-run-solem-ai-audit-strict> machine # [   11.806858] dhcpcd[753]: eth0: offered 10.0.2.15 from 10.0.2.2
vm-test-run-solem-ai-audit-strict> machine # [   11.812777] dhcpcd[753]: eth0: probing address 10.0.2.15/24
vm-test-run-solem-ai-audit-strict> machine # [   11.848912] systemd-logind[655]: Watching system buttons on /dev/input/event3 (QEMU Virtio Keyboard)
vm-test-run-solem-ai-audit-strict> machine # [   11.584584] fbcon: bochs-drmdrmfb (fb0) is primary device
vm-test-run-solem-ai-audit-strict> machine # [   12.126116] NET: Registered PF_PACKET protocol family
vm-test-run-solem-ai-audit-strict> machine # [   12.354053] Console: switching to colour frame buffer device 160x50
vm-test-run-solem-ai-audit-strict> machine # [   12.590086] bochs-drm 0000:00:02.0: [drm] fb0: bochs-drmdrmfb frame buffer device
vm-test-run-solem-ai-audit-strict> machine # [   12.273536] systemd[1]: systemd-vconsole-setup.service: Deactivated successfully.
vm-test-run-solem-ai-audit-strict> machine # [   12.286528] systemd[1]: Stopped Virtual Console Setup.
vm-test-run-solem-ai-audit-strict> machine # [   12.302841] systemd[1]: run-credentials-systemd\x2dvconsole\x2dsetup.service.mount: Deactivated successfully.
vm-test-run-solem-ai-audit-strict> machine # [   12.307519] systemd[1]: Starting Virtual Console Setup...
vm-test-run-solem-ai-audit-strict> machine # [   12.700746] kvm_amd: TSC scaling supported
vm-test-run-solem-ai-audit-strict> machine # [   12.701938] kvm_amd: Nested Virtualization enabled
vm-test-run-solem-ai-audit-strict> machine # [   12.703407] kvm_amd: Nested Paging enabled
vm-test-run-solem-ai-audit-strict> machine # [   12.709888] kvm_amd: Virtual VMLOAD VMSAVE supported
vm-test-run-solem-ai-audit-strict> machine # [   12.711434] kvm_amd: PMU virtualization is disabled
vm-test-run-solem-ai-audit-strict> machine # [   12.763228] EDAC MC: Ver: 3.0.0
vm-test-run-solem-ai-audit-strict> machine # [   12.454260] dhcpcd[753]: eth0: soliciting an IPv6 router
vm-test-run-solem-ai-audit-strict> machine # [   12.456739] dhcpcd[753]: eth0: Router Advertisement from fe80::2
vm-test-run-solem-ai-audit-strict> machine # [   12.459846] dhcpcd[753]: eth0: adding address fec0::5054:ff:fe12:3456/64
vm-test-run-solem-ai-audit-strict> machine # [   12.463578] dhcpcd[753]: eth0: adding route to fec0::/64
vm-test-run-solem-ai-audit-strict> machine # [   12.468245] dhcpcd[753]: eth0: adding default route via fe80::2
vm-test-run-solem-ai-audit-strict> machine # [   12.808415] systemd[1]: Finished Virtual Console Setup.
vm-test-run-solem-ai-audit-strict> machine # [   16.983519] dhcpcd[753]: eth0: leased 10.0.2.15 for 86400 seconds
vm-test-run-solem-ai-audit-strict> machine # [   16.986667] dhcpcd[753]: eth0: adding route to 10.0.2.0/24
vm-test-run-solem-ai-audit-strict> machine # [   16.989610] dhcpcd[753]: eth0: adding default route via 10.0.2.2
vm-test-run-solem-ai-audit-strict> machine # [   17.128309] systemd[1]: Started DHCP Client.
vm-test-run-solem-ai-audit-strict> machine # [   17.135826] systemd[1]: Reached target Network is Online.
vm-test-run-solem-ai-audit-strict> machine # [   17.255970] systemd[1]: Reached target Multi-User System.
vm-test-run-solem-ai-audit-strict> machine # [   17.258754] systemd[1]: Startup finished in 4.145s (kernel) + 12.990s (userspace) = 17.135s.
vm-test-run-solem-ai-audit-strict> (finished: waiting for unit multi-user.target, in 19.17 seconds)
vm-test-run-solem-ai-audit-strict> machine: waiting for unit auditd.service
vm-test-run-solem-ai-audit-strict> (finished: waiting for unit auditd.service, in 0.06 seconds)
vm-test-run-solem-ai-audit-strict> machine: must succeed: sleep 3
vm-test-run-solem-ai-audit-strict> (finished: must succeed: sleep 3, in 3.03 seconds)
vm-test-run-solem-ai-audit-strict> machine: must succeed: auditctl -s 2>&1 | head -5
vm-test-run-solem-ai-audit-strict> (finished: must succeed: auditctl -s 2>&1 | head -5, in 0.04 seconds)
vm-test-run-solem-ai-audit-strict> machine: must succeed: auditctl -l 2>&1
vm-test-run-solem-ai-audit-strict> (finished: must succeed: auditctl -l 2>&1, in 0.03 seconds)
vm-test-run-solem-ai-audit-strict> Rules count out:
vm-test-run-solem-ai-audit-strict> -a always,exit -F arch=b64 -S execve -F auid=970 -F key=ai_execve
vm-test-run-solem-ai-audit-strict> -a always,exit -F arch=b32 -S execve -F auid=970 -F key=ai_execve
vm-test-run-solem-ai-audit-strict> -a always,exit -F arch=b64 -S execve -F uid=970 -F key=ai_execve
vm-test-run-solem-ai-audit-strict> -a always,exit -F arch=b32 -S execve -F uid=970 -F key=ai_execve
vm-test-run-solem-ai-audit-strict> -a always,exit -F arch=b64 -S openat -F uid=970 -F a2&=0x40 -F key=ai_open_create
vm-test-run-solem-ai-audit-strict> -a always,exit -F arch=b64 -S connect -F uid=970 -F key=ai_connect
vm-test-run-solem-ai-audit-strict> -a always,exit -F arch=b32 -S connect -F uid=970 -F key=ai_connect
vm-test-run-solem-ai-audit-strict> -a always,exit -F arch
vm-test-run-solem-ai-audit-strict> cleanup
vm-test-run-solem-ai-audit-strict> kill machine (pid 9)
vm-test-run-solem-ai-audit-strict> qemu-kvm: terminating on signal 15 from pid 6 (/nix/store/dksjvr69ckglyw1k2ss1qgshhcix73p8-python3-3.12.8/bin/python3.12)
vm-test-run-solem-ai-audit-strict> kill vlan (pid 7)
vm-test-run-solem-ai-audit-strict> (finished: cleanup, in 0.00 seconds)
vm-test-run-solem-ai-audit-strict> Traceback (most recent call last):
vm-test-run-solem-ai-audit-strict>   File "/nix/store/v87ngzjjfhfw8kpcg4ii401mscx8pg9g-nixos-test-driver-1.1/bin/.nixos-test-driver-wrapped", line 9, in <module>
vm-test-run-solem-ai-audit-strict>     sys.exit(main())
vm-test-run-solem-ai-audit-strict>              ^^^^^^
vm-test-run-solem-ai-audit-strict>   File "/nix/store/v87ngzjjfhfw8kpcg4ii401mscx8pg9g-nixos-test-driver-1.1/lib/python3.12/site-packages/test_driver/__init__.py", line 146, in main
vm-test-run-solem-ai-audit-strict>     driver.run_tests()
vm-test-run-solem-ai-audit-strict>   File "/nix/store/v87ngzjjfhfw8kpcg4ii401mscx8pg9g-nixos-test-driver-1.1/lib/python3.12/site-packages/test_driver/driver.py", line 173, in run_tests
vm-test-run-solem-ai-audit-strict>     self.test_script()
vm-test-run-solem-ai-audit-strict>   File "/nix/store/v87ngzjjfhfw8kpcg4ii401mscx8pg9g-nixos-test-driver-1.1/lib/python3.12/site-packages/test_driver/driver.py", line 165, in test_script
vm-test-run-solem-ai-audit-strict>     exec(self.tests, symbols, None)
vm-test-run-solem-ai-audit-strict>   File "<string>", line 13, in <module>
vm-test-run-solem-ai-audit-strict> AssertionError: FAIL: rule key 'kernel_module' non caricata
error: builder for '/nix/store/78h9gv9qx3yqq080q5gsf4s2wqihj326-vm-test-run-solem-ai-audit-strict.drv' failed with exit code 1;
       last 25 log lines:
       > -a always,exit -F arch=b64 -S execve -F auid=970 -F key=ai_execve
       > -a always,exit -F arch=b32 -S execve -F auid=970 -F key=ai_execve
       > -a always,exit -F arch=b64 -S execve -F uid=970 -F key=ai_execve
       > -a always,exit -F arch=b32 -S execve -F uid=970 -F key=ai_execve
       > -a always,exit -F arch=b64 -S openat -F uid=970 -F a2&=0x40 -F key=ai_open_create
       > -a always,exit -F arch=b64 -S connect -F uid=970 -F key=ai_connect
       > -a always,exit -F arch=b32 -S connect -F uid=970 -F key=ai_connect
       > -a always,exit -F arch
       > cleanup
       > kill machine (pid 9)
       > qemu-kvm: terminating on signal 15 from pid 6 (/nix/store/dksjvr69ckglyw1k2ss1qgshhcix73p8-python3-3.12.8/bin/python3.12)
       > kill vlan (pid 7)
       > (finished: cleanup, in 0.00 seconds)
       > Traceback (most recent call last):
       >   File "/nix/store/v87ngzjjfhfw8kpcg4ii401mscx8pg9g-nixos-test-driver-1.1/bin/.nixos-test-driver-wrapped", line 9, in <module>
       >     sys.exit(main())
       >              ^^^^^^
       >   File "/nix/store/v87ngzjjfhfw8kpcg4ii401mscx8pg9g-nixos-test-driver-1.1/lib/python3.12/site-packages/test_driver/__init__.py", line 146, in main
       >     driver.run_tests()
       >   File "/nix/store/v87ngzjjfhfw8kpcg4ii401mscx8pg9g-nixos-test-driver-1.1/lib/python3.12/site-packages/test_driver/driver.py", line 173, in run_tests
       >     self.test_script()
       >   File "/nix/store/v87ngzjjfhfw8kpcg4ii401mscx8pg9g-nixos-test-driver-1.1/lib/python3.12/site-packages/test_driver/driver.py", line 165, in test_script
       >     exec(self.tests, symbols, None)
       >   File "<string>", line 13, in <module>
       > AssertionError: FAIL: rule key 'kernel_module' non caricata
       For full logs, run 'nix log /nix/store/78h9gv9qx3yqq080q5gsf4s2wqihj326-vm-test-run-solem-ai-audit-strict.drv'.
