# VM test hardened-kernel FAIL — commit e228e83 @ 20260530T203046Z

vm-test-run-solem-hardened-kernel> machine # [    5.739442] systemd[1]: Finished Rebuild Journal Catalog.
vm-test-run-solem-hardened-kernel> machine # [    5.741985] systemd[1]: Starting Update is Completed...
vm-test-run-solem-hardened-kernel> machine # [    5.784284] systemd-oomd[548]: No swap; memory pressure usage will be degraded
vm-test-run-solem-hardened-kernel> machine # [    5.796704] systemd[1]: Started Userspace Out-Of-Memory (OOM) Killer.
vm-test-run-solem-hardened-kernel> machine # [    5.830876] systemd[1]: Finished Update is Completed.
vm-test-run-solem-hardened-kernel> machine # [    6.153403] mousedev: PS/2 mouse device common for all mice
vm-test-run-solem-hardened-kernel> machine # [    6.220331] input: Power Button as /devices/LNXSYSTM:00/LNXPWRBN:00/input/input3
vm-test-run-solem-hardened-kernel> machine # [    6.275188] ACPI: button: Power Button [PWRF]
vm-test-run-solem-hardened-kernel> machine # [    6.010460] systemd[1]: Finished Firewall.
vm-test-run-solem-hardened-kernel> machine # [    6.305185] parport_pc 00:03: reported by Plug and Play ACPI
vm-test-run-solem-hardened-kernel> machine # [    6.309508] Floppy drive(s): fd0 is 2.88M AMI BIOS
vm-test-run-solem-hardened-kernel> machine # [    6.320157] parport0: PC-style at 0x378, irq 7 [PCSPP(,...)]
vm-test-run-solem-hardened-kernel> machine # [    6.334961] FDC 0 is a S82078B
vm-test-run-solem-hardened-kernel> machine # [    6.075829] systemd[1]: suid-sgid-wrappers.service: Deactivated successfully.
vm-test-run-solem-hardened-kernel> machine # [    6.080683] systemd[1]: Finished Create SUID/SGID Wrappers.
vm-test-run-solem-hardened-kernel> machine # [    6.379349] piix4_smbus 0000:00:01.3: SMBus Host Controller at 0x700, revision 0
vm-test-run-solem-hardened-kernel> machine # [    6.142841] systemd[1]: etc-machine\x2did.mount: Deactivated successfully.
vm-test-run-solem-hardened-kernel> machine # [    6.151458] systemd[1]: Finished Save Transient machine-id to Disk.
vm-test-run-solem-hardened-kernel> machine # [    6.428733] input: QEMU Virtio Keyboard as /devices/pci0000:00/0000:00:0a.0/virtio7/input/input4
vm-test-run-solem-hardened-kernel> machine # [    6.465173] bochs-drm 0000:00:02.0: vgaarb: deactivate vga console
vm-test-run-solem-hardened-kernel> machine # [    6.493603] input: VirtualPS/2 VMware VMMouse as /devices/platform/i8042/serio1/input/input6
vm-test-run-solem-hardened-kernel> machine # [    6.494062] input: VirtualPS/2 VMware VMMouse as /devices/platform/i8042/serio1/input/input5
vm-test-run-solem-hardened-kernel> machine # [    6.543538] RAPL PMU: API unit is 2^-32 Joules, 0 fixed counters, 10737418240 ms ovfl timer
vm-test-run-solem-hardened-kernel> machine # [    6.550227] Console: switching to colour dummy device 80x25
vm-test-run-solem-hardened-kernel> machine # [    6.570349] cryptd: max_cpu_qlen set to 1000
vm-test-run-solem-hardened-kernel> machine # [    6.663266] ppdev: user-space parallel port driver
vm-test-run-solem-hardened-kernel> machine # [    6.670402] AVX2 version of gcm_enc/dec engaged.
vm-test-run-solem-hardened-kernel> machine # [    6.670416] AES CTR mode by8 optimization enabled
vm-test-run-solem-hardened-kernel> machine # [    6.713808] [drm] Found bochs VGA, ID 0xb0c5.
vm-test-run-solem-hardened-kernel> machine # [    6.713809] [drm] Framebuffer size 16384 kB @ 0xfd000000, mmio @ 0xfebd0000.
vm-test-run-solem-hardened-kernel> machine # [    6.726540] [drm] Found EDID data blob.
vm-test-run-solem-hardened-kernel> machine # [    6.753992] [drm] Initialized bochs-drm 1.0.0 20130925 for 0000:00:02.0 on minor 0
vm-test-run-solem-hardened-kernel> machine # connecting to host...
vm-test-run-solem-hardened-kernel> machine # [    6.811709] fbcon: bochs-drmdrmfb (fb0) is primary device
vm-test-run-solem-hardened-kernel> machine # [    6.861420] Console: switching to colour frame buffer device 160x50
vm-test-run-solem-hardened-kernel> machine # [    6.873173] bochs-drm 0000:00:02.0: [drm] fb0: bochs-drmdrmfb frame buffer device
vm-test-run-solem-hardened-kernel> machine: Guest shell says: b'Spawning backdoor root shell...\n'
vm-test-run-solem-hardened-kernel> machine # [    6.615881] systemd[1]: Finished mount-pstore.service.
vm-test-run-solem-hardened-kernel> machine # [    6.624561] bda4zqmbxbw6s2p726xf1vivklisa6ca-mount-pstore.sh[385]: Persistent Storage backend was not registered in time.
vm-test-run-solem-hardened-kernel> machine: connected to guest root shell
vm-test-run-solem-hardened-kernel> machine: (connecting took 7.45 seconds)
vm-test-run-solem-hardened-kernel> (finished: waiting for the VM to finish booting, in 7.59 seconds)
vm-test-run-solem-hardened-kernel> machine # [    6.637490] systemd[1]: Platform Persistent Storage Archival was skipped because of an unmet condition check (ConditionDirectoryNotEmpty=/sys/fs/pstore).
vm-test-run-solem-hardened-kernel> machine # [    6.651584] systemd[1]: Reached target System Initialization.
vm-test-run-solem-hardened-kernel> machine # [    6.661365] systemd[1]: Started Discard unused filesystem blocks once a week.
vm-test-run-solem-hardened-kernel> machine # [    6.669174] 42m8vzags3w669djhcs5bbm7jf10phdb-audit-disable[649]: No rules
vm-test-run-solem-hardened-kernel> machine # [    6.678955] systemd[1]: Started nix-gc.timer.
vm-test-run-solem-hardened-kernel> machine # [    6.694072] systemd[1]: Started Daily Cleanup of Temporary Directories.
vm-test-run-solem-hardened-kernel> machine # [    6.695628] nsncd[641]: May 30 20:30:35.067 INFO started, config: Config { ignored_request_types: {}, worker_count: 8, handoff_timeout: 3s }, path: "/var/run/nscd/socket"
vm-test-run-solem-hardened-kernel> machine # [    6.701690] dbus-daemon[644]: dbus[644]: Unknown username "systemd-timesync" in message bus configuration file
vm-test-run-solem-hardened-kernel> machine # [    6.709594] systemd[1]: Reached target Timer Units.
vm-test-run-solem-hardened-kernel> machine # [    6.725727] systemd[1]: Listening on D-Bus System Message Bus Socket.
vm-test-run-solem-hardened-kernel> machine # [    6.727479] systemd[1]: Listening on Nix Daemon Socket.
vm-test-run-solem-hardened-kernel> machine # [    6.735280] systemd[1]: Listening on Hostname Service Socket.
vm-test-run-solem-hardened-kernel> machine # [    6.739583] systemd[1]: Reached target Socket Units.
vm-test-run-solem-hardened-kernel> machine # [    6.742624] systemd[1]: Reached target Basic System.
vm-test-run-solem-hardened-kernel> machine # [    6.749107] systemd[1]: System is tainted: support-ended
vm-test-run-solem-hardened-kernel> machine # [    6.752606] systemd[1]: Starting Kernel Auditing...
vm-test-run-solem-hardened-kernel> machine # [    6.755560] systemd[1]: Started backdoor.service.
vm-test-run-solem-hardened-kernel> machine # [    6.760254] systemd[1]: Starting Name Service Cache Daemon (nsncd)...
vm-test-run-solem-hardened-kernel> machine # [    6.767086] systemd[1]: Started Reset console on configuration changes.
vm-test-run-solem-hardened-kernel> machine # [    6.771241] systemd[1]: Starting resolvconf update...
vm-test-run-solem-hardened-kernel> machine # [    6.775606] systemd[1]: Starting D-Bus System Message Bus...
vm-test-run-solem-hardened-kernel> machine # [    6.780272] systemd[1]: Starting Virtual Console Setup...
vm-test-run-solem-hardened-kernel> machine # [    6.785701] systemd[1]: systemd-vconsole-setup.service: Deactivated successfully.
vm-test-run-solem-hardened-kernel> machine # [    6.791157] systemd[1]: Stopped Virtual Console Setup.
vm-test-run-solem-hardened-kernel> machine # [    6.792639] systemd[1]: run-credentials-systemd\x2dvconsole\x2dsetup.service.mount: Deactivated successfully.
vm-test-run-solem-hardened-kernel> machine # [    6.802698] systemd[1]: Starting Virtual Console Setup...
vm-test-run-solem-hardened-kernel> machine # [    6.805441] systemd[1]: Finished Kernel Auditing.
vm-test-run-solem-hardened-kernel> machine # [    6.812190] systemd[1]: Started Name Service Cache Daemon (nsncd).
vm-test-run-solem-hardened-kernel> machine # [    6.815834] systemd[1]: Reached target Host and Network Name Lookups.
vm-test-run-solem-hardened-kernel> machine # [    6.823210] systemd[1]: Reached target User and Group Name Lookups.
vm-test-run-solem-hardened-kernel> machine # [    6.825483] systemd[1]: Starting User Login Management...
vm-test-run-solem-hardened-kernel> machine # [    6.833235] systemd[1]: Started D-Bus System Message Bus.
vm-test-run-solem-hardened-kernel> machine # [    6.839337] systemd[1]: systemd-vconsole-setup.service: Deactivated successfully.
vm-test-run-solem-hardened-kernel> machine # [    6.841373] systemd[1]: Stopped Virtual Console Setup.
vm-test-run-solem-hardened-kernel> machine # [    6.843387] systemd[1]: run-credentials-systemd\x2dvconsole\x2dsetup.service.mount: Deactivated successfully.
vm-test-run-solem-hardened-kernel> machine # [    6.849247] systemd[1]: Starting Virtual Console Setup...
vm-test-run-solem-hardened-kernel> machine # [    6.860997] systemd[1]: Stopped target Host and Network Name Lookups.
vm-test-run-solem-hardened-kernel> machine # [    6.863453] systemd[1]: Stopping Host and Network Name Lookups...
vm-test-run-solem-hardened-kernel> machine # [    6.872307] systemd[1]: Stopped target User and Group Name Lookups.
vm-test-run-solem-hardened-kernel> machine # [    6.875819] systemd[1]: Stopping User and Group Name Lookups...
vm-test-run-solem-hardened-kernel> machine # [    6.884495] systemd[1]: Stopping Name Service Cache Daemon (nsncd)...
vm-test-run-solem-hardened-kernel> machine # [    6.889507] systemd[1]: nscd.service: Deactivated successfully.
vm-test-run-solem-hardened-kernel> machine # [    6.897657] systemd[1]: Stopped Name Service Cache Daemon (nsncd).
vm-test-run-solem-hardened-kernel> machine # [    6.899661] systemd[1]: Starting Name Service Cache Daemon (nsncd)...
vm-test-run-solem-hardened-kernel> machine # [    6.934792] systemd-logind[661]: New seat seat0.
vm-test-run-solem-hardened-kernel> machine # [    6.944414] systemd-logind[661]: Watching system buttons on /dev/input/event2 (Power Button)
vm-test-run-solem-hardened-kernel> machine # [    6.948589] systemd-logind[661]: Watching system buttons on /dev/input/event3 (QEMU Virtio Keyboard)
vm-test-run-solem-hardened-kernel> machine # [    6.960165] systemd-logind[661]: Watching system buttons on /dev/input/event0 (AT Translated Set 2 keyboard)
vm-test-run-solem-hardened-kernel> machine # [    7.014167] systemd[1]: Started User Login Management.
vm-test-run-solem-hardened-kernel> machine # [    7.031929] systemd[1]: Finished resolvconf update.
vm-test-run-solem-hardened-kernel> machine # [    7.034373] nsncd[713]: May 30 20:30:35.538 INFO started, config: Config { ignored_request_types: {}, worker_count: 8, handoff_timeout: 3s }, path: "/var/run/nscd/socket"
vm-test-run-solem-hardened-kernel> machine # [    7.041531] systemd[1]: Started Name Service Cache Daemon (nsncd).
vm-test-run-solem-hardened-kernel> machine # [    7.045977] systemd[1]: Reached target Preparation for Network.
vm-test-run-solem-hardened-kernel> machine # [    7.051766] systemd[1]: Reached target Host and Network Name Lookups.
vm-test-run-solem-hardened-kernel> machine # [    7.054715] systemd[1]: Reached target User and Group Name Lookups.
vm-test-run-solem-hardened-kernel> machine # [    7.060450] systemd[1]: Starting DHCP Client...
vm-test-run-solem-hardened-kernel> machine # [    7.061561] systemd[1]: Starting Address configuration of eth1...
vm-test-run-solem-hardened-kernel> machine # [    7.214582] network-addresses-eth1-start[736]: adding address 192.168.1.1/24... done
vm-test-run-solem-hardened-kernel> machine # [    7.234502] network-addresses-eth1-start[736]: adding address 2001:db8:1::1/64... done
vm-test-run-solem-hardened-kernel> machine # [    7.263301] systemd[1]: Finished Address configuration of eth1.
vm-test-run-solem-hardened-kernel> machine # [    7.269754] systemd[1]: Starting Networking Setup...
vm-test-run-solem-hardened-kernel> machine # [    7.377739] dhcpcd[746]: dhcpcd-10.1.0 starting
vm-test-run-solem-hardened-kernel> machine # [    7.397273] dhcpcd[763]: dev: loaded udev
vm-test-run-solem-hardened-kernel> machine # [    7.677305] Key type encrypted registered
vm-test-run-solem-hardened-kernel> machine # [    7.692338] 8021q: 802.1Q VLAN Support v1.8
vm-test-run-solem-hardened-kernel> machine # [    7.694509] 8021q: adding VLAN 0 to HW filter on device eth1
vm-test-run-solem-hardened-kernel> machine # [    7.479315] systemd[1]: Listening on Load/Save RF Kill Switch Status /dev/rfkill Watch.
vm-test-run-solem-hardened-kernel> machine # [    7.828042] EDAC MC: Ver: 3.0.0
vm-test-run-solem-hardened-kernel> machine # [    7.851002] cfg80211: Loading compiled-in X.509 certificates for regulatory database
vm-test-run-solem-hardened-kernel> machine # [    7.591692] systemd[1]: Finished Networking Setup.
vm-test-run-solem-hardened-kernel> machine # [    7.603144] systemd[1]: Starting Extra networking commands....
vm-test-run-solem-hardened-kernel> machine # [    7.890396] Loaded X.509 cert 'sforshee: 00b28ddf47aef9cea7'
vm-test-run-solem-hardened-kernel> machine # [    7.892072] Loaded X.509 cert 'wens: 61c038651aabdcf94bd0ac7ff06c7248db18c600'
vm-test-run-solem-hardened-kernel> machine # [    7.896399] platform regulatory.0: Direct firmware load for regulatory.db failed with error -2
vm-test-run-solem-hardened-kernel> machine # [    7.897643] cfg80211: failed to load regulatory.db
vm-test-run-solem-hardened-kernel> machine # [    7.669146] systemd[1]: Finished Extra networking commands..
vm-test-run-solem-hardened-kernel> machine # [    7.673480] systemd[1]: Reached target Network.
vm-test-run-solem-hardened-kernel> machine # [    7.678279] systemd[1]: Starting Permit User Sessions...
vm-test-run-solem-hardened-kernel> machine # [    7.737187] systemd[1]: Finished Permit User Sessions.
vm-test-run-solem-hardened-kernel> machine # [    8.013367] 8021q: adding VLAN 0 to HW filter on device eth0
vm-test-run-solem-hardened-kernel> machine # [    7.741888] dhcpcd[763]: eth0: waiting for carrier
vm-test-run-solem-hardened-kernel> machine # [    7.745808] systemd[1]: Started Getty on tty1.
vm-test-run-solem-hardened-kernel> machine # [    7.749630] systemd[1]: Reached target Login Prompts.
vm-test-run-solem-hardened-kernel> machine # [    7.753244] dhcpcd[763]: eth0: carrier acquired
vm-test-run-solem-hardened-kernel> machine # [    7.755955] systemd[1]: Finished Virtual Console Setup.
vm-test-run-solem-hardened-kernel> machine # [    7.767441] dhcpcd[763]: DUID 00:01:00:01:31:ae:05:6c:52:54:00:12:34:56
vm-test-run-solem-hardened-kernel> machine # [    7.770389] dhcpcd[763]: eth0: IAID 00:12:34:56
vm-test-run-solem-hardened-kernel> machine # [    7.771992] dhcpcd[763]: eth0: adding address fe80::5054:ff:fe12:3456
vm-test-run-solem-hardened-kernel> machine # [    8.585205] dhcpcd[763]: eth0: soliciting a DHCP lease
vm-test-run-solem-hardened-kernel> machine # [    8.873383] NET: Registered PF_PACKET protocol family
vm-test-run-solem-hardened-kernel> machine # [    8.606131] dhcpcd[763]: eth0: offered 10.0.2.15 from 10.0.2.2
vm-test-run-solem-hardened-kernel> machine # [    8.610260] dhcpcd[763]: eth0: probing address 10.0.2.15/24
vm-test-run-solem-hardened-kernel> machine # [    9.882458] dhcpcd[763]: eth0: soliciting an IPv6 router
vm-test-run-solem-hardened-kernel> machine # [    9.884553] dhcpcd[763]: eth0: Router Advertisement from fe80::2
vm-test-run-solem-hardened-kernel> machine # [    9.886243] dhcpcd[763]: eth0: adding address fec0::5054:ff:fe12:3456/64
vm-test-run-solem-hardened-kernel> machine # [    9.887767] dhcpcd[763]: eth0: adding route to fec0::/64
vm-test-run-solem-hardened-kernel> machine # [    9.889283] dhcpcd[763]: eth0: adding default route via fe80::2
vm-test-run-solem-hardened-kernel> machine # [   13.700873] dhcpcd[763]: eth0: leased 10.0.2.15 for 86400 seconds
vm-test-run-solem-hardened-kernel> machine # [   13.703988] dhcpcd[763]: eth0: adding route to 10.0.2.0/24
vm-test-run-solem-hardened-kernel> machine # [   13.706539] dhcpcd[763]: eth0: adding default route via 10.0.2.2
vm-test-run-solem-hardened-kernel> machine # [   13.804379] systemd[1]: Started DHCP Client.
vm-test-run-solem-hardened-kernel> machine # [   13.807466] systemd[1]: Reached target Network is Online.
vm-test-run-solem-hardened-kernel> machine # [   13.809654] systemd[1]: Reached target Multi-User System.
vm-test-run-solem-hardened-kernel> machine # [   13.811863] systemd[1]: Startup finished in 2.835s (kernel) + 10.970s (userspace) = 13.805s.
vm-test-run-solem-hardened-kernel> (finished: waiting for unit multi-user.target, in 15.63 seconds)
vm-test-run-solem-hardened-kernel> machine: must succeed: sleep 2
vm-test-run-solem-hardened-kernel> (finished: must succeed: sleep 2, in 2.02 seconds)
vm-test-run-solem-hardened-kernel> machine: must succeed: uname -r
vm-test-run-solem-hardened-kernel> (finished: must succeed: uname -r, in 0.02 seconds)
vm-test-run-solem-hardened-kernel> Kernel running: 6.6.83-hardened1
vm-test-run-solem-hardened-kernel>   ✓ kernel hardened attivo
vm-test-run-solem-hardened-kernel> cleanup
vm-test-run-solem-hardened-kernel> kill machine (pid 9)
vm-test-run-solem-hardened-kernel> qemu-kvm: terminating on signal 15 from pid 6 (/nix/store/dksjvr69ckglyw1k2ss1qgshhcix73p8-python3-3.12.8/bin/python3.12)
vm-test-run-solem-hardened-kernel> kill vlan (pid 7)
vm-test-run-solem-hardened-kernel> (finished: cleanup, in 0.01 seconds)
vm-test-run-solem-hardened-kernel> Traceback (most recent call last):
vm-test-run-solem-hardened-kernel>   File "/nix/store/v87ngzjjfhfw8kpcg4ii401mscx8pg9g-nixos-test-driver-1.1/bin/.nixos-test-driver-wrapped", line 9, in <module>
vm-test-run-solem-hardened-kernel>     sys.exit(main())
vm-test-run-solem-hardened-kernel>              ^^^^^^
vm-test-run-solem-hardened-kernel>   File "/nix/store/v87ngzjjfhfw8kpcg4ii401mscx8pg9g-nixos-test-driver-1.1/lib/python3.12/site-packages/test_driver/__init__.py", line 146, in main
vm-test-run-solem-hardened-kernel>     driver.run_tests()
vm-test-run-solem-hardened-kernel>   File "/nix/store/v87ngzjjfhfw8kpcg4ii401mscx8pg9g-nixos-test-driver-1.1/lib/python3.12/site-packages/test_driver/driver.py", line 173, in run_tests
vm-test-run-solem-hardened-kernel>     self.test_script()
vm-test-run-solem-hardened-kernel>   File "/nix/store/v87ngzjjfhfw8kpcg4ii401mscx8pg9g-nixos-test-driver-1.1/lib/python3.12/site-packages/test_driver/driver.py", line 165, in test_script
vm-test-run-solem-hardened-kernel>     exec(self.tests, symbols, None)
vm-test-run-solem-hardened-kernel>   File "<string>", line 14, in <module>
vm-test-run-solem-hardened-kernel> Exception: FAIL: kernel hardened ha panic/oops:
vm-test-run-solem-hardened-kernel> [    0.000000] Command line: console=ttyS0 console=tty0 panic=1 boot.panic_on_fail clocksource=acpi_pm loglevel=7 net.ifnames=0 init=/nix/store/kcb429h7zzn6nflzlzsav98l49y3p5y3-nixos-system-machine-test/init regInfo=/nix/store/10lybkrxzni6fzkh4dpk9lqmcv1d5xvl-closure-info/registration console=ttyS0
vm-test-run-solem-hardened-kernel> [    0.016088] Kernel command line: console=ttyS0 console=tty0 panic=1 boot.panic_on_fail clocksource=acpi_pm loglevel=7 net.ifnames=0 init=/nix/store/kcb429h7zzn6nflzlzsav98l49y3p5y3-nixos-system-machine-test/init regInfo=/nix/store/10lybkrxzni6fzkh4dpk9lqmcv1d5xvl-closure-info/registration console=ttyS0
error: builder for '/nix/store/8852myd7y79p5sbr028y9yqc2xvs78mp-vm-test-run-solem-hardened-kernel.drv' failed with exit code 1;
       last 25 log lines:
       > (finished: must succeed: sleep 2, in 2.02 seconds)
       > machine: must succeed: uname -r
       > (finished: must succeed: uname -r, in 0.02 seconds)
       > Kernel running: 6.6.83-hardened1
       >   ✓ kernel hardened attivo
       > cleanup
       > kill machine (pid 9)
       > qemu-kvm: terminating on signal 15 from pid 6 (/nix/store/dksjvr69ckglyw1k2ss1qgshhcix73p8-python3-3.12.8/bin/python3.12)
       > kill vlan (pid 7)
       > (finished: cleanup, in 0.01 seconds)
       > Traceback (most recent call last):
       >   File "/nix/store/v87ngzjjfhfw8kpcg4ii401mscx8pg9g-nixos-test-driver-1.1/bin/.nixos-test-driver-wrapped", line 9, in <module>
       >     sys.exit(main())
       >              ^^^^^^
       >   File "/nix/store/v87ngzjjfhfw8kpcg4ii401mscx8pg9g-nixos-test-driver-1.1/lib/python3.12/site-packages/test_driver/__init__.py", line 146, in main
       >     driver.run_tests()
       >   File "/nix/store/v87ngzjjfhfw8kpcg4ii401mscx8pg9g-nixos-test-driver-1.1/lib/python3.12/site-packages/test_driver/driver.py", line 173, in run_tests
       >     self.test_script()
       >   File "/nix/store/v87ngzjjfhfw8kpcg4ii401mscx8pg9g-nixos-test-driver-1.1/lib/python3.12/site-packages/test_driver/driver.py", line 165, in test_script
       >     exec(self.tests, symbols, None)
       >   File "<string>", line 14, in <module>
       > Exception: FAIL: kernel hardened ha panic/oops:
       > [    0.000000] Command line: console=ttyS0 console=tty0 panic=1 boot.panic_on_fail clocksource=acpi_pm loglevel=7 net.ifnames=0 init=/nix/store/kcb429h7zzn6nflzlzsav98l49y3p5y3-nixos-system-machine-test/init regInfo=/nix/store/10lybkrxzni6fzkh4dpk9lqmcv1d5xvl-closure-info/registration console=ttyS0
       > [    0.016088] Kernel command line: console=ttyS0 console=tty0 panic=1 boot.panic_on_fail clocksource=acpi_pm loglevel=7 net.ifnames=0 init=/nix/store/kcb429h7zzn6nflzlzsav98l49y3p5y3-nixos-system-machine-test/init regInfo=/nix/store/10lybkrxzni6fzkh4dpk9lqmcv1d5xvl-closure-info/registration console=ttyS0
       >
       For full logs, run 'nix log /nix/store/8852myd7y79p5sbr028y9yqc2xvs78mp-vm-test-run-solem-hardened-kernel.drv'.
