# VM test canary-trip FAIL — commit e228e83 @ 20260530T203111Z

vm-test-run-solem-canary-trip> machine # [    7.848576] systemd[1]: run-credentials-systemd\x2dvconsole\x2dsetup.service.mount: Deactivated successfully.
vm-test-run-solem-canary-trip> machine # [    7.853231] systemd[1]: Starting Virtual Console Setup...
vm-test-run-solem-canary-trip> machine # [    8.141339] kvm_amd: TSC scaling supported
vm-test-run-solem-canary-trip> machine # [    8.142320] kvm_amd: Nested Virtualization enabled
vm-test-run-solem-canary-trip> machine # [    8.143375] kvm_amd: Nested Paging enabled
vm-test-run-solem-canary-trip> machine # [    8.147736] kvm_amd: Virtual VMLOAD VMSAVE supported
vm-test-run-solem-canary-trip> machine # [    8.148858] kvm_amd: PMU virtualization is disabled
vm-test-run-solem-canary-trip> machine # [    8.174847] EDAC MC: Ver: 3.0.0
vm-test-run-solem-canary-trip> machine # [    8.276252] systemd[1]: Finished Virtual Console Setup.
vm-test-run-solem-canary-trip> machine # [    8.278349] systemd[1]: Reached target System Initialization.
vm-test-run-solem-canary-trip> machine # [    8.281285] systemd[1]: Started Discard unused filesystem blocks once a week.
vm-test-run-solem-canary-trip> machine # [    8.283418] systemd[1]: Started nix-gc.timer.
vm-test-run-solem-canary-trip> machine # [    8.285431] systemd[1]: Started Daily Cleanup of Temporary Directories.
vm-test-run-solem-canary-trip> machine # [    8.287652] systemd[1]: Reached target Timer Units.
vm-test-run-solem-canary-trip> machine # [    8.290708] systemd[1]: Listening on D-Bus System Message Bus Socket.
vm-test-run-solem-canary-trip> machine # [    8.293357] systemd[1]: Listening on Nix Daemon Socket.
vm-test-run-solem-canary-trip> machine # [    8.297154] systemd[1]: Listening on Hostname Service Socket.
vm-test-run-solem-canary-trip> machine # [    8.300641] systemd[1]: Reached target Socket Units.
vm-test-run-solem-canary-trip> machine # [    8.306341] systemd[1]: Reached target Basic System.
vm-test-run-solem-canary-trip> machine # [    8.311264] systemd[1]: System is tainted: support-ended
vm-test-run-solem-canary-trip> machine # [    8.314856] systemd[1]: Starting Kernel Auditing...
vm-test-run-solem-canary-trip> machine # [    8.321457] systemd[1]: Started backdoor.service.
vm-test-run-solem-canary-trip> machine # [    8.332398] systemd[1]: Started Fake GAVIO per test canary.
vm-test-run-solem-canary-trip> machine # [    8.341162] systemd[1]: Starting Name Service Cache Daemon (nsncd)...
vm-test-run-solem-canary-trip> machine # [    8.349257] systemd[1]: Started Reset console on configuration changes.
vm-test-run-solem-canary-trip> machine # [    8.357984] systemd[1]: Starting resolvconf update...
vm-test-run-solem-canary-trip> machine # [    8.368609] systemd[1]: Started SOLEM Canary — inotify watcher su honey tokens.
vm-test-run-solem-canary-trip> machine # [    8.378428] systemd[1]: Starting D-Bus System Message Bus...
vm-test-run-solem-canary-trip> machine # connecting to host...
vm-test-run-solem-canary-trip> machine # [    8.434862] 42m8vzags3w669djhcs5bbm7jf10phdb-audit-disable[663]: No rules
vm-test-run-solem-canary-trip> machine # [    8.457540] systemd[1]: Finished Kernel Auditing.
vm-test-run-solem-canary-trip> machine: Guest shell says: b'Spawning backdoor root shell...\n'
vm-test-run-solem-canary-trip> machine: connected to guest root shell
vm-test-run-solem-canary-trip> machine: (connecting took 9.34 seconds)
vm-test-run-solem-canary-trip> (finished: waiting for the VM to finish booting, in 9.45 seconds)
vm-test-run-solem-canary-trip> machine # [    8.494732] systemd[1]: Started Name Service Cache Daemon (nsncd).
vm-test-run-solem-canary-trip> machine # [    8.502651] nsncd[658]: May 30 20:30:59.056 INFO started, config: Config { ignored_request_types: {}, worker_count: 8, handoff_timeout: 3s }, path: "/var/run/nscd/socket"
vm-test-run-solem-canary-trip> machine # [    8.507536] systemd[1]: Reached target Host and Network Name Lookups.
vm-test-run-solem-canary-trip> machine # [    8.512457] systemd[1]: Reached target User and Group Name Lookups.
vm-test-run-solem-canary-trip> machine # [    8.516285] systemd[1]: Starting User Login Management...
vm-test-run-solem-canary-trip> machine # [    8.549249] dbus-daemon[662]: dbus[662]: Unknown username "systemd-timesync" in message bus configuration file
vm-test-run-solem-canary-trip> machine # [    8.595356] solem-canary-watcher[703]: [2026-05-30T20:30:59+00:00] Canary watcher avviato. File monitorati:
vm-test-run-solem-canary-trip> machine # [    8.604120] systemd[1]: Started D-Bus System Message Bus.
vm-test-run-solem-canary-trip> machine # [    8.626247] solem-canary-watcher[716]: [2026-05-30T20:30:59+00:00]   /etc/solem/canary/api-keys.env
vm-test-run-solem-canary-trip> machine # [    8.653373] solem-canary-watcher[725]: [2026-05-30T20:30:59+00:00]   /etc/solem/canary/aws-credentials
vm-test-run-solem-canary-trip> machine # [    8.677308] solem-canary-watcher[730]: [2026-05-30T20:30:59+00:00]   /etc/solem/canary/ssh-id_rsa
vm-test-run-solem-canary-trip> machine # [    8.695789] solem-canary-watcher[733]: [2026-05-30T20:30:59+00:00]   /etc/solem/canary/vault-master-BACKUP.key
vm-test-run-solem-canary-trip> machine # [    8.711913] systemd-logind[686]: New seat seat0.
vm-test-run-solem-canary-trip> machine # [    8.722087] systemd-logind[686]: Watching system buttons on /dev/input/event2 (Power Button)
vm-test-run-solem-canary-trip> machine # [    8.729374] systemd-logind[686]: Watching system buttons on /dev/input/event3 (QEMU Virtio Keyboard)
vm-test-run-solem-canary-trip> machine # [    8.738637] systemd[1]: Stopped target Host and Network Name Lookups.
vm-test-run-solem-canary-trip> machine # [    8.746671] systemd[1]: Stopping Host and Network Name Lookups...
vm-test-run-solem-canary-trip> machine # [    8.752065] systemd[1]: Stopped target User and Group Name Lookups.
vm-test-run-solem-canary-trip> machine # [    8.755437] systemd[1]: Stopping User and Group Name Lookups...
vm-test-run-solem-canary-trip> machine # [    8.758480] systemd[1]: Stopping Name Service Cache Daemon (nsncd)...
vm-test-run-solem-canary-trip> machine # [    8.763648] systemd-logind[686]: Watching system buttons on /dev/input/event0 (AT Translated Set 2 keyboard)
vm-test-run-solem-canary-trip> machine # [    8.768219] systemd[1]: Started User Login Management.
vm-test-run-solem-canary-trip> machine # [    8.772200] systemd[1]: nscd.service: Deactivated successfully.
vm-test-run-solem-canary-trip> machine # [    8.775742] systemd[1]: Stopped Name Service Cache Daemon (nsncd).
vm-test-run-solem-canary-trip> machine # [    8.779552] systemd[1]: Starting Name Service Cache Daemon (nsncd)...
vm-test-run-solem-canary-trip> machine # [    8.842973] systemd[1]: Started Name Service Cache Daemon (nsncd).
vm-test-run-solem-canary-trip> machine # [    8.847949] systemd[1]: Reached target Host and Network Name Lookups.
vm-test-run-solem-canary-trip> machine # [    8.852347] nsncd[743]: May 30 20:30:59.411 INFO started, config: Config { ignored_request_types: {}, worker_count: 8, handoff_timeout: 3s }, path: "/var/run/nscd/socket"
vm-test-run-solem-canary-trip> machine # [    8.857336] systemd[1]: Reached target User and Group Name Lookups.
vm-test-run-solem-canary-trip> machine # [    8.872152] systemd[1]: Finished resolvconf update.
vm-test-run-solem-canary-trip> machine # [    8.873842] systemd[1]: Reached target Preparation for Network.
vm-test-run-solem-canary-trip> machine # [    8.880242] systemd[1]: Starting DHCP Client...
vm-test-run-solem-canary-trip> machine # [    8.884748] systemd[1]: Starting Address configuration of eth1...
vm-test-run-solem-canary-trip> machine # [    8.980446] network-addresses-eth1-start[768]: adding address 192.168.1.1/24... done
vm-test-run-solem-canary-trip> machine # [    8.995134] network-addresses-eth1-start[768]: adding address 2001:db8:1::1/64... done
vm-test-run-solem-canary-trip> machine # [    9.019159] systemd[1]: Finished Address configuration of eth1.
vm-test-run-solem-canary-trip> machine # [    9.025467] systemd[1]: Starting Networking Setup...
vm-test-run-solem-canary-trip> machine # [    9.049523] dhcpcd[772]: dhcpcd-10.1.0 starting
vm-test-run-solem-canary-trip> machine # [    9.063415] dhcpcd[783]: dev: loaded udev
vm-test-run-solem-canary-trip> machine # [    9.342136] 8021q: 802.1Q VLAN Support v1.8
vm-test-run-solem-canary-trip> machine # [    9.344656] 8021q: adding VLAN 0 to HW filter on device eth1
vm-test-run-solem-canary-trip> machine # [    9.127354] systemd[1]: Listening on Load/Save RF Kill Switch Status /dev/rfkill Watch.
vm-test-run-solem-canary-trip> machine # [    9.453603] cfg80211: Loading compiled-in X.509 certificates for regulatory database
vm-test-run-solem-canary-trip> machine # [    9.219238] systemd[1]: Finished Networking Setup.
vm-test-run-solem-canary-trip> machine # [    9.226222] systemd[1]: Starting Extra networking commands....
vm-test-run-solem-canary-trip> machine # [    9.496645] Loaded X.509 cert 'sforshee: 00b28ddf47aef9cea7'
vm-test-run-solem-canary-trip> machine # [    9.501388] Loaded X.509 cert 'wens: 61c038651aabdcf94bd0ac7ff06c7248db18c600'
vm-test-run-solem-canary-trip> machine # [    9.509692] platform regulatory.0: Direct firmware load for regulatory.db failed with error -2
vm-test-run-solem-canary-trip> machine # [    9.511798] cfg80211: failed to load regulatory.db
vm-test-run-solem-canary-trip> machine # [    9.280225] systemd[1]: Finished Extra networking commands..
vm-test-run-solem-canary-trip> machine # [    9.282742] systemd[1]: Reached target Network.
vm-test-run-solem-canary-trip> machine # [    9.286600] systemd[1]: Starting Permit User Sessions...
vm-test-run-solem-canary-trip> machine # [    9.332348] systemd[1]: Finished Permit User Sessions.
vm-test-run-solem-canary-trip> machine # [    9.592899] 8021q: adding VLAN 0 to HW filter on device eth0
vm-test-run-solem-canary-trip> machine # [    9.341682] systemd[1]: Started Getty on tty1.
vm-test-run-solem-canary-trip> machine # [    9.345199] systemd[1]: Reached target Login Prompts.
vm-test-run-solem-canary-trip> machine # [    9.347738] dhcpcd[783]: eth0: waiting for carrier
vm-test-run-solem-canary-trip> machine # [    9.349969] dhcpcd[783]: eth0: carrier acquired
vm-test-run-solem-canary-trip> machine # [    9.361443] dhcpcd[783]: DUID 00:01:00:01:31:ae:05:83:52:54:00:12:34:56
vm-test-run-solem-canary-trip> machine # [    9.363396] dhcpcd[783]: eth0: IAID 00:12:34:56
vm-test-run-solem-canary-trip> machine # [    9.365304] dhcpcd[783]: eth0: adding address fe80::5054:ff:fe12:3456
vm-test-run-solem-canary-trip> machine # [   10.884311] dhcpcd[783]: eth0: soliciting a DHCP lease
vm-test-run-solem-canary-trip> machine # [   11.159744] NET: Registered PF_PACKET protocol family
vm-test-run-solem-canary-trip> machine # [   10.909743] dhcpcd[783]: eth0: offered 10.0.2.15 from 10.0.2.2
vm-test-run-solem-canary-trip> machine # [   10.913267] dhcpcd[783]: eth0: probing address 10.0.2.15/24
vm-test-run-solem-canary-trip> machine # [   11.578300] dhcpcd[783]: eth0: soliciting an IPv6 router
vm-test-run-solem-canary-trip> machine # [   11.580160] dhcpcd[783]: eth0: Router Advertisement from fe80::2
vm-test-run-solem-canary-trip> machine # [   11.582252] dhcpcd[783]: eth0: adding address fec0::5054:ff:fe12:3456/64
vm-test-run-solem-canary-trip> machine # [   11.584245] dhcpcd[783]: eth0: adding route to fec0::/64
vm-test-run-solem-canary-trip> machine # [   11.585972] dhcpcd[783]: eth0: adding default route via fe80::2
vm-test-run-solem-canary-trip> machine # [   15.336983] dhcpcd[783]: eth0: leased 10.0.2.15 for 86400 seconds
vm-test-run-solem-canary-trip> machine # [   15.339974] dhcpcd[783]: eth0: adding route to 10.0.2.0/24
vm-test-run-solem-canary-trip> machine # [   15.342478] dhcpcd[783]: eth0: adding default route via 10.0.2.2
vm-test-run-solem-canary-trip> machine # [   15.568252] systemd[1]: Started DHCP Client.
vm-test-run-solem-canary-trip> machine # [   15.572635] systemd[1]: Reached target Network is Online.
vm-test-run-solem-canary-trip> machine # [   15.574525] systemd[1]: Reached target Multi-User System.
vm-test-run-solem-canary-trip> machine # [   15.576546] systemd[1]: Startup finished in 3.092s (kernel) + 12.479s (userspace) = 15.571s.
vm-test-run-solem-canary-trip> (finished: waiting for unit multi-user.target, in 17.37 seconds)
vm-test-run-solem-canary-trip> machine: waiting for unit solem-canary-watcher.service
vm-test-run-solem-canary-trip> (finished: waiting for unit solem-canary-watcher.service, in 0.05 seconds)
vm-test-run-solem-canary-trip> machine: waiting for unit gavio.service
vm-test-run-solem-canary-trip> (finished: waiting for unit gavio.service, in 0.05 seconds)
vm-test-run-solem-canary-trip> machine: must succeed: sleep 3
vm-test-run-solem-canary-trip> (finished: must succeed: sleep 3, in 3.03 seconds)
vm-test-run-solem-canary-trip> machine: must succeed: test -f /etc/solem/canary/api-keys.env
vm-test-run-solem-canary-trip> (finished: must succeed: test -f /etc/solem/canary/api-keys.env, in 0.02 seconds)
vm-test-run-solem-canary-trip> machine: must succeed: cat /etc/solem/canary/api-keys.env
vm-test-run-solem-canary-trip> (finished: must succeed: cat /etc/solem/canary/api-keys.env, in 0.02 seconds)
vm-test-run-solem-canary-trip> machine: must succeed: test -f /etc/solem/canary/aws-credentials
vm-test-run-solem-canary-trip> machine # [   19.582095] solem-canary-watcher[972]: [2026-05-30T20:31:10+00:00] TRIP: file=/etc/solem/canary/api-keys.env event=OPEN
vm-test-run-solem-canary-trip> (finished: must succeed: test -f /etc/solem/canary/aws-credentials, in 0.03 seconds)
vm-test-run-solem-canary-trip> machine: must succeed: cat /etc/solem/canary/aws-credentials
vm-test-run-solem-canary-trip> machine # [   19.607502] solem-canary-watcher[981]: [2026-05-30T20:31:10+00:00] Opener: /nix/store/5ldm2z9xa2q7dj2x8mxifwr9yybfirxk-solem-canary-watcher/bin/solem-canary-watcher: line 72: fuser: command not found
vm-test-run-solem-canary-trip> machine # [   19.612422] solem-canary-watcher[981]: (unknown)
vm-test-run-solem-canary-trip> machine # [   19.627577] solem-canary-watcher[987]: [2026-05-30T20:31:10+00:00] KILL SWITCH: Canary /etc/solem/canary/api-keys.env letto/aperto da: /nix/store/5ldm2z9xa2q7dj2x8mxifwr9yybfirxk-solem-canary-watcher/bin/solem-canary-watcher: line 72: fuser: command not found
vm-test-run-solem-canary-trip> machine # [   19.633140] solem-canary-watcher[987]: (unknown)
vm-test-run-solem-canary-trip> (finished: must succeed: cat /etc/solem/canary/aws-credentials, in 0.05 seconds)
vm-test-run-solem-canary-trip> machine: must succeed: test -f /etc/solem/canary/ssh-id_rsa
vm-test-run-solem-canary-trip> (finished: must succeed: test -f /etc/solem/canary/ssh-id_rsa, in 0.02 seconds)
vm-test-run-solem-canary-trip> machine: must succeed: cat /etc/solem/canary/ssh-id_rsa
vm-test-run-solem-canary-trip> machine # [   19.679905] solem-canary-watcher[996]: [2026-05-30T20:31:10+00:00] Stop gavio.service
vm-test-run-solem-canary-trip> machine # [   19.706593] systemd[1]: Stopping Fake GAVIO per test canary...
vm-test-run-solem-canary-trip> (finished: must succeed: cat /etc/solem/canary/ssh-id_rsa, in 0.04 seconds)
vm-test-run-solem-canary-trip> machine: must succeed: test -f /etc/solem/canary/vault-master-BACKUP.key
vm-test-run-solem-canary-trip> machine # [   19.711254] systemd[1]: gavio.service: Deactivated successfully.
vm-test-run-solem-canary-trip> machine # [   19.715893] systemd[1]: Stopped Fake GAVIO per test canary.
vm-test-run-solem-canary-trip> (finished: must succeed: test -f /etc/solem/canary/vault-master-BACKUP.key, in 0.03 seconds)
vm-test-run-solem-canary-trip> machine: must succeed: cat /etc/solem/canary/vault-master-BACKUP.key
vm-test-run-solem-canary-trip> machine # [   19.773928] solem-canary-watcher[1017]: [2026-05-30T20:31:10+00:00] TRIP: file=/etc/solem/canary/api-keys.env event=ACCESS
vm-test-run-solem-canary-trip> (finished: must succeed: cat /etc/solem/canary/vault-master-BACKUP.key, in 0.04 seconds)
vm-test-run-solem-canary-trip> machine: must succeed: systemctl is-active solem-canary-watcher.service
vm-test-run-solem-canary-trip> machine # [   19.799369] solem-canary-watcher[1026]: [2026-05-30T20:31:10+00:00] Opener: /nix/store/5ldm2z9xa2q7dj2x8mxifwr9yybfirxk-solem-canary-watcher/bin/solem-canary-watcher: line 72: fuser: command not found
vm-test-run-solem-canary-trip> machine # [   19.804115] solem-canary-watcher[1026]: (unknown)
vm-test-run-solem-canary-trip> machine # [   19.816576] solem-canary-watcher[1029]: [2026-05-30T20:31:10+00:00] KILL SWITCH: Canary /etc/solem/canary/api-keys.env letto/aperto da: /nix/store/5ldm2z9xa2q7dj2x8mxifwr9yybfirxk-solem-canary-watcher/bin/solem-canary-watcher: line 72: fuser: command not found
vm-test-run-solem-canary-trip> machine # [   19.822574] solem-canary-watcher[1029]: (unknown)
vm-test-run-solem-canary-trip> (finished: must succeed: systemctl is-active solem-canary-watcher.service, in 0.06 seconds)
vm-test-run-solem-canary-trip> machine: must succeed: systemctl is-active gavio.service
vm-test-run-solem-canary-trip> machine: output: inactive
vm-test-run-solem-canary-trip> cleanup
vm-test-run-solem-canary-trip> kill machine (pid 9)
vm-test-run-solem-canary-trip> qemu-kvm: terminating on signal 15 from pid 6 (/nix/store/dksjvr69ckglyw1k2ss1qgshhcix73p8-python3-3.12.8/bin/python3.12)
vm-test-run-solem-canary-trip> kill vlan (pid 7)
vm-test-run-solem-canary-trip> (finished: cleanup, in 0.01 seconds)
vm-test-run-solem-canary-trip> Traceback (most recent call last):
vm-test-run-solem-canary-trip>   File "/nix/store/v87ngzjjfhfw8kpcg4ii401mscx8pg9g-nixos-test-driver-1.1/bin/.nixos-test-driver-wrapped", line 9, in <module>
vm-test-run-solem-canary-trip>     sys.exit(main())
vm-test-run-solem-canary-trip>              ^^^^^^
vm-test-run-solem-canary-trip>   File "/nix/store/v87ngzjjfhfw8kpcg4ii401mscx8pg9g-nixos-test-driver-1.1/lib/python3.12/site-packages/test_driver/__init__.py", line 146, in main
vm-test-run-solem-canary-trip>     driver.run_tests()
vm-test-run-solem-canary-trip>   File "/nix/store/v87ngzjjfhfw8kpcg4ii401mscx8pg9g-nixos-test-driver-1.1/lib/python3.12/site-packages/test_driver/driver.py", line 173, in run_tests
vm-test-run-solem-canary-trip>     self.test_script()
vm-test-run-solem-canary-trip>   File "/nix/store/v87ngzjjfhfw8kpcg4ii401mscx8pg9g-nixos-test-driver-1.1/lib/python3.12/site-packages/test_driver/driver.py", line 165, in test_script
vm-test-run-solem-canary-trip>     exec(self.tests, symbols, None)
vm-test-run-solem-canary-trip>   File "<string>", line 23, in <module>
vm-test-run-solem-canary-trip>   File "/nix/store/v87ngzjjfhfw8kpcg4ii401mscx8pg9g-nixos-test-driver-1.1/lib/python3.12/site-packages/test_driver/machine.py", line 611, in succeed
vm-test-run-solem-canary-trip>     raise Exception(f"command `{command}` failed (exit code {status})")
vm-test-run-solem-canary-trip> Exception: command `systemctl is-active gavio.service` failed (exit code 3)
error: builder for '/nix/store/sjw0hafviqiwxk4dhcv0vwfdhv9z2fl4-vm-test-run-solem-canary-trip.drv' failed with exit code 1;
       last 25 log lines:
       > machine # [   19.816576] solem-canary-watcher[1029]: [2026-05-30T20:31:10+00:00] KILL SWITCH: Canary /etc/solem/canary/api-keys.env letto/aperto da: /nix/store/5ldm2z9xa2q7dj2x8mxifwr9yybfirxk-solem-canary-watcher/bin/solem-canary-watcher: line 72: fuser: command not found
       > machine # [   19.822574] solem-canary-watcher[1029]: (unknown)
       > (finished: must succeed: systemctl is-active solem-canary-watcher.service, in 0.06 seconds)
       > machine: must succeed: systemctl is-active gavio.service
       > machine: output: inactive
       >
       > cleanup
       > kill machine (pid 9)
       > qemu-kvm: terminating on signal 15 from pid 6 (/nix/store/dksjvr69ckglyw1k2ss1qgshhcix73p8-python3-3.12.8/bin/python3.12)
       > kill vlan (pid 7)
       > (finished: cleanup, in 0.01 seconds)
       > Traceback (most recent call last):
       >   File "/nix/store/v87ngzjjfhfw8kpcg4ii401mscx8pg9g-nixos-test-driver-1.1/bin/.nixos-test-driver-wrapped", line 9, in <module>
       >     sys.exit(main())
       >              ^^^^^^
       >   File "/nix/store/v87ngzjjfhfw8kpcg4ii401mscx8pg9g-nixos-test-driver-1.1/lib/python3.12/site-packages/test_driver/__init__.py", line 146, in main
       >     driver.run_tests()
       >   File "/nix/store/v87ngzjjfhfw8kpcg4ii401mscx8pg9g-nixos-test-driver-1.1/lib/python3.12/site-packages/test_driver/driver.py", line 173, in run_tests
       >     self.test_script()
       >   File "/nix/store/v87ngzjjfhfw8kpcg4ii401mscx8pg9g-nixos-test-driver-1.1/lib/python3.12/site-packages/test_driver/driver.py", line 165, in test_script
       >     exec(self.tests, symbols, None)
       >   File "<string>", line 23, in <module>
       >   File "/nix/store/v87ngzjjfhfw8kpcg4ii401mscx8pg9g-nixos-test-driver-1.1/lib/python3.12/site-packages/test_driver/machine.py", line 611, in succeed
       >     raise Exception(f"command `{command}` failed (exit code {status})")
       > Exception: command `systemctl is-active gavio.service` failed (exit code 3)
       For full logs, run 'nix log /nix/store/sjw0hafviqiwxk4dhcv0vwfdhv9z2fl4-vm-test-run-solem-canary-trip.drv'.
