# VM test apparmor FAIL — commit ea5301a @ 20260530T231136Z

vm-test-run-solem-apparmor> machine # [    7.881784] (udev-worker)[454]: eth1: Config file /etc/systemd/network/40-eth1.link is applied to device based on potentially unpredictable interface name.
vm-test-run-solem-apparmor> machine # [    7.892717] (udev-worker)[454]: Network interface NamePolicy= disabled on kernel command line.
vm-test-run-solem-apparmor> machine # [    8.157325] systemd[1]: Found device Virtio network device.
vm-test-run-solem-apparmor> machine # [    8.182586] systemd[1]: suid-sgid-wrappers.service: Deactivated successfully.
vm-test-run-solem-apparmor> machine # [    8.188395] systemd[1]: Finished Create SUID/SGID Wrappers.
vm-test-run-solem-apparmor> machine # [    8.658405] mousedev: PS/2 mouse device common for all mice
vm-test-run-solem-apparmor> machine # [    8.313648] bda4zqmbxbw6s2p726xf1vivklisa6ca-mount-pstore.sh[393]: Persistent Storage backend was not registered in time.
vm-test-run-solem-apparmor> machine # [    8.323783] systemd[1]: Finished mount-pstore.service.
vm-test-run-solem-apparmor> machine # [    8.327551] systemd[1]: Platform Persistent Storage Archival was skipped because of an unmet condition check (ConditionDirectoryNotEmpty=/sys/fs/pstore).
vm-test-run-solem-apparmor> machine # [    8.335402] systemd[1]: Reached target System Initialization.
vm-test-run-solem-apparmor> machine # [    8.339431] systemd[1]: Started Discard unused filesystem blocks once a week.
vm-test-run-solem-apparmor> machine # [    8.347151] systemd[1]: Started nix-gc.timer.
vm-test-run-solem-apparmor> machine # [    8.352970] systemd[1]: Started Daily Cleanup of Temporary Directories.
vm-test-run-solem-apparmor> machine # [    8.361930] systemd[1]: Reached target Timer Units.
vm-test-run-solem-apparmor> machine # [    8.370542] systemd[1]: Listening on D-Bus System Message Bus Socket.
vm-test-run-solem-apparmor> machine # [    8.380686] systemd[1]: Listening on Nix Daemon Socket.
vm-test-run-solem-apparmor> machine # [    8.390570] systemd[1]: Listening on Hostname Service Socket.
vm-test-run-solem-apparmor> machine # [    8.396581] systemd[1]: Reached target Socket Units.
vm-test-run-solem-apparmor> machine # [    8.404750] systemd[1]: Reached target Basic System.
vm-test-run-solem-apparmor> machine # [    8.412801] systemd[1]: System is tainted: support-ended
vm-test-run-solem-apparmor> machine # [    8.424291] systemd[1]: Starting Kernel Auditing...
vm-test-run-solem-apparmor> machine # [    8.432543] systemd[1]: Started backdoor.service.
vm-test-run-solem-apparmor> machine # [    8.439998] systemd[1]: Starting Name Service Cache Daemon (nsncd)...
vm-test-run-solem-apparmor> machine # [    8.450400] systemd[1]: Started Reset console on configuration changes.
vm-test-run-solem-apparmor> machine # [    8.464863] systemd[1]: Starting resolvconf update...
vm-test-run-solem-apparmor> machine # [    8.479385] systemd[1]: Starting D-Bus System Message Bus...
vm-test-run-solem-apparmor> machine # connecting to host...
vm-test-run-solem-apparmor> machine # [    8.542442] 42m8vzags3w669djhcs5bbm7jf10phdb-audit-disable[649]: No rules
vm-test-run-solem-apparmor> machine # [    8.572904] systemd[1]: Finished Kernel Auditing.
vm-test-run-solem-apparmor> machine: Guest shell says: b'Spawning backdoor root shell...\n'
vm-test-run-solem-apparmor> machine: connected to guest root shell
vm-test-run-solem-apparmor> machine: (connecting took 9.71 seconds)
vm-test-run-solem-apparmor> (finished: waiting for the VM to finish booting, in 9.81 seconds)
vm-test-run-solem-apparmor> machine # [    8.982065] input: Power Button as /devices/LNXSYSTM:00/LNXPWRBN:00/input/input3
vm-test-run-solem-apparmor> machine # [    8.619773] systemd[1]: Started Name Service Cache Daemon (nsncd).
vm-test-run-solem-apparmor> machine # [    8.624553] systemd[1]: Reached target Host and Network Name Lookups.
vm-test-run-solem-apparmor> machine # [    8.638951] systemd[1]: Reached target User and Group Name Lookups.
vm-test-run-solem-apparmor> machine # [    8.647603] nsncd[640]: May 30 23:11:24.032 INFO started, config: Config { ignored_request_types: {}, worker_count: 8, handoff_timeout: 3s }, path: "/var/run/nscd/socket"
vm-test-run-solem-apparmor> machine # [    8.661729] systemd[1]: Starting User Login Management...
vm-test-run-solem-apparmor> machine # [    8.693964] dbus-daemon[644]: dbus[644]: Unknown username "systemd-timesync" in message bus configuration file
vm-test-run-solem-apparmor> machine # [    9.099232] ACPI: button: Power Button [PWRF]
vm-test-run-solem-apparmor> machine # [    8.763468] systemd[1]: Started D-Bus System Message Bus.
vm-test-run-solem-apparmor> machine # [    8.858873] systemd[1]: Finished Firewall.
vm-test-run-solem-apparmor> machine # [    9.279396] Floppy drive(s): fd0 is 2.88M AMI BIOS
vm-test-run-solem-apparmor> machine # [    9.291531] parport_pc 00:03: reported by Plug and Play ACPI
vm-test-run-solem-apparmor> machine # [    8.924814] systemd-logind[672]: New seat seat0.
vm-test-run-solem-apparmor> machine # [    9.313507] parport0: PC-style at 0x378, irq 7 [PCSPP(,...)]
vm-test-run-solem-apparmor> machine # [    9.326277] FDC 0 is a S82078B
vm-test-run-solem-apparmor> machine # [    8.971645] systemd[1]: Started User Login Management.
vm-test-run-solem-apparmor> machine # [    8.984605] systemd[1]: Stopped target Host and Network Name Lookups.
vm-test-run-solem-apparmor> machine # [    8.991453] systemd[1]: Stopping Host and Network Name Lookups...
vm-test-run-solem-apparmor> machine # [    8.994945] systemd[1]: Stopped target User and Group Name Lookups.
vm-test-run-solem-apparmor> machine # [    9.003556] systemd[1]: Stopping User and Group Name Lookups...
vm-test-run-solem-apparmor> machine # [    9.009296] systemd[1]: Stopping Name Service Cache Daemon (nsncd)...
vm-test-run-solem-apparmor> machine # [    9.015491] systemd[1]: nscd.service: Deactivated successfully.
vm-test-run-solem-apparmor> machine # [    9.020100] systemd[1]: Stopped Name Service Cache Daemon (nsncd).
vm-test-run-solem-apparmor> machine # [    9.023414] systemd[1]: Starting Name Service Cache Daemon (nsncd)...
vm-test-run-solem-apparmor> machine # [    9.484611] piix4_smbus 0000:00:01.3: SMBus Host Controller at 0x700, revision 0
vm-test-run-solem-apparmor> machine # [    9.127184] systemd[1]: Started Name Service Cache Daemon (nsncd).
vm-test-run-solem-apparmor> machine # [    9.138549] nsncd[717]: May 30 23:11:24.539 INFO started, config: Config { ignored_request_types: {}, worker_count: 8, handoff_timeout: 3s }, path: "/var/run/nscd/socket"
vm-test-run-solem-apparmor> machine # [    9.142829] systemd[1]: Finished resolvconf update.
vm-test-run-solem-apparmor> machine # [    9.149225] systemd[1]: Reached target Preparation for Network.
vm-test-run-solem-apparmor> machine # [    9.152677] systemd[1]: Reached target Host and Network Name Lookups.
vm-test-run-solem-apparmor> machine # [    9.159694] systemd[1]: Reached target User and Group Name Lookups.
vm-test-run-solem-apparmor> machine # [    9.166841] systemd[1]: Starting DHCP Client...
vm-test-run-solem-apparmor> machine # [    9.171968] systemd[1]: Starting Address configuration of eth1...
vm-test-run-solem-apparmor> machine # [    9.653916] input: QEMU Virtio Keyboard as /devices/pci0000:00/0000:00:0a.0/virtio7/input/input4
vm-test-run-solem-apparmor> machine # [    9.314163] network-addresses-eth1-start[745]: adding address 192.168.1.1/24... done
vm-test-run-solem-apparmor> machine # [    9.707436] bochs-drm 0000:00:02.0: vgaarb: deactivate vga console
vm-test-run-solem-apparmor> machine # [    9.337533] network-addresses-eth1-start[745]: adding address 2001:db8:1::1/64... done
vm-test-run-solem-apparmor> machine # [    9.737819] input: VirtualPS/2 VMware VMMouse as /devices/platform/i8042/serio1/input/input6
vm-test-run-solem-apparmor> machine # [    9.742175] cryptd: max_cpu_qlen set to 1000
vm-test-run-solem-apparmor> machine # [    9.376183] systemd[1]: Finished Address configuration of eth1.
vm-test-run-solem-apparmor> machine # [    9.384373] systemd[1]: Starting Networking Setup...
vm-test-run-solem-apparmor> machine # [    9.765235] input: VirtualPS/2 VMware VMMouse as /devices/platform/i8042/serio1/input/input5
vm-test-run-solem-apparmor> machine # [    9.861631] 8021q: 802.1Q VLAN Support v1.8
vm-test-run-solem-apparmor> machine # [    9.861642] 8021q: adding VLAN 0 to HW filter on device eth1
vm-test-run-solem-apparmor> machine # [    9.862483] AVX2 version of gcm_enc/dec engaged.
vm-test-run-solem-apparmor> machine # [    9.862503] AES CTR mode by8 optimization enabled
vm-test-run-solem-apparmor> machine # [    9.883535] Console: switching to colour dummy device 80x25
vm-test-run-solem-apparmor> machine # [    9.973308] [drm] Found bochs VGA, ID 0xb0c5.
vm-test-run-solem-apparmor> machine # [    9.973311] [drm] Framebuffer size 16384 kB @ 0xfd000000, mmio @ 0xfebd0000.
vm-test-run-solem-apparmor> machine # [    9.445426] dhcpcd[750]: dhcpcd-10.1.0 starting
vm-test-run-solem-apparmor> machine # [    9.623282] dhcpcd[761]: dev: loaded udev
vm-test-run-solem-apparmor> machine # [   10.019782] [drm] Found EDID data blob.
vm-test-run-solem-apparmor> machine # [    9.646434] systemd[1]: Starting Virtual Console Setup...
vm-test-run-solem-apparmor> machine # [   10.029917] cfg80211: Loading compiled-in X.509 certificates for regulatory database
vm-test-run-solem-apparmor> machine # [    9.683224] systemd-logind[672]: Watching system buttons on /dev/input/event0 (AT Translated Set 2 keyboard)
vm-test-run-solem-apparmor> machine # [   10.068477] [drm] Initialized bochs-drm 1.0.0 20130925 for 0000:00:02.0 on minor 0
vm-test-run-solem-apparmor> machine # [   10.073924] Loaded X.509 cert 'sforshee: 00b28ddf47aef9cea7'
vm-test-run-solem-apparmor> machine # [   10.076981] Loaded X.509 cert 'wens: 61c038651aabdcf94bd0ac7ff06c7248db18c600'
vm-test-run-solem-apparmor> machine # [   10.083074] platform regulatory.0: Direct firmware load for regulatory.db failed with error -2
vm-test-run-solem-apparmor> machine # [   10.086642] cfg80211: failed to load regulatory.db
vm-test-run-solem-apparmor> machine # [   10.121291] fbcon: bochs-drmdrmfb (fb0) is primary device
vm-test-run-solem-apparmor> machine # [   10.831342] 8021q: adding VLAN 0 to HW filter on device eth0
vm-test-run-solem-apparmor> machine # [   10.925192] ppdev: user-space parallel port driver
vm-test-run-solem-apparmor> machine # [   11.081933] Console: switching to colour frame buffer device 160x50
vm-test-run-solem-apparmor> machine # [   11.293382] bochs-drm 0000:00:02.0: [drm] fb0: bochs-drmdrmfb frame buffer device
vm-test-run-solem-apparmor> machine # [   10.369322] systemd-logind[672]: Watching system buttons on /dev/input/event2 (Power Button)
vm-test-run-solem-apparmor> machine # [   10.926499] dhcpcd[781]: /nix/store/9d73cccl3j40winsdfxl765l3vjlhg9y-openresolv-3.13.2/sbin/.resolvconf-wrapped: line 888: kill: (770) - Operation not permitted
vm-test-run-solem-apparmor> machine # [   10.930409] dhcpcd[781]: clearing stale lock pid 770
vm-test-run-solem-apparmor> machine # [   10.937156] dhcpcd[761]: eth0: waiting for carrier
vm-test-run-solem-apparmor> machine # [   10.939705] systemd[1]: Finished Networking Setup.
vm-test-run-solem-apparmor> machine # [   10.949767] dhcpcd[761]: eth0: carrier acquired
vm-test-run-solem-apparmor> machine # [   10.954001] systemd[1]: Starting Extra networking commands....
vm-test-run-solem-apparmor> machine # [   10.964367] dhcpcd[761]: DUID 00:01:00:01:31:ae:2b:1d:52:54:00:12:34:56
vm-test-run-solem-apparmor> machine # [   10.968283] systemd-logind[672]: Watching system buttons on /dev/input/event3 (QEMU Virtio Keyboard)
vm-test-run-solem-apparmor> machine # [   10.972596] dhcpcd[761]: eth0: IAID 00:12:34:56
vm-test-run-solem-apparmor> machine # [   10.978006] systemd[1]: Listening on Load/Save RF Kill Switch Status /dev/rfkill Watch.
vm-test-run-solem-apparmor> machine # [   10.984300] dhcpcd[761]: eth0: adding address fe80::5054:ff:fe12:3456
vm-test-run-solem-apparmor> machine # [   10.987609] systemd[1]: systemd-vconsole-setup.service: Deactivated successfully.
vm-test-run-solem-apparmor> machine # [   10.992309] systemd[1]: Stopped Virtual Console Setup.
vm-test-run-solem-apparmor> machine # [   10.994649] systemd[1]: run-credentials-systemd\x2dvconsole\x2dsetup.service.mount: Deactivated successfully.
vm-test-run-solem-apparmor> machine # [   10.998633] systemd[1]: Starting Virtual Console Setup...
vm-test-run-solem-apparmor> machine # [   11.010233] systemd[1]: Finished Extra networking commands..
vm-test-run-solem-apparmor> machine # [   11.012603] systemd[1]: Reached target Network.
vm-test-run-solem-apparmor> machine # [   11.023466] systemd[1]: Starting Permit User Sessions...
vm-test-run-solem-apparmor> machine # [   11.423058] kvm_amd: TSC scaling supported
vm-test-run-solem-apparmor> machine # [   11.424151] kvm_amd: Nested Virtualization enabled
vm-test-run-solem-apparmor> machine # [   11.425407] kvm_amd: Nested Paging enabled
vm-test-run-solem-apparmor> machine # [   11.433360] kvm_amd: Virtual VMLOAD VMSAVE supported
vm-test-run-solem-apparmor> machine # [   11.434785] kvm_amd: PMU virtualization is disabled
vm-test-run-solem-apparmor> machine # [   11.104724] systemd[1]: Finished Permit User Sessions.
vm-test-run-solem-apparmor> machine # [   11.111638] systemd[1]: Started Getty on tty1.
vm-test-run-solem-apparmor> machine # [   11.116396] systemd[1]: Reached target Login Prompts.
vm-test-run-solem-apparmor> machine # [   11.496142] EDAC MC: Ver: 3.0.0
vm-test-run-solem-apparmor> machine # [   11.632720] systemd[1]: Finished Virtual Console Setup.
vm-test-run-solem-apparmor> machine # [   11.926170] dhcpcd[761]: eth0: soliciting a DHCP lease
vm-test-run-solem-apparmor> machine # [   12.325180] NET: Registered PF_PACKET protocol family
vm-test-run-solem-apparmor> machine # [   11.957225] dhcpcd[761]: eth0: offered 10.0.2.15 from 10.0.2.2
vm-test-run-solem-apparmor> machine # [   11.960420] dhcpcd[761]: eth0: probing address 10.0.2.15/24
vm-test-run-solem-apparmor> machine # [   12.944820] dhcpcd[761]: eth0: soliciting an IPv6 router
vm-test-run-solem-apparmor> machine # [   12.947735] dhcpcd[761]: eth0: Router Advertisement from fe80::2
vm-test-run-solem-apparmor> machine # [   12.950634] dhcpcd[761]: eth0: adding address fec0::5054:ff:fe12:3456/64
vm-test-run-solem-apparmor> machine # [   12.953624] dhcpcd[761]: eth0: adding route to fec0::/64
vm-test-run-solem-apparmor> machine # [   12.955723] dhcpcd[761]: eth0: adding default route via fe80::2
vm-test-run-solem-apparmor> machine # [   16.957628] dhcpcd[761]: eth0: leased 10.0.2.15 for 86400 seconds
vm-test-run-solem-apparmor> machine # [   16.959885] dhcpcd[761]: eth0: adding route to 10.0.2.0/24
vm-test-run-solem-apparmor> machine # [   16.962553] dhcpcd[761]: eth0: adding default route via 10.0.2.2
vm-test-run-solem-apparmor> machine # [   17.090319] systemd[1]: Started DHCP Client.
vm-test-run-solem-apparmor> machine # [   17.098172] systemd[1]: Reached target Network is Online.
vm-test-run-solem-apparmor> machine # [   17.214814] systemd[1]: Reached target Multi-User System.
vm-test-run-solem-apparmor> machine # [   17.216766] systemd[1]: Startup finished in 3.898s (kernel) + 13.197s (userspace) = 17.096s.
vm-test-run-solem-apparmor> (finished: waiting for unit multi-user.target, in 18.51 seconds)
vm-test-run-solem-apparmor> machine: must succeed: sleep 3
vm-test-run-solem-apparmor> (finished: must succeed: sleep 3, in 3.04 seconds)
vm-test-run-solem-apparmor> machine: must succeed: ls /sys/module/apparmor 2>&1
vm-test-run-solem-apparmor> (finished: must succeed: ls /sys/module/apparmor 2>&1, in 0.03 seconds)
vm-test-run-solem-apparmor> machine: must succeed: ls /sys/kernel/security/apparmor 2>&1 || true
vm-test-run-solem-apparmor> (finished: must succeed: ls /sys/kernel/security/apparmor 2>&1 || true, in 0.03 seconds)
vm-test-run-solem-apparmor> aa-status:
vm-test-run-solem-apparmor> Failed to get profiles: 2....
vm-test-run-solem-apparmor> apparmor module is loaded.
vm-test-run-solem-apparmor> cleanup
vm-test-run-solem-apparmor> kill machine (pid 9)
vm-test-run-solem-apparmor> qemu-kvm: terminating on signal 15 from pid 6 (/nix/store/dksjvr69ckglyw1k2ss1qgshhcix73p8-python3-3.12.8/bin/python3.12)
vm-test-run-solem-apparmor> kill vlan (pid 7)
vm-test-run-solem-apparmor> (finished: cleanup, in 0.00 seconds)
vm-test-run-solem-apparmor> Traceback (most recent call last):
vm-test-run-solem-apparmor>   File "/nix/store/v87ngzjjfhfw8kpcg4ii401mscx8pg9g-nixos-test-driver-1.1/bin/.nixos-test-driver-wrapped", line 9, in <module>
vm-test-run-solem-apparmor>     sys.exit(main())
vm-test-run-solem-apparmor>              ^^^^^^
vm-test-run-solem-apparmor>   File "/nix/store/v87ngzjjfhfw8kpcg4ii401mscx8pg9g-nixos-test-driver-1.1/lib/python3.12/site-packages/test_driver/__init__.py", line 146, in main
vm-test-run-solem-apparmor>     driver.run_tests()
vm-test-run-solem-apparmor>   File "/nix/store/v87ngzjjfhfw8kpcg4ii401mscx8pg9g-nixos-test-driver-1.1/lib/python3.12/site-packages/test_driver/driver.py", line 173, in run_tests
vm-test-run-solem-apparmor>     self.test_script()
vm-test-run-solem-apparmor>   File "/nix/store/v87ngzjjfhfw8kpcg4ii401mscx8pg9g-nixos-test-driver-1.1/lib/python3.12/site-packages/test_driver/driver.py", line 165, in test_script
vm-test-run-solem-apparmor>     exec(self.tests, symbols, None)
vm-test-run-solem-apparmor>   File "<string>", line 15, in <module>
vm-test-run-solem-apparmor> Exception: FAIL: profilo solem-gavio-ai NON caricato:
vm-test-run-solem-apparmor> Failed to get profiles: 2....
vm-test-run-solem-apparmor> apparmor module is loaded.
error: builder for '/nix/store/6h3ckl89dnvajhbgbidpbq9a2v5hyqml-vm-test-run-solem-apparmor.drv' failed with exit code 1;
       last 25 log lines:
       > (finished: must succeed: ls /sys/kernel/security/apparmor 2>&1 || true, in 0.03 seconds)
       > aa-status:
       > Failed to get profiles: 2....
       > apparmor module is loaded.
       >
       > cleanup
       > kill machine (pid 9)
       > qemu-kvm: terminating on signal 15 from pid 6 (/nix/store/dksjvr69ckglyw1k2ss1qgshhcix73p8-python3-3.12.8/bin/python3.12)
       > kill vlan (pid 7)
       > (finished: cleanup, in 0.00 seconds)
       > Traceback (most recent call last):
       >   File "/nix/store/v87ngzjjfhfw8kpcg4ii401mscx8pg9g-nixos-test-driver-1.1/bin/.nixos-test-driver-wrapped", line 9, in <module>
       >     sys.exit(main())
       >              ^^^^^^
       >   File "/nix/store/v87ngzjjfhfw8kpcg4ii401mscx8pg9g-nixos-test-driver-1.1/lib/python3.12/site-packages/test_driver/__init__.py", line 146, in main
       >     driver.run_tests()
       >   File "/nix/store/v87ngzjjfhfw8kpcg4ii401mscx8pg9g-nixos-test-driver-1.1/lib/python3.12/site-packages/test_driver/driver.py", line 173, in run_tests
       >     self.test_script()
       >   File "/nix/store/v87ngzjjfhfw8kpcg4ii401mscx8pg9g-nixos-test-driver-1.1/lib/python3.12/site-packages/test_driver/driver.py", line 165, in test_script
       >     exec(self.tests, symbols, None)
       >   File "<string>", line 15, in <module>
       > Exception: FAIL: profilo solem-gavio-ai NON caricato:
       > Failed to get profiles: 2....
       > apparmor module is loaded.
       >
       For full logs, run 'nix log /nix/store/6h3ckl89dnvajhbgbidpbq9a2v5hyqml-vm-test-run-solem-apparmor.drv'.
