# VM test apparmor FAIL — commit 6220ad7 @ 20260530T232328Z

vm-test-run-solem-apparmor> machine # [    8.286196] systemd[1]: Found device /dev/ttyS0.
vm-test-run-solem-apparmor> machine # [    8.308617] (udev-worker)[455]: Network interface NamePolicy= disabled on kernel command line.
vm-test-run-solem-apparmor> machine # [    8.334438] (udev-worker)[451]: eth1: Config file /etc/systemd/network/40-eth1.link is applied to device based on potentially unpredictable interface name.
vm-test-run-solem-apparmor> machine # [    8.342486] (udev-worker)[451]: Network interface NamePolicy= disabled on kernel command line.
vm-test-run-solem-apparmor> machine # [    8.588574] systemd[1]: Found device Virtio network device.
vm-test-run-solem-apparmor> machine # [    8.615761] systemd[1]: suid-sgid-wrappers.service: Deactivated successfully.
vm-test-run-solem-apparmor> machine # [    8.624322] systemd[1]: Finished Create SUID/SGID Wrappers.
vm-test-run-solem-apparmor> machine # [    8.702569] bda4zqmbxbw6s2p726xf1vivklisa6ca-mount-pstore.sh[382]: Persistent Storage backend was not registered in time.
vm-test-run-solem-apparmor> machine # [    8.716189] systemd[1]: Finished mount-pstore.service.
vm-test-run-solem-apparmor> machine # [    8.720268] systemd[1]: Platform Persistent Storage Archival was skipped because of an unmet condition check (ConditionDirectoryNotEmpty=/sys/fs/pstore).
vm-test-run-solem-apparmor> machine # [    8.729357] systemd[1]: Reached target System Initialization.
vm-test-run-solem-apparmor> machine # [    8.733253] systemd[1]: Started Discard unused filesystem blocks once a week.
vm-test-run-solem-apparmor> machine # [    8.737393] systemd[1]: Started nix-gc.timer.
vm-test-run-solem-apparmor> machine # [    8.745895] systemd[1]: Started Daily Cleanup of Temporary Directories.
vm-test-run-solem-apparmor> machine # [    8.754327] systemd[1]: Reached target Timer Units.
vm-test-run-solem-apparmor> machine # [    8.758366] systemd[1]: Listening on D-Bus System Message Bus Socket.
vm-test-run-solem-apparmor> machine # [    8.766416] systemd[1]: Listening on Nix Daemon Socket.
vm-test-run-solem-apparmor> machine # [    8.779416] systemd[1]: Listening on Hostname Service Socket.
vm-test-run-solem-apparmor> machine # [    8.788423] systemd[1]: Reached target Socket Units.
vm-test-run-solem-apparmor> machine # [    8.797899] systemd[1]: Reached target Basic System.
vm-test-run-solem-apparmor> machine # [    8.807458] systemd[1]: System is tainted: support-ended
vm-test-run-solem-apparmor> machine # [    8.818354] systemd[1]: Starting Kernel Auditing...
vm-test-run-solem-apparmor> machine # [    8.826309] systemd[1]: Started backdoor.service.
vm-test-run-solem-apparmor> machine # [    8.832665] systemd[1]: Starting Name Service Cache Daemon (nsncd)...
vm-test-run-solem-apparmor> machine # [    8.838359] systemd[1]: Started Reset console on configuration changes.
vm-test-run-solem-apparmor> machine # [    8.852413] systemd[1]: Starting resolvconf update...
vm-test-run-solem-apparmor> machine # [    8.867240] systemd[1]: Starting D-Bus System Message Bus...
vm-test-run-solem-apparmor> machine # [    9.269865] mousedev: PS/2 mouse device common for all mice
vm-test-run-solem-apparmor> machine # connecting to host...
vm-test-run-solem-apparmor> machine # [    8.935206] 42m8vzags3w669djhcs5bbm7jf10phdb-audit-disable[638]: No rules
vm-test-run-solem-apparmor> machine # [    8.965862] systemd[1]: Finished Kernel Auditing.
vm-test-run-solem-apparmor> machine: Guest shell says: b'Spawning backdoor root shell...\n'
vm-test-run-solem-apparmor> machine: connected to guest root shell
vm-test-run-solem-apparmor> machine: (connecting took 10.21 seconds)
vm-test-run-solem-apparmor> (finished: waiting for the VM to finish booting, in 10.75 seconds)
vm-test-run-solem-apparmor> machine # [    9.030706] systemd[1]: Started Name Service Cache Daemon (nsncd).
vm-test-run-solem-apparmor> machine # [    9.044275] nsncd[630]: May 30 23:23:15.288 INFO started, config: Config { ignored_request_types: {}, worker_count: 8, handoff_timeout: 3s }, path: "/var/run/nscd/socket"
vm-test-run-solem-apparmor> machine # [    9.054437] systemd[1]: Reached target Host and Network Name Lookups.
vm-test-run-solem-apparmor> machine # [    9.061896] systemd[1]: Reached target User and Group Name Lookups.
vm-test-run-solem-apparmor> machine # [    9.071433] systemd[1]: Starting User Login Management...
vm-test-run-solem-apparmor> machine # [    9.103472] dbus-daemon[634]: dbus[634]: Unknown username "systemd-timesync" in message bus configuration file
vm-test-run-solem-apparmor> machine # [    9.173321] systemd[1]: Started D-Bus System Message Bus.
vm-test-run-solem-apparmor> machine # [    9.561214] input: Power Button as /devices/LNXSYSTM:00/LNXPWRBN:00/input/input3
vm-test-run-solem-apparmor> machine # [    9.663223] ACPI: button: Power Button [PWRF]
vm-test-run-solem-apparmor> machine # [    9.346376] systemd-logind[660]: New seat seat0.
vm-test-run-solem-apparmor> machine # [    9.381128] systemd[1]: Started User Login Management.
vm-test-run-solem-apparmor> machine # [    9.388483] systemd[1]: Finished Firewall.
vm-test-run-solem-apparmor> machine # [    9.407204] systemd[1]: Stopped target Host and Network Name Lookups.
vm-test-run-solem-apparmor> machine # [    9.410721] systemd[1]: Stopping Host and Network Name Lookups...
vm-test-run-solem-apparmor> machine # [    9.786843] parport_pc 00:03: reported by Plug and Play ACPI
vm-test-run-solem-apparmor> machine # [    9.423640] systemd[1]: Stopped target User and Group Name Lookups.
vm-test-run-solem-apparmor> machine # [    9.433613] systemd[1]: Stopping User and Group Name Lookups...
vm-test-run-solem-apparmor> machine # [    9.443447] systemd[1]: Stopping Name Service Cache Daemon (nsncd)...
vm-test-run-solem-apparmor> machine # [    9.446974] systemd[1]: nscd.service: Deactivated successfully.
vm-test-run-solem-apparmor> machine # [    9.455130] systemd[1]: Stopped Name Service Cache Daemon (nsncd).
vm-test-run-solem-apparmor> machine # [    9.459771] systemd[1]: Starting Name Service Cache Daemon (nsncd)...
vm-test-run-solem-apparmor> machine # [    9.851927] Floppy drive(s): fd0 is 2.88M AMI BIOS
vm-test-run-solem-apparmor> machine # [    9.893636] parport0: PC-style at 0x378, irq 7 [PCSPP(,...)]
vm-test-run-solem-apparmor> machine # [    9.918484] FDC 0 is a S82078B
vm-test-run-solem-apparmor> machine # [    9.558461] nsncd[712]: May 30 23:23:15.819 INFO started, config: Config { ignored_request_types: {}, worker_count: 8, handoff_timeout: 3s }, path: "/var/run/nscd/socket"
vm-test-run-solem-apparmor> machine # [    9.564843] systemd[1]: Started Name Service Cache Daemon (nsncd).
vm-test-run-solem-apparmor> machine # [    9.573451] systemd[1]: Reached target Host and Network Name Lookups.
vm-test-run-solem-apparmor> machine # [    9.579238] systemd[1]: Reached target User and Group Name Lookups.
vm-test-run-solem-apparmor> machine # [    9.606453] systemd[1]: Finished resolvconf update.
vm-test-run-solem-apparmor> machine # [    9.610611] systemd[1]: Reached target Preparation for Network.
vm-test-run-solem-apparmor> machine # [    9.621171] systemd[1]: Starting DHCP Client...
vm-test-run-solem-apparmor> machine # [    9.625909] systemd[1]: Starting Address configuration of eth1...
vm-test-run-solem-apparmor> machine # [   10.029025] piix4_smbus 0000:00:01.3: SMBus Host Controller at 0x700, revision 0
vm-test-run-solem-apparmor> machine # [    9.775686] network-addresses-eth1-start[736]: adding address 192.168.1.1/24... done
vm-test-run-solem-apparmor> machine # [   10.149961] input: QEMU Virtio Keyboard as /devices/pci0000:00/0000:00:0a.0/virtio7/input/input4
vm-test-run-solem-apparmor> machine # [    9.801632] network-addresses-eth1-start[736]: adding address 2001:db8:1::1/64... done
vm-test-run-solem-apparmor> machine # [    9.839177] systemd[1]: Finished Address configuration of eth1.
vm-test-run-solem-apparmor> machine # [    9.848643] systemd[1]: Starting Networking Setup...
vm-test-run-solem-apparmor> machine # [   10.227017] bochs-drm 0000:00:02.0: vgaarb: deactivate vga console
vm-test-run-solem-apparmor> machine # [    9.937471] dhcpcd[741]: dhcpcd-10.1.0 starting
vm-test-run-solem-apparmor> machine # [   10.310416] input: VirtualPS/2 VMware VMMouse as /devices/platform/i8042/serio1/input/input6
vm-test-run-solem-apparmor> machine # [   10.311014] input: VirtualPS/2 VMware VMMouse as /devices/platform/i8042/serio1/input/input5
vm-test-run-solem-apparmor> machine # [   10.315144] cryptd: max_cpu_qlen set to 1000
vm-test-run-solem-apparmor> machine # [   10.316829] Console: switching to colour dummy device 80x25
vm-test-run-solem-apparmor> machine # [    9.966977] dhcpcd[753]: dev: loaded udev
vm-test-run-solem-apparmor> machine # [   10.337514] [drm] Found bochs VGA, ID 0xb0c5.
vm-test-run-solem-apparmor> machine # [   10.338779] [drm] Framebuffer size 16384 kB @ 0xfd000000, mmio @ 0xfebd0000.
vm-test-run-solem-apparmor> machine # [   10.363609] 8021q: 802.1Q VLAN Support v1.8
vm-test-run-solem-apparmor> machine # [   10.366060] 8021q: adding VLAN 0 to HW filter on device eth1
vm-test-run-solem-apparmor> machine # [   10.370294] [drm] Found EDID data blob.
vm-test-run-solem-apparmor> machine # [   10.415291] AVX2 version of gcm_enc/dec engaged.
vm-test-run-solem-apparmor> machine # [   10.444691] [drm] Initialized bochs-drm 1.0.0 20130925 for 0000:00:02.0 on minor 0
vm-test-run-solem-apparmor> machine # [   10.483241] AES CTR mode by8 optimization enabled
vm-test-run-solem-apparmor> machine # [   10.718390] systemd[1]: Finished Networking Setup.
vm-test-run-solem-apparmor> machine # [   10.724279] systemd[1]: Starting Extra networking commands....
vm-test-run-solem-apparmor> machine # [   10.528899] fbcon: bochs-drmdrmfb (fb0) is primary device
vm-test-run-solem-apparmor> machine # [   11.035132] cfg80211: Loading compiled-in X.509 certificates for regulatory database
vm-test-run-solem-apparmor> machine # [   11.073281] Loaded X.509 cert 'sforshee: 00b28ddf47aef9cea7'
vm-test-run-solem-apparmor> machine # [   11.073432] Loaded X.509 cert 'wens: 61c038651aabdcf94bd0ac7ff06c7248db18c600'
vm-test-run-solem-apparmor> machine # [   11.075839] platform regulatory.0: Direct firmware load for regulatory.db failed with error -2
vm-test-run-solem-apparmor> machine # [   11.075843] cfg80211: failed to load regulatory.db
vm-test-run-solem-apparmor> machine # [   11.216292] 8021q: adding VLAN 0 to HW filter on device eth0
vm-test-run-solem-apparmor> machine # [   11.456361] Console: switching to colour frame buffer device 160x50
vm-test-run-solem-apparmor> machine # [   11.504371] ppdev: user-space parallel port driver
vm-test-run-solem-apparmor> machine # [   11.678613] bochs-drm 0000:00:02.0: [drm] fb0: bochs-drmdrmfb frame buffer device
vm-test-run-solem-apparmor> machine # [   10.851931] dhcpcd[753]: eth0: waiting for carrier
vm-test-run-solem-apparmor> machine # [   11.374215] dhcpcd[753]: eth0: carrier acquired
vm-test-run-solem-apparmor> machine # [   11.376409] systemd-logind[660]: Watching system buttons on /dev/input/event0 (AT Translated Set 2 keyboard)
vm-test-run-solem-apparmor> machine # [   11.380222] dhcpcd[753]: DUID 00:01:00:01:31:ae:2d:e5:52:54:00:12:34:56
vm-test-run-solem-apparmor> machine # [   11.382816] systemd[1]: Starting Virtual Console Setup...
vm-test-run-solem-apparmor> machine # [   11.385483] dhcpcd[753]: eth0: IAID 00:12:34:56
vm-test-run-solem-apparmor> machine # [   11.391935] systemd-logind[660]: Watching system buttons on /dev/input/event2 (Power Button)
vm-test-run-solem-apparmor> machine # [   11.396294] dhcpcd[753]: eth0: adding address fe80::5054:ff:fe12:3456
vm-test-run-solem-apparmor> machine # [   11.400299] systemd-logind[660]: Watching system buttons on /dev/input/event3 (QEMU Virtio Keyboard)
vm-test-run-solem-apparmor> machine # [   11.445931] systemd[1]: Finished Extra networking commands..
vm-test-run-solem-apparmor> machine # [   11.457326] systemd[1]: Reached target Network.
vm-test-run-solem-apparmor> machine # [   11.459152] systemd[1]: Listening on Load/Save RF Kill Switch Status /dev/rfkill Watch.
vm-test-run-solem-apparmor> machine # [   11.469483] systemd[1]: Starting Permit User Sessions...
vm-test-run-solem-apparmor> machine # [   11.475636] systemd[1]: systemd-vconsole-setup.service: Deactivated successfully.
vm-test-run-solem-apparmor> machine # [   11.482737] systemd[1]: Stopped Virtual Console Setup.
vm-test-run-solem-apparmor> machine # [   11.486520] systemd[1]: run-credentials-systemd\x2dvconsole\x2dsetup.service.mount: Deactivated successfully.
vm-test-run-solem-apparmor> machine # [   11.509925] systemd[1]: Starting Virtual Console Setup...
vm-test-run-solem-apparmor> machine # [   11.904425] kvm_amd: TSC scaling supported
vm-test-run-solem-apparmor> machine # [   11.905661] kvm_amd: Nested Virtualization enabled
vm-test-run-solem-apparmor> machine # [   11.907114] kvm_amd: Nested Paging enabled
vm-test-run-solem-apparmor> machine # [   11.914058] kvm_amd: Virtual VMLOAD VMSAVE supported
vm-test-run-solem-apparmor> machine # [   11.915637] kvm_amd: PMU virtualization is disabled
vm-test-run-solem-apparmor> machine # [   11.583482] systemd[1]: Finished Permit User Sessions.
vm-test-run-solem-apparmor> machine # [   11.592233] systemd[1]: Started Getty on tty1.
vm-test-run-solem-apparmor> machine # [   11.594726] systemd[1]: Reached target Login Prompts.
vm-test-run-solem-apparmor> machine # [   11.984797] EDAC MC: Ver: 3.0.0
vm-test-run-solem-apparmor> machine # [   11.794780] dhcpcd[753]: eth0: soliciting a DHCP lease
vm-test-run-solem-apparmor> machine # [   12.185255] NET: Registered PF_PACKET protocol family
vm-test-run-solem-apparmor> machine # [   11.829267] dhcpcd[753]: eth0: offered 10.0.2.15 from 10.0.2.2
vm-test-run-solem-apparmor> machine # [   11.833292] dhcpcd[753]: eth0: probing address 10.0.2.15/24
vm-test-run-solem-apparmor> machine # [   12.150975] systemd[1]: Finished Virtual Console Setup.
vm-test-run-solem-apparmor> machine # [   12.998541] dhcpcd[753]: eth0: soliciting an IPv6 router
vm-test-run-solem-apparmor> machine # [   13.001449] dhcpcd[753]: eth0: Router Advertisement from fe80::2
vm-test-run-solem-apparmor> machine # [   13.004603] dhcpcd[753]: eth0: adding address fec0::5054:ff:fe12:3456/64
vm-test-run-solem-apparmor> machine # [   13.007702] dhcpcd[753]: eth0: adding route to fec0::/64
vm-test-run-solem-apparmor> machine # [   13.010417] dhcpcd[753]: eth0: adding default route via fe80::2
vm-test-run-solem-apparmor> machine # [   17.570647] dhcpcd[753]: eth0: leased 10.0.2.15 for 86400 seconds
vm-test-run-solem-apparmor> machine # [   17.573393] dhcpcd[753]: eth0: adding route to 10.0.2.0/24
vm-test-run-solem-apparmor> machine # [   17.575812] dhcpcd[753]: eth0: adding default route via 10.0.2.2
vm-test-run-solem-apparmor> machine # [   17.837318] systemd[1]: Started DHCP Client.
vm-test-run-solem-apparmor> machine # [   17.842612] systemd[1]: Reached target Network is Online.
vm-test-run-solem-apparmor> machine # [   17.845513] systemd[1]: Reached target Multi-User System.
vm-test-run-solem-apparmor> machine # [   17.847989] systemd[1]: Startup finished in 4.120s (kernel) + 13.721s (userspace) = 17.842s.
vm-test-run-solem-apparmor> (finished: waiting for unit multi-user.target, in 20.36 seconds)
vm-test-run-solem-apparmor> machine: must succeed: sleep 3
vm-test-run-solem-apparmor> (finished: must succeed: sleep 3, in 3.03 seconds)
vm-test-run-solem-apparmor> machine: must succeed: ls /sys/module/apparmor 2>&1
vm-test-run-solem-apparmor> (finished: must succeed: ls /sys/module/apparmor 2>&1, in 0.03 seconds)
vm-test-run-solem-apparmor> machine: must succeed: ls /sys/kernel/security/apparmor 2>&1 || true
vm-test-run-solem-apparmor> (finished: must succeed: ls /sys/kernel/security/apparmor 2>&1 || true, in 0.03 seconds)
vm-test-run-solem-apparmor> aa-status:
vm-test-run-solem-apparmor> Failed to get profiles: 2....
vm-test-run-solem-apparmor> apparmor module is loaded.
vm-test-run-solem-apparmor> cleanup
vm-test-run-solem-apparmor> kill machine (pid 9)
vm-test-run-solem-apparmor> qemu-kvm: terminating on signal 15 from pid 6 (/nix/store/dksjvr69ckglyw1k2ss1qgshhcix73p8-python3-3.12.8/bin/python3.12)
vm-test-run-solem-apparmor> kill vlan (pid 7)
vm-test-run-solem-apparmor> (finished: cleanup, in 0.01 seconds)
vm-test-run-solem-apparmor> Traceback (most recent call last):
vm-test-run-solem-apparmor>   File "/nix/store/v87ngzjjfhfw8kpcg4ii401mscx8pg9g-nixos-test-driver-1.1/bin/.nixos-test-driver-wrapped", line 9, in <module>
vm-test-run-solem-apparmor>     sys.exit(main())
vm-test-run-solem-apparmor>              ^^^^^^
vm-test-run-solem-apparmor>   File "/nix/store/v87ngzjjfhfw8kpcg4ii401mscx8pg9g-nixos-test-driver-1.1/lib/python3.12/site-packages/test_driver/__init__.py", line 146, in main
vm-test-run-solem-apparmor>     driver.run_tests()
vm-test-run-solem-apparmor>   File "/nix/store/v87ngzjjfhfw8kpcg4ii401mscx8pg9g-nixos-test-driver-1.1/lib/python3.12/site-packages/test_driver/driver.py", line 173, in run_tests
vm-test-run-solem-apparmor>     self.test_script()
vm-test-run-solem-apparmor>   File "/nix/store/v87ngzjjfhfw8kpcg4ii401mscx8pg9g-nixos-test-driver-1.1/lib/python3.12/site-packages/test_driver/driver.py", line 165, in test_script
vm-test-run-solem-apparmor>     exec(self.tests, symbols, None)
vm-test-run-solem-apparmor>   File "<string>", line 15, in <module>
vm-test-run-solem-apparmor> Exception: FAIL: profilo solem-gavio-ai NON caricato:
vm-test-run-solem-apparmor> Failed to get profiles: 2....
vm-test-run-solem-apparmor> apparmor module is loaded.
error: builder for '/nix/store/6h3ckl89dnvajhbgbidpbq9a2v5hyqml-vm-test-run-solem-apparmor.drv' failed with exit code 1;
       last 25 log lines:
       > (finished: must succeed: ls /sys/kernel/security/apparmor 2>&1 || true, in 0.03 seconds)
       > aa-status:
       > Failed to get profiles: 2....
       > apparmor module is loaded.
       >
       > cleanup
       > kill machine (pid 9)
       > qemu-kvm: terminating on signal 15 from pid 6 (/nix/store/dksjvr69ckglyw1k2ss1qgshhcix73p8-python3-3.12.8/bin/python3.12)
       > kill vlan (pid 7)
       > (finished: cleanup, in 0.01 seconds)
       > Traceback (most recent call last):
       >   File "/nix/store/v87ngzjjfhfw8kpcg4ii401mscx8pg9g-nixos-test-driver-1.1/bin/.nixos-test-driver-wrapped", line 9, in <module>
       >     sys.exit(main())
       >              ^^^^^^
       >   File "/nix/store/v87ngzjjfhfw8kpcg4ii401mscx8pg9g-nixos-test-driver-1.1/lib/python3.12/site-packages/test_driver/__init__.py", line 146, in main
       >     driver.run_tests()
       >   File "/nix/store/v87ngzjjfhfw8kpcg4ii401mscx8pg9g-nixos-test-driver-1.1/lib/python3.12/site-packages/test_driver/driver.py", line 173, in run_tests
       >     self.test_script()
       >   File "/nix/store/v87ngzjjfhfw8kpcg4ii401mscx8pg9g-nixos-test-driver-1.1/lib/python3.12/site-packages/test_driver/driver.py", line 165, in test_script
       >     exec(self.tests, symbols, None)
       >   File "<string>", line 15, in <module>
       > Exception: FAIL: profilo solem-gavio-ai NON caricato:
       > Failed to get profiles: 2....
       > apparmor module is loaded.
       >
       For full logs, run 'nix log /nix/store/6h3ckl89dnvajhbgbidpbq9a2v5hyqml-vm-test-run-solem-apparmor.drv'.
