# VM test ai-dns-allowlist FAIL — commit 1ccf133 @ 20260530T181548Z

copying path '/nix/store/j9cms4w89wg2mc09s7mvdcmjrwg3l4qs-kbd-2.6.4' from 'https://cache.nixos.org'...
copying path '/nix/store/8dbknbmd48315lx75savb21195l7y435-man-db-2.13.0' from 'https://cache.nixos.org'...
copying path '/nix/store/gxx16rq84bn0m8ra3kipzydr3fkk8n0z-texinfo-7.1.1' from 'https://cache.nixos.org'...
copying path '/nix/store/wgd0h1hzvic0gqia9injpwy01wbwwa7i-iproute2-6.11.0' from 'https://cache.nixos.org'...
copying path '/nix/store/7afadfc85f89rmi46hny5j4aqx73gd7m-etc-systemd-system.conf' from 'https://cache.nixos.org'...
copying path '/nix/store/qdad15zr7s7n1ag22lmlcwv8h3l1hqls-fuse-2.9.9' from 'https://cache.nixos.org'...
copying path '/nix/store/nbi70ssy9w98kfb61mrhl5vp8x2bfm1g-fuse-2.9.9-bin' from 'https://cache.nixos.org'...
copying path '/nix/store/gc0b10nl2n9xra27da8sidwhdaxwnwsh-fuse-3.16.2' from 'https://cache.nixos.org'...
copying path '/nix/store/cfyzc45vb46dsbfqk3pl65g19jw910pb-local-cmds' from 'https://cache.nixos.org'...
copying path '/nix/store/i1ajwx12c0dp649w6iv50sipvalz7f1w-lvm2-2.03.31-bin' from 'https://cache.nixos.org'...
copying path '/nix/store/cvajbwrlxpfrk9jrc99k6yaxwd691q90-netpbm-11.8.1-dev' from 'https://cache.nixos.org'...
copying path '/nix/store/dmb2lzx5cwxjgj2rzvx48xx195wp0a4z-nixos-enter' from 'https://cache.nixos.org'...
building '/nix/store/3a9a5zc5ambn2zrdhilkf4z8z04y356c-etc-solem-ai-dns.md.drv'...
building '/nix/store/qvf6z383dcs5n9bbdpn0c9f51ws430zr-etc-solem-ai-user.md.drv'...
building '/nix/store/cq4w0wms5qar7an0466i6x998q9wrfzx-etc-systemd-journald.conf.drv'...
building '/nix/store/qi632l15wp3ab44df061vn921bqxwjkh-nftables-rules.drv'...
copying path '/nix/store/krzs0yw18f434hlci1shhgq9yjx9lf98-nixos-option' from 'https://cache.nixos.org'...
copying path '/nix/store/bpwa4pq1mii034plfnncmrbz7knqv0sp-perl5.40.0-XML-SAX-1.02' from 'https://cache.nixos.org'...
building '/nix/store/qir89k0278721zifbda3xhjy4w38ngiv-nix.conf.drv'...
building '/nix/store/spskqdpb2plxrskh7l2i0almpb0rfjd9-nixos-tmpfiles.d.drv'...
building '/nix/store/8hnirbjrj7mh9db711nk3i755q1fg82l-unbound.conf.drv'...
nix.conf> Validating generated nix.conf
copying path '/nix/store/3klimmdidp0qhpa94fb3kf0vwhirgcnz-perl5.40.0-DBD-SQLite-1.74' from 'https://cache.nixos.org'...
copying path '/nix/store/170gs8awznymkjc7b37j602zqyw2p5fv-texinfo-interactive-7.1.1' from 'https://cache.nixos.org'...
building '/nix/store/azj9zgskl6j6hyj0gr7hsrvag7rihb0i-X-Restart-Triggers-systemd-journald-.drv'...
building '/nix/store/mqbz98dkpfijgxvvnhsd4jl82k46nyyp-X-Restart-Triggers-nix-daemon.drv'...
building '/nix/store/csdnk50ml8vkifbn537sdd7anfmw9m5l-X-Restart-Triggers-systemd-journald.drv'...
copying path '/nix/store/3x2iqccjb54aakvkqpjq81a9p0dk0zm6-console-env' from 'https://cache.nixos.org'...
building '/nix/store/n86dccsaisi913i1nnqdhxysgcnayf38-X-Restart-Triggers-unbound.drv'...
copying path '/nix/store/3n52dlrwqb79mc5zcr4nni17dkvaxwa1-systemd-256.10' from 'https://cache.nixos.org'...
building '/nix/store/0jhycszk5xcwx2i157h9qrw6kzpbjsl2-unit-nix-gc.timer.drv'...
building '/nix/store/pvfrx4ps5z1j8m19h7hplhk8py57xcg2-unit-script-nix-gc-start.drv'...
building '/nix/store/p8gsha7qz8wmy4s9gmvfyrsc7bdlkpga-users-groups.json.drv'...
copying path '/nix/store/1kfyx9lmvkxd9mvg8py9w1q9brv5q6hd-systemd-minimal-256.10' from 'https://cache.nixos.org'...
copying path '/nix/store/xjrkm790caprvx35w9gmb9hxjn9ysvvv-grub-2.12' from 'https://cache.nixos.org'...
copying path '/nix/store/nxc2wl6l9qryijyg81d7i5kh60b3hhva-security-wrapper-fusermount-x86_64-unknown-linux-musl' from 'https://cache.nixos.org'...
copying path '/nix/store/97akcl9f4iw35sjdalzkmy5m2nrck483-nixos-install' from 'https://cache.nixos.org'...
copying path '/nix/store/rd2303qk3i8ik22n3ibv7ymwnj9fd32h-fuse-3.16.2-bin' from 'https://cache.nixos.org'...
copying path '/nix/store/1s4fq9sni326vcyh4a4gs7hyh30z1inh-perl-5.40.0-env' from 'https://cache.nixos.org'...
copying path '/nix/store/n4pggp75h1anavgmp0ixjc6153qgi1s8-perl5.40.0-XML-LibXML-2.0210' from 'https://cache.nixos.org'...
copying path '/nix/store/7jyi8ng4ylzw3mzpzsnl8nvwbm6isjbr-X-Restart-Triggers-reload-systemd-vconsole-setup' from 'https://cache.nixos.org'...
copying path '/nix/store/g7ahnc9j8hbz2ccxdavyhx8zy1j950pg-lvm2-2.03.31' from 'https://cache.nixos.org'...
copying path '/nix/store/686f11lq102dr09zlx5iw8kwmv60dry3-security-wrapper-fusermount3-x86_64-unknown-linux-musl' from 'https://cache.nixos.org'...
copying path '/nix/store/w6j9y58zv4ibc30n1p1p8n27b0vz6iw3-perl-5.40.0-env' from 'https://cache.nixos.org'...
copying path '/nix/store/fa09zyhq703c0snanmc7fh1qky226ass-command-not-found' from 'https://cache.nixos.org'...
copying path '/nix/store/k0myw579z0gav01cndr6wk7vx63nrbma-dbus-1.14.10-lib' from 'https://cache.nixos.org'...
copying path '/nix/store/dx2xyf9m4j7w66kq47mjzlqfw6j4pva9-etc-sysctl.d-60-nixos.conf' from 'https://cache.nixos.org'...
copying path '/nix/store/x7nza44h5zpcz82c5qcmixv0cjpsmvdv-login.pam' from 'https://cache.nixos.org'...
copying path '/nix/store/6v2c12fv8325zbkfgh82hskq3fa5kk84-nixos-generate-config' from 'https://cache.nixos.org'...
copying path '/nix/store/nqnj7da32g2gfgnjyyvjj2f9b20i5ny8-systemd-user.pam' from 'https://cache.nixos.org'...
copying path '/nix/store/lpjiwb6bi93wj2yk8iv0rljij7vjxf10-shutdown-ramfs-contents.json' from 'https://cache.nixos.org'...
copying path '/nix/store/0zpyg1wzpjxlz36wabn90nhah4c6gcq4-procps-4.0.4' from 'https://cache.nixos.org'...
copying path '/nix/store/wlgwysqgc1bwvb0hgb49fgiz3g2vv902-systemd-default-tmpfiles' from 'https://cache.nixos.org'...
copying path '/nix/store/a6mlf9w3vnpb6s1siinpplwfbq5wv2wa-unbound-1.22.0-lib' from 'https://cache.nixos.org'...
copying path '/nix/store/9qh3nzc7axas2fqicy5cfi206ry3zcz3-systemd' from 'https://cache.nixos.org'...
copying path '/nix/store/nflxnrminrg9iq55ias0cn9kp7z65lhc-unit-audit.service' from 'https://cache.nixos.org'...
copying path '/nix/store/3qgm39v5fkpkjiccccfhwk0w1qvhab94-systemd-256.10-man' from 'https://cache.nixos.org'...
copying path '/nix/store/3s2hlzbzxqfvx9bkdkic2w74j12anws3-unit-backdoor.service' from 'https://cache.nixos.org'...
copying path '/nix/store/7jjh88bk2h73agw6dsy797cp72scb137-etc-bashrc' from 'https://cache.nixos.org'...
copying path '/nix/store/ag7zg436xdfhmbdam33526wbcra6qc8v-unit-dhcpcd.service' from 'https://cache.nixos.org'...
copying path '/nix/store/vfqs1p8v0zjdk2sd4mzwg1hhw5vp4ax1-dbus-1.14.10' from 'https://cache.nixos.org'...
copying path '/nix/store/k0ry2bgla777mh0nwxvhfchmqsh4vgkj-unit-network-local-commands.service' from 'https://cache.nixos.org'...
copying path '/nix/store/0lnsvafkvhffv40sgsk4z20qkgyabgj5-unit-network-addresses-eth1.service' from 'https://cache.nixos.org'...
copying path '/nix/store/mi41z6qwzb29iqx5mgw4nyb3dg7sw0g1-unit-kmod-static-nodes.service' from 'https://cache.nixos.org'...
copying path '/nix/store/pf85c35dfacfgfb236plai8gl1d4nim0-X-Restart-Triggers-systemd-sysctl' from 'https://cache.nixos.org'...
copying path '/nix/store/6mcgpnkq5lxpfkhykrm4wl5spjk3f3a8-unit-generate-shutdown-ramfs.service' from 'https://cache.nixos.org'...
building '/nix/store/jriqw61g6gvqr1pgh5xhgmbb6z83ma90-tmpfiles.d.drv'...
copying path '/nix/store/fdzbagg9jx5bxlbwnf42g6346013p99l-unit-network-setup.service' from 'https://cache.nixos.org'...
copying path '/nix/store/k69rcfqbwc3wsyb20w2zwhw5vi0nd9rl-unbound-1.22.0' from 'https://cache.nixos.org'...
copying path '/nix/store/c9l8k80b5rm4c6ifgpszhs0k7krzv7c0-lesspipe-2.17' from 'https://cache.nixos.org'...
building '/nix/store/n38g33ycam0d7mzyzj0vd36s6whl0qky-X-Restart-Triggers-systemd-tmpfiles-resetup.drv'...
copying path '/nix/store/fyv34g5ymwwx5gprck1mq3s7svr4ca1d-50-coredump.conf' from 'https://cache.nixos.org'...
building '/nix/store/4bnjrs60mrirc8fni4jjfjnb0nbmgp1w-solem-ai-dns.drv'...
building '/nix/store/afzphbkaaqkhpmi7z8h99384c7d5y723-unit-nftables.service.drv'...
building '/nix/store/18pwmvj3xx5315r5slr5d4jhlwpc8s3a-unit-nix-gc.service.drv'...
copying path '/nix/store/z4iblshdw5vqrsqk8hgpsxr2vjq2f359-unit-nix-optimise.service' from 'https://cache.nixos.org'...
copying path '/nix/store/z13c3g80m4b755a5rvdka73cqg4yfq84-unit-nscd.service' from 'https://cache.nixos.org'...
building '/nix/store/b4qlq0afs483yy925kbkmk986rylvmnq-unit-systemd-journald-.service.drv'...
building '/nix/store/c6a39wyaxxyq66pzbnkrp296cphy857d-unit-systemd-journald.service.drv'...
building '/nix/store/a9pmciy1i1an3rs9h3igh8s3wavrvh5a-unit-systemd-tmpfiles-resetup.service.drv'...
copying path '/nix/store/9zzqjd1mbsri5165vklmpgn4w6js8kz5-unit-post-resume.service' from 'https://cache.nixos.org'...
copying path '/nix/store/f9hd3af660qbvwz9pbmkyli4gwkl0if4-unit-pre-sleep.service' from 'https://cache.nixos.org'...
copying path '/nix/store/3kc0w6i3ghxr14n3d4sjwdds5f9lkxg5-unit-prepare-kexec.service' from 'https://cache.nixos.org'...
copying path '/nix/store/8pcck0i98s7z3kfga95lny5rhm58v030-unit-resolvconf.service' from 'https://cache.nixos.org'...
copying path '/nix/store/y18jhk0zb5la12h8657k33mwy2z80280-unit-script-container_-start' from 'https://cache.nixos.org'...
copying path '/nix/store/l9lvm39fzyvrizz8cg9l53bdwl38k33y-unit-reload-systemd-vconsole-setup.service' from 'https://cache.nixos.org'...
copying path '/nix/store/i8r46ympzf8bid6fn67bs3k4kbajxi1v-unit-systemd-importd.service' from 'https://cache.nixos.org'...
copying path '/nix/store/7889qm0gzvrs7vgd79lrig9gxnshp00f-unit-qemu-guest-agent.service' from 'https://cache.nixos.org'...
copying path '/nix/store/mif1wfbbism190y982w1j818icyr7wqh-unit-systemd-logind.service' from 'https://cache.nixos.org'...
copying path '/nix/store/qxsmd1j8kg1s2kfzlh4sjbhws7l6qqyj-unit-systemd-backlight-.service' from 'https://cache.nixos.org'...
copying path '/nix/store/y5z8dnm6ldqjmr8yl3v764wgrgwzfd2h-unit-systemd-journal-flush.service' from 'https://cache.nixos.org'...
copying path '/nix/store/zx71vq7s1v840wqsrw2m2ckmxn413a2b-gcc-wrapper-13.3.0' from 'https://cache.nixos.org'...
building '/nix/store/617pccd994lyzyxxqavspr3k4rw0dy3s-unit-unbound.service.drv'...
copying path '/nix/store/vc87y63rbk07ihxj6gmxxlx86sd6i6b0-security-wrapper-dbus-daemon-launch-helper-x86_64-unknown-linux-musl' from 'https://cache.nixos.org'...
copying path '/nix/store/d0dzlki56jq4n06rymvsdvbwviwxaaqa-set-environment' from 'https://cache.nixos.org'...
copying path '/nix/store/sqzanp41b9rfk7rf3xkgpmdd1wmlg124-unit-systemd-nspawn-.service' from 'https://cache.nixos.org'...
copying path '/nix/store/2h87hrm40ckyarfc5akh9y4mybz1xr35-unit-systemd-oomd.service' from 'https://cache.nixos.org'...
copying path '/nix/store/9hq4s2w1rd48caxy59xsg6bjz733lh22-unit-systemd-pstore.service' from 'https://cache.nixos.org'...
copying path '/nix/store/3jh406ydywcrb0rcdn77dickqpi8js9i-unit-systemd-modules-load.service' from 'https://cache.nixos.org'...
copying path '/nix/store/my0gj7w889gcdm9gqjb83jgcw68vm878-unit-systemd-random-seed.service' from 'https://cache.nixos.org'...
copying path '/nix/store/bq55s3aq8j0aw2wrkmk4hj6n1mjqlim9-unit-systemd-remount-fs.service' from 'https://cache.nixos.org'...
copying path '/nix/store/igslbdqqav2mwykfg5lj4blf0d5v017x-unit-systemd-sysctl.service' from 'https://cache.nixos.org'...
copying path '/nix/store/80myd1fpv0sb1h141fpgddcp8kyppy8y-unit-systemd-timedated.service' from 'https://cache.nixos.org'...
copying path '/nix/store/p559305nka4ckyk68jq1q5vwfpr5q1bz-unit-systemd-update-utmp.service' from 'https://cache.nixos.org'...
copying path '/nix/store/7zm29fhhlv2ikkyx848v5gdkv5w3lgri-unit-systemd-user-sessions.service' from 'https://cache.nixos.org'...
copying path '/nix/store/l4pwnlqg24i9m0s02vfpf1rwfwlfx3xv-unit-systemd-tmpfiles-setup.service' from 'https://cache.nixos.org'...
copying path '/nix/store/vnry16zjc7rm3gmysjg5w5aaavma2dac-unit-systemd-udev-settle.service' from 'https://cache.nixos.org'...
copying path '/nix/store/l65gpmjg5rhr3cv53g7sslqawwmvwmxm-stdenv-linux' from 'https://cache.nixos.org'...
copying path '/nix/store/x7j104r57wy7cnwidq1m47nc26p1ma5w-unit-user-.service' from 'https://cache.nixos.org'...
copying path '/nix/store/8m031q2yhlnfwjw45alllzcn47bb0i41-etc-profile' from 'https://cache.nixos.org'...
copying path '/nix/store/2xhhlbhpk4c47fmi7bcr9lcf21xrs1hs-unit-user-runtime-dir-.service' from 'https://cache.nixos.org'...
copying path '/nix/store/1jasg83hbsd6m0gymnc6c740v0jl7mg8-util-linux-2.39.4-bin' from 'https://cache.nixos.org'...
copying path '/nix/store/mm84abgv00m85lz6xgblpgvpnh2swdvw-install-grub.pl' from 'https://cache.nixos.org'...
copying path '/nix/store/dsz4rbr1g0qmn37a6i20rkfjxjyp603f-nixos-container' from 'https://cache.nixos.org'...
copying path '/nix/store/2mh4p14lrmnxs8p4ip2jf2gyvdj084qj-getty' from 'https://cache.nixos.org'...
copying path '/nix/store/bda4zqmbxbw6s2p726xf1vivklisa6ca-mount-pstore.sh' from 'https://cache.nixos.org'...
copying path '/nix/store/x91550ah7dylrab4n58hpizr0l0zyc0j-mdadm-4.3' from 'https://cache.nixos.org'...
copying path '/nix/store/w6rcj7nd8k9jvn6v63zrav50ak9ghvig-security-wrapper-mount-x86_64-unknown-linux-musl' from 'https://cache.nixos.org'...
copying path '/nix/store/1iadfcr69pjs1ycamq538w9idrsz5c99-security-wrapper-umount-x86_64-unknown-linux-musl' from 'https://cache.nixos.org'...
copying path '/nix/store/n49yqfkgjwnadnszax3mi0mp5fcivngk-stage-2-init.sh' from 'https://cache.nixos.org'...
copying path '/nix/store/5jk9378jjmdvy3432w5cf686yqv7pbqv-nixos-rebuild' from 'https://cache.nixos.org'...
copying path '/nix/store/0bpn7frqsdrspndiqj713q2gp72ibzy1-udev-path' from 'https://cache.nixos.org'...
copying path '/nix/store/jmkmdqs0wg8r520nwlsj21mpb66wjx8z-unit-autovt-.service' from 'https://cache.nixos.org'...
copying path '/nix/store/7yxzwndx8m6n7aglrs03wb92797ilxy8-unit-container-getty-.service' from 'https://cache.nixos.org'...
copying path '/nix/store/ds78ibwhilskhgdv1bjzvpfr3vhjivf0-unit-script-nixos-activation-start' from 'https://cache.nixos.org'...
copying path '/nix/store/fvdyq5359nf07ga4mff2g4hn01cdxwz0-unit-serial-getty-.service' from 'https://cache.nixos.org'...
copying path '/nix/store/161v9yyyv9z9sv1drbndav6vxc5925kj-unit-save-hwclock.service' from 'https://cache.nixos.org'...
copying path '/nix/store/f2wzlqza8dcfsggk77rr8bwki0yrqhnx-unit-systemd-fsck-.service' from 'https://cache.nixos.org'...
copying path '/nix/store/qj19bdpqxfbai07rcv7ibh492pcaczy8-getty' from 'https://cache.nixos.org'...
copying path '/nix/store/783mq615kdzb6yzd6w3lhkpxdq2mab4n-unit-systemd-makefs-.service' from 'https://cache.nixos.org'...
copying path '/nix/store/vsskfjibr2xrz7jgpqbbwgr7v65d3rql-unit-systemd-mkswap-.service' from 'https://cache.nixos.org'...
copying path '/nix/store/hggwdn6hwk5ql4x0kc5j50gz82nnll87-util-linux-2.39.4-man' from 'https://cache.nixos.org'...
copying path '/nix/store/p8whci0bgxdjwlr4qlbijmx7ffl4z1b0-reload-container' from 'https://cache.nixos.org'...
copying path '/nix/store/iqmdsjh9d3n79q5asdf838v4v55wvbkv-unit-nixos-activation.service' from 'https://cache.nixos.org'...
copying path '/nix/store/4qdfvkh19qj3cldcv65va10b9yvqqmsl-unit-script-suid-sgid-wrappers-start' from 'https://cache.nixos.org'...
copying path '/nix/store/4v514fq023jmis1bdhgi3g42dii3nq1b-unit-mount-pstore.service' from 'https://cache.nixos.org'...
copying path '/nix/store/8ms2ac307yjlxzf17lc54x1x2gkk6vfx-unit-getty-.service' from 'https://cache.nixos.org'...
copying path '/nix/store/gwla7svvpbr5xn9j8naydhplqyzmln8d-unit-container-.service' from 'https://cache.nixos.org'...
copying path '/nix/store/lyd5qpb57djarl07rcb3l3mfpbfclymh-unit-suid-sgid-wrappers.service' from 'https://cache.nixos.org'...
copying path '/nix/store/7h3xkgbq7gcg4qaxahxfpfw00rdlc294-udev-rules' from 'https://cache.nixos.org'...
copying path '/nix/store/8mbmxyij2m7dizwyvyi4zsnchcqvhqph-grub-config.xml' from 'https://cache.nixos.org'...
copying path '/nix/store/yxmfp48mqha7qd84p4yxfk0pdc9yk5p4-X-Restart-Triggers-systemd-udevd' from 'https://cache.nixos.org'...
copying path '/nix/store/72nc55mp1gvafrjnrp1w9jy00r93rqbl-install-grub.sh' from 'https://cache.nixos.org'...
copying path '/nix/store/y9wwmhn7k6nf23glys09j31yhv8l196v-unit-systemd-udevd.service' from 'https://cache.nixos.org'...
building '/nix/store/f4lplm3d8igj351l8q65gd3lxal8ykkf-solem-ai-user.drv'...
building '/nix/store/9lfqkmq0vpsnri9ykfllm7qwkfzi0jg4-unit-nix-daemon.service.drv'...
copying path '/nix/store/r6zdyc898bd3bdvn323srk09y4nzxlfb-python3.12-appdirs-1.4.4' from 'https://cache.nixos.org'...
copying path '/nix/store/2c7l5xmkbgjsmjv41h1icbffn13hngjc-python3.12-colorama-0.4.6' from 'https://cache.nixos.org'...
copying path '/nix/store/k1f64mbw9w4q2yqcfavkw26gigzgdvls-python3.12-mypy-extensions-1.0.0' from 'https://cache.nixos.org'...
copying path '/nix/store/47lyqidfdwfmym5xals0y027cp9svgp7-python3.12-parso-0.8.4' from 'https://cache.nixos.org'...
copying path '/nix/store/hla7ri4a51c83zjqlrdcrgkf8l0f7naq-python3.12-pygments-2.18.0' from 'https://cache.nixos.org'...
copying path '/nix/store/s94x484kb3sz24404y9dr7avgw30318j-python3.12-typing-extensions-4.12.2' from 'https://cache.nixos.org'...
copying path '/nix/store/sirx6chvn4ai9djgh34hia4djbzhbz6n-python3.12-pyflakes-3.2.0' from 'https://cache.nixos.org'...
copying path '/nix/store/fh5rbgcss5d0kadlgpdjak03jhwwqiz0-python3.12-wcwidth-0.2.13' from 'https://cache.nixos.org'...
copying path '/nix/store/0xn9ckz6hij2vdl6793r71783y0l0kqr-python3.12-six-1.16.0' from 'https://cache.nixos.org'...
copying path '/nix/store/pzx5qzscnlax7ghkcqpm894yjgrsnwhl-python3.12-junit-xml-1.9' from 'https://cache.nixos.org'...
copying path '/nix/store/z6s7asvg51knlnpmwgnvzymaw1s4yjma-python3.12-prompt-toolkit-3.0.48' from 'https://cache.nixos.org'...
copying path '/nix/store/s0zagssl3d14z37syahj386xdxv39zjn-python3.12-mypy-1.11.2' from 'https://cache.nixos.org'...
building '/nix/store/hxa2ibj7r5cihsg0dg2wdcnkgcpdlmdl-system-path.drv'...
copying path '/nix/store/dkgs3bmm9nfqiv2g5n0w7cfy8w78w07s-python3.12-jedi-0.19.1' from 'https://cache.nixos.org'...
copying path '/nix/store/mr1i8jblwqarws48r60z7qvr1s2x3iqa-python3.12-ptpython-3.0.29' from 'https://cache.nixos.org'...
system-path> created 6572 symlinks in user environment
copying path '/nix/store/v87ngzjjfhfw8kpcg4ii401mscx8pg9g-nixos-test-driver-1.1' from 'https://cache.nixos.org'...
building '/nix/store/6dbk43kvqhmd11nhxy8i1fra005rwmfs-dbus-1.drv'...
building '/nix/store/qglsq8qv52aap4kk90yrpa7s1jq7fkjr-X-Restart-Triggers-dbus.drv'...
building '/nix/store/0m8bs081c2wcyhsjfir3cxz70j1mmzc9-unit-dbus.service.drv'...
building '/nix/store/r65blpk2d374v5x7lhyc447jvqlhn4yj-unit-dbus.service.drv'...
building '/nix/store/p4lwyxm1rncn1pjrk343a5mqix556xb7-user-units.drv'...
building '/nix/store/zz4l2vvmfns8kw77w7v9kad7i26rgifd-system-units.drv'...
building '/nix/store/99c4jlk08pz1wf3gd4bnjwahjpz8s6yh-etc.drv'...
building '/nix/store/d7p80kgsk3dnx99zm8gxhqi3x1n0nlsr-nixos-system-machine-test.drv'...
building '/nix/store/gyzwmmpsjjkbczc4vv3bfhzmrg70daxc-closure-info.drv'...
closure-info> structuredAttrs is enabled
building '/nix/store/sj9nwh47afli4pnfyz2w2gh0ldy5fyby-run-nixos-vm.drv'...
building '/nix/store/j6v2yn9mbaax5cq09ycsnqf3fk5g7asg-nixos-vm.drv'...
building '/nix/store/2dqhnw52pvqpgwi81bxa0zrc4rwh14y4-nixos-test-driver-solem-ai-dns-allowlist.drv'...
nixos-test-driver-solem-ai-dns-allowlist> Running type check (enable/disable: config.skipTypeCheck)
nixos-test-driver-solem-ai-dns-allowlist> See https://nixos.org/manual/nixos/stable/#test-opt-skipTypeCheck
nixos-test-driver-solem-ai-dns-allowlist> Success: no issues found in 1 source file
nixos-test-driver-solem-ai-dns-allowlist> additionally exposed symbols:
nixos-test-driver-solem-ai-dns-allowlist>     ,
nixos-test-driver-solem-ai-dns-allowlist>     ,
nixos-test-driver-solem-ai-dns-allowlist>     start_all, test_script, machines, vlans, driver, log, os, create_machine, subtest, run_tests, join_all, retry, serial_stdout_off, serial_stdout_on, polling_condition, Machine
nixos-test-driver-solem-ai-dns-allowlist> Linting test script (enable/disable: config.skipLint)
nixos-test-driver-solem-ai-dns-allowlist> See https://nixos.org/manual/nixos/stable/#test-opt-skipLint
nixos-test-driver-solem-ai-dns-allowlist> /nix/store/r31faczwzjy2pc3vk4kia5pw7pqd1rsa-nixos-test-driver-solem-ai-dns-allowlist/test-script:11:35: f-string is missing placeholders
error: builder for '/nix/store/2dqhnw52pvqpgwi81bxa0zrc4rwh14y4-nixos-test-driver-solem-ai-dns-allowlist.drv' failed with exit code 1;
       last 10 log lines:
       > Running type check (enable/disable: config.skipTypeCheck)
       > See https://nixos.org/manual/nixos/stable/#test-opt-skipTypeCheck
       > Success: no issues found in 1 source file
       > additionally exposed symbols:
       >     ,
       >     ,
       >     start_all, test_script, machines, vlans, driver, log, os, create_machine, subtest, run_tests, join_all, retry, serial_stdout_off, serial_stdout_on, polling_condition, Machine
       > Linting test script (enable/disable: config.skipLint)
       > See https://nixos.org/manual/nixos/stable/#test-opt-skipLint
       > /nix/store/r31faczwzjy2pc3vk4kia5pw7pqd1rsa-nixos-test-driver-solem-ai-dns-allowlist/test-script:11:35: f-string is missing placeholders
       For full logs, run 'nix log /nix/store/2dqhnw52pvqpgwi81bxa0zrc4rwh14y4-nixos-test-driver-solem-ai-dns-allowlist.drv'.
error: 1 dependencies of derivation '/nix/store/bpxa34624hpizism174blajnls01jzrj-vm-test-run-solem-ai-dns-allowlist.drv' failed to build
