# VM test ai-guardrails FAIL — commit 1ccf133 @ 20260530T181646Z

vm-test-run-solem-ai-guardrails> machine # [    7.139166] systemd-oomd[501]: No swap; memory pressure usage will be degraded
vm-test-run-solem-ai-guardrails> machine # [    7.148473] systemd[1]: Started Userspace Out-Of-Memory (OOM) Killer.
vm-test-run-solem-ai-guardrails> machine # [    7.154364] systemd[1]: Finished Update is Completed.
vm-test-run-solem-ai-guardrails> machine # [    7.180297] systemd[1]: Found device /dev/ttyS0.
vm-test-run-solem-ai-guardrails> machine # [    7.265701] (udev-worker)[472]: Network interface NamePolicy= disabled on kernel command line.
vm-test-run-solem-ai-guardrails> machine # [    7.295404] (udev-worker)[477]: eth1: Config file /etc/systemd/network/40-eth1.link is applied to device based on potentially unpredictable interface name.
vm-test-run-solem-ai-guardrails> machine # [    7.303219] (udev-worker)[477]: Network interface NamePolicy= disabled on kernel command line.
vm-test-run-solem-ai-guardrails> machine # [    7.563698] systemd[1]: Found device Virtio network device.
vm-test-run-solem-ai-guardrails> machine # [    7.619108] systemd[1]: suid-sgid-wrappers.service: Deactivated successfully.
vm-test-run-solem-ai-guardrails> machine # [    7.623572] systemd[1]: Finished Create SUID/SGID Wrappers.
vm-test-run-solem-ai-guardrails> machine # [    8.001459] mousedev: PS/2 mouse device common for all mice
vm-test-run-solem-ai-guardrails> machine # [    8.068944] input: Power Button as /devices/LNXSYSTM:00/LNXPWRBN:00/input/input3
vm-test-run-solem-ai-guardrails> machine # [    7.776741] bda4zqmbxbw6s2p726xf1vivklisa6ca-mount-pstore.sh[384]: Persistent Storage backend was not registered in time.
vm-test-run-solem-ai-guardrails> machine # [    7.789221] systemd[1]: Finished mount-pstore.service.
vm-test-run-solem-ai-guardrails> machine # [    7.792437] systemd[1]: Platform Persistent Storage Archival was skipped because of an unmet condition check (ConditionDirectoryNotEmpty=/sys/fs/pstore).
vm-test-run-solem-ai-guardrails> machine # [    7.798607] systemd[1]: Reached target System Initialization.
vm-test-run-solem-ai-guardrails> machine # [    7.803679] systemd[1]: Started Discard unused filesystem blocks once a week.
vm-test-run-solem-ai-guardrails> machine # [    7.807306] systemd[1]: Started nix-gc.timer.
vm-test-run-solem-ai-guardrails> machine # [    7.817761] systemd[1]: Started Daily Cleanup of Temporary Directories.
vm-test-run-solem-ai-guardrails> machine # [    7.831167] systemd[1]: Reached target Timer Units.
vm-test-run-solem-ai-guardrails> machine # [    7.836836] systemd[1]: Listening on D-Bus System Message Bus Socket.
vm-test-run-solem-ai-guardrails> machine # [    7.843481] systemd[1]: Listening on Nix Daemon Socket.
vm-test-run-solem-ai-guardrails> machine # [    7.850697] systemd[1]: Listening on Hostname Service Socket.
vm-test-run-solem-ai-guardrails> machine # [    7.860463] systemd[1]: Reached target Socket Units.
vm-test-run-solem-ai-guardrails> machine # [    7.866631] systemd[1]: Reached target Basic System.
vm-test-run-solem-ai-guardrails> machine # [    7.874626] systemd[1]: System is tainted: support-ended
vm-test-run-solem-ai-guardrails> machine # [    7.880390] systemd[1]: Starting Kernel Auditing...
vm-test-run-solem-ai-guardrails> machine # [    7.889119] systemd[1]: Started backdoor.service.
vm-test-run-solem-ai-guardrails> machine # [    7.895420] systemd[1]: Starting Name Service Cache Daemon (nsncd)...
vm-test-run-solem-ai-guardrails> machine # [    7.900276] systemd[1]: Started Reset console on configuration changes.
vm-test-run-solem-ai-guardrails> machine # [    7.906925] systemd[1]: Starting resolvconf update...
vm-test-run-solem-ai-guardrails> machine # [    7.915708] systemd[1]: Starting D-Bus System Message Bus...
vm-test-run-solem-ai-guardrails> machine # [    8.237525] ACPI: button: Power Button [PWRF]
vm-test-run-solem-ai-guardrails> machine # connecting to host...
vm-test-run-solem-ai-guardrails> machine # [    7.986989] 42m8vzags3w669djhcs5bbm7jf10phdb-audit-disable[638]: No rules
vm-test-run-solem-ai-guardrails> machine # [    8.023781] systemd[1]: Finished Kernel Auditing.
vm-test-run-solem-ai-guardrails> machine: Guest shell says: b'Spawning backdoor root shell...\n'
vm-test-run-solem-ai-guardrails> machine: connected to guest root shell
vm-test-run-solem-ai-guardrails> machine: (connecting took 9.10 seconds)
vm-test-run-solem-ai-guardrails> (finished: waiting for the VM to finish booting, in 9.22 seconds)
vm-test-run-solem-ai-guardrails> machine # [    8.065692] nsncd[630]: May 30 18:16:35.442 INFO started, config: Config { ignored_request_types: {}, worker_count: 8, handoff_timeout: 3s }, path: "/var/run/nscd/socket"
vm-test-run-solem-ai-guardrails> machine # [    8.077553] systemd[1]: Started Name Service Cache Daemon (nsncd).
vm-test-run-solem-ai-guardrails> machine # [    8.085133] systemd[1]: Reached target Host and Network Name Lookups.
vm-test-run-solem-ai-guardrails> machine # [    8.091572] systemd[1]: Reached target User and Group Name Lookups.
vm-test-run-solem-ai-guardrails> machine # [    8.099768] systemd[1]: Starting User Login Management...
vm-test-run-solem-ai-guardrails> machine # [    8.432621] Floppy drive(s): fd0 is 2.88M AMI BIOS
vm-test-run-solem-ai-guardrails> machine # [    8.134549] dbus-daemon[633]: dbus[633]: Unknown username "systemd-timesync" in message bus configuration file
vm-test-run-solem-ai-guardrails> machine # [    8.456977] parport_pc 00:03: reported by Plug and Play ACPI
vm-test-run-solem-ai-guardrails> machine # [    8.168186] systemd[1]: Finished Firewall.
vm-test-run-solem-ai-guardrails> machine # [    8.211357] systemd[1]: Started D-Bus System Message Bus.
vm-test-run-solem-ai-guardrails> machine # [    8.533553] parport0: PC-style at 0x378, irq 7 [PCSPP(,...)]
vm-test-run-solem-ai-guardrails> machine # [    8.558162] FDC 0 is a S82078B
vm-test-run-solem-ai-guardrails> machine # [    8.298736] systemd[1]: Stopped target Host and Network Name Lookups.
vm-test-run-solem-ai-guardrails> machine # [    8.302476] systemd[1]: Stopping Host and Network Name Lookups...
vm-test-run-solem-ai-guardrails> machine # [    8.307605] systemd[1]: Stopped target User and Group Name Lookups.
vm-test-run-solem-ai-guardrails> machine # [    8.315653] systemd[1]: Stopping User and Group Name Lookups...
vm-test-run-solem-ai-guardrails> machine # [    8.326862] systemd[1]: Stopping Name Service Cache Daemon (nsncd)...
vm-test-run-solem-ai-guardrails> machine # [    8.329567] systemd[1]: nscd.service: Deactivated successfully.
vm-test-run-solem-ai-guardrails> machine # [    8.337968] systemd[1]: Stopped Name Service Cache Daemon (nsncd).
vm-test-run-solem-ai-guardrails> machine # [    8.343679] systemd[1]: Starting Name Service Cache Daemon (nsncd)...
vm-test-run-solem-ai-guardrails> machine # [    8.387629] systemd-logind[658]: New seat seat0.
vm-test-run-solem-ai-guardrails> machine # [    8.418250] systemd[1]: Started User Login Management.
vm-test-run-solem-ai-guardrails> machine # [    8.764742] piix4_smbus 0000:00:01.3: SMBus Host Controller at 0x700, revision 0
vm-test-run-solem-ai-guardrails> machine # [    8.474615] systemd[1]: Started Name Service Cache Daemon (nsncd).
vm-test-run-solem-ai-guardrails> machine # [    8.477755] nsncd[700]: May 30 18:16:35.852 INFO started, config: Config { ignored_request_types: {}, worker_count: 8, handoff_timeout: 3s }, path: "/var/run/nscd/socket"
vm-test-run-solem-ai-guardrails> machine # [    8.485538] systemd[1]: Reached target Host and Network Name Lookups.
vm-test-run-solem-ai-guardrails> machine # [    8.489569] systemd[1]: Reached target User and Group Name Lookups.
vm-test-run-solem-ai-guardrails> machine # [    8.513594] systemd[1]: Finished resolvconf update.
vm-test-run-solem-ai-guardrails> machine # [    8.522653] systemd[1]: Reached target Preparation for Network.
vm-test-run-solem-ai-guardrails> machine # [    8.531125] systemd[1]: Starting DHCP Client...
vm-test-run-solem-ai-guardrails> machine # [    8.537755] systemd[1]: Starting Address configuration of eth1...
vm-test-run-solem-ai-guardrails> machine # [    8.968950] input: QEMU Virtio Keyboard as /devices/pci0000:00/0000:00:0a.0/virtio7/input/input4
vm-test-run-solem-ai-guardrails> machine # [    8.710514] network-addresses-eth1-start[728]: adding address 192.168.1.1/24... done
vm-test-run-solem-ai-guardrails> machine # [    9.028279] bochs-drm 0000:00:02.0: vgaarb: deactivate vga console
vm-test-run-solem-ai-guardrails> machine # [    8.741535] network-addresses-eth1-start[728]: adding address 2001:db8:1::1/64... done
vm-test-run-solem-ai-guardrails> machine # [    9.080689] input: VirtualPS/2 VMware VMMouse as /devices/platform/i8042/serio1/input/input6
vm-test-run-solem-ai-guardrails> machine # [    8.783843] systemd[1]: Finished Address configuration of eth1.[    9.093175] input: VirtualPS/2 VMware VMMouse as /devices/platform/i8042/serio1/input/input5
vm-test-run-solem-ai-guardrails> machine # 
vm-test-run-solem-ai-guardrails> machine # [    8.797400] systemd[1]: Starting Networking Setup...
vm-test-run-solem-ai-guardrails> machine # [    9.108820] cryptd: max_cpu_qlen set to 1000
vm-test-run-solem-ai-guardrails> machine # [    9.219184] 8021q: 802.1Q VLAN Support v1.8
vm-test-run-solem-ai-guardrails> machine # [    9.219225] 8021q: adding VLAN 0 to HW filter on device eth1
vm-test-run-solem-ai-guardrails> machine # [    9.240705] AVX2 version of gcm_enc/dec engaged.
vm-test-run-solem-ai-guardrails> machine # [    9.240733] AES CTR mode by8 optimization enabled
vm-test-run-solem-ai-guardrails> machine # [    9.272688] Console: switching to colour dummy device 80x25
vm-test-run-solem-ai-guardrails> machine # [    8.868549] dhcpcd[734]: dhcpcd-10.1.0 starting
vm-test-run-solem-ai-guardrails> machine # [    9.089395] systemd[1]: Starting Virtual Console Setup...
vm-test-run-solem-ai-guardrails> machine # [    9.093823] dhcpcd[746]: dev: loaded udev[    9.403734] [drm] Found bochs VGA, ID 0xb0c5.
vm-test-run-solem-ai-guardrails> machine # [    9.405219] [drm] Framebuffer size 16384 kB @ 0xfd000000, mmio @ 0xfebd0000.
vm-test-run-solem-ai-guardrails> machine # [    9.409544] cfg80211: Loading compiled-in X.509 certificates for regulatory database
vm-test-run-solem-ai-guardrails> machine # 
vm-test-run-solem-ai-guardrails> machine # [    9.107284] systemd-logind[658]: Watching system buttons on /dev/input/event0 (AT Translated Set 2 keyboard)
vm-test-run-solem-ai-guardrails> machine # [    9.146599] systemd-logind[658]: Watching system buttons on /dev/input/event2 (Power Button)
vm-test-run-solem-ai-guardrails> machine # [    9.461907] Loaded X.509 cert 'sforshee: 00b28ddf47aef9cea7'
vm-test-run-solem-ai-guardrails> machine # [    9.465758] Loaded X.509 cert 'wens: 61c038651aabdcf94bd0ac7ff06c7248db18c600'
vm-test-run-solem-ai-guardrails> machine # [    9.472445] platform regulatory.0: Direct firmware load for regulatory.db failed with error -2
vm-test-run-solem-ai-guardrails> machine # [    9.475762] cfg80211: failed to load regulatory.db
vm-test-run-solem-ai-guardrails> machine # [    9.506386] [drm] Found EDID data blob.
vm-test-run-solem-ai-guardrails> machine # [    9.518842] [drm] Initialized bochs-drm 1.0.0 20130925 for 0000:00:02.0 on minor 0
vm-test-run-solem-ai-guardrails> machine # [    9.874170] dhcpcd[763]: /nix/store/9d73cccl3j40winsdfxl765l3vjlhg9y-openresolv-3.13.2/sbin/.resolvconf-wrapped: line 888: kill: (754) - Operation not permitted
vm-test-run-solem-ai-guardrails> machine # [    9.878651] dhcpcd[763]: clearing stale lock pid 754
vm-test-run-solem-ai-guardrails> machine # [    9.964160] dhcpcd[746]: eth0: waiting for carrier
vm-test-run-solem-ai-guardrails> machine # [    9.970863] dhcpcd[746]: eth0: carrier acquired
vm-test-run-solem-ai-guardrails> machine # [   10.005459] dhcpcd[746]: DUID 00:01:00:01:31:ad:e6:05:52:54:00:12:34:56
vm-test-run-solem-ai-guardrails> machine # [   10.010804] dhcpcd[746]: eth0: IAID 00:12:34:56
vm-test-run-solem-ai-guardrails> machine # [   10.014560] dhcpcd[746]: eth0: adding address fe80::5054:ff:fe12:3456
vm-test-run-solem-ai-guardrails> machine # [   10.025426] systemd-logind[658]: Watching system buttons on /dev/input/event3 (QEMU Virtio Keyboard)
vm-test-run-solem-ai-guardrails> machine # [   10.060514] systemd[1]: Finished Networking Setup.
vm-test-run-solem-ai-guardrails> machine # [   10.068648] systemd[1]: Starting Extra networking commands....
vm-test-run-solem-ai-guardrails> machine # [    9.548578] fbcon: bochs-drmdrmfb (fb0) is primary device
vm-test-run-solem-ai-guardrails> machine # [   10.270142] 8021q: adding VLAN 0 to HW filter on device eth0
vm-test-run-solem-ai-guardrails> machine # [   10.386536] ppdev: user-space parallel port driver
vm-test-run-solem-ai-guardrails> machine # [   10.621543] Console: switching to colour frame buffer device 160x50
vm-test-run-solem-ai-guardrails> machine # [   10.797683] bochs-drm 0000:00:02.0: [drm] fb0: bochs-drmdrmfb frame buffer device
vm-test-run-solem-ai-guardrails> machine # [   10.134152] systemd[1]: Listening on Load/Save RF Kill Switch Status /dev/rfkill Watch.
vm-test-run-solem-ai-guardrails> machine # [   10.564997] systemd[1]: systemd-vconsole-setup.service: Deactivated successfully.
vm-test-run-solem-ai-guardrails> machine # [   10.570411] systemd[1]: Stopped Virtual Console Setup.
vm-test-run-solem-ai-guardrails> machine # [   10.577164] systemd[1]: run-credentials-systemd\x2dvconsole\x2dsetup.service.mount: Deactivated successfully.
vm-test-run-solem-ai-guardrails> machine # [   10.589633] systemd[1]: Starting Virtual Console Setup...
vm-test-run-solem-ai-guardrails> machine # [   10.607408] systemd[1]: Finished Extra networking commands..
vm-test-run-solem-ai-guardrails> machine # [   10.609584] systemd[1]: Reached target Network.
vm-test-run-solem-ai-guardrails> machine # [   10.614713] systemd[1]: Starting Permit User Sessions...
vm-test-run-solem-ai-guardrails> machine # [   10.962746] kvm_amd: TSC scaling supported
vm-test-run-solem-ai-guardrails> machine # [   10.964195] kvm_amd: Nested Virtualization enabled
vm-test-run-solem-ai-guardrails> machine # [   10.965783] kvm_amd: Nested Paging enabled
vm-test-run-solem-ai-guardrails> machine # [   10.971801] kvm_amd: Virtual VMLOAD VMSAVE supported
vm-test-run-solem-ai-guardrails> machine # [   10.973518] kvm_amd: PMU virtualization is disabled
vm-test-run-solem-ai-guardrails> machine # [   10.701086] systemd[1]: Finished Permit User Sessions.
vm-test-run-solem-ai-guardrails> machine # [   10.708324] systemd[1]: Started Getty on tty1.
vm-test-run-solem-ai-guardrails> machine # [   10.712436] systemd[1]: Reached target Login Prompts.
vm-test-run-solem-ai-guardrails> machine # [   11.037829] EDAC MC: Ver: 3.0.0
vm-test-run-solem-ai-guardrails> machine # [   11.036682] systemd[1]: Finished Virtual Console Setup.
vm-test-run-solem-ai-guardrails> machine # [   11.670741] dhcpcd[746]: eth0: soliciting a DHCP lease
vm-test-run-solem-ai-guardrails> machine # [   12.000335] NET: Registered PF_PACKET protocol family
vm-test-run-solem-ai-guardrails> machine # [   11.704382] dhcpcd[746]: eth0: offered 10.0.2.15 from 10.0.2.2
vm-test-run-solem-ai-guardrails> machine # [   11.708476] dhcpcd[746]: eth0: probing address 10.0.2.15/24
vm-test-run-solem-ai-guardrails> machine # [   12.049587] dhcpcd[746]: eth0: soliciting an IPv6 router
vm-test-run-solem-ai-guardrails> machine # [   12.051892] dhcpcd[746]: eth0: Router Advertisement from fe80::2
vm-test-run-solem-ai-guardrails> machine # [   12.054598] dhcpcd[746]: eth0: adding address fec0::5054:ff:fe12:3456/64
vm-test-run-solem-ai-guardrails> machine # [   12.057947] dhcpcd[746]: eth0: adding route to fec0::/64
vm-test-run-solem-ai-guardrails> machine # [   12.059945] dhcpcd[746]: eth0: adding default route via fe80::2
vm-test-run-solem-ai-guardrails> machine # [   16.292699] dhcpcd[746]: eth0: leased 10.0.2.15 for 86400 seconds
vm-test-run-solem-ai-guardrails> machine # [   16.294837] dhcpcd[746]: eth0: adding route to 10.0.2.0/24
vm-test-run-solem-ai-guardrails> machine # [   16.297370] dhcpcd[746]: eth0: adding default route via 10.0.2.2
vm-test-run-solem-ai-guardrails> machine # [   16.407259] systemd[1]: Started DHCP Client.
vm-test-run-solem-ai-guardrails> machine # [   16.411799] systemd[1]: Reached target Network is Online.
vm-test-run-solem-ai-guardrails> machine # [   16.415849] systemd[1]: Reached target Multi-User System.
vm-test-run-solem-ai-guardrails> machine # [   16.556817] systemd[1]: Startup finished in 3.611s (kernel) + 12.801s (userspace) = 16.413s.
vm-test-run-solem-ai-guardrails> (finished: waiting for unit multi-user.target, in 17.81 seconds)
vm-test-run-solem-ai-guardrails> machine: must succeed: sleep 2
vm-test-run-solem-ai-guardrails> (finished: must succeed: sleep 2, in 2.03 seconds)
vm-test-run-solem-ai-guardrails> machine: must succeed: /run/current-system/sw/bin/solem-guard help 2>&1 | head -3 || true
vm-test-run-solem-ai-guardrails> (finished: must succeed: /run/current-system/sw/bin/solem-guard help 2>&1 | head -3 || true, in 0.06 seconds)
vm-test-run-solem-ai-guardrails> machine: must succeed: test -d /var/log/solem
vm-test-run-solem-ai-guardrails> (finished: must succeed: test -d /var/log/solem, in 0.02 seconds)
vm-test-run-solem-ai-guardrails> cleanup
vm-test-run-solem-ai-guardrails> kill machine (pid 9)
vm-test-run-solem-ai-guardrails> qemu-kvm: terminating on signal 15 from pid 6 (/nix/store/dksjvr69ckglyw1k2ss1qgshhcix73p8-python3-3.12.8/bin/python3.12)
vm-test-run-solem-ai-guardrails> kill vlan (pid 7)
vm-test-run-solem-ai-guardrails> (finished: cleanup, in 0.01 seconds)
vm-test-run-solem-ai-guardrails> Traceback (most recent call last):
vm-test-run-solem-ai-guardrails>   File "/nix/store/v87ngzjjfhfw8kpcg4ii401mscx8pg9g-nixos-test-driver-1.1/bin/.nixos-test-driver-wrapped", line 9, in <module>
vm-test-run-solem-ai-guardrails>     sys.exit(main())
vm-test-run-solem-ai-guardrails>              ^^^^^^
vm-test-run-solem-ai-guardrails>   File "/nix/store/v87ngzjjfhfw8kpcg4ii401mscx8pg9g-nixos-test-driver-1.1/lib/python3.12/site-packages/test_driver/__init__.py", line 146, in main
vm-test-run-solem-ai-guardrails>     driver.run_tests()
vm-test-run-solem-ai-guardrails>   File "/nix/store/v87ngzjjfhfw8kpcg4ii401mscx8pg9g-nixos-test-driver-1.1/lib/python3.12/site-packages/test_driver/driver.py", line 173, in run_tests
vm-test-run-solem-ai-guardrails>     self.test_script()
vm-test-run-solem-ai-guardrails>   File "/nix/store/v87ngzjjfhfw8kpcg4ii401mscx8pg9g-nixos-test-driver-1.1/lib/python3.12/site-packages/test_driver/driver.py", line 165, in test_script
vm-test-run-solem-ai-guardrails>     exec(self.tests, symbols, None)
vm-test-run-solem-ai-guardrails>   File "<string>", line 12, in <module>
vm-test-run-solem-ai-guardrails> AssertionError: blacklist test fail: /run/current-system/sw/bin/solem-guard: line 20: USER: unbound variable
error: builder for '/nix/store/5vash5fbx14nk9qj5p4lh5vf9116py0n-vm-test-run-solem-ai-guardrails.drv' failed with exit code 1;
       last 25 log lines:
       > (finished: waiting for unit multi-user.target, in 17.81 seconds)
       > machine: must succeed: sleep 2
       > (finished: must succeed: sleep 2, in 2.03 seconds)
       > machine: must succeed: /run/current-system/sw/bin/solem-guard help 2>&1 | head -3 || true
       > (finished: must succeed: /run/current-system/sw/bin/solem-guard help 2>&1 | head -3 || true, in 0.06 seconds)
       > machine: must succeed: test -d /var/log/solem
       > (finished: must succeed: test -d /var/log/solem, in 0.02 seconds)
       > cleanup
       > kill machine (pid 9)
       > qemu-kvm: terminating on signal 15 from pid 6 (/nix/store/dksjvr69ckglyw1k2ss1qgshhcix73p8-python3-3.12.8/bin/python3.12)
       > kill vlan (pid 7)
       > (finished: cleanup, in 0.01 seconds)
       > Traceback (most recent call last):
       >   File "/nix/store/v87ngzjjfhfw8kpcg4ii401mscx8pg9g-nixos-test-driver-1.1/bin/.nixos-test-driver-wrapped", line 9, in <module>
       >     sys.exit(main())
       >              ^^^^^^
       >   File "/nix/store/v87ngzjjfhfw8kpcg4ii401mscx8pg9g-nixos-test-driver-1.1/lib/python3.12/site-packages/test_driver/__init__.py", line 146, in main
       >     driver.run_tests()
       >   File "/nix/store/v87ngzjjfhfw8kpcg4ii401mscx8pg9g-nixos-test-driver-1.1/lib/python3.12/site-packages/test_driver/driver.py", line 173, in run_tests
       >     self.test_script()
       >   File "/nix/store/v87ngzjjfhfw8kpcg4ii401mscx8pg9g-nixos-test-driver-1.1/lib/python3.12/site-packages/test_driver/driver.py", line 165, in test_script
       >     exec(self.tests, symbols, None)
       >   File "<string>", line 12, in <module>
       > AssertionError: blacklist test fail: /run/current-system/sw/bin/solem-guard: line 20: USER: unbound variable
       >
       For full logs, run 'nix log /nix/store/5vash5fbx14nk9qj5p4lh5vf9116py0n-vm-test-run-solem-ai-guardrails.drv'.
