# VM test apparmor FAIL — commit 1ccf133 @ 20260530T181630Z

vm-test-run-solem-apparmor> machine # [    8.762411] systemd[1]: Starting resolvconf update...
vm-test-run-solem-apparmor> machine # [    8.778177] systemd[1]: Starting D-Bus System Message Bus...
vm-test-run-solem-apparmor> machine # connecting to host...
vm-test-run-solem-apparmor> machine # [    8.845737] 42m8vzags3w669djhcs5bbm7jf10phdb-audit-disable[636]: No rules
vm-test-run-solem-apparmor> machine # [    8.878995] systemd[1]: Finished Kernel Auditing.
vm-test-run-solem-apparmor> machine: Guest shell says: b'Spawning backdoor root shell...\n'
vm-test-run-solem-apparmor> machine: connected to guest root shell
vm-test-run-solem-apparmor> machine: (connecting took 10.10 seconds)
vm-test-run-solem-apparmor> (finished: waiting for the VM to finish booting, in 10.24 seconds)
vm-test-run-solem-apparmor> machine # [    8.927224] systemd[1]: Started Name Service Cache Daemon (nsncd).
vm-test-run-solem-apparmor> machine # [    8.938753] nsncd[628]: May 30 18:16:19.173 INFO started, config: Config { ignored_request_types: {}, worker_count: 8, handoff_timeout: 3s }, path: "/var/run/nscd/socket"
vm-test-run-solem-apparmor> machine # [    8.950377] systemd[1]: Reached target Host and Network Name Lookups.
vm-test-run-solem-apparmor> machine # [    8.957691] systemd[1]: Reached target User and Group Name Lookups.
vm-test-run-solem-apparmor> machine # [    8.961652] systemd[1]: Starting User Login Management...
vm-test-run-solem-apparmor> machine # [    9.003543] dbus-daemon[631]: dbus[631]: Unknown username "systemd-timesync" in message bus configuration file
vm-test-run-solem-apparmor> machine # [    9.077744] systemd[1]: Started D-Bus System Message Bus.
vm-test-run-solem-apparmor> machine # [    9.446753] mousedev: PS/2 mouse device common for all mice
vm-test-run-solem-apparmor> machine # [    9.244488] systemd-logind[654]: New seat seat0.
vm-test-run-solem-apparmor> machine # [    9.282454] systemd[1]: Started User Login Management.
vm-test-run-solem-apparmor> machine # [    9.314349] systemd[1]: Stopped target Host and Network Name Lookups.
vm-test-run-solem-apparmor> machine # [    9.317977] systemd[1]: Stopping Host and Network Name Lookups...
vm-test-run-solem-apparmor> machine # [    9.334849] systemd[1]: Stopped target User and Group Name Lookups.
vm-test-run-solem-apparmor> machine # [    9.703696] input: Power Button as /devices/LNXSYSTM:00/LNXPWRBN:00/input/input3
vm-test-run-solem-apparmor> machine # [    9.344729] systemd[1]: Stopping User and Group Name Lookups...
vm-test-run-solem-apparmor> machine # [    9.350667] systemd[1]: Stopping Name Service Cache Daemon (nsncd)...
vm-test-run-solem-apparmor> machine # [    9.359950] systemd[1]: nscd.service: Deactivated successfully.
vm-test-run-solem-apparmor> machine # [    9.364567] systemd[1]: Stopped Name Service Cache Daemon (nsncd).
vm-test-run-solem-apparmor> machine # [    9.371299] systemd[1]: Starting Name Service Cache Daemon (nsncd)...
vm-test-run-solem-apparmor> machine # [    9.423566] systemd[1]: Finished Firewall.
vm-test-run-solem-apparmor> machine # [    9.824676] ACPI: button: Power Button [PWRF]
vm-test-run-solem-apparmor> machine # [    9.471303] systemd[1]: Started Name Service Cache Daemon (nsncd).
vm-test-run-solem-apparmor> machine # [    9.473878] nsncd[713]: May 30 18:16:19.718 INFO started, config: Config { ignored_request_types: {}, worker_count: 8, handoff_timeout: 3s }, path: "/var/run/nscd/socket"
vm-test-run-solem-apparmor> machine # [    9.486764] systemd[1]: Reached target Host and Network Name Lookups.
vm-test-run-solem-apparmor> machine # [    9.491893] systemd[1]: Reached target User and Group Name Lookups.
vm-test-run-solem-apparmor> machine # [    9.521171] systemd[1]: Finished resolvconf update.
vm-test-run-solem-apparmor> machine # [    9.523497] systemd[1]: Reached target Preparation for Network.
vm-test-run-solem-apparmor> machine # [    9.532276] systemd[1]: Starting DHCP Client...
vm-test-run-solem-apparmor> machine # [    9.539176] systemd[1]: Starting Address configuration of eth1...
vm-test-run-solem-apparmor> machine # [    9.933533] parport_pc 00:03: reported by Plug and Play ACPI
vm-test-run-solem-apparmor> machine # [    9.982721] Floppy drive(s): fd0 is 2.88M AMI BIOS
vm-test-run-solem-apparmor> machine # [    9.998877] parport0: PC-style at 0x378, irq 7 [PCSPP(,...)]
vm-test-run-solem-apparmor> machine # [   10.042952] FDC 0 is a S82078B
vm-test-run-solem-apparmor> machine # [    9.685148] network-addresses-eth1-start[741]: adding address 192.168.1.1/24... done
vm-test-run-solem-apparmor> machine # [    9.712200] network-addresses-eth1-start[741]: adding address 2001:db8:1::1/64... done
vm-test-run-solem-apparmor> machine # [    9.749762] systemd[1]: Finished Address configuration of eth1.
vm-test-run-solem-apparmor> machine # [    9.757119] systemd[1]: Starting Networking Setup...
vm-test-run-solem-apparmor> machine # [   10.157439] piix4_smbus 0000:00:01.3: SMBus Host Controller at 0x700, revision 0
vm-test-run-solem-apparmor> machine # [    9.843601] dhcpcd[746]: dhcpcd-10.1.0 starting
vm-test-run-solem-apparmor> machine # [    9.868670] dhcpcd[758]: dev: loaded udev
vm-test-run-solem-apparmor> machine # [   10.248569] input: QEMU Virtio Keyboard as /devices/pci0000:00/0000:00:0a.0/virtio7/input/input4
vm-test-run-solem-apparmor> machine # [   10.261934] 8021q: 802.1Q VLAN Support v1.8
vm-test-run-solem-apparmor> machine # [   10.266118] 8021q: adding VLAN 0 to HW filter on device eth1
vm-test-run-solem-apparmor> machine # [   10.309626] bochs-drm 0000:00:02.0: vgaarb: deactivate vga console
vm-test-run-solem-apparmor> machine # [   10.370652] input: VirtualPS/2 VMware VMMouse as /devices/platform/i8042/serio1/input/input6
vm-test-run-solem-apparmor> machine # [   10.371253] input: VirtualPS/2 VMware VMMouse as /devices/platform/i8042/serio1/input/input5
vm-test-run-solem-apparmor> machine # [   10.373506] Console: switching to colour dummy device 80x25
vm-test-run-solem-apparmor> machine # [   10.396905] [drm] Found bochs VGA, ID 0xb0c5.
vm-test-run-solem-apparmor> machine # [   10.396908] [drm] Framebuffer size 16384 kB @ 0xfd000000, mmio @ 0xfebd0000.
vm-test-run-solem-apparmor> machine # [   10.442147] [drm] Found EDID data blob.
vm-test-run-solem-apparmor> machine # [   10.463000] cfg80211: Loading compiled-in X.509 certificates for regulatory database
vm-test-run-solem-apparmor> machine # [   10.478017] cryptd: max_cpu_qlen set to 1000
vm-test-run-solem-apparmor> machine # [   10.137188] systemd[1]: Finished Networking Setup.
vm-test-run-solem-apparmor> machine # [   10.508004] [drm] Initialized bochs-drm 1.0.0 20130925 for 0000:00:02.0 on minor 0
vm-test-run-solem-apparmor> machine # [   10.146829] systemd[1]: Starting Extra networking commands....
vm-test-run-solem-apparmor> machine # [   10.518121] Loaded X.509 cert 'sforshee: 00b28ddf47aef9cea7'
vm-test-run-solem-apparmor> machine # [   10.521019] Loaded X.509 cert 'wens: 61c038651aabdcf94bd0ac7ff06c7248db18c600'
vm-test-run-solem-apparmor> machine # [   10.528953] platform regulatory.0: Direct firmware load for regulatory.db failed with error -2
vm-test-run-solem-apparmor> machine # [   10.534008] cfg80211: failed to load regulatory.db
vm-test-run-solem-apparmor> machine # [   10.224244] systemd[1]: Finished Extra networking commands..
vm-test-run-solem-apparmor> machine # [   10.229668] systemd[1]: Reached target Network.
vm-test-run-solem-apparmor> machine # [   10.768763] systemd[1]: Starting Permit User Sessions...
vm-test-run-solem-apparmor> machine # [   10.596915] fbcon: bochs-drmdrmfb (fb0) is primary device
vm-test-run-solem-apparmor> machine # [   11.169651] AVX2 version of gcm_enc/dec engaged.
vm-test-run-solem-apparmor> machine # [   11.169672] AES CTR mode by8 optimization enabled
vm-test-run-solem-apparmor> machine # [   11.210315] 8021q: adding VLAN 0 to HW filter on device eth0
vm-test-run-solem-apparmor> machine # [   11.341147] ppdev: user-space parallel port driver
vm-test-run-solem-apparmor> machine # [   11.549897] Console: switching to colour frame buffer device 160x50
vm-test-run-solem-apparmor> machine # [   11.706565] bochs-drm 0000:00:02.0: [drm] fb0: bochs-drmdrmfb frame buffer device
vm-test-run-solem-apparmor> machine # [   10.844894] dhcpcd[758]: eth0: waiting for carrier
vm-test-run-solem-apparmor> machine # [   11.351307] systemd-logind[654]: Watching system buttons on /dev/input/event2 (Power Button)
vm-test-run-solem-apparmor> machine # [   11.354630] dhcpcd[758]: eth0: carrier acquired
vm-test-run-solem-apparmor> machine # [   11.359751] systemd-logind[654]: Watching system buttons on /dev/input/event0 (AT Translated Set 2 keyboard)
vm-test-run-solem-apparmor> machine # [   11.364523] dhcpcd[758]: DUID 00:01:00:01:31:ad:e5:f5:52:54:00:12:34:56
vm-test-run-solem-apparmor> machine # [   11.368280] systemd[1]: Listening on Load/Save RF Kill Switch Status /dev/rfkill Watch.
vm-test-run-solem-apparmor> machine # [   11.371980] dhcpcd[758]: eth0: IAID 00:12:34:56
vm-test-run-solem-apparmor> machine # [   11.374172] systemd[1]: Starting Virtual Console Setup...
vm-test-run-solem-apparmor> machine # [   11.377341] dhcpcd[758]: eth0: adding address fe80::5054:ff:fe12:3456
vm-test-run-solem-apparmor> machine # [   11.379740] systemd-logind[654]: Watching system buttons on /dev/input/event3 (QEMU Virtio Keyboard)
vm-test-run-solem-apparmor> machine # [   11.399477] systemd[1]: systemd-vconsole-setup.service: Deactivated successfully.
vm-test-run-solem-apparmor> machine # [   11.412569] systemd[1]: Stopped Virtual Console Setup.
vm-test-run-solem-apparmor> machine # [   11.420890] systemd[1]: Starting Virtual Console Setup...
vm-test-run-solem-apparmor> machine # [   11.452895] systemd[1]: Finished Permit User Sessions.
vm-test-run-solem-apparmor> machine # [   11.458185] systemd[1]: Started Getty on tty1.
vm-test-run-solem-apparmor> machine # [   11.460724] systemd[1]: Reached target Login Prompts.
vm-test-run-solem-apparmor> machine # [   11.470539] dhcpcd[758]: eth0: soliciting a DHCP lease
vm-test-run-solem-apparmor> machine # [   11.863190] NET: Registered PF_PACKET protocol family
vm-test-run-solem-apparmor> machine # [   11.508138] dhcpcd[758]: eth0: offered 10.0.2.15 from 10.0.2.2
vm-test-run-solem-apparmor> machine # [   11.514116] dhcpcd[758]: eth0: probing address 10.0.2.15/24
vm-test-run-solem-apparmor> machine # [   11.970516] kvm_amd: TSC scaling supported
vm-test-run-solem-apparmor> machine # [   11.972046] kvm_amd: Nested Virtualization enabled
vm-test-run-solem-apparmor> machine # [   11.973527] kvm_amd: Nested Paging enabled
vm-test-run-solem-apparmor> machine # [   11.978629] kvm_amd: Virtual VMLOAD VMSAVE supported
vm-test-run-solem-apparmor> machine # [   11.980138] kvm_amd: PMU virtualization is disabled
vm-test-run-solem-apparmor> machine # [   12.011246] EDAC MC: Ver: 3.0.0
vm-test-run-solem-apparmor> machine # [   12.118563] systemd[1]: Finished Virtual Console Setup.
vm-test-run-solem-apparmor> machine # [   13.045722] dhcpcd[758]: eth0: soliciting an IPv6 router
vm-test-run-solem-apparmor> machine # [   13.049394] dhcpcd[758]: eth0: Router Advertisement from fe80::2
vm-test-run-solem-apparmor> machine # [   13.052400] dhcpcd[758]: eth0: adding address fec0::5054:ff:fe12:3456/64
vm-test-run-solem-apparmor> machine # [   13.055463] dhcpcd[758]: eth0: adding route to fec0::/64
vm-test-run-solem-apparmor> machine # [   13.058118] dhcpcd[758]: eth0: adding default route via fe80::2
vm-test-run-solem-apparmor> machine # [   16.136180] dhcpcd[758]: eth0: leased 10.0.2.15 for 86400 seconds
vm-test-run-solem-apparmor> machine # [   16.139511] dhcpcd[758]: eth0: adding route to 10.0.2.0/24
vm-test-run-solem-apparmor> machine # [   16.142770] dhcpcd[758]: eth0: adding default route via 10.0.2.2
vm-test-run-solem-apparmor> machine # [   16.276826] systemd[1]: Started DHCP Client.
vm-test-run-solem-apparmor> machine # [   16.281730] systemd[1]: Reached target Network is Online.
vm-test-run-solem-apparmor> machine # [   16.284620] systemd[1]: Reached target Multi-User System.
vm-test-run-solem-apparmor> machine # [   16.288651] systemd[1]: Startup finished in 4.164s (kernel) + 12.117s (userspace) = 16.281s.
vm-test-run-solem-apparmor> (finished: waiting for unit multi-user.target, in 17.81 seconds)
vm-test-run-solem-apparmor> machine: must succeed: sleep 3
vm-test-run-solem-apparmor> (finished: must succeed: sleep 3, in 3.04 seconds)
vm-test-run-solem-apparmor> machine: must succeed: ls /sys/module/apparmor 2>&1
vm-test-run-solem-apparmor> (finished: must succeed: ls /sys/module/apparmor 2>&1, in 0.03 seconds)
vm-test-run-solem-apparmor> machine: must succeed: ls /sys/kernel/security/apparmor 2>&1 || true
vm-test-run-solem-apparmor> (finished: must succeed: ls /sys/kernel/security/apparmor 2>&1 || true, in 0.03 seconds)
vm-test-run-solem-apparmor> aa-status:
vm-test-run-solem-apparmor> apparmor module is loaded.
vm-test-run-solem-apparmor> 1 profiles are loaded.
vm-test-run-solem-apparmor> 1 profiles are in enforce mode.
vm-test-run-solem-apparmor>    solem-gavio-ai
vm-test-run-solem-apparmor> 0 profiles are in complain mode.
vm-test-run-solem-apparmor> 0 profiles are in prompt mode.
vm-test-run-solem-apparmor> 0 profiles are in kill mode.
vm-test-run-solem-apparmor> 0 profiles are in unconfined mode.
vm-test-run-solem-apparmor> 0 processes have profiles defined.
vm-test-run-solem-apparmor> 0 processes are in enforce mode.
vm-test-run-solem-apparmor> 0 processes are in complain mode.
vm-test-run-solem-apparmor> 0 processes are in prompt mode.
vm-test-run-solem-apparmor> 0 processes are in kill mode.
vm-test-run-solem-apparmor> 0 processes are unconfined but have a profile defined.
vm-test-run-solem-apparmor> 0 processes are in mixed mode.
vm-test-run-solem-apparmor>   ✓ profilo solem-gavio-ai loaded
vm-test-run-solem-apparmor>   ⚠ solem-gavio-ai NON in enforce, output: MISSING
vm-test-run-solem-apparmor> machine: must succeed: mkdir -p /var/lib/gavio-ai/venv/bin
vm-test-run-solem-apparmor> (finished: must succeed: mkdir -p /var/lib/gavio-ai/venv/bin, in 0.03 seconds)
vm-test-run-solem-apparmor> machine: must succeed: cp /run/current-system/sw/bin/bash /var/lib/gavio-ai/venv/bin/python3
vm-test-run-solem-apparmor> (finished: must succeed: cp /run/current-system/sw/bin/bash /var/lib/gavio-ai/venv/bin/python3, in 0.04 seconds)
vm-test-run-solem-apparmor> machine: must succeed: chmod +x /var/lib/gavio-ai/venv/bin/python3
vm-test-run-solem-apparmor> (finished: must succeed: chmod +x /var/lib/gavio-ai/venv/bin/python3, in 0.03 seconds)
vm-test-run-solem-apparmor> machine: must succeed: chown -R gavio-ai:gavio-ai /var/lib/gavio-ai/
vm-test-run-solem-apparmor> (finished: must succeed: chown -R gavio-ai:gavio-ai /var/lib/gavio-ai/, in 0.04 seconds)
vm-test-run-solem-apparmor> machine # [   19.892746] sudo[972]:     root : TTY=hvc0 ; PWD=/tmp ; USER=gavio-ai ; COMMAND=/var/lib/gavio-ai/venv/bin/python3 -c 'cat /proc/self/attr/current'
vm-test-run-solem-apparmor> machine # [   19.913593] sudo[972]: pam_unix(sudo:session): session opened for user gavio-ai(uid=970) by (uid=0)
vm-test-run-solem-apparmor> machine # [   20.285533] audit: type=1400 audit(1780164990.168:3): apparmor="DENIED" operation="file_mmap" class="file" profile="solem-gavio-ai" name="/nix/store/vb3dx18nky7cq63br7x2mi86isli529w-readline-8.2p13/lib/libreadline.so.8.2" pid=975 comm="python3" requested_mask="m" denied_mask="m" fsuid=970 ouid=0
vm-test-run-solem-apparmor> machine # [   19.935942] sudo[972]: pam_unix(sudo:session): session closed for user gavio-ai
vm-test-run-solem-apparmor> AppArmor self attr: rc=127 out='/var/lib/gavio-ai/venv/bin/python3: error while loading shared libraries: libreadline.so.8: failed to map segment from shared object\n'
vm-test-run-solem-apparmor> cleanup
vm-test-run-solem-apparmor> kill machine (pid 9)
vm-test-run-solem-apparmor> qemu-kvm: terminating on signal 15 from pid 6 (/nix/store/dksjvr69ckglyw1k2ss1qgshhcix73p8-python3-3.12.8/bin/python3.12)
vm-test-run-solem-apparmor> kill vlan (pid 7)
vm-test-run-solem-apparmor> (finished: cleanup, in 0.01 seconds)
vm-test-run-solem-apparmor> Traceback (most recent call last):
vm-test-run-solem-apparmor>   File "/nix/store/v87ngzjjfhfw8kpcg4ii401mscx8pg9g-nixos-test-driver-1.1/bin/.nixos-test-driver-wrapped", line 9, in <module>
vm-test-run-solem-apparmor>     sys.exit(main())
vm-test-run-solem-apparmor>              ^^^^^^
vm-test-run-solem-apparmor>   File "/nix/store/v87ngzjjfhfw8kpcg4ii401mscx8pg9g-nixos-test-driver-1.1/lib/python3.12/site-packages/test_driver/__init__.py", line 146, in main
vm-test-run-solem-apparmor>     driver.run_tests()
vm-test-run-solem-apparmor>   File "/nix/store/v87ngzjjfhfw8kpcg4ii401mscx8pg9g-nixos-test-driver-1.1/lib/python3.12/site-packages/test_driver/driver.py", line 173, in run_tests
vm-test-run-solem-apparmor>     self.test_script()
vm-test-run-solem-apparmor>   File "/nix/store/v87ngzjjfhfw8kpcg4ii401mscx8pg9g-nixos-test-driver-1.1/lib/python3.12/site-packages/test_driver/driver.py", line 165, in test_script
vm-test-run-solem-apparmor>     exec(self.tests, symbols, None)
vm-test-run-solem-apparmor>   File "<string>", line 48, in <module>
vm-test-run-solem-apparmor> Exception: FAIL: il binary /var/lib/gavio-ai/venv/bin/python3 NON e' confinato da AppArmor profile solem-gavio-ai (out='/var/lib/gavio-ai/venv/bin/python3: error while loading shared libraries: libreadline.so.8: failed to map segment from shared object\n'). I test DENY sotto darebbero falso positivo via DAC.
error: builder for '/nix/store/p0vyblmgahv73zd82k48ysdzpvbnyk98-vm-test-run-solem-apparmor.drv' failed with exit code 1;
       last 25 log lines:
       > (finished: must succeed: chmod +x /var/lib/gavio-ai/venv/bin/python3, in 0.03 seconds)
       > machine: must succeed: chown -R gavio-ai:gavio-ai /var/lib/gavio-ai/
       > (finished: must succeed: chown -R gavio-ai:gavio-ai /var/lib/gavio-ai/, in 0.04 seconds)
       > machine # [   19.892746] sudo[972]:     root : TTY=hvc0 ; PWD=/tmp ; USER=gavio-ai ; COMMAND=/var/lib/gavio-ai/venv/bin/python3 -c 'cat /proc/self/attr/current'
       > machine # [   19.913593] sudo[972]: pam_unix(sudo:session): session opened for user gavio-ai(uid=970) by (uid=0)
       > machine # [   20.285533] audit: type=1400 audit(1780164990.168:3): apparmor="DENIED" operation="file_mmap" class="file" profile="solem-gavio-ai" name="/nix/store/vb3dx18nky7cq63br7x2mi86isli529w-readline-8.2p13/lib/libreadline.so.8.2" pid=975 comm="python3" requested_mask="m" denied_mask="m" fsuid=970 ouid=0
       > machine # [   19.935942] sudo[972]: pam_unix(sudo:session): session closed for user gavio-ai
       > AppArmor self attr: rc=127 out='/var/lib/gavio-ai/venv/bin/python3: error while loading shared libraries: libreadline.so.8: failed to map segment from shared object\n'
       > cleanup
       > kill machine (pid 9)
       > qemu-kvm: terminating on signal 15 from pid 6 (/nix/store/dksjvr69ckglyw1k2ss1qgshhcix73p8-python3-3.12.8/bin/python3.12)
       > kill vlan (pid 7)
       > (finished: cleanup, in 0.01 seconds)
       > Traceback (most recent call last):
       >   File "/nix/store/v87ngzjjfhfw8kpcg4ii401mscx8pg9g-nixos-test-driver-1.1/bin/.nixos-test-driver-wrapped", line 9, in <module>
       >     sys.exit(main())
       >              ^^^^^^
       >   File "/nix/store/v87ngzjjfhfw8kpcg4ii401mscx8pg9g-nixos-test-driver-1.1/lib/python3.12/site-packages/test_driver/__init__.py", line 146, in main
       >     driver.run_tests()
       >   File "/nix/store/v87ngzjjfhfw8kpcg4ii401mscx8pg9g-nixos-test-driver-1.1/lib/python3.12/site-packages/test_driver/driver.py", line 173, in run_tests
       >     self.test_script()
       >   File "/nix/store/v87ngzjjfhfw8kpcg4ii401mscx8pg9g-nixos-test-driver-1.1/lib/python3.12/site-packages/test_driver/driver.py", line 165, in test_script
       >     exec(self.tests, symbols, None)
       >   File "<string>", line 48, in <module>
       > Exception: FAIL: il binary /var/lib/gavio-ai/venv/bin/python3 NON e' confinato da AppArmor profile solem-gavio-ai (out='/var/lib/gavio-ai/venv/bin/python3: error while loading shared libraries: libreadline.so.8: failed to map segment from shared object\n'). I test DENY sotto darebbero falso positivo via DAC.
       For full logs, run 'nix log /nix/store/p0vyblmgahv73zd82k48ysdzpvbnyk98-vm-test-run-solem-apparmor.drv'.
