# VM test ai-audit-strict FAIL — commit 7ed1997 @ 20260530T170427Z

vm-test-run-solem-ai-audit-strict> machine # [    9.235869] systemd[1]: Started backdoor.service.
vm-test-run-solem-ai-audit-strict> machine # [    9.243854] systemd[1]: Starting Name Service Cache Daemon (nsncd)...
vm-test-run-solem-ai-audit-strict> machine: Guest shell says: b'Spawning backdoor root shell...\n'
vm-test-run-solem-ai-audit-strict> machine: connected to guest root shell
vm-test-run-solem-ai-audit-strict> machine: (connecting took 10.45 seconds)
vm-test-run-solem-ai-audit-strict> (finished: waiting for the VM to finish booting, in 10.61 seconds)
vm-test-run-solem-ai-audit-strict> machine # [    9.468451] systemd[1]: Started Reset console on configuration changes.
vm-test-run-solem-ai-audit-strict> machine # [    9.473415] clyl7y794ywlafkpaxhhf5w7ai9a2xyq-audit-start[635]: Old style watch rules are slower
vm-test-run-solem-ai-audit-strict> machine # [    9.481246] clyl7y794ywlafkpaxhhf5w7ai9a2xyq-audit-start[635]: Old style watch rules are slower
vm-test-run-solem-ai-audit-strict> machine # [    9.485501] clyl7y794ywlafkpaxhhf5w7ai9a2xyq-audit-start[635]: Old style watch rules are slower
vm-test-run-solem-ai-audit-strict> machine # [    9.491843] clyl7y794ywlafkpaxhhf5w7ai9a2xyq-audit-start[635]: Old style watch rules are slower
vm-test-run-solem-ai-audit-strict> machine # [    9.497548] clyl7y794ywlafkpaxhhf5w7ai9a2xyq-audit-start[635]: Old style watch rules are slower
vm-test-run-solem-ai-audit-strict> machine # [    9.503320] clyl7y794ywlafkpaxhhf5w7ai9a2xyq-audit-start[635]: Old style watch rules are slower
vm-test-run-solem-ai-audit-strict> machine # [    9.508470] clyl7y794ywlafkpaxhhf5w7ai9a2xyq-audit-start[635]: Old style watch rules are slower
vm-test-run-solem-ai-audit-strict> machine # [    9.513823] clyl7y794ywlafkpaxhhf5w7ai9a2xyq-audit-start[635]: Old style watch rules are slower
vm-test-run-solem-ai-audit-strict> machine # [    9.519279] clyl7y794ywlafkpaxhhf5w7ai9a2xyq-audit-start[635]: Old style watch rules are slower
vm-test-run-solem-ai-audit-strict> machine # [    9.525334] clyl7y794ywlafkpaxhhf5w7ai9a2xyq-audit-start[635]: Old style watch rules are slower
vm-test-run-solem-ai-audit-strict> machine # [    9.530509] clyl7y794ywlafkpaxhhf5w7ai9a2xyq-audit-start[635]: Old style watch rules are slower
vm-test-run-solem-ai-audit-strict> machine # [    9.536332] clyl7y794ywlafkpaxhhf5w7ai9a2xyq-audit-start[635]: Old style watch rules are slower
vm-test-run-solem-ai-audit-strict> machine # [    9.541502] clyl7y794ywlafkpaxhhf5w7ai9a2xyq-audit-start[635]: Old style watch rules are slower
vm-test-run-solem-ai-audit-strict> machine # [    9.548706] clyl7y794ywlafkpaxhhf5w7ai9a2xyq-audit-start[635]: Error sending add rule data request (No such file or directory)
vm-test-run-solem-ai-audit-strict> machine # [    9.554510] clyl7y794ywlafkpaxhhf5w7ai9a2xyq-audit-start[635]: There was an error in line 23 of /tmp/tmp.XIyviV1zxK
vm-test-run-solem-ai-audit-strict> machine # [    9.564543] nsncd[619]: May 30 17:04:15.561 INFO started, config: Config { ignored_request_types: {}, worker_count: 8, handoff_timeout: 3s }, path: "/var/run/nscd/socket"
vm-test-run-solem-ai-audit-strict> machine # [    9.574746] dbus-daemon[622]: dbus[622]: Unknown username "systemd-timesync" in message bus configuration file
vm-test-run-solem-ai-audit-strict> machine # [    9.587717] systemd[1]: Starting resolvconf update...
vm-test-run-solem-ai-audit-strict> machine # [    9.595970] systemd[1]: Starting D-Bus System Message Bus...
vm-test-run-solem-ai-audit-strict> machine # [    9.603261] systemd[1]: audit.service: Main process exited, code=exited, status=1/FAILURE
vm-test-run-solem-ai-audit-strict> machine # [    9.609524] systemd[1]: audit.service: Failed with result 'exit-code'.
vm-test-run-solem-ai-audit-strict> machine # [    9.617834] systemd[1]: Failed to start Kernel Auditing.
vm-test-run-solem-ai-audit-strict> machine # [    9.624749] systemd[1]: Started Name Service Cache Daemon (nsncd).
vm-test-run-solem-ai-audit-strict> machine # [    9.630694] systemd[1]: Reached target Host and Network Name Lookups.
vm-test-run-solem-ai-audit-strict> machine # [    9.638198] systemd[1]: Reached target User and Group Name Lookups.
vm-test-run-solem-ai-audit-strict> machine # [    9.643687] systemd[1]: Starting User Login Management...
vm-test-run-solem-ai-audit-strict> machine # [    9.653568] systemd[1]: Found device Virtio network device.
vm-test-run-solem-ai-audit-strict> machine # [    9.656671] systemd[1]: Started D-Bus System Message Bus.
vm-test-run-solem-ai-audit-strict> machine # [    9.763685] systemd-logind[651]: New seat seat0.
vm-test-run-solem-ai-audit-strict> machine # [    9.796879] systemd[1]: Started User Login Management.
vm-test-run-solem-ai-audit-strict> machine # [    9.816600] systemd[1]: Stopped target Host and Network Name Lookups.
vm-test-run-solem-ai-audit-strict> machine # [    9.819831] systemd[1]: Stopping Host and Network Name Lookups...
vm-test-run-solem-ai-audit-strict> machine # [    9.831967] systemd[1]: Stopped target User and Group Name Lookups.
vm-test-run-solem-ai-audit-strict> machine # [    9.842662] systemd[1]: Stopping User and Group Name Lookups...
vm-test-run-solem-ai-audit-strict> machine # [    9.852781] systemd[1]: Stopping Name Service Cache Daemon (nsncd)...
vm-test-run-solem-ai-audit-strict> machine # [    9.879941] systemd[1]: nscd.service: Deactivated successfully.
vm-test-run-solem-ai-audit-strict> machine # [    9.890408] systemd[1]: Stopped Name Service Cache Daemon (nsncd).
vm-test-run-solem-ai-audit-strict> machine # [    9.895850] systemd[1]: Starting Name Service Cache Daemon (nsncd)...
vm-test-run-solem-ai-audit-strict> machine # [   10.347154] mousedev: PS/2 mouse device common for all mice
vm-test-run-solem-ai-audit-strict> machine # [   10.026607] nsncd[705]: May 30 17:04:16.279 INFO started, config: Config { ignored_request_types: {}, worker_count: 8, handoff_timeout: 3s }, path: "/var/run/nscd/socket"
vm-test-run-solem-ai-audit-strict> machine # [   10.040622] systemd[1]: Started Name Service Cache Daemon (nsncd).
vm-test-run-solem-ai-audit-strict> machine # [   10.046509] systemd[1]: Reached target Host and Network Name Lookups.
vm-test-run-solem-ai-audit-strict> machine # [   10.050707] systemd[1]: Reached target User and Group Name Lookups.
vm-test-run-solem-ai-audit-strict> machine # [   10.078634] systemd[1]: Finished resolvconf update.
vm-test-run-solem-ai-audit-strict> machine # [   10.085870] systemd[1]: Finished Firewall.
vm-test-run-solem-ai-audit-strict> machine # [   10.103150] systemd[1]: Reached target Preparation for Network.
vm-test-run-solem-ai-audit-strict> machine # [   10.121691] systemd[1]: Starting DHCP Client...
vm-test-run-solem-ai-audit-strict> machine # [   10.127550] systemd[1]: Starting Address configuration of eth1...
vm-test-run-solem-ai-audit-strict> machine # [   10.492781] input: Power Button as /devices/LNXSYSTM:00/LNXPWRBN:00/input/input3
vm-test-run-solem-ai-audit-strict> machine # [   10.511531] ACPI: button: Power Button [PWRF]
vm-test-run-solem-ai-audit-strict> machine # [   10.289587] network-addresses-eth1-start[736]: adding address 192.168.1.1/24... done
vm-test-run-solem-ai-audit-strict> machine # [   10.321455] network-addresses-eth1-start[736]: adding address 2001:db8:1::1/64... done
vm-test-run-solem-ai-audit-strict> machine # [   10.361558] systemd[1]: Finished Address configuration of eth1.
vm-test-run-solem-ai-audit-strict> machine # [   10.373881] systemd[1]: Starting Networking Setup...
vm-test-run-solem-ai-audit-strict> machine # [   10.738584] parport_pc 00:03: reported by Plug and Play ACPI
vm-test-run-solem-ai-audit-strict> machine # [   10.761464] Floppy drive(s): fd0 is 2.88M AMI BIOS
vm-test-run-solem-ai-audit-strict> machine # [   10.788096] parport0: PC-style at 0x378, irq 7 [PCSPP(,...)]
vm-test-run-solem-ai-audit-strict> machine # [   10.468902] dhcpcd[741]: dhcpcd-10.1.0 starting
vm-test-run-solem-ai-audit-strict> machine # [   10.809183] FDC 0 is a S82078B
vm-test-run-solem-ai-audit-strict> machine # [   10.494226] dhcpcd[752]: dev: loaded udev
vm-test-run-solem-ai-audit-strict> machine # [   10.857388] 8021q: 802.1Q VLAN Support v1.8
vm-test-run-solem-ai-audit-strict> machine # [   10.861761] 8021q: adding VLAN 0 to HW filter on device eth1
vm-test-run-solem-ai-audit-strict> machine # [   10.967591] piix4_smbus 0000:00:01.3: SMBus Host Controller at 0x700, revision 0
vm-test-run-solem-ai-audit-strict> machine # [   11.042506] cfg80211: Loading compiled-in X.509 certificates for regulatory database
vm-test-run-solem-ai-audit-strict> machine # [   11.092839] Loaded X.509 cert 'sforshee: 00b28ddf47aef9cea7'
vm-test-run-solem-ai-audit-strict> machine # [   10.759730] systemd[1]: Finished Networking Setup.
vm-test-run-solem-ai-audit-strict> machine # [   11.102185] Loaded X.509 cert 'wens: 61c038651aabdcf94bd0ac7ff06c7248db18c600'
vm-test-run-solem-ai-audit-strict> machine # [   11.112413] platform regulatory.0: Direct firmware load for regulatory.db failed with error -2
vm-test-run-solem-ai-audit-strict> machine # [   10.783714] systemd[1]: Starting Extra networking commands....[   11.121366] cfg80211: failed to load regulatory.db
vm-test-run-solem-ai-audit-strict> machine # 
vm-test-run-solem-ai-audit-strict> machine # [   11.146445] input: QEMU Virtio Keyboard as /devices/pci0000:00/0000:00:0a.0/virtio7/input/input4
vm-test-run-solem-ai-audit-strict> machine # [   11.182139] bochs-drm 0000:00:02.0: vgaarb: deactivate vga console
vm-test-run-solem-ai-audit-strict> machine # [   10.864787] systemd[1]: Finished Extra networking commands..
vm-test-run-solem-ai-audit-strict> machine # [   10.869903] systemd[1]: Reached target Network.
vm-test-run-solem-ai-audit-strict> machine # [   10.875367] systemd[1]: Starting Permit User Sessions...
vm-test-run-solem-ai-audit-strict> machine # [   10.959564] dhcpcd[752]: eth0: waiting for carrier
vm-test-run-solem-ai-audit-strict> machine # [   10.964535] dhcpcd[752]: eth0: carrier acquired
vm-test-run-solem-ai-audit-strict> machine # [   10.983839] systemd[1]: Finished Permit User Sessions.
vm-test-run-solem-ai-audit-strict> machine # [   11.002314] dhcpcd[752]: DUID 00:01:00:01:31:ad:d5:11:52:54:00:12:34:56
vm-test-run-solem-ai-audit-strict> machine # [   11.006640] dhcpcd[752]: eth0: IAID 00:12:34:56
vm-test-run-solem-ai-audit-strict> machine # [   11.009602] dhcpcd[752]: eth0: adding address fe80::5054:ff:fe12:3456
vm-test-run-solem-ai-audit-strict> machine # [   11.270238] input: VirtualPS/2 VMware VMMouse as /devices/platform/i8042/serio1/input/input6
vm-test-run-solem-ai-audit-strict> machine # [   11.270850] input: VirtualPS/2 VMware VMMouse as /devices/platform/i8042/serio1/input/input5
vm-test-run-solem-ai-audit-strict> machine # [   11.295198] 8021q: adding VLAN 0 to HW filter on device eth0
vm-test-run-solem-ai-audit-strict> machine # [   11.317151] cryptd: max_cpu_qlen set to 1000
vm-test-run-solem-ai-audit-strict> machine # [   11.396547] AVX2 version of gcm_enc/dec engaged.
vm-test-run-solem-ai-audit-strict> machine # [   11.396569] AES CTR mode by8 optimization enabled
vm-test-run-solem-ai-audit-strict> machine # [   11.425808] Console: switching to colour dummy device 80x25
vm-test-run-solem-ai-audit-strict> machine # [   11.197969] systemd[1]: Started Getty on tty1.
vm-test-run-solem-ai-audit-strict> machine # [   11.544023] [drm] Found bochs VGA, ID 0xb0c5.
vm-test-run-solem-ai-audit-strict> machine # [   11.545299] [drm] Framebuffer size 16384 kB @ 0xfd000000, mmio @ 0xfebd0000.
vm-test-run-solem-ai-audit-strict> machine # [   11.211667] systemd[1]: Reached target Login Prompts.
vm-test-run-solem-ai-audit-strict> machine # [   11.236628] systemd[1]: Starting Virtual Console Setup...
vm-test-run-solem-ai-audit-strict> machine # [   11.254567] systemd-logind[651]: Watching system buttons on /dev/input/event0 (AT Translated Set 2 keyboard)
vm-test-run-solem-ai-audit-strict> machine # [   11.322585] systemd-logind[651]: Watching system buttons on /dev/input/event2 (Power Button)
vm-test-run-solem-ai-audit-strict> machine # [   11.668832] [drm] Found EDID data blob.
vm-test-run-solem-ai-audit-strict> machine # [   11.714449] [drm] Initialized bochs-drm 1.0.0 20130925 for 0000:00:02.0 on minor 0
vm-test-run-solem-ai-audit-strict> machine # [   11.725367] ppdev: user-space parallel port driver
vm-test-run-solem-ai-audit-strict> machine # [   11.401720] systemd[1]: Listening on Load/Save RF Kill Switch Status /dev/rfkill Watch.
vm-test-run-solem-ai-audit-strict> machine # [   11.976719] systemd-logind[651]: Watching system buttons on /dev/input/event3 (QEMU Virtio Keyboard)
vm-test-run-solem-ai-audit-strict> machine # [   11.758537] fbcon: bochs-drmdrmfb (fb0) is primary device
vm-test-run-solem-ai-audit-strict> machine # [   12.503766] Console: switching to colour frame buffer device 160x50
vm-test-run-solem-ai-audit-strict> machine # [   12.744787] bochs-drm 0000:00:02.0: [drm] fb0: bochs-drmdrmfb frame buffer device
vm-test-run-solem-ai-audit-strict> machine # [   12.424888] systemd[1]: systemd-vconsole-setup.service: Deactivated successfully.
vm-test-run-solem-ai-audit-strict> machine # [   12.448930] systemd[1]: Stopped Virtual Console Setup.
vm-test-run-solem-ai-audit-strict> machine # [   12.454929] systemd[1]: run-credentials-systemd\x2dvconsole\x2dsetup.service.mount: Deactivated successfully.
vm-test-run-solem-ai-audit-strict> machine # [   12.461456] systemd[1]: Starting Virtual Console Setup...
vm-test-run-solem-ai-audit-strict> machine # [   12.849358] kvm_amd: TSC scaling supported
vm-test-run-solem-ai-audit-strict> machine # [   12.850463] kvm_amd: Nested Virtualization enabled
vm-test-run-solem-ai-audit-strict> machine # [   12.851922] kvm_amd: Nested Paging enabled
vm-test-run-solem-ai-audit-strict> machine # [   12.860644] kvm_amd: Virtual VMLOAD VMSAVE supported
vm-test-run-solem-ai-audit-strict> machine # [   12.862222] kvm_amd: PMU virtualization is disabled
vm-test-run-solem-ai-audit-strict> machine # [   12.927025] EDAC MC: Ver: 3.0.0
vm-test-run-solem-ai-audit-strict> machine # [   12.820872] dhcpcd[752]: eth0: soliciting an IPv6 router
vm-test-run-solem-ai-audit-strict> machine # [   12.823202] dhcpcd[752]: eth0: Router Advertisement from fe80::2
vm-test-run-solem-ai-audit-strict> machine # [   12.825531] dhcpcd[752]: eth0: adding address fec0::5054:ff:fe12:3456/64
vm-test-run-solem-ai-audit-strict> machine # [   12.827843] dhcpcd[752]: eth0: adding route to fec0::/64
vm-test-run-solem-ai-audit-strict> machine # [   12.830413] dhcpcd[752]: eth0: adding default route via fe80::2
vm-test-run-solem-ai-audit-strict> machine # [   12.886265] dhcpcd[752]: eth0: soliciting a DHCP lease
vm-test-run-solem-ai-audit-strict> machine # [   13.246123] NET: Registered PF_PACKET protocol family
vm-test-run-solem-ai-audit-strict> machine # [   12.921419] dhcpcd[752]: eth0: offered 10.0.2.15 from 10.0.2.2
vm-test-run-solem-ai-audit-strict> machine # [   12.926463] dhcpcd[752]: eth0: probing address 10.0.2.15/24
vm-test-run-solem-ai-audit-strict> machine # [   13.018505] systemd[1]: Finished Virtual Console Setup.
vm-test-run-solem-ai-audit-strict> machine # [   17.951722] dhcpcd[752]: eth0: leased 10.0.2.15 for 86400 seconds
vm-test-run-solem-ai-audit-strict> machine # [   17.954807] dhcpcd[752]: eth0: adding route to 10.0.2.0/24
vm-test-run-solem-ai-audit-strict> machine # [   17.957692] dhcpcd[752]: eth0: adding default route via 10.0.2.2
vm-test-run-solem-ai-audit-strict> machine # [   18.097363] systemd[1]: Started DHCP Client.
vm-test-run-solem-ai-audit-strict> machine # [   18.106701] systemd[1]: Reached target Network is Online.
vm-test-run-solem-ai-audit-strict> machine # [   18.109391] systemd[1]: Reached target Multi-User System.
vm-test-run-solem-ai-audit-strict> machine # [   18.112487] systemd[1]: Startup finished in 4.151s (kernel) + 13.952s (userspace) = 18.104s.
vm-test-run-solem-ai-audit-strict> (finished: waiting for unit multi-user.target, in 19.49 seconds)
vm-test-run-solem-ai-audit-strict> machine: waiting for unit auditd.service
vm-test-run-solem-ai-audit-strict> (finished: waiting for unit auditd.service, in 0.07 seconds)
vm-test-run-solem-ai-audit-strict> machine: must succeed: sleep 3
vm-test-run-solem-ai-audit-strict> (finished: must succeed: sleep 3, in 3.04 seconds)
vm-test-run-solem-ai-audit-strict> machine: must succeed: auditctl -s 2>&1 | head -5
vm-test-run-solem-ai-audit-strict> (finished: must succeed: auditctl -s 2>&1 | head -5, in 0.04 seconds)
vm-test-run-solem-ai-audit-strict> machine: must succeed: auditctl -l 2>&1
vm-test-run-solem-ai-audit-strict> (finished: must succeed: auditctl -l 2>&1, in 0.03 seconds)
vm-test-run-solem-ai-audit-strict> Rules count out:
vm-test-run-solem-ai-audit-strict> -a always,exit -F arch=b64 -S execve -F auid=970 -F key=ai_execve
vm-test-run-solem-ai-audit-strict> -a always,exit -F arch=b32 -S execve -F auid=970 -F key=ai_execve
vm-test-run-solem-ai-audit-strict> -a always,exit -F arch=b64 -S execve -F uid=970 -F key=ai_execve
vm-test-run-solem-ai-audit-strict> -a always,exit -F arch=b32 -S execve -F uid=970 -F key=ai_execve
vm-test-run-solem-ai-audit-strict> -a always,exit -F arch=b64 -S openat -F uid=970 -F a2&=0x40 -F key=ai_open_create
vm-test-run-solem-ai-audit-strict> -a always,exit -F arch=b64 -S connect -F uid=970 -F key=ai_connect
vm-test-run-solem-ai-audit-strict> -a always,exit -F arch=b32 -S connect -F uid=970 -F key=ai_connect
vm-test-run-solem-ai-audit-strict> -a always,exit -F arch
vm-test-run-solem-ai-audit-strict> cleanup
vm-test-run-solem-ai-audit-strict> kill machine (pid 9)
vm-test-run-solem-ai-audit-strict> qemu-kvm: terminating on signal 15 from pid 6 (/nix/store/dksjvr69ckglyw1k2ss1qgshhcix73p8-python3-3.12.8/bin/python3.12)
vm-test-run-solem-ai-audit-strict> kill vlan (pid 7)
vm-test-run-solem-ai-audit-strict> (finished: cleanup, in 0.01 seconds)
vm-test-run-solem-ai-audit-strict> Traceback (most recent call last):
vm-test-run-solem-ai-audit-strict>   File "/nix/store/v87ngzjjfhfw8kpcg4ii401mscx8pg9g-nixos-test-driver-1.1/bin/.nixos-test-driver-wrapped", line 9, in <module>
vm-test-run-solem-ai-audit-strict>     sys.exit(main())
vm-test-run-solem-ai-audit-strict>              ^^^^^^
vm-test-run-solem-ai-audit-strict>   File "/nix/store/v87ngzjjfhfw8kpcg4ii401mscx8pg9g-nixos-test-driver-1.1/lib/python3.12/site-packages/test_driver/__init__.py", line 146, in main
vm-test-run-solem-ai-audit-strict>     driver.run_tests()
vm-test-run-solem-ai-audit-strict>   File "/nix/store/v87ngzjjfhfw8kpcg4ii401mscx8pg9g-nixos-test-driver-1.1/lib/python3.12/site-packages/test_driver/driver.py", line 173, in run_tests
vm-test-run-solem-ai-audit-strict>     self.test_script()
vm-test-run-solem-ai-audit-strict>   File "/nix/store/v87ngzjjfhfw8kpcg4ii401mscx8pg9g-nixos-test-driver-1.1/lib/python3.12/site-packages/test_driver/driver.py", line 165, in test_script
vm-test-run-solem-ai-audit-strict>     exec(self.tests, symbols, None)
vm-test-run-solem-ai-audit-strict>   File "<string>", line 13, in <module>
vm-test-run-solem-ai-audit-strict> AssertionError: FAIL: rule key 'kernel_module' non caricata
error: builder for '/nix/store/65k37wnzgd27ylvxynwrg5ghvf107s84-vm-test-run-solem-ai-audit-strict.drv' failed with exit code 1;
       last 25 log lines:
       > -a always,exit -F arch=b64 -S execve -F auid=970 -F key=ai_execve
       > -a always,exit -F arch=b32 -S execve -F auid=970 -F key=ai_execve
       > -a always,exit -F arch=b64 -S execve -F uid=970 -F key=ai_execve
       > -a always,exit -F arch=b32 -S execve -F uid=970 -F key=ai_execve
       > -a always,exit -F arch=b64 -S openat -F uid=970 -F a2&=0x40 -F key=ai_open_create
       > -a always,exit -F arch=b64 -S connect -F uid=970 -F key=ai_connect
       > -a always,exit -F arch=b32 -S connect -F uid=970 -F key=ai_connect
       > -a always,exit -F arch
       > cleanup
       > kill machine (pid 9)
       > qemu-kvm: terminating on signal 15 from pid 6 (/nix/store/dksjvr69ckglyw1k2ss1qgshhcix73p8-python3-3.12.8/bin/python3.12)
       > kill vlan (pid 7)
       > (finished: cleanup, in 0.01 seconds)
       > Traceback (most recent call last):
       >   File "/nix/store/v87ngzjjfhfw8kpcg4ii401mscx8pg9g-nixos-test-driver-1.1/bin/.nixos-test-driver-wrapped", line 9, in <module>
       >     sys.exit(main())
       >              ^^^^^^
       >   File "/nix/store/v87ngzjjfhfw8kpcg4ii401mscx8pg9g-nixos-test-driver-1.1/lib/python3.12/site-packages/test_driver/__init__.py", line 146, in main
       >     driver.run_tests()
       >   File "/nix/store/v87ngzjjfhfw8kpcg4ii401mscx8pg9g-nixos-test-driver-1.1/lib/python3.12/site-packages/test_driver/driver.py", line 173, in run_tests
       >     self.test_script()
       >   File "/nix/store/v87ngzjjfhfw8kpcg4ii401mscx8pg9g-nixos-test-driver-1.1/lib/python3.12/site-packages/test_driver/driver.py", line 165, in test_script
       >     exec(self.tests, symbols, None)
       >   File "<string>", line 13, in <module>
       > AssertionError: FAIL: rule key 'kernel_module' non caricata
       For full logs, run 'nix log /nix/store/65k37wnzgd27ylvxynwrg5ghvf107s84-vm-test-run-solem-ai-audit-strict.drv'.
