# VM test ai-guardrails FAIL — commit 7ed1997 @ 20260530T170357Z

vm-test-run-solem-ai-guardrails> machine # [    8.015834] systemd[1]: Starting Update is Completed...
vm-test-run-solem-ai-guardrails> machine # [    8.132988] systemd-oomd[517]: No swap; memory pressure usage will be degraded
vm-test-run-solem-ai-guardrails> machine # [    8.145901] systemd[1]: Finished Update is Completed.
vm-test-run-solem-ai-guardrails> machine # [    8.149853] systemd[1]: Started Userspace Out-Of-Memory (OOM) Killer.
vm-test-run-solem-ai-guardrails> machine # [    8.187918] systemd[1]: Found device /dev/ttyS0.
vm-test-run-solem-ai-guardrails> machine # [    8.205571] systemd[1]: Found device /dev/hvc0.
vm-test-run-solem-ai-guardrails> machine # [    8.304745] (udev-worker)[527]: Network interface NamePolicy= disabled on kernel command line.
vm-test-run-solem-ai-guardrails> machine # [    8.319201] (udev-worker)[471]: eth1: Config file /etc/systemd/network/40-eth1.link is applied to device based on potentially unpredictable interface name.
vm-test-run-solem-ai-guardrails> machine # [    8.326876] (udev-worker)[471]: Network interface NamePolicy= disabled on kernel command line.
vm-test-run-solem-ai-guardrails> machine # [    8.486175] systemd[1]: suid-sgid-wrappers.service: Deactivated successfully.
vm-test-run-solem-ai-guardrails> machine # [    8.495617] systemd[1]: Finished Create SUID/SGID Wrappers.
vm-test-run-solem-ai-guardrails> machine # [    8.556716] systemd[1]: Found device Virtio network device.
vm-test-run-solem-ai-guardrails> machine # [    9.026903] mousedev: PS/2 mouse device common for all mice
vm-test-run-solem-ai-guardrails> machine # [    8.694914] bda4zqmbxbw6s2p726xf1vivklisa6ca-mount-pstore.sh[391]: Persistent Storage backend was not registered in time.
vm-test-run-solem-ai-guardrails> machine # [    8.708680] systemd[1]: Finished mount-pstore.service.
vm-test-run-solem-ai-guardrails> machine # [    8.712599] systemd[1]: Platform Persistent Storage Archival was skipped because of an unmet condition check (ConditionDirectoryNotEmpty=/sys/fs/pstore).
vm-test-run-solem-ai-guardrails> machine # [    8.718928] systemd[1]: Reached target System Initialization.
vm-test-run-solem-ai-guardrails> machine # [    8.725755] systemd[1]: Started Discard unused filesystem blocks once a week.
vm-test-run-solem-ai-guardrails> machine # [    8.731142] systemd[1]: Started nix-gc.timer.
vm-test-run-solem-ai-guardrails> machine # [    8.733697] systemd[1]: Started Daily Cleanup of Temporary Directories.
vm-test-run-solem-ai-guardrails> machine # [    8.737862] systemd[1]: Reached target Timer Units.
vm-test-run-solem-ai-guardrails> machine # [    8.750485] systemd[1]: Listening on D-Bus System Message Bus Socket.
vm-test-run-solem-ai-guardrails> machine # [    8.754536] systemd[1]: Listening on Nix Daemon Socket.
vm-test-run-solem-ai-guardrails> machine # [    8.762690] systemd[1]: Listening on Hostname Service Socket.
vm-test-run-solem-ai-guardrails> machine # [    8.772978] systemd[1]: Reached target Socket Units.
vm-test-run-solem-ai-guardrails> machine # [    8.785494] systemd[1]: Reached target Basic System.
vm-test-run-solem-ai-guardrails> machine # [    8.798381] systemd[1]: System is tainted: support-ended
vm-test-run-solem-ai-guardrails> machine # [    8.812264] systemd[1]: Starting Kernel Auditing...
vm-test-run-solem-ai-guardrails> machine # [    8.820848] systemd[1]: Started backdoor.service.
vm-test-run-solem-ai-guardrails> machine # [    8.826953] systemd[1]: Starting Name Service Cache Daemon (nsncd)...
vm-test-run-solem-ai-guardrails> machine # [    8.840520] systemd[1]: Started Reset console on configuration changes.
vm-test-run-solem-ai-guardrails> machine # [    8.848953] systemd[1]: Starting resolvconf update...
vm-test-run-solem-ai-guardrails> machine # [    8.862510] systemd[1]: Starting D-Bus System Message Bus...
vm-test-run-solem-ai-guardrails> machine # connecting to host...
vm-test-run-solem-ai-guardrails> machine # [    8.932259] 42m8vzags3w669djhcs5bbm7jf10phdb-audit-disable[634]: No rules
vm-test-run-solem-ai-guardrails> machine # [    8.961932] systemd[1]: Finished Kernel Auditing.
vm-test-run-solem-ai-guardrails> machine: Guest shell says: b'Spawning backdoor root shell...\n'
vm-test-run-solem-ai-guardrails> machine: connected to guest root shell
vm-test-run-solem-ai-guardrails> machine: (connecting took 10.22 seconds)
vm-test-run-solem-ai-guardrails> (finished: waiting for the VM to finish booting, in 10.32 seconds)
vm-test-run-solem-ai-guardrails> machine # [    9.395937] input: Power Button as /devices/LNXSYSTM:00/LNXPWRBN:00/input/input3
vm-test-run-solem-ai-guardrails> machine # [    9.047681] systemd[1]: Started Name Service Cache Daemon (nsncd).
vm-test-run-solem-ai-guardrails> machine # [    9.062709] nsncd[626]: May 30 17:03:46.283 INFO started, config: Config { ignored_request_types: {}, worker_count: 8, handoff_timeout: 3s }, path: "/var/run/nscd/socket"
vm-test-run-solem-ai-guardrails> machine # [    9.074471] systemd[1]: Reached target Host and Network Name Lookups.
vm-test-run-solem-ai-guardrails> machine # [    9.080415] systemd[1]: Reached target User and Group Name Lookups.
vm-test-run-solem-ai-guardrails> machine # [    9.087312] systemd[1]: Starting User Login Management...
vm-test-run-solem-ai-guardrails> machine # [    9.111472] dbus-daemon[630]: dbus[630]: Unknown username "systemd-timesync" in message bus configuration file
vm-test-run-solem-ai-guardrails> machine # [    9.511367] ACPI: button: Power Button [PWRF]
vm-test-run-solem-ai-guardrails> machine # [    9.189541] systemd[1]: Started D-Bus System Message Bus.
vm-test-run-solem-ai-guardrails> machine # [    9.722535] Floppy drive(s): fd0 is 2.88M AMI BIOS
vm-test-run-solem-ai-guardrails> machine # [    9.372460] systemd-logind[656]: New seat seat0.
vm-test-run-solem-ai-guardrails> machine # [    9.739417] parport_pc 00:03: reported by Plug and Play ACPI
vm-test-run-solem-ai-guardrails> machine # [    9.739591] parport0: PC-style at 0x378, irq 7 [PCSPP(,...)]
vm-test-run-solem-ai-guardrails> machine # [    9.399292] systemd[1]: Finished Firewall.
vm-test-run-solem-ai-guardrails> machine # [    9.410727] systemd[1]: Stopped target Host and Network Name Lookups.
vm-test-run-solem-ai-guardrails> machine # [    9.416913] systemd[1]: Stopping Host and Network Name Lookups...
vm-test-run-solem-ai-guardrails> machine # [    9.427462] systemd[1]: Stopped target User and Group Name Lookups.
vm-test-run-solem-ai-guardrails> machine # [    9.432736] systemd[1]: Stopping User and Group Name Lookups...
vm-test-run-solem-ai-guardrails> machine # [    9.443330] systemd[1]: Stopping Name Service Cache Daemon (nsncd)...
vm-test-run-solem-ai-guardrails> machine # [    9.450587] systemd[1]: Started User Login Management.
vm-test-run-solem-ai-guardrails> machine # [    9.456782] systemd[1]: nscd.service: Deactivated successfully.[    9.819788] FDC 0 is a S82078B
vm-test-run-solem-ai-guardrails> machine # 
vm-test-run-solem-ai-guardrails> machine # [    9.465548] systemd[1]: Stopped Name Service Cache Daemon (nsncd).
vm-test-run-solem-ai-guardrails> machine # [    9.472377] systemd[1]: Starting Name Service Cache Daemon (nsncd)...
vm-test-run-solem-ai-guardrails> machine # [    9.573858] nsncd[709]: May 30 17:03:46.820 INFO started, config: Config { ignored_request_types: {}, worker_count: 8, handoff_timeout: 3s }, path: "/var/run/nscd/socket"
vm-test-run-solem-ai-guardrails> machine # [    9.584698] systemd[1]: Started Name Service Cache Daemon (nsncd).
vm-test-run-solem-ai-guardrails> machine # [    9.590365] systemd[1]: Reached target Host and Network Name Lookups.
vm-test-run-solem-ai-guardrails> machine # [    9.592880] systemd[1]: Reached target User and Group Name Lookups.
vm-test-run-solem-ai-guardrails> machine # [    9.619438] systemd[1]: Finished resolvconf update.
vm-test-run-solem-ai-guardrails> machine # [    9.624732] systemd[1]: Reached target Preparation for Network.
vm-test-run-solem-ai-guardrails> machine # [    9.632487] systemd[1]: Starting DHCP Client...
vm-test-run-solem-ai-guardrails> machine # [    9.638206] systemd[1]: Starting Address configuration of eth1...
vm-test-run-solem-ai-guardrails> machine # [   10.024950] piix4_smbus 0000:00:01.3: SMBus Host Controller at 0x700, revision 0
vm-test-run-solem-ai-guardrails> machine # [   10.108619] input: QEMU Virtio Keyboard as /devices/pci0000:00/0000:00:0a.0/virtio7/input/input4
vm-test-run-solem-ai-guardrails> machine # [    9.798435] network-addresses-eth1-start[735]: adding address 192.168.1.1/24... done
vm-test-run-solem-ai-guardrails> machine # [    9.822503] network-addresses-eth1-start[735]: adding address 2001:db8:1::1/64... done
vm-test-run-solem-ai-guardrails> machine # [   10.194929] bochs-drm 0000:00:02.0: vgaarb: deactivate vga console
vm-test-run-solem-ai-guardrails> machine # [    9.861214] systemd[1]: Finished Address configuration of eth1.
vm-test-run-solem-ai-guardrails> machine # [    9.868720] systemd[1]: Starting Networking Setup...
vm-test-run-solem-ai-guardrails> machine # [    9.965132] dhcpcd[740]: dhcpcd-10.1.0 starting
vm-test-run-solem-ai-guardrails> machine # [    9.990455] dhcpcd[751]: dev: loaded udev
vm-test-run-solem-ai-guardrails> machine # [   10.296142] input: VirtualPS/2 VMware VMMouse as /devices/platform/i8042/serio1/input/input6
vm-test-run-solem-ai-guardrails> machine # [   10.296843] input: VirtualPS/2 VMware VMMouse as /devices/platform/i8042/serio1/input/input5
vm-test-run-solem-ai-guardrails> machine # [   10.363809] cryptd: max_cpu_qlen set to 1000
vm-test-run-solem-ai-guardrails> machine # [   10.377396] 8021q: 802.1Q VLAN Support v1.8
vm-test-run-solem-ai-guardrails> machine # [   10.377409] 8021q: adding VLAN 0 to HW filter on device eth1
vm-test-run-solem-ai-guardrails> machine # [   10.441394] AVX2 version of gcm_enc/dec engaged.
vm-test-run-solem-ai-guardrails> machine # [   10.441418] AES CTR mode by8 optimization enabled
vm-test-run-solem-ai-guardrails> machine # [   10.227453] systemd[1]: Finished Networking Setup.
vm-test-run-solem-ai-guardrails> machine # [   10.239831] systemd[1]: Starting Extra networking commands....
vm-test-run-solem-ai-guardrails> machine # [   10.444533] Console: switching to colour dummy device 80x25
vm-test-run-solem-ai-guardrails> machine # [   10.554978] cfg80211: Loading compiled-in X.509 certificates for regulatory database
vm-test-run-solem-ai-guardrails> machine # [   10.601522] Loaded X.509 cert 'sforshee: 00b28ddf47aef9cea7'
vm-test-run-solem-ai-guardrails> machine # [   10.601672] Loaded X.509 cert 'wens: 61c038651aabdcf94bd0ac7ff06c7248db18c600'
vm-test-run-solem-ai-guardrails> machine # [   10.604046] platform regulatory.0: Direct firmware load for regulatory.db failed with error -2
vm-test-run-solem-ai-guardrails> machine # [   10.604050] cfg80211: failed to load regulatory.db
vm-test-run-solem-ai-guardrails> machine # [   10.731754] 8021q: adding VLAN 0 to HW filter on device eth0
vm-test-run-solem-ai-guardrails> machine # [   10.763039] [drm] Found bochs VGA, ID 0xb0c5.
vm-test-run-solem-ai-guardrails> machine # [   10.763041] [drm] Framebuffer size 16384 kB @ 0xfd000000, mmio @ 0xfebd0000.
vm-test-run-solem-ai-guardrails> machine # [   10.325187] systemd[1]: Starting Virtual Console Setup...
vm-test-run-solem-ai-guardrails> machine # [   10.418087] systemd-logind[656]: Watching system buttons on /dev/input/event0 (AT Translated Set 2 keyboard)
vm-test-run-solem-ai-guardrails> machine # [   10.421926] dhcpcd[751]: eth0: waiting for carrier
vm-test-run-solem-ai-guardrails> machine # [   10.427574] systemd-logind[656]: Watching system buttons on /dev/input/event2 (Power Button)
vm-test-run-solem-ai-guardrails> machine # [   10.434666] dhcpcd[751]: eth0: carrier acquired
vm-test-run-solem-ai-guardrails> machine # [   10.440480] dhcpcd[751]: DUID 00:01:00:01:31:ad:d4:f3:52:54:00:12:34:56
vm-test-run-solem-ai-guardrails> machine # [   10.444568] dhcpcd[751]: eth0: IAID 00:12:34:56[   10.807378] [drm] Found EDID data blob.
vm-test-run-solem-ai-guardrails> machine # 
vm-test-run-solem-ai-guardrails> machine # [   10.449780] dhcpcd[751]: eth0: adding address fe80::5054:ff:fe12:3456
vm-test-run-solem-ai-guardrails> machine # [   10.470419] systemd[1]: Finished Extra networking commands..
vm-test-run-solem-ai-guardrails> machine # [   10.476283] systemd[1]: Reached target Network.
vm-test-run-solem-ai-guardrails> machine # [   10.482462] systemd[1]: Starting Permit User Sessions...
vm-test-run-solem-ai-guardrails> machine # [   10.866413] ppdev: user-space parallel port driver
vm-test-run-solem-ai-guardrails> machine # [   10.873348] [drm] Initialized bochs-drm 1.0.0 20130925 for 0000:00:02.0 on minor 0
vm-test-run-solem-ai-guardrails> machine # [   10.563351] systemd[1]: Finished Permit User Sessions.
vm-test-run-solem-ai-guardrails> machine # [   10.572425] systemd[1]: Started Getty on tty1.
vm-test-run-solem-ai-guardrails> machine # [   10.574357] systemd[1]: Reached target Login Prompts.
vm-test-run-solem-ai-guardrails> machine # [   10.939623] fbcon: bochs-drmdrmfb (fb0) is primary device
vm-test-run-solem-ai-guardrails> machine # [   11.766763] Console: switching to colour frame buffer device 160x50
vm-test-run-solem-ai-guardrails> machine # [   11.985431] bochs-drm 0000:00:02.0: [drm] fb0: bochs-drmdrmfb frame buffer device
vm-test-run-solem-ai-guardrails> machine # [   11.167090] systemd-logind[656]: Watching system buttons on /dev/input/event3 (QEMU Virtio Keyboard)
vm-test-run-solem-ai-guardrails> machine # [   11.643750] systemd[1]: Listening on Load/Save RF Kill Switch Status /dev/rfkill Watch.
vm-test-run-solem-ai-guardrails> machine # [   11.651514] systemd[1]: systemd-vconsole-setup.service: Deactivated successfully.
vm-test-run-solem-ai-guardrails> machine # [   11.659819] systemd[1]: Stopped Virtual Console Setup.
vm-test-run-solem-ai-guardrails> machine # [   11.664946] systemd[1]: run-credentials-systemd\x2dvconsole\x2dsetup.service.mount: Deactivated successfully.
vm-test-run-solem-ai-guardrails> machine # [   11.673598] systemd[1]: Starting Virtual Console Setup...
vm-test-run-solem-ai-guardrails> machine # [   12.078781] kvm_amd: TSC scaling supported
vm-test-run-solem-ai-guardrails> machine # [   12.080075] kvm_amd: Nested Virtualization enabled
vm-test-run-solem-ai-guardrails> machine # [   12.081508] kvm_amd: Nested Paging enabled
vm-test-run-solem-ai-guardrails> machine # [   12.086919] kvm_amd: Virtual VMLOAD VMSAVE supported
vm-test-run-solem-ai-guardrails> machine # [   12.088484] kvm_amd: PMU virtualization is disabled
vm-test-run-solem-ai-guardrails> machine # [   11.752755] dhcpcd[751]: eth0: soliciting a DHCP lease
vm-test-run-solem-ai-guardrails> machine # [   12.140620] NET: Registered PF_PACKET protocol family
vm-test-run-solem-ai-guardrails> machine # [   12.144679] EDAC MC: Ver: 3.0.0
vm-test-run-solem-ai-guardrails> machine # [   11.794647] dhcpcd[751]: eth0: offered 10.0.2.15 from 10.0.2.2
vm-test-run-solem-ai-guardrails> machine # [   11.800602] dhcpcd[751]: eth0: probing address 10.0.2.15/24
vm-test-run-solem-ai-guardrails> machine # [   12.177789] systemd[1]: Finished Virtual Console Setup.
vm-test-run-solem-ai-guardrails> machine # [   12.218645] dhcpcd[751]: eth0: soliciting an IPv6 router
vm-test-run-solem-ai-guardrails> machine # [   12.220759] dhcpcd[751]: eth0: Router Advertisement from fe80::2
vm-test-run-solem-ai-guardrails> machine # [   12.223306] dhcpcd[751]: eth0: adding address fec0::5054:ff:fe12:3456/64
vm-test-run-solem-ai-guardrails> machine # [   12.225721] dhcpcd[751]: eth0: adding route to fec0::/64
vm-test-run-solem-ai-guardrails> machine # [   12.228179] dhcpcd[751]: eth0: adding default route via fe80::2
vm-test-run-solem-ai-guardrails> machine # [   16.915645] dhcpcd[751]: eth0: leased 10.0.2.15 for 86400 seconds
vm-test-run-solem-ai-guardrails> machine # [   16.920238] dhcpcd[751]: eth0: adding route to 10.0.2.0/24
vm-test-run-solem-ai-guardrails> machine # [   16.923963] dhcpcd[751]: eth0: adding default route via 10.0.2.2
vm-test-run-solem-ai-guardrails> machine # [   17.092395] systemd[1]: Started DHCP Client.
vm-test-run-solem-ai-guardrails> machine # [   17.097902] systemd[1]: Reached target Network is Online.
vm-test-run-solem-ai-guardrails> machine # [   17.100737] systemd[1]: Reached target Multi-User System.
vm-test-run-solem-ai-guardrails> machine # [   17.222955] systemd[1]: Startup finished in 4.110s (kernel) + 12.987s (userspace) = 17.097s.
vm-test-run-solem-ai-guardrails> (finished: waiting for unit multi-user.target, in 19.38 seconds)
vm-test-run-solem-ai-guardrails> machine: must succeed: sleep 2
vm-test-run-solem-ai-guardrails> (finished: must succeed: sleep 2, in 2.04 seconds)
vm-test-run-solem-ai-guardrails> machine: must succeed: /run/current-system/sw/bin/solem-guard help 2>&1 | head -3 || true
vm-test-run-solem-ai-guardrails> (finished: must succeed: /run/current-system/sw/bin/solem-guard help 2>&1 | head -3 || true, in 0.06 seconds)
vm-test-run-solem-ai-guardrails> machine: must succeed: test -d /var/log/solem
vm-test-run-solem-ai-guardrails> (finished: must succeed: test -d /var/log/solem, in 0.02 seconds)
vm-test-run-solem-ai-guardrails> cleanup
vm-test-run-solem-ai-guardrails> kill machine (pid 9)
vm-test-run-solem-ai-guardrails> qemu-kvm: terminating on signal 15 from pid 6 (/nix/store/dksjvr69ckglyw1k2ss1qgshhcix73p8-python3-3.12.8/bin/python3.12)
vm-test-run-solem-ai-guardrails> kill vlan (pid 7)
vm-test-run-solem-ai-guardrails> (finished: cleanup, in 0.01 seconds)
vm-test-run-solem-ai-guardrails> Traceback (most recent call last):
vm-test-run-solem-ai-guardrails>   File "/nix/store/v87ngzjjfhfw8kpcg4ii401mscx8pg9g-nixos-test-driver-1.1/bin/.nixos-test-driver-wrapped", line 9, in <module>
vm-test-run-solem-ai-guardrails>     sys.exit(main())
vm-test-run-solem-ai-guardrails>              ^^^^^^
vm-test-run-solem-ai-guardrails>   File "/nix/store/v87ngzjjfhfw8kpcg4ii401mscx8pg9g-nixos-test-driver-1.1/lib/python3.12/site-packages/test_driver/__init__.py", line 146, in main
vm-test-run-solem-ai-guardrails>     driver.run_tests()
vm-test-run-solem-ai-guardrails>   File "/nix/store/v87ngzjjfhfw8kpcg4ii401mscx8pg9g-nixos-test-driver-1.1/lib/python3.12/site-packages/test_driver/driver.py", line 173, in run_tests
vm-test-run-solem-ai-guardrails>     self.test_script()
vm-test-run-solem-ai-guardrails>   File "/nix/store/v87ngzjjfhfw8kpcg4ii401mscx8pg9g-nixos-test-driver-1.1/lib/python3.12/site-packages/test_driver/driver.py", line 165, in test_script
vm-test-run-solem-ai-guardrails>     exec(self.tests, symbols, None)
vm-test-run-solem-ai-guardrails>   File "<string>", line 12, in <module>
vm-test-run-solem-ai-guardrails> AssertionError: blacklist test fail: /run/current-system/sw/bin/solem-guard: line 20: USER: unbound variable
error: builder for '/nix/store/5vash5fbx14nk9qj5p4lh5vf9116py0n-vm-test-run-solem-ai-guardrails.drv' failed with exit code 1;
       last 25 log lines:
       > (finished: waiting for unit multi-user.target, in 19.38 seconds)
       > machine: must succeed: sleep 2
       > (finished: must succeed: sleep 2, in 2.04 seconds)
       > machine: must succeed: /run/current-system/sw/bin/solem-guard help 2>&1 | head -3 || true
       > (finished: must succeed: /run/current-system/sw/bin/solem-guard help 2>&1 | head -3 || true, in 0.06 seconds)
       > machine: must succeed: test -d /var/log/solem
       > (finished: must succeed: test -d /var/log/solem, in 0.02 seconds)
       > cleanup
       > kill machine (pid 9)
       > qemu-kvm: terminating on signal 15 from pid 6 (/nix/store/dksjvr69ckglyw1k2ss1qgshhcix73p8-python3-3.12.8/bin/python3.12)
       > kill vlan (pid 7)
       > (finished: cleanup, in 0.01 seconds)
       > Traceback (most recent call last):
       >   File "/nix/store/v87ngzjjfhfw8kpcg4ii401mscx8pg9g-nixos-test-driver-1.1/bin/.nixos-test-driver-wrapped", line 9, in <module>
       >     sys.exit(main())
       >              ^^^^^^
       >   File "/nix/store/v87ngzjjfhfw8kpcg4ii401mscx8pg9g-nixos-test-driver-1.1/lib/python3.12/site-packages/test_driver/__init__.py", line 146, in main
       >     driver.run_tests()
       >   File "/nix/store/v87ngzjjfhfw8kpcg4ii401mscx8pg9g-nixos-test-driver-1.1/lib/python3.12/site-packages/test_driver/driver.py", line 173, in run_tests
       >     self.test_script()
       >   File "/nix/store/v87ngzjjfhfw8kpcg4ii401mscx8pg9g-nixos-test-driver-1.1/lib/python3.12/site-packages/test_driver/driver.py", line 165, in test_script
       >     exec(self.tests, symbols, None)
       >   File "<string>", line 12, in <module>
       > AssertionError: blacklist test fail: /run/current-system/sw/bin/solem-guard: line 20: USER: unbound variable
       >
       For full logs, run 'nix log /nix/store/5vash5fbx14nk9qj5p4lh5vf9116py0n-vm-test-run-solem-ai-guardrails.drv'.
