# VM test apparmor FAIL — commit 6ccd732 @ 20260530T232635Z

vm-test-run-solem-apparmor> machine # [    8.477851] systemd[1]: Found device /dev/hvc0.
vm-test-run-solem-apparmor> machine # [    8.558347] systemd[1]: Found device /dev/ttyS0.
vm-test-run-solem-apparmor> machine # [    8.609656] (udev-worker)[510]: Network interface NamePolicy= disabled on kernel command line.
vm-test-run-solem-apparmor> machine # [    8.625269] (udev-worker)[565]: eth1: Config file /etc/systemd/network/40-eth1.link is applied to device based on potentially unpredictable interface name.
vm-test-run-solem-apparmor> machine # [    8.634227] (udev-worker)[565]: Network interface NamePolicy= disabled on kernel command line.
vm-test-run-solem-apparmor> machine # [    8.823341] systemd[1]: suid-sgid-wrappers.service: Deactivated successfully.
vm-test-run-solem-apparmor> machine # [    8.833428] systemd[1]: Finished Create SUID/SGID Wrappers.
vm-test-run-solem-apparmor> machine # [    8.889358] systemd[1]: Found device Virtio network device.
vm-test-run-solem-apparmor> machine # [    8.931276] bda4zqmbxbw6s2p726xf1vivklisa6ca-mount-pstore.sh[392]: Persistent Storage backend was not registered in time.
vm-test-run-solem-apparmor> machine # [    8.942242] systemd[1]: Finished mount-pstore.service.
vm-test-run-solem-apparmor> machine # [    8.949956] systemd[1]: Platform Persistent Storage Archival was skipped because of an unmet condition check (ConditionDirectoryNotEmpty=/sys/fs/pstore).
vm-test-run-solem-apparmor> machine # [    8.955408] systemd[1]: Reached target System Initialization.
vm-test-run-solem-apparmor> machine # [    8.963871] systemd[1]: Started Discard unused filesystem blocks once a week.
vm-test-run-solem-apparmor> machine # [    8.971324] systemd[1]: Started nix-gc.timer.
vm-test-run-solem-apparmor> machine # [    8.980741] systemd[1]: Started Daily Cleanup of Temporary Directories.
vm-test-run-solem-apparmor> machine # [    8.994998] systemd[1]: Reached target Timer Units.
vm-test-run-solem-apparmor> machine # [    9.005401] systemd[1]: Listening on D-Bus System Message Bus Socket.
vm-test-run-solem-apparmor> machine # [    9.010779] systemd[1]: Listening on Nix Daemon Socket.
vm-test-run-solem-apparmor> machine # [    9.013102] systemd[1]: Listening on Hostname Service Socket.
vm-test-run-solem-apparmor> machine # [    9.020959] systemd[1]: Reached target Socket Units.
vm-test-run-solem-apparmor> machine # [    9.028932] systemd[1]: Reached target Basic System.
vm-test-run-solem-apparmor> machine # [    9.040693] systemd[1]: System is tainted: support-ended
vm-test-run-solem-apparmor> machine # [    9.046507] systemd[1]: Starting Kernel Auditing...
vm-test-run-solem-apparmor> machine # [    9.051609] systemd[1]: Started backdoor.service.
vm-test-run-solem-apparmor> machine # [    9.061192] systemd[1]: Starting Name Service Cache Daemon (nsncd)...
vm-test-run-solem-apparmor> machine # [    9.069096] systemd[1]: Started Reset console on configuration changes.
vm-test-run-solem-apparmor> machine # [    9.081704] systemd[1]: Starting resolvconf update...
vm-test-run-solem-apparmor> machine # [    9.107260] systemd[1]: Starting D-Bus System Message Bus...
vm-test-run-solem-apparmor> machine # connecting to host...
vm-test-run-solem-apparmor> machine # [    9.171378] 42m8vzags3w669djhcs5bbm7jf10phdb-audit-disable[641]: No rules
vm-test-run-solem-apparmor> machine # [    9.212791] systemd[1]: Finished Kernel Auditing.
vm-test-run-solem-apparmor> machine: Guest shell says: b'Spawning backdoor root shell...\n'
vm-test-run-solem-apparmor> machine: connected to guest root shell
vm-test-run-solem-apparmor> machine: (connecting took 10.43 seconds)
vm-test-run-solem-apparmor> (finished: waiting for the VM to finish booting, in 10.53 seconds)
vm-test-run-solem-apparmor> machine # [    9.264386] systemd[1]: Started Name Service Cache Daemon (nsncd).
vm-test-run-solem-apparmor> machine # [    9.267896] nsncd[633]: May 30 23:26:23.567 INFO started, config: Config { ignored_request_types: {}, worker_count: 8, handoff_timeout: 3s }, path: "/var/run/nscd/socket"
vm-test-run-solem-apparmor> machine # [    9.288507] systemd[1]: Reached target Host and Network Name Lookups.
vm-test-run-solem-apparmor> machine # [    9.296331] systemd[1]: Reached target User and Group Name Lookups.
vm-test-run-solem-apparmor> machine # [    9.298678] systemd[1]: Starting User Login Management...[    9.661377] mousedev: PS/2 mouse device common for all mice
vm-test-run-solem-apparmor> machine # 
vm-test-run-solem-apparmor> machine # [    9.344650] dbus-daemon[637]: dbus[637]: Unknown username "systemd-timesync" in message bus configuration file
vm-test-run-solem-apparmor> machine # [    9.439390] systemd[1]: Started D-Bus System Message Bus.
vm-test-run-solem-apparmor> machine # [    9.557665] systemd[1]: Stopped target Host and Network Name Lookups.
vm-test-run-solem-apparmor> machine # [    9.567797] systemd[1]: Stopping Host and Network Name Lookups...
vm-test-run-solem-apparmor> machine # [    9.578310] systemd[1]: Stopped target User and Group Name Lookups.
vm-test-run-solem-apparmor> machine # [    9.582005] systemd[1]: Stopping User and Group Name Lookups...
vm-test-run-solem-apparmor> machine # [    9.588661] systemd[1]: Stopping Name Service Cache Daemon (nsncd)...
vm-test-run-solem-apparmor> machine # [    9.976576] input: Power Button as /devices/LNXSYSTM:00/LNXPWRBN:00/input/input3
vm-test-run-solem-apparmor> machine # [    9.986688] ACPI: button: Power Button [PWRF]
vm-test-run-solem-apparmor> machine # [    9.636799] systemd-logind[659]: New seat seat0.
vm-test-run-solem-apparmor> machine # [    9.671989] systemd[1]: Started User Login Management.
vm-test-run-solem-apparmor> machine # [    9.681519] systemd[1]: nscd.service: Deactivated successfully.
vm-test-run-solem-apparmor> machine # [    9.685689] systemd[1]: Stopped Name Service Cache Daemon (nsncd).
vm-test-run-solem-apparmor> machine # [    9.712202] systemd[1]: Starting Name Service Cache Daemon (nsncd)...
vm-test-run-solem-apparmor> machine # [    9.751626] systemd[1]: Finished Firewall.
vm-test-run-solem-apparmor> machine # [    9.831222] systemd[1]: Started Name Service Cache Daemon (nsncd).
vm-test-run-solem-apparmor> machine # [    9.838392] systemd[1]: Reached target Host and Network Name Lookups.
vm-test-run-solem-apparmor> machine # [    9.842854] nsncd[715]: May 30 23:26:24.143 INFO started, config: Config { ignored_request_types: {}, worker_count: 8, handoff_timeout: 3s }, path: "/var/run/nscd/socket"
vm-test-run-solem-apparmor> machine # [    9.851428] systemd[1]: Reached target User and Group Name Lookups.
vm-test-run-solem-apparmor> machine # [   10.227286] parport_pc 00:03: reported by Plug and Play ACPI
vm-test-run-solem-apparmor> machine # [   10.244518] Floppy drive(s): fd0 is 2.88M AMI BIOS
vm-test-run-solem-apparmor> machine # [    9.892585] systemd[1]: Finished resolvconf update.
vm-test-run-solem-apparmor> machine # [    9.895286] systemd[1]: Reached target Preparation for Network.
vm-test-run-solem-apparmor> machine # [    9.902235] systemd[1]: Starting DHCP Client...
vm-test-run-solem-apparmor> machine # [    9.909543] systemd[1]: Starting Address configuration of eth1...
vm-test-run-solem-apparmor> machine # [   10.276114] parport0: PC-style at 0x378, irq 7 [PCSPP(,...)]
vm-test-run-solem-apparmor> machine # [   10.297303] FDC 0 is a S82078B
vm-test-run-solem-apparmor> machine # [   10.066179] network-addresses-eth1-start[745]: adding address 192.168.1.1/24... done
vm-test-run-solem-apparmor> machine # [   10.436134] piix4_smbus 0000:00:01.3: SMBus Host Controller at 0x700, revision 0
vm-test-run-solem-apparmor> machine # [   10.091958] network-addresses-eth1-start[745]: adding address 2001:db8:1::1/64... done
vm-test-run-solem-apparmor> machine # [   10.129175] systemd[1]: Finished Address configuration of eth1.
vm-test-run-solem-apparmor> machine # [   10.138160] systemd[1]: Starting Networking Setup...
vm-test-run-solem-apparmor> machine # [   10.531141] input: QEMU Virtio Keyboard as /devices/pci0000:00/0000:00:0a.0/virtio7/input/input4
vm-test-run-solem-apparmor> machine # [   10.219504] dhcpcd[750]: dhcpcd-10.1.0 starting
vm-test-run-solem-apparmor> machine # [   10.583581] bochs-drm 0000:00:02.0: vgaarb: deactivate vga console
vm-test-run-solem-apparmor> machine # [   10.256508] dhcpcd[762]: dev: loaded udev
vm-test-run-solem-apparmor> machine # [   10.630364] input: VirtualPS/2 VMware VMMouse as /devices/platform/i8042/serio1/input/input6
vm-test-run-solem-apparmor> machine # [   10.631053] input: VirtualPS/2 VMware VMMouse as /devices/platform/i8042/serio1/input/input5
vm-test-run-solem-apparmor> machine # [   10.635031] Console: switching to colour dummy device 80x25
vm-test-run-solem-apparmor> machine # [   10.646117] [drm] Found bochs VGA, ID 0xb0c5.
vm-test-run-solem-apparmor> machine # [   10.647340] [drm] Framebuffer size 16384 kB @ 0xfd000000, mmio @ 0xfebd0000.
vm-test-run-solem-apparmor> machine # [   10.655488] 8021q: 802.1Q VLAN Support v1.8
vm-test-run-solem-apparmor> machine # [   10.657340] 8021q: adding VLAN 0 to HW filter on device eth1
vm-test-run-solem-apparmor> machine # [   10.700052] [drm] Found EDID data blob.
vm-test-run-solem-apparmor> machine # [   10.736009] cryptd: max_cpu_qlen set to 1000
vm-test-run-solem-apparmor> machine # [   10.755595] [drm] Initialized bochs-drm 1.0.0 20130925 for 0000:00:02.0 on minor 0
vm-test-run-solem-apparmor> machine # [   11.050714] systemd[1]: Finished Networking Setup.
vm-test-run-solem-apparmor> machine # [   11.058401] systemd[1]: Starting Extra networking commands....
vm-test-run-solem-apparmor> machine # [   10.816947] fbcon: bochs-drmdrmfb (fb0) is primary device
vm-test-run-solem-apparmor> machine # [   11.349338] cfg80211: Loading compiled-in X.509 certificates for regulatory database
vm-test-run-solem-apparmor> machine # [   11.391127] Loaded X.509 cert 'sforshee: 00b28ddf47aef9cea7'
vm-test-run-solem-apparmor> machine # [   11.391353] Loaded X.509 cert 'wens: 61c038651aabdcf94bd0ac7ff06c7248db18c600'
vm-test-run-solem-apparmor> machine # [   11.394439] platform regulatory.0: Direct firmware load for regulatory.db failed with error -2
vm-test-run-solem-apparmor> machine # [   11.394444] cfg80211: failed to load regulatory.db
vm-test-run-solem-apparmor> machine # [   11.539944] 8021q: adding VLAN 0 to HW filter on device eth0
vm-test-run-solem-apparmor> machine # [   11.560808] AVX2 version of gcm_enc/dec engaged.
vm-test-run-solem-apparmor> machine # [   11.560836] AES CTR mode by8 optimization enabled
vm-test-run-solem-apparmor> machine # [   11.663858] ppdev: user-space parallel port driver
vm-test-run-solem-apparmor> machine # [   11.827283] Console: switching to colour frame buffer device 160x50
vm-test-run-solem-apparmor> machine # [   12.134694] bochs-drm 0000:00:02.0: [drm] fb0: bochs-drmdrmfb frame buffer device
vm-test-run-solem-apparmor> machine # [   11.180727] dhcpcd[762]: eth0: waiting for carrier
vm-test-run-solem-apparmor> machine # [   11.790332] systemd-logind[659]: Watching system buttons on /dev/input/event0 (AT Translated Set 2 keyboard)
vm-test-run-solem-apparmor> machine # [   11.796721] dhcpcd[762]: eth0: carrier acquired
vm-test-run-solem-apparmor> machine # [   11.805729] systemd-logind[659]: Watching system buttons on /dev/input/event2 (Power Button)
vm-test-run-solem-apparmor> machine # [   11.810842] dhcpcd[762]: DUID 00:01:00:01:31:ae:2e:a1:52:54:00:12:34:56
vm-test-run-solem-apparmor> machine # [   11.826186] systemd[1]: Starting Virtual Console Setup...
vm-test-run-solem-apparmor> machine # [   11.833171] dhcpcd[762]: eth0: IAID 00:12:34:56
vm-test-run-solem-apparmor> machine # [   11.840941] systemd-logind[659]: Watching system buttons on /dev/input/event3 (QEMU Virtio Keyboard)
vm-test-run-solem-apparmor> machine # [   11.846835] dhcpcd[762]: eth0: adding address fe80::5054:ff:fe12:3456
vm-test-run-solem-apparmor> machine # [   11.853397] systemd[1]: Listening on Load/Save RF Kill Switch Status /dev/rfkill Watch.[   12.216365] NET: Registered PF_PACKET protocol family
vm-test-run-solem-apparmor> machine # 
vm-test-run-solem-apparmor> machine # [   11.859949] dhcpcd[762]: eth0: soliciting a DHCP lease
vm-test-run-solem-apparmor> machine # [   11.866459] systemd[1]: systemd-vconsole-setup.service: Deactivated successfully.
vm-test-run-solem-apparmor> machine # [   11.873562] systemd[1]: Stopped Virtual Console Setup.
vm-test-run-solem-apparmor> machine # [   11.878612] dhcpcd[762]: eth0: offered 10.0.2.15 from 10.0.2.2
vm-test-run-solem-apparmor> machine # [   11.887201] systemd[1]: Starting Virtual Console Setup...
vm-test-run-solem-apparmor> machine # [   11.889661] dhcpcd[762]: eth0: probing address 10.0.2.15/24
vm-test-run-solem-apparmor> machine # [   11.895124] systemd[1]: Finished Extra networking commands..
vm-test-run-solem-apparmor> machine # [   11.900263] systemd[1]: Reached target Network.
vm-test-run-solem-apparmor> machine # [   11.902785] systemd[1]: Starting Permit User Sessions...
vm-test-run-solem-apparmor> machine # [   12.310102] kvm_amd: TSC scaling supported
vm-test-run-solem-apparmor> machine # [   12.311579] kvm_amd: Nested Virtualization enabled
vm-test-run-solem-apparmor> machine # [   12.313282] kvm_amd: Nested Paging enabled
vm-test-run-solem-apparmor> machine # [   12.318847] kvm_amd: Virtual VMLOAD VMSAVE supported
vm-test-run-solem-apparmor> machine # [   12.320327] kvm_amd: PMU virtualization is disabled
vm-test-run-solem-apparmor> machine # [   11.990264] systemd[1]: Finished Permit User Sessions.
vm-test-run-solem-apparmor> machine # [   11.998353] systemd[1]: Started Getty on tty1.
vm-test-run-solem-apparmor> machine # [   12.002854] systemd[1]: Reached target Login Prompts.
vm-test-run-solem-apparmor> machine # [   12.394070] EDAC MC: Ver: 3.0.0
vm-test-run-solem-apparmor> machine # [   12.583922] systemd[1]: Finished Virtual Console Setup.
vm-test-run-solem-apparmor> machine # [   13.061751] dhcpcd[762]: eth0: soliciting an IPv6 router
vm-test-run-solem-apparmor> machine # [   13.064989] dhcpcd[762]: eth0: Router Advertisement from fe80::2
vm-test-run-solem-apparmor> machine # [   13.068329] dhcpcd[762]: eth0: adding address fec0::5054:ff:fe12:3456/64
vm-test-run-solem-apparmor> machine # [   13.071754] dhcpcd[762]: eth0: adding route to fec0::/64
vm-test-run-solem-apparmor> machine # [   13.074874] dhcpcd[762]: eth0: adding default route via fe80::2
vm-test-run-solem-apparmor> machine # [   17.048575] dhcpcd[762]: eth0: leased 10.0.2.15 for 86400 seconds
vm-test-run-solem-apparmor> machine # [   17.050865] dhcpcd[762]: eth0: adding route to 10.0.2.0/24
vm-test-run-solem-apparmor> machine # [   17.053871] dhcpcd[762]: eth0: adding default route via 10.0.2.2
vm-test-run-solem-apparmor> machine # [   17.188178] systemd[1]: Started DHCP Client.
vm-test-run-solem-apparmor> machine # [   17.193514] systemd[1]: Reached target Network is Online.
vm-test-run-solem-apparmor> machine # [   17.316526] systemd[1]: Reached target Multi-User System.
vm-test-run-solem-apparmor> machine # [   17.318708] systemd[1]: Startup finished in 4.251s (kernel) + 12.942s (userspace) = 17.193s.
vm-test-run-solem-apparmor> (finished: waiting for unit multi-user.target, in 19.15 seconds)
vm-test-run-solem-apparmor> machine: must succeed: sleep 3
vm-test-run-solem-apparmor> (finished: must succeed: sleep 3, in 3.04 seconds)
vm-test-run-solem-apparmor> machine: must succeed: ls /sys/module/apparmor 2>&1
vm-test-run-solem-apparmor> (finished: must succeed: ls /sys/module/apparmor 2>&1, in 0.04 seconds)
vm-test-run-solem-apparmor> machine: must succeed: ls /sys/kernel/security/apparmor 2>&1 || true
vm-test-run-solem-apparmor> (finished: must succeed: ls /sys/kernel/security/apparmor 2>&1 || true, in 0.03 seconds)
vm-test-run-solem-apparmor> aa-status:
vm-test-run-solem-apparmor> Failed to get profiles: 2....
vm-test-run-solem-apparmor> apparmor module is loaded.
vm-test-run-solem-apparmor> cleanup
vm-test-run-solem-apparmor> kill machine (pid 9)
vm-test-run-solem-apparmor> qemu-kvm: terminating on signal 15 from pid 6 (/nix/store/dksjvr69ckglyw1k2ss1qgshhcix73p8-python3-3.12.8/bin/python3.12)
vm-test-run-solem-apparmor> kill vlan (pid 7)
vm-test-run-solem-apparmor> (finished: cleanup, in 0.01 seconds)
vm-test-run-solem-apparmor> Traceback (most recent call last):
vm-test-run-solem-apparmor>   File "/nix/store/v87ngzjjfhfw8kpcg4ii401mscx8pg9g-nixos-test-driver-1.1/bin/.nixos-test-driver-wrapped", line 9, in <module>
vm-test-run-solem-apparmor>     sys.exit(main())
vm-test-run-solem-apparmor>              ^^^^^^
vm-test-run-solem-apparmor>   File "/nix/store/v87ngzjjfhfw8kpcg4ii401mscx8pg9g-nixos-test-driver-1.1/lib/python3.12/site-packages/test_driver/__init__.py", line 146, in main
vm-test-run-solem-apparmor>     driver.run_tests()
vm-test-run-solem-apparmor>   File "/nix/store/v87ngzjjfhfw8kpcg4ii401mscx8pg9g-nixos-test-driver-1.1/lib/python3.12/site-packages/test_driver/driver.py", line 173, in run_tests
vm-test-run-solem-apparmor>     self.test_script()
vm-test-run-solem-apparmor>   File "/nix/store/v87ngzjjfhfw8kpcg4ii401mscx8pg9g-nixos-test-driver-1.1/lib/python3.12/site-packages/test_driver/driver.py", line 165, in test_script
vm-test-run-solem-apparmor>     exec(self.tests, symbols, None)
vm-test-run-solem-apparmor>   File "<string>", line 15, in <module>
vm-test-run-solem-apparmor> Exception: FAIL: profilo solem-gavio-ai NON caricato:
vm-test-run-solem-apparmor> Failed to get profiles: 2....
vm-test-run-solem-apparmor> apparmor module is loaded.
error: builder for '/nix/store/6h3ckl89dnvajhbgbidpbq9a2v5hyqml-vm-test-run-solem-apparmor.drv' failed with exit code 1;
       last 25 log lines:
       > (finished: must succeed: ls /sys/kernel/security/apparmor 2>&1 || true, in 0.03 seconds)
       > aa-status:
       > Failed to get profiles: 2....
       > apparmor module is loaded.
       >
       > cleanup
       > kill machine (pid 9)
       > qemu-kvm: terminating on signal 15 from pid 6 (/nix/store/dksjvr69ckglyw1k2ss1qgshhcix73p8-python3-3.12.8/bin/python3.12)
       > kill vlan (pid 7)
       > (finished: cleanup, in 0.01 seconds)
       > Traceback (most recent call last):
       >   File "/nix/store/v87ngzjjfhfw8kpcg4ii401mscx8pg9g-nixos-test-driver-1.1/bin/.nixos-test-driver-wrapped", line 9, in <module>
       >     sys.exit(main())
       >              ^^^^^^
       >   File "/nix/store/v87ngzjjfhfw8kpcg4ii401mscx8pg9g-nixos-test-driver-1.1/lib/python3.12/site-packages/test_driver/__init__.py", line 146, in main
       >     driver.run_tests()
       >   File "/nix/store/v87ngzjjfhfw8kpcg4ii401mscx8pg9g-nixos-test-driver-1.1/lib/python3.12/site-packages/test_driver/driver.py", line 173, in run_tests
       >     self.test_script()
       >   File "/nix/store/v87ngzjjfhfw8kpcg4ii401mscx8pg9g-nixos-test-driver-1.1/lib/python3.12/site-packages/test_driver/driver.py", line 165, in test_script
       >     exec(self.tests, symbols, None)
       >   File "<string>", line 15, in <module>
       > Exception: FAIL: profilo solem-gavio-ai NON caricato:
       > Failed to get profiles: 2....
       > apparmor module is loaded.
       >
       For full logs, run 'nix log /nix/store/6h3ckl89dnvajhbgbidpbq9a2v5hyqml-vm-test-run-solem-apparmor.drv'.
